CREATE (n0 :L1 :L2 :L6{k16:false, k36:'', k38:'blEJ', id:0}) RETURN *;
CREATE (n1 :L4{k25:'', k26:false, id:1}) RETURN *;
CREATE (n2 :L1{id:2}) RETURN *;
CREATE (n3 :L2 :L5{k30:'Wk', id:3}) RETURN *;
CREATE (n4{id:4}) RETURN *;
CREATE (n5 :L3{k18:true, k21:false, id:5}) RETURN *;
CREATE (n6 :L0{k6:'X', id:6}) RETURN *;
CREATE (n7 :L0 :L6{k38:'', id:7}) RETURN *;
CREATE (n8 :L0 :L6{k4:'nn8tcOo', k39:'', k41:false, id:8}) RETURN *;
CREATE (n9{id:9}) RETURN *;
CREATE (n10 :L2 :L6{k14:true, k39:'D', id:10}) RETURN *;
CREATE (n11 :L0 :L3 :L6{k2:261387826, k18:true, k22:1836336870, k36:'Re', k37:'', id:11}) RETURN *;
CREATE (n12 :L1 :L4{k8:'M', k24:-880155770, k28:true, id:12}) RETURN *;
CREATE (n13 :L1{id:13}) RETURN *;
CREATE (n14 :L2 :L5{k30:'YN', k33:-1646949668, id:14}) RETURN *;
CREATE (n15{id:15}) RETURN *;
CREATE (n16{id:16}) RETURN *;
CREATE (n17{id:17}) RETURN *;
CREATE (n18 :L2 :L4{k25:'SCPFG', k27:true, id:18}) RETURN *;
CREATE (n19 :L6{k37:'YyvcWU', k40:1596834752, k41:false, id:19}) RETURN *;
CREATE (n20 :L1 :L2 :L6{k39:'4kup', id:20}) RETURN *;
CREATE (n21 :L6{k36:'qu7', id:21}) RETURN *;
CREATE (n22 :L1{id:22}) RETURN *;
CREATE (n23 :L1 :L2 :L3{id:23}) RETURN *;
CREATE (n24{id:24}) RETURN *;
CREATE (n25 :L2 :L4{k25:'', k29:68296684, id:25}) RETURN *;
CREATE (n26 :L6{k39:'h', id:26}) RETURN *;
CREATE (n27 :L5{k34:'', id:27}) RETURN *;
CREATE (n28 :L0 :L4{k1:false, k23:522254073, id:28}) RETURN *;
CREATE (n29 :L0 :L3 :L4 :L5{k4:'2', k24:-1806968120, k29:-70844437, k35:1698587114, id:29}) RETURN *;
CREATE (n30 :L4 :L6{k24:-1806968120, k26:false, k29:-1205093772, k37:'p', k39:'', id:30}) RETURN *;
CREATE (n31 :L1{k8:'', id:31}) RETURN *;
CREATE (n32 :L1{k8:'', k9:1375469815, id:32}) RETURN *;
CREATE (n33 :L5{id:33}) RETURN *;
CREATE (n34 :L6{k40:570094202, id:34}) RETURN *;
CREATE (n35 :L0 :L1{k2:1836336870, k6:'lZc', id:35}) RETURN *;
CREATE (n36 :L2{k12:'w6xzVZC', k14:false, id:36}) RETURN *;
CREATE (n37 :L6{k38:'MES', id:37}) RETURN *;
CREATE (n38 :L1{id:38}) RETURN *;
CREATE (n39 :L4 :L6{id:39}) RETURN *;
CREATE (n40{id:40}) RETURN *;
CREATE (n41 :L2 :L4{k12:'fyHSK', k28:false, k29:-1345940249, id:41}) RETURN *;
CREATE (n42 :L4 :L6{k27:true, k28:true, k37:'Ehbwa', k39:'6n', id:42}) RETURN *;
CREATE (n43 :L0 :L2 :L4 :L6{k2:302733049, k3:true, k15:'OyJrfbJ', k17:'D', k24:522254073, k26:false, k29:-1345940249, k41:false, id:43}) RETURN *;
CREATE (n44 :L0{k5:false, k6:'2EX', id:44}) RETURN *;
CREATE (n45 :L0 :L2 :L5{k0:false, k12:'9cehYist', k13:false, k15:'u2fd', id:45}) RETURN *;
CREATE (n46 :L5{id:46}) RETURN *;
CREATE (n47 :L2 :L5{k17:'', k33:-1907787286, id:47}) RETURN *;
CREATE (n48 :L0 :L5 :L6{k3:true, k33:927768383, k39:'', k41:true, id:48}) RETURN *;
CREATE (n49 :L3{id:49}) RETURN *;
CREATE (n50 :L2{k14:true, id:50}) RETURN *;
CREATE (n51 :L0 :L2 :L5{k6:'', k12:'UsD', k15:'T', k30:'e', id:51}) RETURN *;
CREATE (n52 :L2 :L3 :L5{k13:false, k14:false, k17:'nk', k32:true, id:52}) RETURN *;
CREATE (n53 :L1{k8:'N', id:53}) RETURN *;
CREATE (n54 :L2{k16:true, id:54}) RETURN *;
CREATE (n55 :L5{id:55}) RETURN *;
CREATE (n56 :L0 :L5{k0:false, k2:1836336870, k30:'f', k34:'DZWL4n5QQ', id:56}) RETURN *;
CREATE (n57{id:57}) RETURN *;
CREATE (n58 :L0 :L2 :L6{k15:'', k16:false, k41:false, id:58}) RETURN *;
CREATE (n59 :L5{id:59}) RETURN *;
CREATE (n60 :L0 :L2{k6:'POH', k12:'TCjIByC9', id:60}) RETURN *;
CREATE (n61 :L0 :L2{k5:false, k12:'1eS69', k13:false, id:61}) RETURN *;
CREATE (n62 :L0 :L2 :L4{k5:false, k12:'', k23:-886416555, id:62}) RETURN *;
CREATE (n63 :L3 :L6{k36:'2', k38:'rJYSTRaPv', id:63}) RETURN *;
CREATE (n64 :L1 :L4{k8:'', k9:-1205093772, k11:'', k26:false, id:64}) RETURN *;
CREATE (n65 :L0{k2:1698587114, k4:'2', id:65}) RETURN *;
CREATE (n66 :L6{id:66}) RETURN *;
CREATE (n67 :L2{k16:true, id:67}) RETURN *;
CREATE (n68 :L4{k24:2022313035, id:68}) RETURN *;
CREATE (n69 :L5{k35:-854098881, id:69}) RETURN *;
CREATE (n70 :L6{k36:'ER', k39:'', k41:true, id:70}) RETURN *;
CREATE (n71{id:71}) RETURN *;
CREATE (n72{id:72}) RETURN *;
CREATE (n73 :L1{k8:'R', id:73}) RETURN *;
CREATE (n74 :L4{k28:true, k29:-1428716728, id:74}) RETURN *;
CREATE (n75 :L0 :L3 :L6{k3:true, k21:true, k41:true, id:75}) RETURN *;
CREATE (n76 :L5{k32:false, k34:'OErR6C', id:76}) RETURN *;
CREATE (n77 :L0{k0:true, id:77}) RETURN *;
CREATE (n78 :L2{k12:'z', id:78}) RETURN *;
CREATE (n79 :L2 :L4 :L5 :L6{k16:true, k23:2022313035, k26:false, k29:-1368952537, k31:'2fbyZpU', k34:'s2W', k41:false, id:79}) RETURN *;
CREATE (n80 :L3 :L4 :L6{k24:-60673394, k25:'B9', k29:15403940, k40:261387826, id:80}) RETURN *;
CREATE (n81{id:81}) RETURN *;
CREATE (n82{id:82}) RETURN *;
CREATE (n83 :L2{k12:'ZOtSkE', id:83}) RETURN *;
CREATE (n84 :L5{k30:'', id:84}) RETURN *;
CREATE (n85 :L0{k0:true, k1:true, k6:'pMi', id:85}) RETURN *;
CREATE (n86 :L1{id:86}) RETURN *;
CREATE (n87 :L3 :L6{k41:false, id:87}) RETURN *;
CREATE (n88 :L2{k14:false, k17:'o4Z', id:88}) RETURN *;
CREATE (n89 :L1{id:89}) RETURN *;
CREATE (n90 :L2 :L4 :L5{k23:-1, k26:false, k35:1836336870, id:90}) RETURN *;
CREATE (n91 :L1 :L2 :L3{k7:2058946198, k14:false, k15:'c', k21:true, k22:1690337328, id:91}) RETURN *;
CREATE (n92{id:92}) RETURN *;
CREATE (n93{id:93}) RETURN *;
CREATE (n94 :L5{id:94}) RETURN *;
CREATE (n95{id:95}) RETURN *;
CREATE (n96 :L1 :L5{k30:'V', id:96}) RETURN *;
CREATE (n97 :L5{k30:'', k32:false, k33:261387826, id:97}) RETURN *;
CREATE (n98 :L1{id:98}) RETURN *;
CREATE (n99 :L0{k1:false, id:99}) RETURN *;
CREATE (n100 :L4 :L6{k39:'', k41:false, id:100}) RETURN *;
CREATE (n101 :L0 :L1 :L4{k9:-1038442749, id:101}) RETURN *;
CREATE (n102 :L4{k25:'', k27:true, id:102}) RETURN *;
CREATE (n103 :L0 :L5{k2:2058946198, k32:false, k33:-1789983677, k34:'zg1', k35:810185743, id:103}) RETURN *;
CREATE (n104 :L0 :L6{k0:false, k41:true, id:104}) RETURN *;
CREATE (n105 :L0 :L3 :L6{k3:false, k38:'', id:105}) RETURN *;
CREATE (n106 :L5 :L6{k30:'6Z5D0jNt8', k31:'g5', k37:'I', k40:-1060754813, id:106}) RETURN *;
CREATE (n107 :L6{k36:'', id:107}) RETURN *;
CREATE (n108 :L5{k35:-1851002242, id:108}) RETURN *;
CREATE (n109 :L2{k12:'', id:109}) RETURN *;
CREATE (n110{id:110}) RETURN *;
CREATE (n111{id:111}) RETURN *;
CREATE (n112 :L1 :L6{k36:'8Fa', id:112}) RETURN *;
CREATE (n113{id:113}) RETURN *;
CREATE (n114 :L2 :L3 :L4 :L5{k12:'2', k24:1596834752, k25:'VzK665cs', k27:true, k28:true, k29:-1205093772, k34:'', id:114}) RETURN *;
CREATE (n115 :L0{id:115}) RETURN *;
CREATE (n116 :L0 :L6{k37:'ZkLoEsJ', id:116}) RETURN *;
CREATE (n117 :L3{id:117}) RETURN *;
CREATE (n118 :L0 :L1 :L4{k3:false, k7:68296684, k8:'i', k25:'', id:118}) RETURN *;
CREATE (n119 :L0 :L3{k5:false, id:119}) RETURN *;
CREATE (n120 :L1{k8:'Sdg', id:120}) RETURN *;
CREATE (n121 :L0 :L3 :L4{k4:'b', k18:false, k19:'4v', k21:true, k24:1583696418, id:121}) RETURN *;
CREATE (n122 :L0 :L1{id:122}) RETURN *;
CREATE (n123 :L5{k35:209493165, id:123}) RETURN *;
CREATE (n124 :L0 :L3{k3:true, k4:'n8K1uI0f', id:124}) RETURN *;
CREATE (n125 :L2{k15:'BKk', k16:true, id:125}) RETURN *;
CREATE (n126 :L6{id:126}) RETURN *;
CREATE (n127 :L1{id:127}) RETURN *;
CREATE (n128 :L4{k24:1911356941, k29:1583696418, id:128}) RETURN *;
CREATE (n129{id:129}) RETURN *;
CREATE (n130 :L6{k37:'', id:130}) RETURN *;
CREATE (n131 :L6{k41:true, id:131}) RETURN *;
CREATE (n132 :L5{k33:-70844437, id:132}) RETURN *;
CREATE (n133 :L0{k0:true, id:133}) RETURN *;
CREATE (n134 :L0{id:134}) RETURN *;
CREATE (n135{id:135}) RETURN *;
CREATE (n136{id:136}) RETURN *;
CREATE (n137 :L0 :L2 :L5 :L6{k15:'cQGeQ3', k31:'ZZ', k35:1637375455, id:137}) RETURN *;
CREATE (n138 :L0 :L3 :L4 :L6{k18:true, k26:true, k39:'', k40:-1572988338, id:138}) RETURN *;
CREATE (n139 :L3{k18:false, k19:'I0yBd5', k21:true, id:139}) RETURN *;
CREATE (n140{id:140}) RETURN *;
CREATE (n141 :L1 :L2{id:141}) RETURN *;
CREATE (n142 :L0 :L1{k3:true, id:142}) RETURN *;
CREATE (n143{id:143}) RETURN *;
CREATE (n144 :L5{k33:305341528, id:144}) RETURN *;
CREATE (n145 :L1{id:145}) RETURN *;
CREATE (n146 :L1 :L2{k9:-1153594156, k10:-1437496523, k13:true, id:146}) RETURN *;
CREATE (n147{id:147}) RETURN *;
CREATE (n148 :L5{k30:'C', k34:'PBRf1', id:148}) RETURN *;
CREATE (n149 :L3 :L4 :L6{k23:1468042678, k29:927768383, k38:'SV', id:149}) RETURN *;
CREATE (n150 :L0 :L6{k5:true, id:150}) RETURN *;
CREATE (n151 :L5{k30:'', k34:'yX', id:151}) RETURN *;
CREATE (n152 :L2 :L5{k33:0, k34:'k1', k35:739579875, id:152}) RETURN *;
CREATE (n153 :L3 :L5{k20:68296684, k22:1629329386, id:153}) RETURN *;
CREATE (n154 :L0 :L3{k1:false, k4:'CILK', k18:true, k20:68296684, k21:false, id:154}) RETURN *;
CREATE (n155 :L1{k9:-886416555, id:155}) RETURN *;
CREATE (n156{id:156}) RETURN *;
CREATE (n157 :L1 :L4{k25:'', k26:false, id:157}) RETURN *;
CREATE (n158 :L3{id:158}) RETURN *;
CREATE (n159 :L3 :L4 :L6{k18:false, k25:'Z88', k29:-51123046, k36:'', k38:'', k39:'WKmb', k40:-1653501304, id:159}) RETURN *;
CREATE (n160 :L0 :L4{k3:false, k5:true, k29:-2005813310, id:160}) RETURN *;
CREATE (n161 :L6{k38:'bnS3ZIoZu', k41:false, id:161}) RETURN *;
CREATE (n162 :L1{k8:'w802', id:162}) RETURN *;
CREATE (n163 :L0{k0:false, k2:-880155770, k3:false, id:163}) RETURN *;
CREATE (n164{id:164}) RETURN *;
CREATE (n165{id:165}) RETURN *;
CREATE (n166 :L6{k37:'', k41:false, id:166}) RETURN *;
CREATE (n167 :L3 :L6{k19:'wTx8KYG', id:167}) RETURN *;
CREATE (n168{id:168}) RETURN *;
CREATE (n169 :L3 :L5{k30:'p5Ug2a', k32:true, id:169}) RETURN *;
CREATE (n170 :L1{id:170}) RETURN *;
CREATE (n171 :L3 :L5{k30:'9Ye988l', k31:'ve57iV', k35:971064189, id:171}) RETURN *;
CREATE (n172{id:172}) RETURN *;
CREATE (n173 :L5{id:173}) RETURN *;
CREATE (n174 :L5{k33:-2026310576, k34:'oa4A6Ms', id:174}) RETURN *;
CREATE (n175 :L4{k23:-1656144546, k25:'PVhvJULwH', k27:false, k28:false, id:175}) RETURN *;
CREATE (n176 :L3 :L5{k20:-1684462598, k34:'k', id:176}) RETURN *;
CREATE (n177 :L3 :L5{k19:'z', k22:-49357659, id:177}) RETURN *;
CREATE (n178 :L0{k3:false, id:178}) RETURN *;
CREATE (n179 :L4 :L6{k27:false, k39:'S', id:179}) RETURN *;
CREATE (n180{id:180}) RETURN *;
CREATE (n181 :L1{id:181}) RETURN *;
CREATE (n182 :L1 :L2{id:182}) RETURN *;
CREATE (n183 :L5{k33:1583696418, id:183}) RETURN *;
CREATE (n184{id:184}) RETURN *;
CREATE (n185{id:185}) RETURN *;
CREATE (n186{id:186}) RETURN *;
CREATE (n187{id:187}) RETURN *;
CREATE (n188 :L1 :L6{k9:454175038, id:188}) RETURN *;
CREATE (n189 :L0{k1:true, k4:'', id:189}) RETURN *;
CREATE (n190 :L1 :L4{k23:-1075457080, k26:true, id:190}) RETURN *;
CREATE (n191 :L1 :L3{k7:2058946198, k8:'JzuR64B', id:191}) RETURN *;
CREATE (n192 :L1 :L2 :L5{k14:true, k32:true, id:192}) RETURN *;
CREATE (n193 :L0 :L2 :L4{k1:false, k3:false, k5:true, k14:true, k17:'3', k29:264997798, id:193}) RETURN *;
CREATE (n194 :L0 :L2 :L3 :L4{k21:true, k24:-1437496523, k28:true, id:194}) RETURN *;
CREATE (n195{id:195}) RETURN *;
CREATE (n196{id:196}) RETURN *;
CREATE (n197 :L5{k30:'ABeVXM5V', id:197}) RETURN *;
CREATE (n198 :L1 :L2 :L3{k7:1596834752, k11:'QdHUl', k13:false, k16:false, k19:'g', id:198}) RETURN *;
CREATE (n199 :L6{k40:624226606, id:199}) RETURN *;
MATCH (n0 :L1 :L2 :L6{k16:false, k36:'', k38:'blEJ', id:0}), (n24{id:24}) MERGE (n0)-[r0 :T4{k74:false}]->(n24) RETURN *;
MATCH (n2 :L1{id:2}), (n69 :L5{k35:-854098881, id:69}) MERGE (n2)<-[r1 :T1{k50:1771936618, k51:'s', k54:false}]-(n69) RETURN *;
MATCH (n2 :L1{id:2}), (n82{id:82}) MERGE (n2)<-[r2 :T2]-(n82) RETURN *;
MATCH (n4{id:4}), (n24{id:24}) MERGE (n4)-[r3 :T0{k44:'5nAJs', k47:'QZVk55V', k48:''}]->(n24) RETURN *;
MATCH (n6 :L0{k6:'X', id:6}), (n74 :L4{k28:true, k29:-1428716728, id:74}) MERGE (n6)-[r4 :T1{k55:-275669054}]->(n74) RETURN *;
MATCH (n7 :L0 :L6{k38:'', id:7}), (n127 :L1{id:127}) MERGE (n7)-[r5 :T3{k64:true, k66:false, k69:false}]->(n127) RETURN *;
MATCH (n8 :L0 :L6{k4:'nn8tcOo', k39:'', k41:false, id:8}), (n29 :L0 :L3 :L4 :L5{k4:'2', k24:-1806968120, k29:-70844437, k35:1698587114, id:29}) MERGE (n8)-[r6 :T3{k65:false, k68:false}]->(n29) RETURN *;
MATCH (n8 :L0 :L6{k4:'nn8tcOo', k39:'', k41:false, id:8}), (n87 :L3 :L6{k41:false, id:87}) MERGE (n8)-[r7 :T3{k65:true, k66:false}]->(n87) RETURN *;
MATCH (n13 :L1{id:13}), (n1 :L4{k25:'', k26:false, id:1}) MERGE (n13)<-[r8 :T3{k63:true, k64:false, k65:true, k69:false}]-(n1) RETURN *;
MATCH (n16{id:16}), (n56 :L0 :L5{k0:false, k2:1836336870, k30:'f', k34:'DZWL4n5QQ', id:56}) MERGE (n16)-[r9 :T0]->(n56) RETURN *;
MATCH (n16{id:16}), (n65 :L0{k2:1698587114, k4:'2', id:65}) MERGE (n16)<-[r10 :T4{k72:true, k74:true}]-(n65) RETURN *;
MATCH (n17{id:17}), (n131 :L6{k41:true, id:131}) MERGE (n17)-[r11 :T0{k44:'4', k46:false, k47:'8'}]->(n131) RETURN *;
MATCH (n18 :L2 :L4{k25:'SCPFG', k27:true, id:18}), (n34 :L6{k40:570094202, id:34}) MERGE (n18)-[r12 :T4]->(n34) RETURN *;
MATCH (n18 :L2 :L4{k25:'SCPFG', k27:true, id:18}), (n117 :L3{id:117}) MERGE (n18)<-[r13 :T0]-(n117) RETURN *;
MATCH (n22 :L1{id:22}), (n16{id:16}) MERGE (n22)<-[r14 :T1{k54:false}]-(n16) RETURN *;
MATCH (n22 :L1{id:22}), (n83 :L2{k12:'ZOtSkE', id:83}) MERGE (n22)-[r15 :T3{k64:true}]->(n83) RETURN *;
MATCH (n26 :L6{k39:'h', id:26}), (n182 :L1 :L2{id:182}) MERGE (n26)-[r16 :T2{k57:-1944931101, k60:false}]->(n182) RETURN *;
MATCH (n27 :L5{k34:'', id:27}), (n96 :L1 :L5{k30:'V', id:96}) MERGE (n27)<-[r17 :T0{k43:'', k46:false}]-(n96) RETURN *;
MATCH (n30 :L4 :L6{k24:-1806968120, k26:false, k29:-1205093772, k37:'p', k39:'', id:30}), (n19 :L6{k37:'YyvcWU', k40:1596834752, k41:false, id:19}) MERGE (n30)-[r18 :T1{k52:false}]->(n19) RETURN *;
MATCH (n30 :L4 :L6{k24:-1806968120, k26:false, k29:-1205093772, k37:'p', k39:'', id:30}), (n31 :L1{k8:'', id:31}) MERGE (n30)-[r19 :T4{k70:true, k71:-950795056}]->(n31) RETURN *;
MATCH (n33 :L5{id:33}), (n6 :L0{k6:'X', id:6}) MERGE (n33)-[r20 :T1{k49:-1060754813, k50:-1907787286, k52:false}]->(n6) RETURN *;
MATCH (n33 :L5{id:33}), (n68 :L4{k24:2022313035, id:68}) MERGE (n33)-[r21 :T4{k74:true}]->(n68) RETURN *;
MATCH (n35 :L0 :L1{k2:1836336870, k6:'lZc', id:35}), (n12 :L1 :L4{k8:'M', k24:-880155770, k28:true, id:12}) MERGE (n35)<-[r22 :T2{k56:'', k62:true}]-(n12) RETURN *;
MATCH (n35 :L0 :L1{k2:1836336870, k6:'lZc', id:35}), (n56 :L0 :L5{k0:false, k2:1836336870, k30:'f', k34:'DZWL4n5QQ', id:56}) MERGE (n35)<-[r23 :T3{k65:false, k67:-854098881}]-(n56) RETURN *;
MATCH (n36 :L2{k12:'w6xzVZC', k14:false, id:36}), (n23 :L1 :L2 :L3{id:23}) MERGE (n36)<-[r24 :T0{k43:'7Yk'}]-(n23) RETURN *;
MATCH (n37 :L6{k38:'MES', id:37}), (n61 :L0 :L2{k5:false, k12:'1eS69', k13:false, id:61}) MERGE (n37)-[r25 :T2{k60:false}]->(n61) RETURN *;
MATCH (n39 :L4 :L6{id:39}), (n86 :L1{id:86}) MERGE (n39)<-[r26 :T4]-(n86) RETURN *;
MATCH (n40{id:40}), (n71{id:71}) MERGE (n40)-[r27 :T2]->(n71) RETURN *;
MATCH (n43 :L0 :L2 :L4 :L6{k2:302733049, k3:true, k15:'OyJrfbJ', k17:'D', k24:522254073, k26:false, k29:-1345940249, k41:false, id:43}), (n159 :L3 :L4 :L6{k18:false, k25:'Z88', k29:-51123046, k36:'', k38:'', k39:'WKmb', k40:-1653501304, id:159}) MERGE (n43)<-[r28 :T3{k63:true, k65:true}]-(n159) RETURN *;
MATCH (n44 :L0{k5:false, k6:'2EX', id:44}), (n127 :L1{id:127}) MERGE (n44)-[r29 :T0{k44:'f', k48:''}]->(n127) RETURN *;
MATCH (n45 :L0 :L2 :L5{k0:false, k12:'9cehYist', k13:false, k15:'u2fd', id:45}), (n168{id:168}) MERGE (n45)<-[r30 :T2{k59:'cANcA7'}]-(n168) RETURN *;
MATCH (n47 :L2 :L5{k17:'', k33:-1907787286, id:47}), (n120 :L1{k8:'Sdg', id:120}) MERGE (n47)<-[r31 :T4]-(n120) RETURN *;
MATCH (n49 :L3{id:49}), (n66 :L6{id:66}) MERGE (n49)-[r32 :T2{k60:false}]->(n66) RETURN *;
MATCH (n50 :L2{k14:true, id:50}), (n0 :L1 :L2 :L6{k16:false, k36:'', k38:'blEJ', id:0}) MERGE (n50)-[r33 :T0{k48:''}]->(n0) RETURN *;
MATCH (n50 :L2{k14:true, id:50}), (n48 :L0 :L5 :L6{k3:true, k33:927768383, k39:'', k41:true, id:48}) MERGE (n50)<-[r34 :T1]-(n48) RETURN *;
MATCH (n50 :L2{k14:true, id:50}), (n67 :L2{k16:true, id:67}) MERGE (n50)<-[r35 :T1{k53:1875991043}]-(n67) RETURN *;
MATCH (n50 :L2{k14:true, id:50}), (n144 :L5{k33:305341528, id:144}) MERGE (n50)-[r36 :T3]->(n144) RETURN *;
MATCH (n51 :L0 :L2 :L5{k6:'', k12:'UsD', k15:'T', k30:'e', id:51}), (n101 :L0 :L1 :L4{k9:-1038442749, id:101}) MERGE (n51)<-[r37 :T4{k72:false}]-(n101) RETURN *;
MATCH (n51 :L0 :L2 :L5{k6:'', k12:'UsD', k15:'T', k30:'e', id:51}), (n139 :L3{k18:false, k19:'I0yBd5', k21:true, id:139}) MERGE (n51)-[r38 :T4]->(n139) RETURN *;
MATCH (n51 :L0 :L2 :L5{k6:'', k12:'UsD', k15:'T', k30:'e', id:51}), (n155 :L1{k9:-886416555, id:155}) MERGE (n51)<-[r39 :T1]-(n155) RETURN *;
MATCH (n52 :L2 :L3 :L5{k13:false, k14:false, k17:'nk', k32:true, id:52}), (n16{id:16}) MERGE (n52)<-[r40 :T3{k69:true}]-(n16) RETURN *;
MATCH (n52 :L2 :L3 :L5{k13:false, k14:false, k17:'nk', k32:true, id:52}), (n197 :L5{k30:'ABeVXM5V', id:197}) MERGE (n52)<-[r41 :T4{k74:false, k75:'m6g7zCv'}]-(n197) RETURN *;
MATCH (n54 :L2{k16:true, id:54}), (n147{id:147}) MERGE (n54)<-[r42 :T2{k59:'Q5'}]-(n147) RETURN *;
MATCH (n55 :L5{id:55}), (n198 :L1 :L2 :L3{k7:1596834752, k11:'QdHUl', k13:false, k16:false, k19:'g', id:198}) MERGE (n55)<-[r43 :T4]-(n198) RETURN *;
MATCH (n56 :L0 :L5{k0:false, k2:1836336870, k30:'f', k34:'DZWL4n5QQ', id:56}), (n165{id:165}) MERGE (n56)-[r44 :T3{k65:false, k66:false}]->(n165) RETURN *;
MATCH (n57{id:57}), (n2 :L1{id:2}) MERGE (n57)-[r45 :T1]->(n2) RETURN *;
MATCH (n57{id:57}), (n40{id:40}) MERGE (n57)-[r46 :T3{k67:-301768577, k69:false}]->(n40) RETURN *;
MATCH (n57{id:57}), (n57{id:57}) MERGE (n57)<-[r47 :T2]-(n57) RETURN *;
MATCH (n57{id:57}), (n135{id:135}) MERGE (n57)<-[r48 :T3{k68:false}]-(n135) RETURN *;
MATCH (n58 :L0 :L2 :L6{k15:'', k16:false, k41:false, id:58}), (n66 :L6{id:66}) MERGE (n58)-[r49 :T4{k71:-70844437}]->(n66) RETURN *;
MATCH (n58 :L0 :L2 :L6{k15:'', k16:false, k41:false, id:58}), (n108 :L5{k35:-1851002242, id:108}) MERGE (n58)-[r50 :T3{k63:false, k64:true, k68:true, k69:true}]->(n108) RETURN *;
MATCH (n59 :L5{id:59}), (n2 :L1{id:2}) MERGE (n59)<-[r51 :T1{k50:1048065864, k54:false}]-(n2) RETURN *;
MATCH (n59 :L5{id:59}), (n122 :L0 :L1{id:122}) MERGE (n59)<-[r52 :T0{k45:true, k48:'SD8v7mYOu'}]-(n122) RETURN *;
MATCH (n59 :L5{id:59}), (n145 :L1{id:145}) MERGE (n59)-[r53 :T1{k50:1558595827, k51:'3PBXzIR', k53:454175038}]->(n145) RETURN *;
MATCH (n60 :L0 :L2{k6:'POH', k12:'TCjIByC9', id:60}), (n21 :L6{k36:'qu7', id:21}) MERGE (n60)-[r54 :T2]->(n21) RETURN *;
MATCH (n60 :L0 :L2{k6:'POH', k12:'TCjIByC9', id:60}), (n61 :L0 :L2{k5:false, k12:'1eS69', k13:false, id:61}) MERGE (n60)-[r55 :T4{k71:1690337328, k72:false}]->(n61) RETURN *;
MATCH (n60 :L0 :L2{k6:'POH', k12:'TCjIByC9', id:60}), (n92{id:92}) MERGE (n60)<-[r56 :T3{k63:true, k66:true}]-(n92) RETURN *;
MATCH (n61 :L0 :L2{k5:false, k12:'1eS69', k13:false, id:61}), (n72{id:72}) MERGE (n61)-[r57 :T4{k73:'nAbxqS'}]->(n72) RETURN *;
MATCH (n62 :L0 :L2 :L4{k5:false, k12:'', k23:-886416555, id:62}), (n22 :L1{id:22}) MERGE (n62)-[r58 :T1]->(n22) RETURN *;
MATCH (n62 :L0 :L2 :L4{k5:false, k12:'', k23:-886416555, id:62}), (n35 :L0 :L1{k2:1836336870, k6:'lZc', id:35}) MERGE (n62)<-[r59 :T1]-(n35) RETURN *;
MATCH (n62 :L0 :L2 :L4{k5:false, k12:'', k23:-886416555, id:62}), (n52 :L2 :L3 :L5{k13:false, k14:false, k17:'nk', k32:true, id:52}) MERGE (n62)-[r60 :T0{k48:''}]->(n52) RETURN *;
MATCH (n63 :L3 :L6{k36:'2', k38:'rJYSTRaPv', id:63}), (n174 :L5{k33:-2026310576, k34:'oa4A6Ms', id:174}) MERGE (n63)<-[r61 :T0{k42:false, k46:true, k47:'8Cy'}]-(n174) RETURN *;
MATCH (n64 :L1 :L4{k8:'', k9:-1205093772, k11:'', k26:false, id:64}), (n1 :L4{k25:'', k26:false, id:1}) MERGE (n64)-[r62 :T3]->(n1) RETURN *;
MATCH (n66 :L6{id:66}), (n121 :L0 :L3 :L4{k4:'b', k18:false, k19:'4v', k21:true, k24:1583696418, id:121}) MERGE (n66)<-[r63 :T2]-(n121) RETURN *;
MATCH (n67 :L2{k16:true, id:67}), (n153 :L3 :L5{k20:68296684, k22:1629329386, id:153}) MERGE (n67)-[r64 :T1{k49:-705961088, k53:-60673394}]->(n153) RETURN *;
MATCH (n68 :L4{k24:2022313035, id:68}), (n20 :L1 :L2 :L6{k39:'4kup', id:20}) MERGE (n68)<-[r65 :T1]-(n20) RETURN *;
MATCH (n68 :L4{k24:2022313035, id:68}), (n78 :L2{k12:'z', id:78}) MERGE (n68)<-[r66 :T2{k62:true}]-(n78) RETURN *;
MATCH (n69 :L5{k35:-854098881, id:69}), (n75 :L0 :L3 :L6{k3:true, k21:true, k41:true, id:75}) MERGE (n69)-[r67 :T0{k45:false}]->(n75) RETURN *;
MATCH (n69 :L5{k35:-854098881, id:69}), (n122 :L0 :L1{id:122}) MERGE (n69)<-[r68 :T0{k42:true}]-(n122) RETURN *;
MATCH (n70 :L6{k36:'ER', k39:'', k41:true, id:70}), (n7 :L0 :L6{k38:'', id:7}) MERGE (n70)-[r69 :T0{k44:'I'}]->(n7) RETURN *;
MATCH (n70 :L6{k36:'ER', k39:'', k41:true, id:70}), (n159 :L3 :L4 :L6{k18:false, k25:'Z88', k29:-51123046, k36:'', k38:'', k39:'WKmb', k40:-1653501304, id:159}) MERGE (n70)<-[r70 :T3{k67:-1428716728}]-(n159) RETURN *;
MATCH (n71{id:71}), (n75 :L0 :L3 :L6{k3:true, k21:true, k41:true, id:75}) MERGE (n71)-[r71 :T3]->(n75) RETURN *;
MATCH (n71{id:71}), (n140{id:140}) MERGE (n71)<-[r72 :T2{k56:'12uHxDG', k57:-1718777005, k59:'Ioiwnl'}]-(n140) RETURN *;
MATCH (n73 :L1{k8:'R', id:73}), (n196{id:196}) MERGE (n73)-[r73 :T1{k53:-1937529374}]->(n196) RETURN *;
MATCH (n74 :L4{k28:true, k29:-1428716728, id:74}), (n104 :L0 :L6{k0:false, k41:true, id:104}) MERGE (n74)<-[r74 :T3{k64:true, k65:false, k68:true}]-(n104) RETURN *;
MATCH (n74 :L4{k28:true, k29:-1428716728, id:74}), (n109 :L2{k12:'', id:109}) MERGE (n74)<-[r75 :T2{k56:'J', k58:'mnPN5B', k61:true}]-(n109) RETURN *;
MATCH (n75 :L0 :L3 :L6{k3:true, k21:true, k41:true, id:75}), (n101 :L0 :L1 :L4{k9:-1038442749, id:101}) MERGE (n75)<-[r76 :T3{k64:true, k68:false}]-(n101) RETURN *;
MATCH (n75 :L0 :L3 :L6{k3:true, k21:true, k41:true, id:75}), (n194 :L0 :L2 :L3 :L4{k21:true, k24:-1437496523, k28:true, id:194}) MERGE (n75)-[r77 :T4{k72:false}]->(n194) RETURN *;
MATCH (n76 :L5{k32:false, k34:'OErR6C', id:76}), (n92{id:92}) MERGE (n76)-[r78 :T4{k75:'s'}]->(n92) RETURN *;
MATCH (n76 :L5{k32:false, k34:'OErR6C', id:76}), (n104 :L0 :L6{k0:false, k41:true, id:104}) MERGE (n76)<-[r79 :T0]-(n104) RETURN *;
MATCH (n77 :L0{k0:true, id:77}), (n148 :L5{k30:'C', k34:'PBRf1', id:148}) MERGE (n77)<-[r80 :T1{k49:971064189, k51:'u'}]-(n148) RETURN *;
MATCH (n79 :L2 :L4 :L5 :L6{k16:true, k23:2022313035, k26:false, k29:-1368952537, k31:'2fbyZpU', k34:'s2W', k41:false, id:79}), (n13 :L1{id:13}) MERGE (n79)<-[r81 :T1{k52:false}]-(n13) RETURN *;
MATCH (n81{id:81}), (n76 :L5{k32:false, k34:'OErR6C', id:76}) MERGE (n81)<-[r82 :T1{k53:0, k55:1961811642}]-(n76) RETURN *;
MATCH (n81{id:81}), (n137 :L0 :L2 :L5 :L6{k15:'cQGeQ3', k31:'ZZ', k35:1637375455, id:137}) MERGE (n81)<-[r83 :T1{k53:302733049, k55:-629064112}]-(n137) RETURN *;
MATCH (n82{id:82}), (n1 :L4{k25:'', k26:false, id:1}) MERGE (n82)<-[r84 :T4]-(n1) RETURN *;
MATCH (n82{id:82}), (n65 :L0{k2:1698587114, k4:'2', id:65}) MERGE (n82)<-[r85 :T1{k53:-669210216, k54:false}]-(n65) RETURN *;
MATCH (n82{id:82}), (n157 :L1 :L4{k25:'', k26:false, id:157}) MERGE (n82)-[r86 :T2{k58:'3PsoRxW'}]->(n157) RETURN *;
MATCH (n83 :L2{k12:'ZOtSkE', id:83}), (n68 :L4{k24:2022313035, id:68}) MERGE (n83)<-[r87 :T1{k51:'MZAd', k55:-1280892966}]-(n68) RETURN *;
MATCH (n83 :L2{k12:'ZOtSkE', id:83}), (n97 :L5{k30:'', k32:false, k33:261387826, id:97}) MERGE (n83)<-[r88 :T2{k57:-1718777005}]-(n97) RETURN *;
MATCH (n84 :L5{k30:'', id:84}), (n164{id:164}) MERGE (n84)<-[r89 :T0{k45:false}]-(n164) RETURN *;
MATCH (n86 :L1{id:86}), (n29 :L0 :L3 :L4 :L5{k4:'2', k24:-1806968120, k29:-70844437, k35:1698587114, id:29}) MERGE (n86)<-[r90 :T1{k54:true}]-(n29) RETURN *;
MATCH (n86 :L1{id:86}), (n146 :L1 :L2{k9:-1153594156, k10:-1437496523, k13:true, id:146}) MERGE (n86)<-[r91 :T4{k70:false, k74:false}]-(n146) RETURN *;
MATCH (n87 :L3 :L6{k41:false, id:87}), (n8 :L0 :L6{k4:'nn8tcOo', k39:'', k41:false, id:8}) MERGE (n87)<-[r92 :T0{k46:true}]-(n8) RETURN *;
MATCH (n87 :L3 :L6{k41:false, id:87}), (n111{id:111}) MERGE (n87)-[r93 :T2]->(n111) RETURN *;
MATCH (n88 :L2{k14:false, k17:'o4Z', id:88}), (n108 :L5{k35:-1851002242, id:108}) MERGE (n88)<-[r94 :T0{k42:false, k43:'GZ', k46:false}]-(n108) RETURN *;
MATCH (n90 :L2 :L4 :L5{k23:-1, k26:false, k35:1836336870, id:90}), (n80 :L3 :L4 :L6{k24:-60673394, k25:'B9', k29:15403940, k40:261387826, id:80}) MERGE (n90)<-[r95 :T1{k50:-1080635812, k51:'ec0AfB4'}]-(n80) RETURN *;
MATCH (n91 :L1 :L2 :L3{k7:2058946198, k14:false, k15:'c', k21:true, k22:1690337328, id:91}), (n78 :L2{k12:'z', id:78}) MERGE (n91)-[r96 :T0{k44:'B6BdzTU5l', k48:'A'}]->(n78) RETURN *;
MATCH (n91 :L1 :L2 :L3{k7:2058946198, k14:false, k15:'c', k21:true, k22:1690337328, id:91}), (n198 :L1 :L2 :L3{k7:1596834752, k11:'QdHUl', k13:false, k16:false, k19:'g', id:198}) MERGE (n91)-[r97 :T0{k43:'nQrLJ', k48:'sI4Z'}]->(n198) RETURN *;
MATCH (n92{id:92}), (n88 :L2{k14:false, k17:'o4Z', id:88}) MERGE (n92)-[r98 :T2{k57:-1653501304, k61:false}]->(n88) RETURN *;
MATCH (n93{id:93}), (n68 :L4{k24:2022313035, id:68}) MERGE (n93)-[r99 :T4]->(n68) RETURN *;
MATCH (n94 :L5{id:94}), (n13 :L1{id:13}) MERGE (n94)<-[r100 :T0]-(n13) RETURN *;
MATCH (n94 :L5{id:94}), (n104 :L0 :L6{k0:false, k41:true, id:104}) MERGE (n94)-[r101 :T0{k42:true, k43:'ff5hS', k45:true, k47:'K', k48:'J'}]->(n104) RETURN *;
MATCH (n95{id:95}), (n157 :L1 :L4{k25:'', k26:false, id:157}) MERGE (n95)-[r102 :T3{k63:true, k65:false, k68:true}]->(n157) RETURN *;
MATCH (n95{id:95}), (n185{id:185}) MERGE (n95)-[r103 :T1]->(n185) RETURN *;
MATCH (n96 :L1 :L5{k30:'V', id:96}), (n73 :L1{k8:'R', id:73}) MERGE (n96)-[r104 :T2{k57:927768383, k58:'', k59:'z', k60:true, k62:true}]->(n73) RETURN *;
MATCH (n97 :L5{k30:'', k32:false, k33:261387826, id:97}), (n107 :L6{k36:'', id:107}) MERGE (n97)-[r105 :T0]->(n107) RETURN *;
MATCH (n99 :L0{k1:false, id:99}), (n37 :L6{k38:'MES', id:37}) MERGE (n99)<-[r106 :T2{k61:true}]-(n37) RETURN *;
MATCH (n100 :L4 :L6{k39:'', k41:false, id:100}), (n192 :L1 :L2 :L5{k14:true, k32:true, id:192}) MERGE (n100)<-[r107 :T0]-(n192) RETURN *;
MATCH (n103 :L0 :L5{k2:2058946198, k32:false, k33:-1789983677, k34:'zg1', k35:810185743, id:103}), (n32 :L1{k8:'', k9:1375469815, id:32}) MERGE (n103)<-[r108 :T4{k70:true, k72:true}]-(n32) RETURN *;
MATCH (n104 :L0 :L6{k0:false, k41:true, id:104}), (n187{id:187}) MERGE (n104)-[r109 :T3{k65:true, k67:-1806594284, k68:false}]->(n187) RETURN *;
MATCH (n105 :L0 :L3 :L6{k3:false, k38:'', id:105}), (n24{id:24}) MERGE (n105)-[r110 :T3{k63:false, k65:true}]->(n24) RETURN *;
MATCH (n105 :L0 :L3 :L6{k3:false, k38:'', id:105}), (n88 :L2{k14:false, k17:'o4Z', id:88}) MERGE (n105)-[r111 :T2{k58:''}]->(n88) RETURN *;
MATCH (n105 :L0 :L3 :L6{k3:false, k38:'', id:105}), (n153 :L3 :L5{k20:68296684, k22:1629329386, id:153}) MERGE (n105)<-[r112 :T1{k49:618331423, k54:true}]-(n153) RETURN *;
MATCH (n106 :L5 :L6{k30:'6Z5D0jNt8', k31:'g5', k37:'I', k40:-1060754813, id:106}), (n10 :L2 :L6{k14:true, k39:'D', id:10}) MERGE (n106)-[r113 :T0{k48:'QG'}]->(n10) RETURN *;
MATCH (n106 :L5 :L6{k30:'6Z5D0jNt8', k31:'g5', k37:'I', k40:-1060754813, id:106}), (n156{id:156}) MERGE (n106)-[r114 :T1{k50:751475856, k54:false, k55:235820328}]->(n156) RETURN *;
MATCH (n108 :L5{k35:-1851002242, id:108}), (n127 :L1{id:127}) MERGE (n108)-[r115 :T3{k67:728078138}]->(n127) RETURN *;
MATCH (n110{id:110}), (n6 :L0{k6:'X', id:6}) MERGE (n110)-[r116 :T2]->(n6) RETURN *;
MATCH (n110{id:110}), (n93{id:93}) MERGE (n110)-[r117 :T1{k49:-855652761, k50:-705961088, k52:true}]->(n93) RETURN *;
MATCH (n111{id:111}), (n41 :L2 :L4{k12:'fyHSK', k28:false, k29:-1345940249, id:41}) MERGE (n111)<-[r118 :T4]-(n41) RETURN *;
MATCH (n114 :L2 :L3 :L4 :L5{k12:'2', k24:1596834752, k25:'VzK665cs', k27:true, k28:true, k29:-1205093772, k34:'', id:114}), (n60 :L0 :L2{k6:'POH', k12:'TCjIByC9', id:60}) MERGE (n114)<-[r119 :T0{k46:true}]-(n60) RETURN *;
MATCH (n117 :L3{id:117}), (n71{id:71}) MERGE (n117)-[r120 :T3{k64:true}]->(n71) RETURN *;
MATCH (n118 :L0 :L1 :L4{k3:false, k7:68296684, k8:'i', k25:'', id:118}), (n31 :L1{k8:'', id:31}) MERGE (n118)<-[r121 :T1{k51:'vBI8MelD', k53:-1531646811}]-(n31) RETURN *;
MATCH (n120 :L1{k8:'Sdg', id:120}), (n89 :L1{id:89}) MERGE (n120)<-[r122 :T1]-(n89) RETURN *;
MATCH (n120 :L1{k8:'Sdg', id:120}), (n179 :L4 :L6{k27:false, k39:'S', id:179}) MERGE (n120)<-[r123 :T1{k55:-231973736}]-(n179) RETURN *;
MATCH (n122 :L0 :L1{id:122}), (n151 :L5{k30:'', k34:'yX', id:151}) MERGE (n122)-[r124 :T4]->(n151) RETURN *;
MATCH (n125 :L2{k15:'BKk', k16:true, id:125}), (n78 :L2{k12:'z', id:78}) MERGE (n125)<-[r125 :T1{k50:421428935}]-(n78) RETURN *;
MATCH (n125 :L2{k15:'BKk', k16:true, id:125}), (n172{id:172}) MERGE (n125)<-[r126 :T0{k42:true, k46:true}]-(n172) RETURN *;
MATCH (n127 :L1{id:127}), (n88 :L2{k14:false, k17:'o4Z', id:88}) MERGE (n127)<-[r127 :T4{k74:true, k75:'5ox'}]-(n88) RETURN *;
MATCH (n128 :L4{k24:1911356941, k29:1583696418, id:128}), (n79 :L2 :L4 :L5 :L6{k16:true, k23:2022313035, k26:false, k29:-1368952537, k31:'2fbyZpU', k34:'s2W', k41:false, id:79}) MERGE (n128)-[r128 :T4{k70:false, k74:false}]->(n79) RETURN *;
MATCH (n128 :L4{k24:1911356941, k29:1583696418, id:128}), (n177 :L3 :L5{k19:'z', k22:-49357659, id:177}) MERGE (n128)-[r129 :T1{k54:false, k55:-410314651}]->(n177) RETURN *;
MATCH (n129{id:129}), (n132 :L5{k33:-70844437, id:132}) MERGE (n129)<-[r130 :T2{k61:true}]-(n132) RETURN *;
MATCH (n131 :L6{k41:true, id:131}), (n182 :L1 :L2{id:182}) MERGE (n131)-[r131 :T4{k74:false}]->(n182) RETURN *;
MATCH (n134 :L0{id:134}), (n75 :L0 :L3 :L6{k3:true, k21:true, k41:true, id:75}) MERGE (n134)-[r132 :T0{k47:'wkdc'}]->(n75) RETURN *;
MATCH (n136{id:136}), (n103 :L0 :L5{k2:2058946198, k32:false, k33:-1789983677, k34:'zg1', k35:810185743, id:103}) MERGE (n136)-[r133 :T3{k65:true, k66:false}]->(n103) RETURN *;
MATCH (n136{id:136}), (n142 :L0 :L1{k3:true, id:142}) MERGE (n136)-[r134 :T0{k42:false}]->(n142) RETURN *;
MATCH (n137 :L0 :L2 :L5 :L6{k15:'cQGeQ3', k31:'ZZ', k35:1637375455, id:137}), (n27 :L5{k34:'', id:27}) MERGE (n137)-[r135 :T0]->(n27) RETURN *;
MATCH (n137 :L0 :L2 :L5 :L6{k15:'cQGeQ3', k31:'ZZ', k35:1637375455, id:137}), (n130 :L6{k37:'', id:130}) MERGE (n137)-[r136 :T3{k64:true, k66:true, k68:true}]->(n130) RETURN *;
MATCH (n138 :L0 :L3 :L4 :L6{k18:true, k26:true, k39:'', k40:-1572988338, id:138}), (n35 :L0 :L1{k2:1836336870, k6:'lZc', id:35}) MERGE (n138)<-[r137 :T4{k72:true}]-(n35) RETURN *;
MATCH (n140{id:140}), (n62 :L0 :L2 :L4{k5:false, k12:'', k23:-886416555, id:62}) MERGE (n140)-[r138 :T0{k43:'Q', k45:true, k47:'36'}]->(n62) RETURN *;
MATCH (n140{id:140}), (n120 :L1{k8:'Sdg', id:120}) MERGE (n140)<-[r139 :T0]-(n120) RETURN *;
MATCH (n147{id:147}), (n70 :L6{k36:'ER', k39:'', k41:true, id:70}) MERGE (n147)-[r140 :T1]->(n70) RETURN *;
MATCH (n147{id:147}), (n111{id:111}) MERGE (n147)<-[r141 :T1{k54:true}]-(n111) RETURN *;
MATCH (n147{id:147}), (n122 :L0 :L1{id:122}) MERGE (n147)<-[r142 :T3{k65:true, k69:false}]-(n122) RETURN *;
MATCH (n150 :L0 :L6{k5:true, id:150}), (n9{id:9}) MERGE (n150)-[r143 :T3{k64:true, k67:32364002}]->(n9) RETURN *;
MATCH (n153 :L3 :L5{k20:68296684, k22:1629329386, id:153}), (n36 :L2{k12:'w6xzVZC', k14:false, id:36}) MERGE (n153)-[r144 :T2]->(n36) RETURN *;
MATCH (n153 :L3 :L5{k20:68296684, k22:1629329386, id:153}), (n123 :L5{k35:209493165, id:123}) MERGE (n153)-[r145 :T4{k70:false}]->(n123) RETURN *;
MATCH (n154 :L0 :L3{k1:false, k4:'CILK', k18:true, k20:68296684, k21:false, id:154}), (n14 :L2 :L5{k30:'YN', k33:-1646949668, id:14}) MERGE (n154)<-[r146 :T4{k74:true}]-(n14) RETURN *;
MATCH (n155 :L1{k9:-886416555, id:155}), (n72{id:72}) MERGE (n155)<-[r147 :T1{k49:-301768577}]-(n72) RETURN *;
MATCH (n155 :L1{k9:-886416555, id:155}), (n107 :L6{k36:'', id:107}) MERGE (n155)<-[r148 :T0{k42:false, k43:'ttw', k45:true, k48:'XFm'}]-(n107) RETURN *;
MATCH (n158 :L3{id:158}), (n37 :L6{k38:'MES', id:37}) MERGE (n158)-[r149 :T1{k53:251201163}]->(n37) RETURN *;
MATCH (n160 :L0 :L4{k3:false, k5:true, k29:-2005813310, id:160}), (n88 :L2{k14:false, k17:'o4Z', id:88}) MERGE (n160)<-[r150 :T0{k43:'v4', k47:''}]-(n88) RETURN *;
MATCH (n161 :L6{k38:'bnS3ZIoZu', k41:false, id:161}), (n26 :L6{k39:'h', id:26}) MERGE (n161)<-[r151 :T4]-(n26) RETURN *;
MATCH (n161 :L6{k38:'bnS3ZIoZu', k41:false, id:161}), (n37 :L6{k38:'MES', id:37}) MERGE (n161)<-[r152 :T4{k73:'IJJNZTUp'}]-(n37) RETURN *;
MATCH (n161 :L6{k38:'bnS3ZIoZu', k41:false, id:161}), (n61 :L0 :L2{k5:false, k12:'1eS69', k13:false, id:61}) MERGE (n161)-[r153 :T1]->(n61) RETURN *;
MATCH (n161 :L6{k38:'bnS3ZIoZu', k41:false, id:161}), (n98 :L1{id:98}) MERGE (n161)<-[r154 :T3{k66:true, k69:false}]-(n98) RETURN *;
MATCH (n162 :L1{k8:'w802', id:162}), (n135{id:135}) MERGE (n162)-[r155 :T2{k58:'u0'}]->(n135) RETURN *;
MATCH (n163 :L0{k0:false, k2:-880155770, k3:false, id:163}), (n52 :L2 :L3 :L5{k13:false, k14:false, k17:'nk', k32:true, id:52}) MERGE (n163)<-[r156 :T3{k66:true, k69:false}]-(n52) RETURN *;
MATCH (n165{id:165}), (n21 :L6{k36:'qu7', id:21}) MERGE (n165)-[r157 :T3{k66:false, k67:1935661773}]->(n21) RETURN *;
MATCH (n165{id:165}), (n131 :L6{k41:true, id:131}) MERGE (n165)<-[r158 :T1{k53:1857769267}]-(n131) RETURN *;
MATCH (n165{id:165}), (n194 :L0 :L2 :L3 :L4{k21:true, k24:-1437496523, k28:true, id:194}) MERGE (n165)-[r159 :T4{k74:false}]->(n194) RETURN *;
MATCH (n166 :L6{k37:'', k41:false, id:166}), (n59 :L5{id:59}) MERGE (n166)-[r160 :T1{k50:1020447567, k52:true}]->(n59) RETURN *;
MATCH (n166 :L6{k37:'', k41:false, id:166}), (n71{id:71}) MERGE (n166)-[r161 :T3{k69:true}]->(n71) RETURN *;
MATCH (n166 :L6{k37:'', k41:false, id:166}), (n192 :L1 :L2 :L5{k14:true, k32:true, id:192}) MERGE (n166)-[r162 :T2]->(n192) RETURN *;
MATCH (n167 :L3 :L6{k19:'wTx8KYG', id:167}), (n23 :L1 :L2 :L3{id:23}) MERGE (n167)-[r163 :T4{k71:-1656144546, k72:false, k75:''}]->(n23) RETURN *;
MATCH (n167 :L3 :L6{k19:'wTx8KYG', id:167}), (n81{id:81}) MERGE (n167)<-[r164 :T4]-(n81) RETURN *;
MATCH (n169 :L3 :L5{k30:'p5Ug2a', k32:true, id:169}), (n122 :L0 :L1{id:122}) MERGE (n169)-[r165 :T0{k47:'', k48:'Ns'}]->(n122) RETURN *;
MATCH (n170 :L1{id:170}), (n194 :L0 :L2 :L3 :L4{k21:true, k24:-1437496523, k28:true, id:194}) MERGE (n170)<-[r166 :T2{k56:'TfKSE6Lf', k57:-566010301, k59:'', k62:false}]-(n194) RETURN *;
MATCH (n171 :L3 :L5{k30:'9Ye988l', k31:'ve57iV', k35:971064189, id:171}), (n130 :L6{k37:'', id:130}) MERGE (n171)-[r167 :T2{k60:true, k62:false}]->(n130) RETURN *;
MATCH (n173 :L5{id:173}), (n141 :L1 :L2{id:141}) MERGE (n173)<-[r168 :T4{k73:'JF', k75:'56xyR'}]-(n141) RETURN *;
MATCH (n173 :L5{id:173}), (n142 :L0 :L1{k3:true, id:142}) MERGE (n173)-[r169 :T0{k43:'GGmcv'}]->(n142) RETURN *;
MATCH (n176 :L3 :L5{k20:-1684462598, k34:'k', id:176}), (n178 :L0{k3:false, id:178}) MERGE (n176)-[r170 :T2]->(n178) RETURN *;
MATCH (n178 :L0{k3:false, id:178}), (n107 :L6{k36:'', id:107}) MERGE (n178)-[r171 :T0]->(n107) RETURN *;
MATCH (n178 :L0{k3:false, id:178}), (n138 :L0 :L3 :L4 :L6{k18:true, k26:true, k39:'', k40:-1572988338, id:138}) MERGE (n178)-[r172 :T2{k56:'9H', k57:-1480104705}]->(n138) RETURN *;
MATCH (n179 :L4 :L6{k27:false, k39:'S', id:179}), (n169 :L3 :L5{k30:'p5Ug2a', k32:true, id:169}) MERGE (n179)<-[r173 :T0{k42:false}]-(n169) RETURN *;
MATCH (n179 :L4 :L6{k27:false, k39:'S', id:179}), (n183 :L5{k33:1583696418, id:183}) MERGE (n179)<-[r174 :T3{k63:true, k65:false, k68:true}]-(n183) RETURN *;
MATCH (n180{id:180}), (n94 :L5{id:94}) MERGE (n180)<-[r175 :T0{k47:'xA'}]-(n94) RETURN *;
MATCH (n181 :L1{id:181}), (n16{id:16}) MERGE (n181)-[r176 :T3]->(n16) RETURN *;
MATCH (n182 :L1 :L2{id:182}), (n192 :L1 :L2 :L5{k14:true, k32:true, id:192}) MERGE (n182)-[r177 :T4{k73:'y', k74:false, k75:'', k76:-1662580157}]->(n192) RETURN *;
MATCH (n183 :L5{k33:1583696418, id:183}), (n15{id:15}) MERGE (n183)-[r178 :T4{k74:true, k76:-1507487514}]->(n15) RETURN *;
MATCH (n183 :L5{k33:1583696418, id:183}), (n52 :L2 :L3 :L5{k13:false, k14:false, k17:'nk', k32:true, id:52}) MERGE (n183)<-[r179 :T3{k63:false, k69:false}]-(n52) RETURN *;
MATCH (n184{id:184}), (n136{id:136}) MERGE (n184)-[r180 :T2{k56:'n'}]->(n136) RETURN *;
MATCH (n185{id:185}), (n7 :L0 :L6{k38:'', id:7}) MERGE (n185)-[r181 :T1]->(n7) RETURN *;
MATCH (n185{id:185}), (n90 :L2 :L4 :L5{k23:-1, k26:false, k35:1836336870, id:90}) MERGE (n185)<-[r182 :T0{k43:'YpK', k44:'FiTpqD', k46:true, k47:'', k48:''}]-(n90) RETURN *;
MATCH (n185{id:185}), (n137 :L0 :L2 :L5 :L6{k15:'cQGeQ3', k31:'ZZ', k35:1637375455, id:137}) MERGE (n185)-[r183 :T0{k48:''}]->(n137) RETURN *;
MATCH (n185{id:185}), (n195{id:195}) MERGE (n185)-[r184 :T4{k71:-1687266457}]->(n195) RETURN *;
MATCH (n186{id:186}), (n90 :L2 :L4 :L5{k23:-1, k26:false, k35:1836336870, id:90}) MERGE (n186)-[r185 :T1]->(n90) RETURN *;
MATCH (n186{id:186}), (n166 :L6{k37:'', k41:false, id:166}) MERGE (n186)-[r186 :T1{k54:false, k55:-125072164}]->(n166) RETURN *;
MATCH (n189 :L0{k1:true, k4:'', id:189}), (n26 :L6{k39:'h', id:26}) MERGE (n189)-[r187 :T2]->(n26) RETURN *;
MATCH (n189 :L0{k1:true, k4:'', id:189}), (n105 :L0 :L3 :L6{k3:false, k38:'', id:105}) MERGE (n189)-[r188 :T3{k66:true}]->(n105) RETURN *;
MATCH (n190 :L1 :L4{k23:-1075457080, k26:true, id:190}), (n10 :L2 :L6{k14:true, k39:'D', id:10}) MERGE (n190)<-[r189 :T1]-(n10) RETURN *;
MATCH (n191 :L1 :L3{k7:2058946198, k8:'JzuR64B', id:191}), (n90 :L2 :L4 :L5{k23:-1, k26:false, k35:1836336870, id:90}) MERGE (n191)-[r190 :T2]->(n90) RETURN *;
MATCH (n191 :L1 :L3{k7:2058946198, k8:'JzuR64B', id:191}), (n198 :L1 :L2 :L3{k7:1596834752, k11:'QdHUl', k13:false, k16:false, k19:'g', id:198}) MERGE (n191)<-[r191 :T3]-(n198) RETURN *;
MATCH (n192 :L1 :L2 :L5{k14:true, k32:true, id:192}), (n58 :L0 :L2 :L6{k15:'', k16:false, k41:false, id:58}) MERGE (n192)<-[r192 :T1{k51:'pDx9Q', k53:739579875}]-(n58) RETURN *;
MATCH (n193 :L0 :L2 :L4{k1:false, k3:false, k5:true, k14:true, k17:'3', k29:264997798, id:193}), (n71{id:71}) MERGE (n193)-[r193 :T4{k70:false}]->(n71) RETURN *;
MATCH (n193 :L0 :L2 :L4{k1:false, k3:false, k5:true, k14:true, k17:'3', k29:264997798, id:193}), (n128 :L4{k24:1911356941, k29:1583696418, id:128}) MERGE (n193)-[r194 :T4{k70:false, k76:8330595}]->(n128) RETURN *;
MATCH (n195{id:195}), (n56 :L0 :L5{k0:false, k2:1836336870, k30:'f', k34:'DZWL4n5QQ', id:56}) MERGE (n195)-[r195 :T2{k56:'Uf', k58:''}]->(n56) RETURN *;
MATCH (n196{id:196}), (n114 :L2 :L3 :L4 :L5{k12:'2', k24:1596834752, k25:'VzK665cs', k27:true, k28:true, k29:-1205093772, k34:'', id:114}) MERGE (n196)-[r196 :T0{k46:true, k48:'G60Xu5mTR'}]->(n114) RETURN *;
MATCH (n197 :L5{k30:'ABeVXM5V', id:197}), (n151 :L5{k30:'', k34:'yX', id:151}) MERGE (n197)<-[r197 :T1]-(n151) RETURN *;
