CREATE (n0 :L2 :L4 :L6{k14:false, k16:-358381768, k23:true, k24:true, k38:-93571855, id:0}) RETURN *;
CREATE (n1 :L3{id:1}) RETURN *;
CREATE (n2 :L1{id:2}) RETURN *;
CREATE (n3 :L3 :L4{k21:true, k25:'E', k27:false, id:3}) RETURN *;
CREATE (n4 :L3 :L4{k17:false, k20:'V', k21:false, id:4}) RETURN *;
CREATE (n5 :L1 :L5{k5:'FCWXykm', id:5}) RETURN *;
CREATE (n6 :L0 :L6{k1:true, k35:'8y', id:6}) RETURN *;
CREATE (n7{id:7}) RETURN *;
CREATE (n8 :L0 :L4 :L5{k0:'il', k1:false, k24:true, k29:-358381768, id:8}) RETURN *;
CREATE (n9 :L3{k21:false, id:9}) RETURN *;
CREATE (n10 :L0 :L2{k1:true, id:10}) RETURN *;
CREATE (n11{id:11}) RETURN *;
CREATE (n12 :L0 :L1 :L2 :L4{k9:'i9MK5uGk', k10:'RD0HVsv25', k23:true, k26:'', id:12}) RETURN *;
CREATE (n13 :L5{k33:-358381768, id:13}) RETURN *;
CREATE (n14 :L5{id:14}) RETURN *;
CREATE (n15 :L4{k24:true, k25:'', id:15}) RETURN *;
CREATE (n16 :L5{id:16}) RETURN *;
CREATE (n17{id:17}) RETURN *;
CREATE (n18 :L0{k2:true, k4:-524165581, id:18}) RETURN *;
CREATE (n19 :L3{k20:'VY', id:19}) RETURN *;
CREATE (n20 :L0 :L1 :L4{id:20}) RETURN *;
CREATE (n21 :L0 :L3{k17:false, id:21}) RETURN *;
CREATE (n22 :L0 :L1 :L2{k4:-1227096153, k8:false, k9:'', id:22}) RETURN *;
CREATE (n23 :L2{k12:'', id:23}) RETURN *;
CREATE (n24 :L2 :L3 :L5{k20:'KG', k21:false, k28:'', id:24}) RETURN *;
CREATE (n25 :L2 :L4 :L5{k24:true, k25:'xe', k26:'WO', k27:false, id:25}) RETURN *;
CREATE (n26{id:26}) RETURN *;
CREATE (n27 :L5{id:27}) RETURN *;
CREATE (n28 :L0 :L4{k0:'Fw3ZC', k4:-1843683021, k24:true, k26:'o', id:28}) RETURN *;
CREATE (n29 :L1 :L5{k6:'NiNAFY', id:29}) RETURN *;
CREATE (n30{id:30}) RETURN *;
CREATE (n31 :L0{k2:false, k4:-1227096153, id:31}) RETURN *;
CREATE (n32{id:32}) RETURN *;
CREATE (n33 :L2 :L5{k13:true, k29:-507986592, id:33}) RETURN *;
CREATE (n34 :L1{id:34}) RETURN *;
CREATE (n35{id:35}) RETURN *;
CREATE (n36 :L1 :L3{k20:'', id:36}) RETURN *;
CREATE (n37 :L5 :L6{k28:'mci3BY', k32:false, id:37}) RETURN *;
CREATE (n38 :L1 :L4{k9:'8C8', id:38}) RETURN *;
CREATE (n39 :L2 :L6{k15:'', k16:-1843683021, k36:-1227096153, id:39}) RETURN *;
CREATE (n40{id:40}) RETURN *;
CREATE (n41{id:41}) RETURN *;
CREATE (n42{id:42}) RETURN *;
CREATE (n43 :L1{id:43}) RETURN *;
CREATE (n44 :L0 :L5{k1:false, id:44}) RETURN *;
CREATE (n45{id:45}) RETURN *;
CREATE (n46 :L2{k13:false, k16:-358381768, id:46}) RETURN *;
CREATE (n47 :L4{k25:'', k27:true, id:47}) RETURN *;
CREATE (n48 :L3{k18:1432439849, k20:'', id:48}) RETURN *;
CREATE (n49 :L1 :L3 :L6{k19:'kIEK3uUJ', id:49}) RETURN *;
CREATE (n50 :L3{k21:true, id:50}) RETURN *;
CREATE (n51 :L5{k32:false, k34:'cCSFoPCtB', id:51}) RETURN *;
CREATE (n52 :L5{id:52}) RETURN *;
CREATE (n53 :L3 :L4 :L6{k17:false, k18:124604232, k24:true, k25:'faLS', id:53}) RETURN *;
CREATE (n54 :L2{k13:false, id:54}) RETURN *;
CREATE (n55 :L4{k26:'woMkYkf', id:55}) RETURN *;
CREATE (n56 :L5{id:56}) RETURN *;
CREATE (n57 :L1 :L5 :L6{k28:'1LHChSWu', k29:-1227096153, k39:'', id:57}) RETURN *;
CREATE (n58 :L0 :L2{k12:'', id:58}) RETURN *;
CREATE (n59{id:59}) RETURN *;
CREATE (n60 :L2 :L3 :L5{k16:1154700233, k17:false, k18:1491595928, k22:-1068840918, k32:false, id:60}) RETURN *;
CREATE (n61{id:61}) RETURN *;
CREATE (n62 :L1 :L2 :L4 :L5{k8:false, k11:true, k15:'hgj2P', k25:'1Hlyc2', k26:'74fbp3jr', k33:124604232, id:62}) RETURN *;
CREATE (n63 :L1{k5:'EIUH', k11:false, id:63}) RETURN *;
CREATE (n64 :L4{k23:false, k27:true, id:64}) RETURN *;
CREATE (n65{id:65}) RETURN *;
CREATE (n66 :L1{id:66}) RETURN *;
CREATE (n67 :L2 :L5{k28:'bqGSw11jQ', k30:true, id:67}) RETURN *;
CREATE (n68 :L4{id:68}) RETURN *;
CREATE (n69 :L4 :L5 :L6{k23:false, k24:true, k26:'kz', k29:147680391, k32:true, id:69}) RETURN *;
CREATE (n70{id:70}) RETURN *;
CREATE (n71 :L0 :L5{k3:147680391, k30:true, k32:true, id:71}) RETURN *;
CREATE (n72 :L5 :L6{k39:'C', id:72}) RETURN *;
CREATE (n73 :L2{k12:'qslONx7f', id:73}) RETURN *;
CREATE (n74 :L0 :L4 :L5{k0:'f7', k25:'', k30:false, k31:true, id:74}) RETURN *;
CREATE (n75 :L0 :L1 :L2{k4:1154700233, k5:'QUWmiah', k15:'VPD1Tds', id:75}) RETURN *;
CREATE (n76 :L2 :L3 :L5{k13:true, k17:true, k30:false, id:76}) RETURN *;
CREATE (n77 :L5{k28:'eM', k32:true, id:77}) RETURN *;
CREATE (n78 :L3 :L4{k17:true, k18:1001440264, k21:true, k24:true, id:78}) RETURN *;
CREATE (n79 :L3 :L6{k37:false, k38:1001440264, id:79}) RETURN *;
CREATE (n80 :L4 :L5{k25:'fUd', k34:'', id:80}) RETURN *;
CREATE (n81 :L3{k17:true, k18:479495240, id:81}) RETURN *;
CREATE (n82{id:82}) RETURN *;
CREATE (n83 :L1{id:83}) RETURN *;
CREATE (n84 :L3{id:84}) RETURN *;
CREATE (n85 :L1{k7:181764089, id:85}) RETURN *;
CREATE (n86 :L4 :L6{k23:true, k26:'68knWorqv', k35:'is', k38:1857955110, k39:'', id:86}) RETURN *;
CREATE (n87 :L0{k0:'mqUaMF8', id:87}) RETURN *;
CREATE (n88{id:88}) RETURN *;
CREATE (n89 :L2{id:89}) RETURN *;
CREATE (n90 :L1{k10:'', id:90}) RETURN *;
CREATE (n91 :L0 :L1{k3:1154700233, k6:'', k9:'Hr', id:91}) RETURN *;
CREATE (n92 :L0{k2:true, k3:-1174024335, id:92}) RETURN *;
CREATE (n93{id:93}) RETURN *;
CREATE (n94{id:94}) RETURN *;
CREATE (n95 :L1 :L5{k5:'5cw', k7:-1227096153, k32:true, id:95}) RETURN *;
CREATE (n96 :L5{k28:'Rk', k31:true, k33:-1216635144, id:96}) RETURN *;
CREATE (n97 :L1{k6:'w', k9:'xg', id:97}) RETURN *;
CREATE (n98 :L4{k24:false, k26:'IYdFPY', id:98}) RETURN *;
CREATE (n99 :L0 :L4{k4:-915632123, k24:false, k25:'VQ6C', id:99}) RETURN *;
CREATE (n100 :L1{k5:'Q1vbDvCLL', id:100}) RETURN *;
CREATE (n101 :L2{k12:'p', id:101}) RETURN *;
CREATE (n102 :L1 :L3 :L5{k22:-358381768, id:102}) RETURN *;
CREATE (n103{id:103}) RETURN *;
CREATE (n104{id:104}) RETURN *;
CREATE (n105 :L6{k35:'OJ', k37:false, id:105}) RETURN *;
CREATE (n106 :L1 :L6{k6:'', k9:'', k35:'', k36:9223372036854775806, k39:'', id:106}) RETURN *;
CREATE (n107 :L0 :L3{id:107}) RETURN *;
CREATE (n108{id:108}) RETURN *;
CREATE (n109 :L2{k13:false, k14:true, k15:'F', id:109}) RETURN *;
CREATE (n110{id:110}) RETURN *;
CREATE (n111 :L0 :L1 :L2 :L5{k7:-358381768, k8:true, k12:'SMBn', k14:false, k16:-1426107358, k33:-1388708162, id:111}) RETURN *;
CREATE (n112 :L0 :L1{k2:false, k8:true, k11:true, id:112}) RETURN *;
CREATE (n113 :L5{id:113}) RETURN *;
CREATE (n114 :L0{id:114}) RETURN *;
CREATE (n115 :L0 :L4{k0:'xa', k23:false, id:115}) RETURN *;
CREATE (n116 :L2{k13:true, k14:true, id:116}) RETURN *;
CREATE (n117 :L0 :L2{k0:'', k12:'Y', k14:true, k15:'fWO', id:117}) RETURN *;
CREATE (n118 :L1 :L2{k5:'k6HN0J0AQ', k15:'', id:118}) RETURN *;
CREATE (n119{id:119}) RETURN *;
CREATE (n120{id:120}) RETURN *;
CREATE (n121 :L3{k20:'Th', id:121}) RETURN *;
CREATE (n122{id:122}) RETURN *;
CREATE (n123 :L2 :L3 :L4{k13:false, k18:-1426107358, k22:-543536431, k26:'Sm', id:123}) RETURN *;
CREATE (n124 :L4 :L5{k26:'cu0W', k29:-1651841874, k31:false, id:124}) RETURN *;
CREATE (n125{id:125}) RETURN *;
CREATE (n126 :L1{id:126}) RETURN *;
CREATE (n127{id:127}) RETURN *;
CREATE (n128 :L3{id:128}) RETURN *;
CREATE (n129 :L0{id:129}) RETURN *;
CREATE (n130 :L6{id:130}) RETURN *;
CREATE (n131 :L4 :L6{k24:true, k40:true, id:131}) RETURN *;
CREATE (n132 :L1{k5:'n', k10:'g', id:132}) RETURN *;
CREATE (n133 :L2 :L3 :L6{k21:true, k38:-400610499, id:133}) RETURN *;
CREATE (n134 :L0{k3:683277081, id:134}) RETURN *;
CREATE (n135 :L1{k5:'pdNL', k11:true, id:135}) RETURN *;
CREATE (n136{id:136}) RETURN *;
CREATE (n137 :L1{k7:-43584300, id:137}) RETURN *;
CREATE (n138{id:138}) RETURN *;
CREATE (n139 :L0 :L2 :L5{k29:1154700233, k30:false, k31:false, k33:-543536431, id:139}) RETURN *;
CREATE (n140 :L2{k16:-1227096153, id:140}) RETURN *;
CREATE (n141 :L1 :L2{k16:-1647728494, id:141}) RETURN *;
CREATE (n142 :L1 :L4 :L5{k8:true, k26:'8s', id:142}) RETURN *;
CREATE (n143{id:143}) RETURN *;
CREATE (n144 :L4{k23:false, k24:false, id:144}) RETURN *;
CREATE (n145 :L0 :L1 :L5{k3:-1903986564, k8:true, k33:1, k34:'o', id:145}) RETURN *;
CREATE (n146 :L4 :L6{k36:-835241572, k37:false, k39:'7K', k40:true, id:146}) RETURN *;
CREATE (n147{id:147}) RETURN *;
CREATE (n148 :L0 :L2 :L6{k2:false, id:148}) RETURN *;
CREATE (n149 :L1 :L4{k6:'', k11:false, k27:false, id:149}) RETURN *;
CREATE (n150 :L1{k7:754486360, k11:false, id:150}) RETURN *;
CREATE (n151{id:151}) RETURN *;
CREATE (n152{id:152}) RETURN *;
CREATE (n153{id:153}) RETURN *;
CREATE (n154 :L1 :L3{k5:'xSnnlW', k8:false, id:154}) RETURN *;
CREATE (n155 :L2{id:155}) RETURN *;
CREATE (n156 :L4 :L6{k23:false, k24:true, k36:147680391, id:156}) RETURN *;
CREATE (n157 :L5{k31:true, id:157}) RETURN *;
CREATE (n158 :L1 :L4 :L6{k6:'F', k7:-1388708162, k38:122751606, k39:'D', id:158}) RETURN *;
CREATE (n159 :L3{k17:true, id:159}) RETURN *;
CREATE (n160 :L0 :L3{k0:'S', k17:false, k22:-2016066507, id:160}) RETURN *;
CREATE (n161 :L1{k10:'Uj', id:161}) RETURN *;
CREATE (n162 :L1{k5:'MwK', id:162}) RETURN *;
CREATE (n163{id:163}) RETURN *;
CREATE (n164 :L4{id:164}) RETURN *;
CREATE (n165 :L1{k6:'hdTAluCH', k9:'iF5FX', id:165}) RETURN *;
CREATE (n166 :L3 :L5{k17:false, id:166}) RETURN *;
CREATE (n167 :L5{k28:'KJ', id:167}) RETURN *;
CREATE (n168 :L1 :L3{k7:425507611, k8:false, k19:'9H', id:168}) RETURN *;
CREATE (n169{id:169}) RETURN *;
CREATE (n170{id:170}) RETURN *;
CREATE (n171 :L3 :L5{k19:'uCVhs', k28:'fi', k32:true, k34:'JRzH', id:171}) RETURN *;
CREATE (n172 :L4{k26:'Sl8hV', id:172}) RETURN *;
CREATE (n173 :L2{id:173}) RETURN *;
CREATE (n174 :L6{k38:834288130, k39:'X', id:174}) RETURN *;
CREATE (n175 :L3{id:175}) RETURN *;
CREATE (n176 :L0 :L5{k31:true, id:176}) RETURN *;
CREATE (n177{id:177}) RETURN *;
CREATE (n178 :L3{id:178}) RETURN *;
CREATE (n179 :L1 :L2{k6:'5qTkEg3', k15:'', id:179}) RETURN *;
CREATE (n180 :L2{k13:false, id:180}) RETURN *;
CREATE (n181 :L1 :L3 :L4{k6:'i', k7:122751606, k9:'f', k10:'c5V', k18:-2016066507, k20:'1Agy', k23:false, id:181}) RETURN *;
CREATE (n182 :L0{k1:false, id:182}) RETURN *;
CREATE (n183 :L2 :L5 :L6{k12:'FPZQ', k28:'dhq0hTj8u', k31:false, k33:642516665, k34:'emJ', k37:false, id:183}) RETURN *;
CREATE (n184 :L2 :L4{k12:'', k14:false, id:184}) RETURN *;
CREATE (n185{id:185}) RETURN *;
CREATE (n186 :L3{id:186}) RETURN *;
CREATE (n187 :L4{k27:false, id:187}) RETURN *;
CREATE (n188 :L0 :L6{k40:false, id:188}) RETURN *;
CREATE (n189 :L5{id:189}) RETURN *;
CREATE (n190 :L5 :L6{k35:'oD', k37:true, k40:true, id:190}) RETURN *;
CREATE (n191 :L5{k31:false, id:191}) RETURN *;
CREATE (n192 :L2 :L6{k12:'7Tn', k15:'rTl8ynTL', k35:'fS5Bttm5', id:192}) RETURN *;
CREATE (n193 :L0 :L3 :L6{k1:false, k2:true, k4:203532981, k18:-626858409, k20:'VgQFoqvO', k38:1925753113, k40:true, id:193}) RETURN *;
CREATE (n194 :L2{id:194}) RETURN *;
CREATE (n195 :L2 :L3{k12:'', id:195}) RETURN *;
CREATE (n196 :L0 :L4 :L6{k0:'A', k2:true, k23:true, k25:'759ACuD', id:196}) RETURN *;
CREATE (n197 :L5{k28:'uT', k29:1857955110, k30:true, k34:'yQW', id:197}) RETURN *;
CREATE (n198 :L0{k1:true, id:198}) RETURN *;
CREATE (n199{id:199}) RETURN *;
MATCH (n0 :L2 :L4 :L6{k14:false, k16:-358381768, k23:true, k24:true, k38:-93571855, id:0}), (n18 :L0{k2:true, k4:-524165581, id:18}) MERGE (n0)-[r0 :T6{k79:true}]->(n18) RETURN *;
MATCH (n0 :L2 :L4 :L6{k14:false, k16:-358381768, k23:true, k24:true, k38:-93571855, id:0}), (n145 :L0 :L1 :L5{k3:-1903986564, k8:true, k33:1, k34:'o', id:145}) MERGE (n0)-[r1 :T4{k68:'6Rs6CqrpA', k71:false}]->(n145) RETURN *;
MATCH (n2 :L1{id:2}), (n26{id:26}) MERGE (n2)<-[r2 :T0]-(n26) RETURN *;
MATCH (n3 :L3 :L4{k21:true, k25:'E', k27:false, id:3}), (n125{id:125}) MERGE (n3)-[r3 :T5{k73:true}]->(n125) RETURN *;
MATCH (n4 :L3 :L4{k17:false, k20:'V', k21:false, id:4}), (n148 :L0 :L2 :L6{k2:false, id:148}) MERGE (n4)-[r4 :T1]->(n148) RETURN *;
MATCH (n5 :L1 :L5{k5:'FCWXykm', id:5}), (n15 :L4{k24:true, k25:'', id:15}) MERGE (n5)<-[r5 :T0]-(n15) RETURN *;
MATCH (n6 :L0 :L6{k1:true, k35:'8y', id:6}), (n65{id:65}) MERGE (n6)-[r6 :T1]->(n65) RETURN *;
MATCH (n6 :L0 :L6{k1:true, k35:'8y', id:6}), (n122{id:122}) MERGE (n6)<-[r7 :T0{k42:false, k44:'', k46:-454908813}]-(n122) RETURN *;
MATCH (n6 :L0 :L6{k1:true, k35:'8y', id:6}), (n131 :L4 :L6{k24:true, k40:true, id:131}) MERGE (n6)<-[r8 :T5]-(n131) RETURN *;
MATCH (n7{id:7}), (n67 :L2 :L5{k28:'bqGSw11jQ', k30:true, id:67}) MERGE (n7)-[r9 :T6{k78:-1388708162}]->(n67) RETURN *;
MATCH (n7{id:7}), (n87 :L0{k0:'mqUaMF8', id:87}) MERGE (n7)-[r10 :T3{k61:-1052792482}]->(n87) RETURN *;
MATCH (n8 :L0 :L4 :L5{k0:'il', k1:false, k24:true, k29:-358381768, id:8}), (n176 :L0 :L5{k31:true, id:176}) MERGE (n8)<-[r11 :T3{k61:-1024970471}]-(n176) RETURN *;
MATCH (n10 :L0 :L2{k1:true, id:10}), (n80 :L4 :L5{k25:'fUd', k34:'', id:80}) MERGE (n10)<-[r12 :T4]-(n80) RETURN *;
MATCH (n12 :L0 :L1 :L2 :L4{k9:'i9MK5uGk', k10:'RD0HVsv25', k23:true, k26:'', id:12}), (n96 :L5{k28:'Rk', k31:true, k33:-1216635144, id:96}) MERGE (n12)<-[r13 :T3{k59:-979731084, k65:1279615352}]-(n96) RETURN *;
MATCH (n12 :L0 :L1 :L2 :L4{k9:'i9MK5uGk', k10:'RD0HVsv25', k23:true, k26:'', id:12}), (n109 :L2{k13:false, k14:true, k15:'F', id:109}) MERGE (n12)<-[r14 :T6{k79:false}]-(n109) RETURN *;
MATCH (n12 :L0 :L1 :L2 :L4{k9:'i9MK5uGk', k10:'RD0HVsv25', k23:true, k26:'', id:12}), (n145 :L0 :L1 :L5{k3:-1903986564, k8:true, k33:1, k34:'o', id:145}) MERGE (n12)<-[r15 :T4{k68:'SoS'}]-(n145) RETURN *;
MATCH (n12 :L0 :L1 :L2 :L4{k9:'i9MK5uGk', k10:'RD0HVsv25', k23:true, k26:'', id:12}), (n172 :L4{k26:'Sl8hV', id:172}) MERGE (n12)<-[r16 :T6]-(n172) RETURN *;
MATCH (n13 :L5{k33:-358381768, id:13}), (n7{id:7}) MERGE (n13)-[r17 :T5{k72:'TY', k73:false, k74:475749158}]->(n7) RETURN *;
MATCH (n13 :L5{k33:-358381768, id:13}), (n69 :L4 :L5 :L6{k23:false, k24:true, k26:'kz', k29:147680391, k32:true, id:69}) MERGE (n13)-[r18 :T6{k77:''}]->(n69) RETURN *;
MATCH (n14 :L5{id:14}), (n71 :L0 :L5{k3:147680391, k30:true, k32:true, id:71}) MERGE (n14)<-[r19 :T6{k78:1416871253}]-(n71) RETURN *;
MATCH (n15 :L4{k24:true, k25:'', id:15}), (n79 :L3 :L6{k37:false, k38:1001440264, id:79}) MERGE (n15)<-[r20 :T5{k74:143533737}]-(n79) RETURN *;
MATCH (n15 :L4{k24:true, k25:'', id:15}), (n136{id:136}) MERGE (n15)<-[r21 :T0{k44:'LQ', k46:-1312274706}]-(n136) RETURN *;
MATCH (n15 :L4{k24:true, k25:'', id:15}), (n196 :L0 :L4 :L6{k0:'A', k2:true, k23:true, k25:'759ACuD', id:196}) MERGE (n15)<-[r22 :T0]-(n196) RETURN *;
MATCH (n16 :L5{id:16}), (n36 :L1 :L3{k20:'', id:36}) MERGE (n16)-[r23 :T4{k71:false}]->(n36) RETURN *;
MATCH (n16 :L5{id:16}), (n74 :L0 :L4 :L5{k0:'f7', k25:'', k30:false, k31:true, id:74}) MERGE (n16)-[r24 :T0{k41:-1124251838, k42:false, k43:''}]->(n74) RETURN *;
MATCH (n18 :L0{k2:true, k4:-524165581, id:18}), (n129 :L0{id:129}) MERGE (n18)<-[r25 :T4{k67:'', k70:true}]-(n129) RETURN *;
MATCH (n19 :L3{k20:'VY', id:19}), (n113 :L5{id:113}) MERGE (n19)<-[r26 :T1{k52:608902466, k53:false}]-(n113) RETURN *;
MATCH (n20 :L0 :L1 :L4{id:20}), (n58 :L0 :L2{k12:'', id:58}) MERGE (n20)-[r27 :T4{k66:'u2iBYI'}]->(n58) RETURN *;
MATCH (n20 :L0 :L1 :L4{id:20}), (n198 :L0{k1:true, id:198}) MERGE (n20)<-[r28 :T3]-(n198) RETURN *;
MATCH (n22 :L0 :L1 :L2{k4:-1227096153, k8:false, k9:'', id:22}), (n71 :L0 :L5{k3:147680391, k30:true, k32:true, id:71}) MERGE (n22)<-[r29 :T4{k66:'FT', k67:'YseM', k70:false}]-(n71) RETURN *;
MATCH (n23 :L2{k12:'', id:23}), (n52 :L5{id:52}) MERGE (n23)<-[r30 :T4{k66:''}]-(n52) RETURN *;
MATCH (n24 :L2 :L3 :L5{k20:'KG', k21:false, k28:'', id:24}), (n2 :L1{id:2}) MERGE (n24)-[r31 :T5]->(n2) RETURN *;
MATCH (n24 :L2 :L3 :L5{k20:'KG', k21:false, k28:'', id:24}), (n43 :L1{id:43}) MERGE (n24)<-[r32 :T5{k74:675425912, k75:false}]-(n43) RETURN *;
MATCH (n24 :L2 :L3 :L5{k20:'KG', k21:false, k28:'', id:24}), (n74 :L0 :L4 :L5{k0:'f7', k25:'', k30:false, k31:true, id:74}) MERGE (n24)<-[r33 :T0{k41:-643251704, k42:true}]-(n74) RETURN *;
MATCH (n27 :L5{id:27}), (n131 :L4 :L6{k24:true, k40:true, id:131}) MERGE (n27)-[r34 :T3{k65:-393684773}]->(n131) RETURN *;
MATCH (n28 :L0 :L4{k0:'Fw3ZC', k4:-1843683021, k24:true, k26:'o', id:28}), (n8 :L0 :L4 :L5{k0:'il', k1:false, k24:true, k29:-358381768, id:8}) MERGE (n28)-[r35 :T1{k50:'khs', k53:true}]->(n8) RETURN *;
MATCH (n29 :L1 :L5{k6:'NiNAFY', id:29}), (n57 :L1 :L5 :L6{k28:'1LHChSWu', k29:-1227096153, k39:'', id:57}) MERGE (n29)-[r36 :T3{k65:311638514}]->(n57) RETURN *;
MATCH (n29 :L1 :L5{k6:'NiNAFY', id:29}), (n72 :L5 :L6{k39:'C', id:72}) MERGE (n29)<-[r37 :T5{k76:-1149565860}]-(n72) RETURN *;
MATCH (n29 :L1 :L5{k6:'NiNAFY', id:29}), (n79 :L3 :L6{k37:false, k38:1001440264, id:79}) MERGE (n29)-[r38 :T6{k77:''}]->(n79) RETURN *;
MATCH (n31 :L0{k2:false, k4:-1227096153, id:31}), (n13 :L5{k33:-358381768, id:13}) MERGE (n31)<-[r39 :T0]-(n13) RETURN *;
MATCH (n31 :L0{k2:false, k4:-1227096153, id:31}), (n22 :L0 :L1 :L2{k4:-1227096153, k8:false, k9:'', id:22}) MERGE (n31)-[r40 :T4{k69:1053832662}]->(n22) RETURN *;
MATCH (n31 :L0{k2:false, k4:-1227096153, id:31}), (n198 :L0{k1:true, id:198}) MERGE (n31)<-[r41 :T6{k78:-1964525638, k81:false}]-(n198) RETURN *;
MATCH (n32{id:32}), (n115 :L0 :L4{k0:'xa', k23:false, id:115}) MERGE (n32)-[r42 :T0{k42:true, k46:-1235996759}]->(n115) RETURN *;
MATCH (n32{id:32}), (n191 :L5{k31:false, id:191}) MERGE (n32)-[r43 :T2{k54:false}]->(n191) RETURN *;
MATCH (n33 :L2 :L5{k13:true, k29:-507986592, id:33}), (n130 :L6{id:130}) MERGE (n33)-[r44 :T3{k63:2044130833, k64:false}]->(n130) RETURN *;
MATCH (n35{id:35}), (n113 :L5{id:113}) MERGE (n35)<-[r45 :T2{k58:false}]-(n113) RETURN *;
MATCH (n36 :L1 :L3{k20:'', id:36}), (n170{id:170}) MERGE (n36)-[r46 :T4]->(n170) RETURN *;
MATCH (n37 :L5 :L6{k28:'mci3BY', k32:false, id:37}), (n85 :L1{k7:181764089, id:85}) MERGE (n37)-[r47 :T2]->(n85) RETURN *;
MATCH (n37 :L5 :L6{k28:'mci3BY', k32:false, id:37}), (n110{id:110}) MERGE (n37)-[r48 :T5]->(n110) RETURN *;
MATCH (n38 :L1 :L4{k9:'8C8', id:38}), (n64 :L4{k23:false, k27:true, id:64}) MERGE (n38)-[r49 :T6{k81:false}]->(n64) RETURN *;
MATCH (n38 :L1 :L4{k9:'8C8', id:38}), (n112 :L0 :L1{k2:false, k8:true, k11:true, id:112}) MERGE (n38)<-[r50 :T3{k60:'o'}]-(n112) RETURN *;
MATCH (n38 :L1 :L4{k9:'8C8', id:38}), (n136{id:136}) MERGE (n38)<-[r51 :T2]-(n136) RETURN *;
MATCH (n39 :L2 :L6{k15:'', k16:-1843683021, k36:-1227096153, id:39}), (n25 :L2 :L4 :L5{k24:true, k25:'xe', k26:'WO', k27:false, id:25}) MERGE (n39)<-[r52 :T2]-(n25) RETURN *;
MATCH (n39 :L2 :L6{k15:'', k16:-1843683021, k36:-1227096153, id:39}), (n193 :L0 :L3 :L6{k1:false, k2:true, k4:203532981, k18:-626858409, k20:'VgQFoqvO', k38:1925753113, k40:true, id:193}) MERGE (n39)-[r53 :T6]->(n193) RETURN *;
MATCH (n40{id:40}), (n25 :L2 :L4 :L5{k24:true, k25:'xe', k26:'WO', k27:false, id:25}) MERGE (n40)<-[r54 :T3{k61:-1216635144, k62:'yJvf8ODi', k65:-818962106}]-(n25) RETURN *;
MATCH (n41{id:41}), (n9 :L3{k21:false, id:9}) MERGE (n41)-[r55 :T0]->(n9) RETURN *;
MATCH (n42{id:42}), (n57 :L1 :L5 :L6{k28:'1LHChSWu', k29:-1227096153, k39:'', id:57}) MERGE (n42)<-[r56 :T0{k45:'htVXW'}]-(n57) RETURN *;
MATCH (n42{id:42}), (n57 :L1 :L5 :L6{k28:'1LHChSWu', k29:-1227096153, k39:'', id:57}) MERGE (n42)<-[r57 :T3]-(n57) RETURN *;
MATCH (n43 :L1{id:43}), (n163{id:163}) MERGE (n43)-[r58 :T6{k77:'1', k79:false, k80:-2024798538, k81:false}]->(n163) RETURN *;
MATCH (n44 :L0 :L5{k1:false, id:44}), (n42{id:42}) MERGE (n44)-[r59 :T5]->(n42) RETURN *;
MATCH (n44 :L0 :L5{k1:false, id:44}), (n72 :L5 :L6{k39:'C', id:72}) MERGE (n44)-[r60 :T3{k62:'lZ8', k63:-1230507763, k64:true, k65:181764089}]->(n72) RETURN *;
MATCH (n46 :L2{k13:false, k16:-358381768, id:46}), (n27 :L5{id:27}) MERGE (n46)<-[r61 :T0{k42:true, k43:'voxw', k45:''}]-(n27) RETURN *;
MATCH (n46 :L2{k13:false, k16:-358381768, id:46}), (n45{id:45}) MERGE (n46)<-[r62 :T3{k59:1192930759, k63:-377167891}]-(n45) RETURN *;
MATCH (n46 :L2{k13:false, k16:-358381768, id:46}), (n108{id:108}) MERGE (n46)-[r63 :T4{k66:'G'}]->(n108) RETURN *;
MATCH (n46 :L2{k13:false, k16:-358381768, id:46}), (n141 :L1 :L2{k16:-1647728494, id:141}) MERGE (n46)-[r64 :T2]->(n141) RETURN *;
MATCH (n47 :L4{k25:'', k27:true, id:47}), (n1 :L3{id:1}) MERGE (n47)<-[r65 :T3{k60:'T'}]-(n1) RETURN *;
MATCH (n47 :L4{k25:'', k27:true, id:47}), (n35{id:35}) MERGE (n47)-[r66 :T6]->(n35) RETURN *;
MATCH (n47 :L4{k25:'', k27:true, id:47}), (n70{id:70}) MERGE (n47)-[r67 :T2{k54:false, k55:-1903986564, k58:true}]->(n70) RETURN *;
MATCH (n48 :L3{k18:1432439849, k20:'', id:48}), (n106 :L1 :L6{k6:'', k9:'', k35:'', k36:9223372036854775806, k39:'', id:106}) MERGE (n48)-[r68 :T5]->(n106) RETURN *;
MATCH (n49 :L1 :L3 :L6{k19:'kIEK3uUJ', id:49}), (n66 :L1{id:66}) MERGE (n49)-[r69 :T1]->(n66) RETURN *;
MATCH (n49 :L1 :L3 :L6{k19:'kIEK3uUJ', id:49}), (n70{id:70}) MERGE (n49)-[r70 :T2{k55:-915632123, k56:'EP', k57:false}]->(n70) RETURN *;
MATCH (n50 :L3{k21:true, id:50}), (n100 :L1{k5:'Q1vbDvCLL', id:100}) MERGE (n50)<-[r71 :T3]-(n100) RETURN *;
MATCH (n51 :L5{k32:false, k34:'cCSFoPCtB', id:51}), (n171 :L3 :L5{k19:'uCVhs', k28:'fi', k32:true, k34:'JRzH', id:171}) MERGE (n51)<-[r72 :T2{k56:''}]-(n171) RETURN *;
MATCH (n52 :L5{id:52}), (n138{id:138}) MERGE (n52)-[r73 :T2{k55:-948047606, k56:'', k58:false}]->(n138) RETURN *;
MATCH (n52 :L5{id:52}), (n167 :L5{k28:'KJ', id:167}) MERGE (n52)-[r74 :T6{k77:'M6MQ6hN9', k81:true}]->(n167) RETURN *;
MATCH (n52 :L5{id:52}), (n184 :L2 :L4{k12:'', k14:false, id:184}) MERGE (n52)-[r75 :T4]->(n184) RETURN *;
MATCH (n53 :L3 :L4 :L6{k17:false, k18:124604232, k24:true, k25:'faLS', id:53}), (n192 :L2 :L6{k12:'7Tn', k15:'rTl8ynTL', k35:'fS5Bttm5', id:192}) MERGE (n53)<-[r76 :T0{k42:true, k46:1925753113}]-(n192) RETURN *;
MATCH (n54 :L2{k13:false, id:54}), (n52 :L5{id:52}) MERGE (n54)-[r77 :T1{k52:-1235996759, k53:false}]->(n52) RETURN *;
MATCH (n56 :L5{id:56}), (n1 :L3{id:1}) MERGE (n56)<-[r78 :T4{k66:'Zl'}]-(n1) RETURN *;
MATCH (n56 :L5{id:56}), (n173 :L2{id:173}) MERGE (n56)<-[r79 :T2{k58:true}]-(n173) RETURN *;
MATCH (n57 :L1 :L5 :L6{k28:'1LHChSWu', k29:-1227096153, k39:'', id:57}), (n170{id:170}) MERGE (n57)<-[r80 :T4]-(n170) RETURN *;
MATCH (n58 :L0 :L2{k12:'', id:58}), (n27 :L5{id:27}) MERGE (n58)<-[r81 :T5]-(n27) RETURN *;
MATCH (n58 :L0 :L2{k12:'', id:58}), (n46 :L2{k13:false, k16:-358381768, id:46}) MERGE (n58)-[r82 :T5]->(n46) RETURN *;
MATCH (n58 :L0 :L2{k12:'', id:58}), (n66 :L1{id:66}) MERGE (n58)<-[r83 :T0{k47:''}]-(n66) RETURN *;
MATCH (n58 :L0 :L2{k12:'', id:58}), (n96 :L5{k28:'Rk', k31:true, k33:-1216635144, id:96}) MERGE (n58)-[r84 :T0{k42:false, k46:454936535}]->(n96) RETURN *;
MATCH (n58 :L0 :L2{k12:'', id:58}), (n156 :L4 :L6{k23:false, k24:true, k36:147680391, id:156}) MERGE (n58)-[r85 :T5]->(n156) RETURN *;
MATCH (n58 :L0 :L2{k12:'', id:58}), (n159 :L3{k17:true, id:159}) MERGE (n58)<-[r86 :T5]-(n159) RETURN *;
MATCH (n58 :L0 :L2{k12:'', id:58}), (n192 :L2 :L6{k12:'7Tn', k15:'rTl8ynTL', k35:'fS5Bttm5', id:192}) MERGE (n58)-[r87 :T0{k44:'xcZ'}]->(n192) RETURN *;
MATCH (n61{id:61}), (n167 :L5{k28:'KJ', id:167}) MERGE (n61)-[r88 :T0{k42:true, k43:'mcz'}]->(n167) RETURN *;
MATCH (n62 :L1 :L2 :L4 :L5{k8:false, k11:true, k15:'hgj2P', k25:'1Hlyc2', k26:'74fbp3jr', k33:124604232, id:62}), (n134 :L0{k3:683277081, id:134}) MERGE (n62)<-[r89 :T2]-(n134) RETURN *;
MATCH (n63 :L1{k5:'EIUH', k11:false, id:63}), (n89 :L2{id:89}) MERGE (n63)-[r90 :T5{k76:1857955110}]->(n89) RETURN *;
MATCH (n63 :L1{k5:'EIUH', k11:false, id:63}), (n178 :L3{id:178}) MERGE (n63)-[r91 :T1{k48:1146257805}]->(n178) RETURN *;
MATCH (n65{id:65}), (n100 :L1{k5:'Q1vbDvCLL', id:100}) MERGE (n65)-[r92 :T1{k53:true}]->(n100) RETURN *;
MATCH (n67 :L2 :L5{k28:'bqGSw11jQ', k30:true, id:67}), (n150 :L1{k7:754486360, k11:false, id:150}) MERGE (n67)<-[r93 :T2{k56:'73Vomu'}]-(n150) RETURN *;
MATCH (n67 :L2 :L5{k28:'bqGSw11jQ', k30:true, id:67}), (n193 :L0 :L3 :L6{k1:false, k2:true, k4:203532981, k18:-626858409, k20:'VgQFoqvO', k38:1925753113, k40:true, id:193}) MERGE (n67)<-[r94 :T4]-(n193) RETURN *;
MATCH (n68 :L4{id:68}), (n80 :L4 :L5{k25:'fUd', k34:'', id:80}) MERGE (n68)<-[r95 :T3{k63:1416871253}]-(n80) RETURN *;
MATCH (n68 :L4{id:68}), (n112 :L0 :L1{k2:false, k8:true, k11:true, id:112}) MERGE (n68)-[r96 :T0{k41:-284820266, k42:false, k43:'a6N', k47:'WVjmD'}]->(n112) RETURN *;
MATCH (n69 :L4 :L5 :L6{k23:false, k24:true, k26:'kz', k29:147680391, k32:true, id:69}), (n126 :L1{id:126}) MERGE (n69)-[r97 :T5]->(n126) RETURN *;
MATCH (n69 :L4 :L5 :L6{k23:false, k24:true, k26:'kz', k29:147680391, k32:true, id:69}), (n167 :L5{k28:'KJ', id:167}) MERGE (n69)-[r98 :T5]->(n167) RETURN *;
MATCH (n70{id:70}), (n185{id:185}) MERGE (n70)-[r99 :T6{k78:-1877808244, k80:-2033873112}]->(n185) RETURN *;
MATCH (n72 :L5 :L6{k39:'C', id:72}), (n168 :L1 :L3{k7:425507611, k8:false, k19:'9H', id:168}) MERGE (n72)-[r100 :T5{k72:'23moSNIfs', k74:-709271430}]->(n168) RETURN *;
MATCH (n73 :L2{k12:'qslONx7f', id:73}), (n174 :L6{k38:834288130, k39:'X', id:174}) MERGE (n73)<-[r101 :T1]-(n174) RETURN *;
MATCH (n77 :L5{k28:'eM', k32:true, id:77}), (n30{id:30}) MERGE (n77)-[r102 :T4{k70:false}]->(n30) RETURN *;
MATCH (n78 :L3 :L4{k17:true, k18:1001440264, k21:true, k24:true, id:78}), (n7{id:7}) MERGE (n78)-[r103 :T1{k51:false, k52:-284820266}]->(n7) RETURN *;
MATCH (n78 :L3 :L4{k17:true, k18:1001440264, k21:true, k24:true, id:78}), (n187 :L4{k27:false, id:187}) MERGE (n78)-[r104 :T3]->(n187) RETURN *;
MATCH (n79 :L3 :L6{k37:false, k38:1001440264, id:79}), (n107 :L0 :L3{id:107}) MERGE (n79)<-[r105 :T5{k72:'iVIz', k74:-772998718}]-(n107) RETURN *;
MATCH (n79 :L3 :L6{k37:false, k38:1001440264, id:79}), (n118 :L1 :L2{k5:'k6HN0J0AQ', k15:'', id:118}) MERGE (n79)-[r106 :T1{k53:false}]->(n118) RETURN *;
MATCH (n80 :L4 :L5{k25:'fUd', k34:'', id:80}), (n37 :L5 :L6{k28:'mci3BY', k32:false, id:37}) MERGE (n80)<-[r107 :T1{k51:false}]-(n37) RETURN *;
MATCH (n81 :L3{k17:true, k18:479495240, id:81}), (n123 :L2 :L3 :L4{k13:false, k18:-1426107358, k22:-543536431, k26:'Sm', id:123}) MERGE (n81)<-[r108 :T6{k80:-1024970471}]-(n123) RETURN *;
MATCH (n83 :L1{id:83}), (n103{id:103}) MERGE (n83)-[r109 :T4]->(n103) RETURN *;
MATCH (n83 :L1{id:83}), (n106 :L1 :L6{k6:'', k9:'', k35:'', k36:9223372036854775806, k39:'', id:106}) MERGE (n83)-[r110 :T2{k54:true, k57:true}]->(n106) RETURN *;
MATCH (n83 :L1{id:83}), (n128 :L3{id:128}) MERGE (n83)-[r111 :T6]->(n128) RETURN *;
MATCH (n83 :L1{id:83}), (n136{id:136}) MERGE (n83)<-[r112 :T4{k66:'dGuFQ', k67:'vmS7ySxrs'}]-(n136) RETURN *;
MATCH (n84 :L3{id:84}), (n140 :L2{k16:-1227096153, id:140}) MERGE (n84)-[r113 :T2{k54:false}]->(n140) RETURN *;
MATCH (n84 :L3{id:84}), (n140 :L2{k16:-1227096153, id:140}) MERGE (n84)<-[r114 :T4{k68:'y7e'}]-(n140) RETURN *;
MATCH (n85 :L1{k7:181764089, id:85}), (n17{id:17}) MERGE (n85)<-[r115 :T1{k48:1298627832, k51:false}]-(n17) RETURN *;
MATCH (n85 :L1{k7:181764089, id:85}), (n80 :L4 :L5{k25:'fUd', k34:'', id:80}) MERGE (n85)-[r116 :T4{k69:119035085}]->(n80) RETURN *;
MATCH (n86 :L4 :L6{k23:true, k26:'68knWorqv', k35:'is', k38:1857955110, k39:'', id:86}), (n55 :L4{k26:'woMkYkf', id:55}) MERGE (n86)<-[r117 :T0]-(n55) RETURN *;
MATCH (n86 :L4 :L6{k23:true, k26:'68knWorqv', k35:'is', k38:1857955110, k39:'', id:86}), (n111 :L0 :L1 :L2 :L5{k7:-358381768, k8:true, k12:'SMBn', k14:false, k16:-1426107358, k33:-1388708162, id:111}) MERGE (n86)-[r118 :T1{k51:true}]->(n111) RETURN *;
MATCH (n87 :L0{k0:'mqUaMF8', id:87}), (n18 :L0{k2:true, k4:-524165581, id:18}) MERGE (n87)<-[r119 :T3{k59:1868972988}]-(n18) RETURN *;
MATCH (n87 :L0{k0:'mqUaMF8', id:87}), (n83 :L1{id:83}) MERGE (n87)-[r120 :T5]->(n83) RETURN *;
MATCH (n87 :L0{k0:'mqUaMF8', id:87}), (n120{id:120}) MERGE (n87)-[r121 :T4{k69:1664796118, k71:true}]->(n120) RETURN *;
MATCH (n90 :L1{k10:'', id:90}), (n195 :L2 :L3{k12:'', id:195}) MERGE (n90)-[r122 :T1{k52:1298627832}]->(n195) RETURN *;
MATCH (n90 :L1{k10:'', id:90}), (n198 :L0{k1:true, id:198}) MERGE (n90)<-[r123 :T6{k78:1720109789, k79:true, k80:-902847816}]-(n198) RETURN *;
MATCH (n92 :L0{k2:true, k3:-1174024335, id:92}), (n177{id:177}) MERGE (n92)<-[r124 :T5{k72:''}]-(n177) RETURN *;
MATCH (n93{id:93}), (n23 :L2{k12:'', id:23}) MERGE (n93)<-[r125 :T5{k72:'4', k74:-779916508, k75:true}]-(n23) RETURN *;
MATCH (n94{id:94}), (n70{id:70}) MERGE (n94)<-[r126 :T0]-(n70) RETURN *;
MATCH (n94{id:94}), (n136{id:136}) MERGE (n94)<-[r127 :T4]-(n136) RETURN *;
MATCH (n96 :L5{k28:'Rk', k31:true, k33:-1216635144, id:96}), (n125{id:125}) MERGE (n96)<-[r128 :T1{k51:false, k52:608902466}]-(n125) RETURN *;
MATCH (n96 :L5{k28:'Rk', k31:true, k33:-1216635144, id:96}), (n193 :L0 :L3 :L6{k1:false, k2:true, k4:203532981, k18:-626858409, k20:'VgQFoqvO', k38:1925753113, k40:true, id:193}) MERGE (n96)<-[r129 :T5{k73:true}]-(n193) RETURN *;
MATCH (n98 :L4{k24:false, k26:'IYdFPY', id:98}), (n33 :L2 :L5{k13:true, k29:-507986592, id:33}) MERGE (n98)<-[r130 :T5]-(n33) RETURN *;
MATCH (n98 :L4{k24:false, k26:'IYdFPY', id:98}), (n140 :L2{k16:-1227096153, id:140}) MERGE (n98)<-[r131 :T2]-(n140) RETURN *;
MATCH (n98 :L4{k24:false, k26:'IYdFPY', id:98}), (n169{id:169}) MERGE (n98)-[r132 :T5]->(n169) RETURN *;
MATCH (n100 :L1{k5:'Q1vbDvCLL', id:100}), (n12 :L0 :L1 :L2 :L4{k9:'i9MK5uGk', k10:'RD0HVsv25', k23:true, k26:'', id:12}) MERGE (n100)-[r133 :T1]->(n12) RETURN *;
MATCH (n101 :L2{k12:'p', id:101}), (n6 :L0 :L6{k1:true, k35:'8y', id:6}) MERGE (n101)<-[r134 :T2{k58:true}]-(n6) RETURN *;
MATCH (n101 :L2{k12:'p', id:101}), (n65{id:65}) MERGE (n101)-[r135 :T6{k79:false}]->(n65) RETURN *;
MATCH (n103{id:103}), (n184 :L2 :L4{k12:'', k14:false, id:184}) MERGE (n103)<-[r136 :T5]-(n184) RETURN *;
MATCH (n105 :L6{k35:'OJ', k37:false, id:105}), (n79 :L3 :L6{k37:false, k38:1001440264, id:79}) MERGE (n105)-[r137 :T0{k43:'JItJalqIz', k47:'IIpqqS5'}]->(n79) RETURN *;
MATCH (n107 :L0 :L3{id:107}), (n39 :L2 :L6{k15:'', k16:-1843683021, k36:-1227096153, id:39}) MERGE (n107)-[r138 :T6{k78:-1046389542, k79:false}]->(n39) RETURN *;
MATCH (n107 :L0 :L3{id:107}), (n91 :L0 :L1{k3:1154700233, k6:'', k9:'Hr', id:91}) MERGE (n107)-[r139 :T3{k60:'v', k65:-524165581}]->(n91) RETURN *;
MATCH (n107 :L0 :L3{id:107}), (n156 :L4 :L6{k23:false, k24:true, k36:147680391, id:156}) MERGE (n107)-[r140 :T2]->(n156) RETURN *;
MATCH (n107 :L0 :L3{id:107}), (n162 :L1{k5:'MwK', id:162}) MERGE (n107)-[r141 :T5]->(n162) RETURN *;
MATCH (n107 :L0 :L3{id:107}), (n190 :L5 :L6{k35:'oD', k37:true, k40:true, id:190}) MERGE (n107)-[r142 :T6]->(n190) RETURN *;
MATCH (n108{id:108}), (n161 :L1{k10:'Uj', id:161}) MERGE (n108)<-[r143 :T3{k60:'e9NHrfE'}]-(n161) RETURN *;
MATCH (n111 :L0 :L1 :L2 :L5{k7:-358381768, k8:true, k12:'SMBn', k14:false, k16:-1426107358, k33:-1388708162, id:111}), (n82{id:82}) MERGE (n111)<-[r144 :T5{k75:false, k76:-364825071}]-(n82) RETURN *;
MATCH (n111 :L0 :L1 :L2 :L5{k7:-358381768, k8:true, k12:'SMBn', k14:false, k16:-1426107358, k33:-1388708162, id:111}), (n164 :L4{id:164}) MERGE (n111)-[r145 :T4{k68:''}]->(n164) RETURN *;
MATCH (n114 :L0{id:114}), (n191 :L5{k31:false, id:191}) MERGE (n114)<-[r146 :T4{k66:'3', k68:'ki'}]-(n191) RETURN *;
MATCH (n115 :L0 :L4{k0:'xa', k23:false, id:115}), (n4 :L3 :L4{k17:false, k20:'V', k21:false, id:4}) MERGE (n115)-[r147 :T6{k80:-912583534}]->(n4) RETURN *;
MATCH (n116 :L2{k13:true, k14:true, id:116}), (n106 :L1 :L6{k6:'', k9:'', k35:'', k36:9223372036854775806, k39:'', id:106}) MERGE (n116)-[r148 :T2{k54:true}]->(n106) RETURN *;
MATCH (n118 :L1 :L2{k5:'k6HN0J0AQ', k15:'', id:118}), (n189 :L5{id:189}) MERGE (n118)-[r149 :T6{k80:-212695980}]->(n189) RETURN *;
MATCH (n119{id:119}), (n68 :L4{id:68}) MERGE (n119)-[r150 :T6{k79:false, k81:false}]->(n68) RETURN *;
MATCH (n120{id:120}), (n37 :L5 :L6{k28:'mci3BY', k32:false, id:37}) MERGE (n120)<-[r151 :T5]-(n37) RETURN *;
MATCH (n120{id:120}), (n111 :L0 :L1 :L2 :L5{k7:-358381768, k8:true, k12:'SMBn', k14:false, k16:-1426107358, k33:-1388708162, id:111}) MERGE (n120)-[r152 :T3{k61:642516665, k63:1736517181, k64:false, k65:1055249047}]->(n111) RETURN *;
MATCH (n122{id:122}), (n97 :L1{k6:'w', k9:'xg', id:97}) MERGE (n122)-[r153 :T4]->(n97) RETURN *;
MATCH (n124 :L4 :L5{k26:'cu0W', k29:-1651841874, k31:false, id:124}), (n64 :L4{k23:false, k27:true, id:64}) MERGE (n124)<-[r154 :T3{k59:-1003516752}]-(n64) RETURN *;
MATCH (n126 :L1{id:126}), (n58 :L0 :L2{k12:'', id:58}) MERGE (n126)<-[r155 :T0{k47:'9f2nuJuE'}]-(n58) RETURN *;
MATCH (n126 :L1{id:126}), (n91 :L0 :L1{k3:1154700233, k6:'', k9:'Hr', id:91}) MERGE (n126)<-[r156 :T2{k54:true, k55:-1426107358, k57:true}]-(n91) RETURN *;
MATCH (n126 :L1{id:126}), (n150 :L1{k7:754486360, k11:false, id:150}) MERGE (n126)<-[r157 :T5{k73:false, k74:-455470317}]-(n150) RETURN *;
MATCH (n127{id:127}), (n40{id:40}) MERGE (n127)<-[r158 :T5]-(n40) RETURN *;
MATCH (n128 :L3{id:128}), (n85 :L1{k7:181764089, id:85}) MERGE (n128)<-[r159 :T4]-(n85) RETURN *;
MATCH (n129 :L0{id:129}), (n44 :L0 :L5{k1:false, id:44}) MERGE (n129)-[r160 :T3]->(n44) RETURN *;
MATCH (n129 :L0{id:129}), (n75 :L0 :L1 :L2{k4:1154700233, k5:'QUWmiah', k15:'VPD1Tds', id:75}) MERGE (n129)-[r161 :T3{k60:'', k61:1053832662, k63:-1758039575}]->(n75) RETURN *;
MATCH (n129 :L0{id:129}), (n116 :L2{k13:true, k14:true, id:116}) MERGE (n129)-[r162 :T6{k78:-1913285022, k80:675425912}]->(n116) RETURN *;
MATCH (n129 :L0{id:129}), (n119{id:119}) MERGE (n129)<-[r163 :T2{k56:'', k57:true}]-(n119) RETURN *;
MATCH (n130 :L6{id:130}), (n85 :L1{k7:181764089, id:85}) MERGE (n130)<-[r164 :T3{k64:false}]-(n85) RETURN *;
MATCH (n131 :L4 :L6{k24:true, k40:true, id:131}), (n56 :L5{id:56}) MERGE (n131)<-[r165 :T4{k68:'XP', k70:true, k71:false}]-(n56) RETURN *;
MATCH (n132 :L1{k5:'n', k10:'g', id:132}), (n180 :L2{k13:false, id:180}) MERGE (n132)<-[r166 :T3{k61:-2043723395}]-(n180) RETURN *;
MATCH (n133 :L2 :L3 :L6{k21:true, k38:-400610499, id:133}), (n52 :L5{id:52}) MERGE (n133)<-[r167 :T6{k77:''}]-(n52) RETURN *;
MATCH (n133 :L2 :L3 :L6{k21:true, k38:-400610499, id:133}), (n75 :L0 :L1 :L2{k4:1154700233, k5:'QUWmiah', k15:'VPD1Tds', id:75}) MERGE (n133)-[r168 :T2]->(n75) RETURN *;
MATCH (n135 :L1{k5:'pdNL', k11:true, id:135}), (n41{id:41}) MERGE (n135)<-[r169 :T2]-(n41) RETURN *;
MATCH (n135 :L1{k5:'pdNL', k11:true, id:135}), (n46 :L2{k13:false, k16:-358381768, id:46}) MERGE (n135)<-[r170 :T5{k74:1512698360, k75:false}]-(n46) RETURN *;
MATCH (n135 :L1{k5:'pdNL', k11:true, id:135}), (n108{id:108}) MERGE (n135)-[r171 :T4{k66:'wLwo'}]->(n108) RETURN *;
MATCH (n136{id:136}), (n14 :L5{id:14}) MERGE (n136)-[r172 :T3]->(n14) RETURN *;
MATCH (n136{id:136}), (n100 :L1{k5:'Q1vbDvCLL', id:100}) MERGE (n136)<-[r173 :T2{k55:-364825071}]-(n100) RETURN *;
MATCH (n136{id:136}), (n138{id:138}) MERGE (n136)-[r174 :T3{k65:825093555}]->(n138) RETURN *;
MATCH (n137 :L1{k7:-43584300, id:137}), (n53 :L3 :L4 :L6{k17:false, k18:124604232, k24:true, k25:'faLS', id:53}) MERGE (n137)<-[r175 :T2{k54:false}]-(n53) RETURN *;
MATCH (n137 :L1{k7:-43584300, id:137}), (n66 :L1{id:66}) MERGE (n137)<-[r176 :T1]-(n66) RETURN *;
MATCH (n137 :L1{k7:-43584300, id:137}), (n103{id:103}) MERGE (n137)-[r177 :T5]->(n103) RETURN *;
MATCH (n138{id:138}), (n18 :L0{k2:true, k4:-524165581, id:18}) MERGE (n138)-[r178 :T0{k44:''}]->(n18) RETURN *;
MATCH (n139 :L0 :L2 :L5{k29:1154700233, k30:false, k31:false, k33:-543536431, id:139}), (n105 :L6{k35:'OJ', k37:false, id:105}) MERGE (n139)<-[r179 :T5{k72:'z', k73:false, k75:false, k76:-358381768}]-(n105) RETURN *;
MATCH (n139 :L0 :L2 :L5{k29:1154700233, k30:false, k31:false, k33:-543536431, id:139}), (n125{id:125}) MERGE (n139)-[r180 :T2{k54:false, k55:1442340691}]->(n125) RETURN *;
MATCH (n140 :L2{k16:-1227096153, id:140}), (n56 :L5{id:56}) MERGE (n140)<-[r181 :T4{k66:'dypHcLA', k67:'lNluaE', k70:false}]-(n56) RETURN *;
MATCH (n141 :L1 :L2{k16:-1647728494, id:141}), (n195 :L2 :L3{k12:'', id:195}) MERGE (n141)-[r182 :T2{k54:true, k56:'hU'}]->(n195) RETURN *;
MATCH (n143{id:143}), (n6 :L0 :L6{k1:true, k35:'8y', id:6}) MERGE (n143)<-[r183 :T5]-(n6) RETURN *;
MATCH (n143{id:143}), (n118 :L1 :L2{k5:'k6HN0J0AQ', k15:'', id:118}) MERGE (n143)<-[r184 :T5]-(n118) RETURN *;
MATCH (n143{id:143}), (n159 :L3{k17:true, id:159}) MERGE (n143)<-[r185 :T1{k48:0}]-(n159) RETURN *;
MATCH (n144 :L4{k23:false, k24:false, id:144}), (n90 :L1{k10:'', id:90}) MERGE (n144)-[r186 :T4]->(n90) RETURN *;
MATCH (n144 :L4{k23:false, k24:false, id:144}), (n104{id:104}) MERGE (n144)<-[r187 :T4{k69:-149689324}]-(n104) RETURN *;
MATCH (n146 :L4 :L6{k36:-835241572, k37:false, k39:'7K', k40:true, id:146}), (n73 :L2{k12:'qslONx7f', id:73}) MERGE (n146)<-[r188 :T0{k43:'zV', k47:''}]-(n73) RETURN *;
MATCH (n146 :L4 :L6{k36:-835241572, k37:false, k39:'7K', k40:true, id:146}), (n130 :L6{id:130}) MERGE (n146)-[r189 :T3{k63:1975153893, k64:false}]->(n130) RETURN *;
MATCH (n146 :L4 :L6{k36:-835241572, k37:false, k39:'7K', k40:true, id:146}), (n141 :L1 :L2{k16:-1647728494, id:141}) MERGE (n146)<-[r190 :T1{k51:true}]-(n141) RETURN *;
MATCH (n148 :L0 :L2 :L6{k2:false, id:148}), (n30{id:30}) MERGE (n148)-[r191 :T2]->(n30) RETURN *;
MATCH (n148 :L0 :L2 :L6{k2:false, id:148}), (n79 :L3 :L6{k37:false, k38:1001440264, id:79}) MERGE (n148)<-[r192 :T5{k75:false}]-(n79) RETURN *;
MATCH (n148 :L0 :L2 :L6{k2:false, id:148}), (n135 :L1{k5:'pdNL', k11:true, id:135}) MERGE (n148)<-[r193 :T5{k73:false, k74:-698060612}]-(n135) RETURN *;
MATCH (n149 :L1 :L4{k6:'', k11:false, k27:false, id:149}), (n162 :L1{k5:'MwK', id:162}) MERGE (n149)<-[r194 :T4{k70:false}]-(n162) RETURN *;
MATCH (n149 :L1 :L4{k6:'', k11:false, k27:false, id:149}), (n179 :L1 :L2{k6:'5qTkEg3', k15:'', id:179}) MERGE (n149)<-[r195 :T4]-(n179) RETURN *;
MATCH (n150 :L1{k7:754486360, k11:false, id:150}), (n118 :L1 :L2{k5:'k6HN0J0AQ', k15:'', id:118}) MERGE (n150)-[r196 :T4]->(n118) RETURN *;
MATCH (n150 :L1{k7:754486360, k11:false, id:150}), (n151{id:151}) MERGE (n150)-[r197 :T0{k44:'vj', k46:1574944506}]->(n151) RETURN *;
MATCH (n153{id:153}), (n42{id:42}) MERGE (n153)-[r198 :T6{k77:'', k80:1720109789, k81:false}]->(n42) RETURN *;
MATCH (n153{id:153}), (n53 :L3 :L4 :L6{k17:false, k18:124604232, k24:true, k25:'faLS', id:53}) MERGE (n153)-[r199 :T3{k65:-1920950107}]->(n53) RETURN *;
MATCH (n154 :L1 :L3{k5:'xSnnlW', k8:false, id:154}), (n82{id:82}) MERGE (n154)<-[r200 :T0{k43:'3ZDk'}]-(n82) RETURN *;
MATCH (n154 :L1 :L3{k5:'xSnnlW', k8:false, id:154}), (n160 :L0 :L3{k0:'S', k17:false, k22:-2016066507, id:160}) MERGE (n154)<-[r201 :T3{k61:-1932124480}]-(n160) RETURN *;
MATCH (n158 :L1 :L4 :L6{k6:'F', k7:-1388708162, k38:122751606, k39:'D', id:158}), (n133 :L2 :L3 :L6{k21:true, k38:-400610499, id:133}) MERGE (n158)<-[r202 :T2{k55:835172213}]-(n133) RETURN *;
MATCH (n158 :L1 :L4 :L6{k6:'F', k7:-1388708162, k38:122751606, k39:'D', id:158}), (n192 :L2 :L6{k12:'7Tn', k15:'rTl8ynTL', k35:'fS5Bttm5', id:192}) MERGE (n158)-[r203 :T4{k69:-347734938}]->(n192) RETURN *;
MATCH (n160 :L0 :L3{k0:'S', k17:false, k22:-2016066507, id:160}), (n167 :L5{k28:'KJ', id:167}) MERGE (n160)<-[r204 :T5{k73:false, k74:890301395}]-(n167) RETURN *;
MATCH (n164 :L4{id:164}), (n145 :L0 :L1 :L5{k3:-1903986564, k8:true, k33:1, k34:'o', id:145}) MERGE (n164)<-[r205 :T3{k64:true}]-(n145) RETURN *;
MATCH (n165 :L1{k6:'hdTAluCH', k9:'iF5FX', id:165}), (n22 :L0 :L1 :L2{k4:-1227096153, k8:false, k9:'', id:22}) MERGE (n165)-[r206 :T0{k41:98832043, k44:'U'}]->(n22) RETURN *;
MATCH (n166 :L3 :L5{k17:false, id:166}), (n40{id:40}) MERGE (n166)-[r207 :T5]->(n40) RETURN *;
MATCH (n166 :L3 :L5{k17:false, id:166}), (n70{id:70}) MERGE (n166)<-[r208 :T6{k79:false}]-(n70) RETURN *;
MATCH (n167 :L5{k28:'KJ', id:167}), (n37 :L5 :L6{k28:'mci3BY', k32:false, id:37}) MERGE (n167)-[r209 :T5{k72:'mhkM'}]->(n37) RETURN *;
MATCH (n167 :L5{k28:'KJ', id:167}), (n51 :L5{k32:false, k34:'cCSFoPCtB', id:51}) MERGE (n167)-[r210 :T6{k80:-638664474, k81:true}]->(n51) RETURN *;
MATCH (n167 :L5{k28:'KJ', id:167}), (n145 :L0 :L1 :L5{k3:-1903986564, k8:true, k33:1, k34:'o', id:145}) MERGE (n167)-[r211 :T4{k71:true}]->(n145) RETURN *;
MATCH (n168 :L1 :L3{k7:425507611, k8:false, k19:'9H', id:168}), (n82{id:82}) MERGE (n168)-[r212 :T1]->(n82) RETURN *;
MATCH (n168 :L1 :L3{k7:425507611, k8:false, k19:'9H', id:168}), (n117 :L0 :L2{k0:'', k12:'Y', k14:true, k15:'fWO', id:117}) MERGE (n168)-[r213 :T5{k75:false}]->(n117) RETURN *;
MATCH (n168 :L1 :L3{k7:425507611, k8:false, k19:'9H', id:168}), (n181 :L1 :L3 :L4{k6:'i', k7:122751606, k9:'f', k10:'c5V', k18:-2016066507, k20:'1Agy', k23:false, id:181}) MERGE (n168)<-[r214 :T1{k49:-1675262287, k53:true}]-(n181) RETURN *;
MATCH (n170{id:170}), (n102 :L1 :L3 :L5{k22:-358381768, id:102}) MERGE (n170)-[r215 :T2{k55:311638514}]->(n102) RETURN *;
MATCH (n171 :L3 :L5{k19:'uCVhs', k28:'fi', k32:true, k34:'JRzH', id:171}), (n0 :L2 :L4 :L6{k14:false, k16:-358381768, k23:true, k24:true, k38:-93571855, id:0}) MERGE (n171)-[r216 :T5{k73:false, k75:true, k76:282108420}]->(n0) RETURN *;
MATCH (n172 :L4{k26:'Sl8hV', id:172}), (n195 :L2 :L3{k12:'', id:195}) MERGE (n172)-[r217 :T1{k49:825093555}]->(n195) RETURN *;
MATCH (n173 :L2{id:173}), (n82{id:82}) MERGE (n173)<-[r218 :T1{k51:false}]-(n82) RETURN *;
MATCH (n176 :L0 :L5{k31:true, id:176}), (n81 :L3{k17:true, k18:479495240, id:81}) MERGE (n176)<-[r219 :T0{k43:'Ufl', k46:-1450723092}]-(n81) RETURN *;
MATCH (n177{id:177}), (n136{id:136}) MERGE (n177)<-[r220 :T6{k80:-1227096153}]-(n136) RETURN *;
MATCH (n178 :L3{id:178}), (n128 :L3{id:128}) MERGE (n178)<-[r221 :T1]-(n128) RETURN *;
MATCH (n178 :L3{id:178}), (n158 :L1 :L4 :L6{k6:'F', k7:-1388708162, k38:122751606, k39:'D', id:158}) MERGE (n178)-[r222 :T6]->(n158) RETURN *;
MATCH (n180 :L2{k13:false, id:180}), (n103{id:103}) MERGE (n180)<-[r223 :T6{k77:'c47'}]-(n103) RETURN *;
MATCH (n181 :L1 :L3 :L4{k6:'i', k7:122751606, k9:'f', k10:'c5V', k18:-2016066507, k20:'1Agy', k23:false, id:181}), (n155 :L2{id:155}) MERGE (n181)-[r224 :T6{k77:'xn'}]->(n155) RETURN *;
MATCH (n182 :L0{k1:false, id:182}), (n0 :L2 :L4 :L6{k14:false, k16:-358381768, k23:true, k24:true, k38:-93571855, id:0}) MERGE (n182)-[r225 :T5]->(n0) RETURN *;
MATCH (n182 :L0{k1:false, id:182}), (n22 :L0 :L1 :L2{k4:-1227096153, k8:false, k9:'', id:22}) MERGE (n182)<-[r226 :T4]-(n22) RETURN *;
MATCH (n182 :L0{k1:false, id:182}), (n47 :L4{k25:'', k27:true, id:47}) MERGE (n182)<-[r227 :T5{k72:'EnpGOuq'}]-(n47) RETURN *;
MATCH (n182 :L0{k1:false, id:182}), (n123 :L2 :L3 :L4{k13:false, k18:-1426107358, k22:-543536431, k26:'Sm', id:123}) MERGE (n182)-[r228 :T0{k41:1442340691}]->(n123) RETURN *;
MATCH (n183 :L2 :L5 :L6{k12:'FPZQ', k28:'dhq0hTj8u', k31:false, k33:642516665, k34:'emJ', k37:false, id:183}), (n18 :L0{k2:true, k4:-524165581, id:18}) MERGE (n183)<-[r229 :T6{k81:true}]-(n18) RETURN *;
MATCH (n183 :L2 :L5 :L6{k12:'FPZQ', k28:'dhq0hTj8u', k31:false, k33:642516665, k34:'emJ', k37:false, id:183}), (n37 :L5 :L6{k28:'mci3BY', k32:false, id:37}) MERGE (n183)-[r230 :T2{k55:-915632123}]->(n37) RETURN *;
MATCH (n184 :L2 :L4{k12:'', k14:false, id:184}), (n96 :L5{k28:'Rk', k31:true, k33:-1216635144, id:96}) MERGE (n184)<-[r231 :T2]-(n96) RETURN *;
MATCH (n184 :L2 :L4{k12:'', k14:false, id:184}), (n100 :L1{k5:'Q1vbDvCLL', id:100}) MERGE (n184)-[r232 :T0{k42:false, k44:'mAiHE'}]->(n100) RETURN *;
MATCH (n185{id:185}), (n95 :L1 :L5{k5:'5cw', k7:-1227096153, k32:true, id:95}) MERGE (n185)<-[r233 :T3{k59:-1253232446, k63:9945321}]-(n95) RETURN *;
MATCH (n185{id:185}), (n153{id:153}) MERGE (n185)-[r234 :T5{k74:-189498991}]->(n153) RETURN *;
MATCH (n186 :L3{id:186}), (n52 :L5{id:52}) MERGE (n186)-[r235 :T4{k66:''}]->(n52) RETURN *;
MATCH (n189 :L5{id:189}), (n129 :L0{id:129}) MERGE (n189)<-[r236 :T4{k69:-1758039575, k71:false}]-(n129) RETURN *;
MATCH (n189 :L5{id:189}), (n147{id:147}) MERGE (n189)-[r237 :T5{k75:true}]->(n147) RETURN *;
MATCH (n191 :L5{k31:false, id:191}), (n6 :L0 :L6{k1:true, k35:'8y', id:6}) MERGE (n191)<-[r238 :T6{k81:true}]-(n6) RETURN *;
MATCH (n191 :L5{k31:false, id:191}), (n28 :L0 :L4{k0:'Fw3ZC', k4:-1843683021, k24:true, k26:'o', id:28}) MERGE (n191)-[r239 :T6]->(n28) RETURN *;
MATCH (n191 :L5{k31:false, id:191}), (n38 :L1 :L4{k9:'8C8', id:38}) MERGE (n191)-[r240 :T2{k54:false}]->(n38) RETURN *;
MATCH (n191 :L5{k31:false, id:191}), (n98 :L4{k24:false, k26:'IYdFPY', id:98}) MERGE (n191)-[r241 :T4]->(n98) RETURN *;
MATCH (n193 :L0 :L3 :L6{k1:false, k2:true, k4:203532981, k18:-626858409, k20:'VgQFoqvO', k38:1925753113, k40:true, id:193}), (n12 :L0 :L1 :L2 :L4{k9:'i9MK5uGk', k10:'RD0HVsv25', k23:true, k26:'', id:12}) MERGE (n193)-[r242 :T1{k48:-709271430, k53:true}]->(n12) RETURN *;
MATCH (n193 :L0 :L3 :L6{k1:false, k2:true, k4:203532981, k18:-626858409, k20:'VgQFoqvO', k38:1925753113, k40:true, id:193}), (n51 :L5{k32:false, k34:'cCSFoPCtB', id:51}) MERGE (n193)<-[r243 :T2]-(n51) RETURN *;
MATCH (n193 :L0 :L3 :L6{k1:false, k2:true, k4:203532981, k18:-626858409, k20:'VgQFoqvO', k38:1925753113, k40:true, id:193}), (n59{id:59}) MERGE (n193)<-[r244 :T6]-(n59) RETURN *;
MATCH (n193 :L0 :L3 :L6{k1:false, k2:true, k4:203532981, k18:-626858409, k20:'VgQFoqvO', k38:1925753113, k40:true, id:193}), (n122{id:122}) MERGE (n193)-[r245 :T5]->(n122) RETURN *;
MATCH (n193 :L0 :L3 :L6{k1:false, k2:true, k4:203532981, k18:-626858409, k20:'VgQFoqvO', k38:1925753113, k40:true, id:193}), (n138{id:138}) MERGE (n193)-[r246 :T1{k53:true}]->(n138) RETURN *;
MATCH (n193 :L0 :L3 :L6{k1:false, k2:true, k4:203532981, k18:-626858409, k20:'VgQFoqvO', k38:1925753113, k40:true, id:193}), (n153{id:153}) MERGE (n193)-[r247 :T6]->(n153) RETURN *;
MATCH (n195 :L2 :L3{k12:'', id:195}), (n76 :L2 :L3 :L5{k13:true, k17:true, k30:false, id:76}) MERGE (n195)-[r248 :T0{k42:true, k47:'wsXbl1D0Q'}]->(n76) RETURN *;
MATCH (n196 :L0 :L4 :L6{k0:'A', k2:true, k23:true, k25:'759ACuD', id:196}), (n86 :L4 :L6{k23:true, k26:'68knWorqv', k35:'is', k38:1857955110, k39:'', id:86}) MERGE (n196)-[r249 :T5]->(n86) RETURN *;
MATCH (n196 :L0 :L4 :L6{k0:'A', k2:true, k23:true, k25:'759ACuD', id:196}), (n159 :L3{k17:true, id:159}) MERGE (n196)-[r250 :T6]->(n159) RETURN *;
MATCH (n197 :L5{k28:'uT', k29:1857955110, k30:true, k34:'yQW', id:197}), (n21 :L0 :L3{k17:false, id:21}) MERGE (n197)-[r251 :T0{k46:-93571855}]->(n21) RETURN *;
MATCH (n198 :L0{k1:true, id:198}), (n70{id:70}) MERGE (n198)<-[r252 :T5]-(n70) RETURN *;
MATCH (n198 :L0{k1:true, id:198}), (n115 :L0 :L4{k0:'xa', k23:false, id:115}) MERGE (n198)-[r253 :T2{k58:true}]->(n115) RETURN *;
MATCH (n199{id:199}), (n112 :L0 :L1{k2:false, k8:true, k11:true, id:112}) MERGE (n199)-[r254 :T2{k57:true}]->(n112) RETURN *;
MATCH (n199{id:199}), (n190 :L5 :L6{k35:'oD', k37:true, k40:true, id:190}) MERGE (n199)-[r255 :T5{k72:'hHwwFEcFJ'}]->(n190) RETURN *;