CREATE (n0 :L1 :L3{k7:-139123398, id:0}) RETURN *;
CREATE (n1 :L2 :L3{k14:false, k15:false, k18:'', k21:'F', id:1}) RETURN *;
CREATE (n2{id:2}) RETURN *;
CREATE (n3{id:3}) RETURN *;
CREATE (n4 :L1 :L6{k35:'', k41:'', id:4}) RETURN *;
CREATE (n5 :L0 :L3{k1:-620823976, k4:true, k20:557249187, k22:'', id:5}) RETURN *;
CREATE (n6 :L0{k0:'u9oa', id:6}) RETURN *;
CREATE (n7 :L3 :L5{k18:'', k19:true, k33:-139123398, id:7}) RETURN *;
CREATE (n8{id:8}) RETURN *;
CREATE (n9 :L2{k15:true, id:9}) RETURN *;
CREATE (n10 :L1 :L6{k38:false, k39:557249187, id:10}) RETURN *;
CREATE (n11 :L3 :L4 :L6{k21:'UJVj9V', k22:'iV1W', k23:false, k25:false, id:11}) RETURN *;
CREATE (n12 :L2 :L4 :L6{k23:false, k24:'H', id:12}) RETURN *;
CREATE (n13 :L4 :L5 :L6{k23:true, k25:true, k37:-139123398, id:13}) RETURN *;
CREATE (n14 :L0 :L6{k1:-1501733982, k2:true, k35:'APboKp9', id:14}) RETURN *;
CREATE (n15{id:15}) RETURN *;
CREATE (n16 :L0{k3:true, id:16}) RETURN *;
CREATE (n17 :L5{k30:false, id:17}) RETURN *;
CREATE (n18 :L4 :L6{k29:-1501733982, k40:true, k41:'QL2LnkO5w', id:18}) RETURN *;
CREATE (n19 :L3 :L4 :L5{k19:false, k20:-1259186270, k22:'5FqApXtZ3', k24:'oO', k26:1081914956, k27:-1817133782, k30:false, id:19}) RETURN *;
CREATE (n20 :L2 :L5{k13:-377344395, k16:'J', k34:false, id:20}) RETURN *;
CREATE (n21 :L0 :L3{k22:'', id:21}) RETURN *;
CREATE (n22 :L4{id:22}) RETURN *;
CREATE (n23 :L0 :L1{k0:'', k1:46895898, k3:true, id:23}) RETURN *;
CREATE (n24 :L5 :L6{k32:false, k37:46895898, k38:false, id:24}) RETURN *;
CREATE (n25 :L1 :L2 :L6{k7:-139123398, k14:true, k15:false, k40:true, id:25}) RETURN *;
CREATE (n26 :L2{k12:'C', k13:471768964, k14:false, id:26}) RETURN *;
CREATE (n27 :L1{k6:'DZmkukz', k7:1746054679, k8:false, id:27}) RETURN *;
CREATE (n28 :L3 :L4{k18:'', k22:'', k28:'', k29:886815554, id:28}) RETURN *;
CREATE (n29 :L0 :L1 :L5{k3:false, k10:'', k33:1319350109, id:29}) RETURN *;
CREATE (n30 :L0 :L2{k0:'1X', k2:true, k11:'et6Yjo9I', id:30}) RETURN *;
CREATE (n31 :L0 :L1{k7:613168702, id:31}) RETURN *;
CREATE (n32 :L0 :L3{k3:false, k22:'U0D7JI', id:32}) RETURN *;
CREATE (n33 :L1 :L2 :L3 :L4{k6:'j', k19:true, k23:false, id:33}) RETURN *;
CREATE (n34 :L6{k36:-1881468525, k37:928593525, k39:-620823976, id:34}) RETURN *;
CREATE (n35{id:35}) RETURN *;
CREATE (n36 :L5 :L6{k35:'u', k41:'3NNVipK', id:36}) RETURN *;
CREATE (n37{id:37}) RETURN *;
CREATE (n38 :L3{id:38}) RETURN *;
CREATE (n39 :L0 :L1{k1:-1881468525, k6:'ocQF0u', k9:-1726990647, id:39}) RETURN *;
CREATE (n40 :L3 :L4 :L5{k27:1746054679, k29:-560267130, k31:'', k33:-620823976, id:40}) RETURN *;
CREATE (n41 :L4{id:41}) RETURN *;
CREATE (n42{id:42}) RETURN *;
CREATE (n43 :L2 :L4 :L5{k11:'', k17:886815554, k25:false, k28:'', k29:1548346063, k33:-34156466, id:43}) RETURN *;
CREATE (n44 :L1 :L3{k10:'', k19:true, k20:-701687038, id:44}) RETURN *;
CREATE (n45{id:45}) RETURN *;
CREATE (n46{id:46}) RETURN *;
CREATE (n47 :L0 :L2 :L5{k0:'Eaczx5', k2:false, k12:'U', k30:false, id:47}) RETURN *;
CREATE (n48{id:48}) RETURN *;
CREATE (n49 :L2 :L4 :L6{k24:'c', k26:-248968887, k27:46895898, k35:'BP', k41:'hQB', id:49}) RETURN *;
CREATE (n50 :L1{k6:'', k10:'Qx', id:50}) RETURN *;
CREATE (n51 :L6{id:51}) RETURN *;
CREATE (n52{id:52}) RETURN *;
CREATE (n53 :L2{k15:false, id:53}) RETURN *;
CREATE (n54 :L1 :L3{k18:'9o', id:54}) RETURN *;
CREATE (n55 :L1 :L3 :L4 :L5{k7:-1817133782, k8:false, k9:360203666, k10:'I', k31:'gW7pbM', id:55}) RETURN *;
CREATE (n56 :L2 :L6{k17:641501551, k36:-2089550612, id:56}) RETURN *;
CREATE (n57 :L3 :L4{k19:false, k20:825293687, id:57}) RETURN *;
CREATE (n58{id:58}) RETURN *;
CREATE (n59 :L4 :L5{k23:true, k32:false, id:59}) RETURN *;
CREATE (n60{id:60}) RETURN *;
CREATE (n61 :L0 :L4{k5:1746054679, k26:-139123398, id:61}) RETURN *;
CREATE (n62 :L0 :L3 :L6{k4:false, k5:820597165, k37:-744676578, k38:true, k41:'nS39XFVwc', id:62}) RETURN *;
CREATE (n63 :L3 :L4 :L5{k22:'d', k23:true, k34:true, id:63}) RETURN *;
CREATE (n64 :L6{k35:'', id:64}) RETURN *;
CREATE (n65 :L1 :L3 :L5{k10:'E', k18:'dZ', k34:false, id:65}) RETURN *;
CREATE (n66 :L5{id:66}) RETURN *;
CREATE (n67{id:67}) RETURN *;
CREATE (n68 :L0 :L2{k1:-1259186270, k3:true, k4:true, k11:'jGm', id:68}) RETURN *;
CREATE (n69 :L0 :L4{k4:true, id:69}) RETURN *;
CREATE (n70 :L3 :L4{k19:true, k20:901940726, k22:'ec', k26:792496293, id:70}) RETURN *;
CREATE (n71 :L4 :L6{k38:true, id:71}) RETURN *;
CREATE (n72 :L5{id:72}) RETURN *;
CREATE (n73{id:73}) RETURN *;
CREATE (n74 :L4{k29:1548346063, id:74}) RETURN *;
CREATE (n75 :L3 :L4 :L5{k18:'', k19:false, k20:930090072, k23:false, k27:921651550, k28:'GJOXRr', k33:1588960624, id:75}) RETURN *;
CREATE (n76 :L1 :L5{k6:'zZ916dc', k33:-662154755, k34:true, id:76}) RETURN *;
CREATE (n77 :L6{k40:false, id:77}) RETURN *;
CREATE (n78 :L3{id:78}) RETURN *;
CREATE (n79 :L6{k41:'', id:79}) RETURN *;
CREATE (n80 :L5{id:80}) RETURN *;
CREATE (n81 :L4{id:81}) RETURN *;
CREATE (n82 :L0{k2:false, id:82}) RETURN *;
CREATE (n83 :L0 :L3{k4:false, k19:true, k22:'DP2', id:83}) RETURN *;
CREATE (n84 :L5{id:84}) RETURN *;
CREATE (n85 :L0 :L2 :L4{k5:828517496, k12:'e8vS', k14:true, k17:1330594560, k23:false, id:85}) RETURN *;
CREATE (n86 :L1 :L2 :L3 :L4 :L5{k15:true, k24:'F5', k29:-1726990647, id:86}) RETURN *;
CREATE (n87{id:87}) RETURN *;
CREATE (n88 :L2 :L3{k11:'WMEKjDje', k13:-100450392, k17:1485314717, id:88}) RETURN *;
CREATE (n89 :L2 :L3{k12:'9', k14:true, k17:-1259186270, id:89}) RETURN *;
CREATE (n90 :L4{id:90}) RETURN *;
CREATE (n91 :L0 :L6{id:91}) RETURN *;
CREATE (n92{id:92}) RETURN *;
CREATE (n93 :L4{k25:false, k28:'yrMsvT', id:93}) RETURN *;
CREATE (n94 :L2{k17:-903658751, id:94}) RETURN *;
CREATE (n95 :L3 :L6{k20:1788279305, k39:-490598475, id:95}) RETURN *;
CREATE (n96{id:96}) RETURN *;
CREATE (n97 :L4{id:97}) RETURN *;
CREATE (n98 :L0 :L4{k29:46895898, id:98}) RETURN *;
CREATE (n99{id:99}) RETURN *;
CREATE (n100 :L2 :L4 :L6{k17:1402786145, k36:928593525, k39:471768964, k40:false, id:100}) RETURN *;
CREATE (n101 :L2 :L6{k12:'gIuO', k15:true, k17:1548346063, k35:'At', k39:1490433887, k41:'nO87bwUr4', id:101}) RETURN *;
CREATE (n102 :L4 :L6{k23:false, k24:'', k28:'Oi', k29:613168702, k37:-906478405, id:102}) RETURN *;
CREATE (n103 :L4{k28:'z', id:103}) RETURN *;
CREATE (n104 :L2{k15:true, id:104}) RETURN *;
CREATE (n105{id:105}) RETURN *;
CREATE (n106 :L0{k0:'T', k2:true, id:106}) RETURN *;
CREATE (n107 :L0 :L4{k0:'QGdOZCk', k28:'', id:107}) RETURN *;
CREATE (n108{id:108}) RETURN *;
CREATE (n109 :L1 :L4{k8:false, k9:10060798, k23:false, id:109}) RETURN *;
CREATE (n110 :L0{k0:'', k5:-1039613898, id:110}) RETURN *;
CREATE (n111 :L2 :L3 :L5{k11:'', k22:'J', id:111}) RETURN *;
CREATE (n112 :L4{id:112}) RETURN *;
CREATE (n113{id:113}) RETURN *;
CREATE (n114 :L6{k37:-2020575894, k40:false, id:114}) RETURN *;
CREATE (n115 :L2 :L3 :L5 :L6{k13:550859379, k20:342079021, k21:'6h', k30:true, k34:false, id:115}) RETURN *;
CREATE (n116 :L0{k0:'8hz', k1:1566126135, k2:false, id:116}) RETURN *;
CREATE (n117{id:117}) RETURN *;
CREATE (n118 :L3{k18:'t', id:118}) RETURN *;
CREATE (n119 :L2 :L4{k13:709226246, k16:'7', k27:-1259186270, id:119}) RETURN *;
CREATE (n120{id:120}) RETURN *;
CREATE (n121 :L3{id:121}) RETURN *;
CREATE (n122 :L0{k3:false, id:122}) RETURN *;
CREATE (n123 :L4{k27:756815864, id:123}) RETURN *;
CREATE (n124 :L0 :L4{k0:'TP', k2:false, k3:false, k24:'', k27:820597165, id:124}) RETURN *;
CREATE (n125 :L1 :L6{id:125}) RETURN *;
CREATE (n126{id:126}) RETURN *;
CREATE (n127{id:127}) RETURN *;
CREATE (n128{id:128}) RETURN *;
CREATE (n129 :L6{k35:'', id:129}) RETURN *;
CREATE (n130 :L0 :L6{k4:false, k38:true, k41:'KD', id:130}) RETURN *;
CREATE (n131 :L3{k20:1700298796, id:131}) RETURN *;
CREATE (n132 :L1 :L2 :L3 :L5{k6:'v', k8:false, k9:1490433887, k10:'', k22:'L', k30:false, id:132}) RETURN *;
CREATE (n133{id:133}) RETURN *;
CREATE (n134 :L0 :L3{k18:'', k19:false, k22:'3Q', id:134}) RETURN *;
CREATE (n135 :L0 :L5{k4:true, k33:-621081094, id:135}) RETURN *;
CREATE (n136{id:136}) RETURN *;
CREATE (n137 :L2 :L4 :L5{k16:'', k27:-2089550612, k32:false, id:137}) RETURN *;
CREATE (n138 :L1 :L2 :L5{k6:'qGUFwEP', k7:-854165003, k10:'st', k13:1548346063, k30:true, k34:true, id:138}) RETURN *;
CREATE (n139 :L2 :L3{k11:'wP', k20:-403103191, id:139}) RETURN *;
CREATE (n140 :L6{k35:'aXUTx0h6', k40:true, id:140}) RETURN *;
CREATE (n141 :L5{id:141}) RETURN *;
CREATE (n142 :L0{k2:true, k5:-1963521658, id:142}) RETURN *;
CREATE (n143 :L1 :L3{k8:false, id:143}) RETURN *;
CREATE (n144{id:144}) RETURN *;
CREATE (n145 :L4{k25:true, id:145}) RETURN *;
CREATE (n146 :L2 :L3{k15:false, k20:-813119772, k22:'lAUx', id:146}) RETURN *;
CREATE (n147 :L1{k8:true, k10:'', id:147}) RETURN *;
CREATE (n148 :L0 :L4{k0:'lUzyNAB', k4:true, k5:-1751469712, k28:'', id:148}) RETURN *;
CREATE (n149{id:149}) RETURN *;
CREATE (n150 :L3 :L4 :L5{k33:277891437, id:150}) RETURN *;
CREATE (n151 :L2{k12:'p', k16:'W2', id:151}) RETURN *;
CREATE (n152 :L3{k21:'M', id:152}) RETURN *;
CREATE (n153 :L1{k10:'', id:153}) RETURN *;
CREATE (n154 :L5 :L6{k36:-1501733982, k37:918634923, id:154}) RETURN *;
CREATE (n155 :L6{k38:true, k39:-481530861, id:155}) RETURN *;
CREATE (n156 :L1{k9:641501551, k10:'3', id:156}) RETURN *;
CREATE (n157 :L0 :L5{id:157}) RETURN *;
CREATE (n158{id:158}) RETURN *;
CREATE (n159 :L2 :L3{k11:'', k17:1769768283, id:159}) RETURN *;
CREATE (n160 :L0 :L2{id:160}) RETURN *;
CREATE (n161{id:161}) RETURN *;
CREATE (n162{id:162}) RETURN *;
CREATE (n163 :L3{k21:'', k22:'N', id:163}) RETURN *;
CREATE (n164 :L6{k35:'fHm', k40:false, k41:'A', id:164}) RETURN *;
CREATE (n165 :L4{k23:true, k29:1706378829, id:165}) RETURN *;
CREATE (n166 :L4{k26:-2107337725, k29:-572041987, id:166}) RETURN *;
CREATE (n167 :L2 :L4 :L5{k26:-854165003, k28:'2q9j', k29:-668732392, k30:true, k34:false, id:167}) RETURN *;
CREATE (n168 :L0 :L1 :L2 :L5{k2:false, k8:false, k14:false, k32:false, id:168}) RETURN *;
CREATE (n169 :L4{id:169}) RETURN *;
CREATE (n170 :L0 :L1 :L4{k0:'', k4:true, k7:-1726990647, k10:'d', id:170}) RETURN *;
CREATE (n171 :L2{k11:'ngwc18Th', id:171}) RETURN *;
CREATE (n172 :L1 :L3{k7:-454727320, k19:true, k21:'LR', k22:'dPP', id:172}) RETURN *;
CREATE (n173 :L2 :L3 :L6{k15:true, k18:'Y', k19:false, k22:'rOq', k36:482931418, k37:-1580077740, k39:-1558144546, k40:true, id:173}) RETURN *;
CREATE (n174 :L6{k40:false, id:174}) RETURN *;
CREATE (n175 :L5{k32:false, id:175}) RETURN *;
CREATE (n176{id:176}) RETURN *;
CREATE (n177{id:177}) RETURN *;
CREATE (n178 :L1 :L4 :L5{k26:1222498889, k29:-952547722, id:178}) RETURN *;
CREATE (n179{id:179}) RETURN *;
CREATE (n180{id:180}) RETURN *;
CREATE (n181{id:181}) RETURN *;
CREATE (n182{id:182}) RETURN *;
CREATE (n183 :L1 :L6{k7:-1693623693, k9:-34156466, k10:'X', k38:false, k40:false, k41:'DhRThoyH', id:183}) RETURN *;
CREATE (n184 :L1 :L2 :L5{k13:405987174, k17:1156430448, k32:false, id:184}) RETURN *;
CREATE (n185 :L0 :L2{k13:1881653198, k14:false, id:185}) RETURN *;
CREATE (n186 :L1{k9:-1914539263, id:186}) RETURN *;
CREATE (n187 :L0 :L2{k1:-250150023, id:187}) RETURN *;
CREATE (n188 :L4{k25:false, id:188}) RETURN *;
CREATE (n189 :L3 :L6{k18:'ywv', id:189}) RETURN *;
CREATE (n190 :L6{k40:false, id:190}) RETURN *;
CREATE (n191{id:191}) RETURN *;
CREATE (n192 :L6{k36:1746054679, k40:true, k41:'NFXhaZ', id:192}) RETURN *;
CREATE (n193 :L3{k20:-736127425, k22:'a2', id:193}) RETURN *;
CREATE (n194{id:194}) RETURN *;
CREATE (n195{id:195}) RETURN *;
CREATE (n196{id:196}) RETURN *;
CREATE (n197 :L6{k38:true, k39:-115493227, id:197}) RETURN *;
CREATE (n198 :L1 :L6{k6:'dr7Oe', id:198}) RETURN *;
CREATE (n199{id:199}) RETURN *;
MATCH (n0 :L1 :L3{k7:-139123398, id:0}), (n32 :L0 :L3{k3:false, k22:'U0D7JI', id:32}) MERGE (n0)-[r0 :T4{k68:'TUbzA'}]->(n32) RETURN *;
MATCH (n0 :L1 :L3{k7:-139123398, id:0}), (n57 :L3 :L4{k19:false, k20:825293687, id:57}) MERGE (n0)<-[r1 :T3{k61:false, k64:'AgijOF9', k65:'8k'}]-(n57) RETURN *;
MATCH (n5 :L0 :L3{k1:-620823976, k4:true, k20:557249187, k22:'', id:5}), (n83 :L0 :L3{k4:false, k19:true, k22:'DP2', id:83}) MERGE (n5)-[r2 :T1{k48:'2'}]->(n83) RETURN *;
MATCH (n6 :L0{k0:'u9oa', id:6}), (n127{id:127}) MERGE (n6)<-[r3 :T0{k45:'yEko'}]-(n127) RETURN *;
MATCH (n7 :L3 :L5{k18:'', k19:true, k33:-139123398, id:7}), (n35{id:35}) MERGE (n7)<-[r4 :T1{k50:false}]-(n35) RETURN *;
MATCH (n7 :L3 :L5{k18:'', k19:true, k33:-139123398, id:7}), (n110 :L0{k0:'', k5:-1039613898, id:110}) MERGE (n7)-[r5 :T3]->(n110) RETURN *;
MATCH (n8{id:8}), (n44 :L1 :L3{k10:'', k19:true, k20:-701687038, id:44}) MERGE (n8)<-[r6 :T4{k71:'40'}]-(n44) RETURN *;
MATCH (n9 :L2{k15:true, id:9}), (n106 :L0{k0:'T', k2:true, id:106}) MERGE (n9)-[r7 :T3{k65:'h'}]->(n106) RETURN *;
MATCH (n11 :L3 :L4 :L6{k21:'UJVj9V', k22:'iV1W', k23:false, k25:false, id:11}), (n88 :L2 :L3{k11:'WMEKjDje', k13:-100450392, k17:1485314717, id:88}) MERGE (n11)-[r8 :T2{k53:false, k56:'Trr'}]->(n88) RETURN *;
MATCH (n11 :L3 :L4 :L6{k21:'UJVj9V', k22:'iV1W', k23:false, k25:false, id:11}), (n142 :L0{k2:true, k5:-1963521658, id:142}) MERGE (n11)<-[r9 :T2]-(n142) RETURN *;
MATCH (n11 :L3 :L4 :L6{k21:'UJVj9V', k22:'iV1W', k23:false, k25:false, id:11}), (n180{id:180}) MERGE (n11)<-[r10 :T2{k55:-139123398}]-(n180) RETURN *;
MATCH (n12 :L2 :L4 :L6{k23:false, k24:'H', id:12}), (n21 :L0 :L3{k22:'', id:21}) MERGE (n12)<-[r11 :T1{k52:-2089550612}]-(n21) RETURN *;
MATCH (n12 :L2 :L4 :L6{k23:false, k24:'H', id:12}), (n30 :L0 :L2{k0:'1X', k2:true, k11:'et6Yjo9I', id:30}) MERGE (n12)<-[r12 :T4{k66:false, k67:9223372036854775806, k70:'RsKzjPz', k71:'6K'}]-(n30) RETURN *;
MATCH (n13 :L4 :L5 :L6{k23:true, k25:true, k37:-139123398, id:13}), (n24 :L5 :L6{k32:false, k37:46895898, k38:false, id:24}) MERGE (n13)-[r13 :T0]->(n24) RETURN *;
MATCH (n14 :L0 :L6{k1:-1501733982, k2:true, k35:'APboKp9', id:14}), (n9 :L2{k15:true, id:9}) MERGE (n14)-[r14 :T4{k70:'483KHCam'}]->(n9) RETURN *;
MATCH (n14 :L0 :L6{k1:-1501733982, k2:true, k35:'APboKp9', id:14}), (n47 :L0 :L2 :L5{k0:'Eaczx5', k2:false, k12:'U', k30:false, id:47}) MERGE (n14)-[r15 :T3{k64:'Ic'}]->(n47) RETURN *;
MATCH (n14 :L0 :L6{k1:-1501733982, k2:true, k35:'APboKp9', id:14}), (n56 :L2 :L6{k17:641501551, k36:-2089550612, id:56}) MERGE (n14)-[r16 :T3{k61:true}]->(n56) RETURN *;
MATCH (n14 :L0 :L6{k1:-1501733982, k2:true, k35:'APboKp9', id:14}), (n110 :L0{k0:'', k5:-1039613898, id:110}) MERGE (n14)-[r17 :T0]->(n110) RETURN *;
MATCH (n14 :L0 :L6{k1:-1501733982, k2:true, k35:'APboKp9', id:14}), (n163 :L3{k21:'', k22:'N', id:163}) MERGE (n14)<-[r18 :T3{k61:true, k65:'kR'}]-(n163) RETURN *;
MATCH (n15{id:15}), (n153 :L1{k10:'', id:153}) MERGE (n15)<-[r19 :T1{k52:-2066870545}]-(n153) RETURN *;
MATCH (n16 :L0{k3:true, id:16}), (n28 :L3 :L4{k18:'', k22:'', k28:'', k29:886815554, id:28}) MERGE (n16)-[r20 :T3{k64:'c'}]->(n28) RETURN *;
MATCH (n16 :L0{k3:true, id:16}), (n48{id:48}) MERGE (n16)<-[r21 :T4{k67:-572041987, k69:525213652, k72:756815864}]-(n48) RETURN *;
MATCH (n18 :L4 :L6{k29:-1501733982, k40:true, k41:'QL2LnkO5w', id:18}), (n159 :L2 :L3{k11:'', k17:1769768283, id:159}) MERGE (n18)-[r22 :T0{k45:'BE'}]->(n159) RETURN *;
MATCH (n20 :L2 :L5{k13:-377344395, k16:'J', k34:false, id:20}), (n132 :L1 :L2 :L3 :L5{k6:'v', k8:false, k9:1490433887, k10:'', k22:'L', k30:false, id:132}) MERGE (n20)<-[r23 :T5{k75:''}]-(n132) RETURN *;
MATCH (n20 :L2 :L5{k13:-377344395, k16:'J', k34:false, id:20}), (n154 :L5 :L6{k36:-1501733982, k37:918634923, id:154}) MERGE (n20)-[r24 :T4{k72:825293687}]->(n154) RETURN *;
MATCH (n25 :L1 :L2 :L6{k7:-139123398, k14:true, k15:false, k40:true, id:25}), (n136{id:136}) MERGE (n25)-[r25 :T4{k71:''}]->(n136) RETURN *;
MATCH (n25 :L1 :L2 :L6{k7:-139123398, k14:true, k15:false, k40:true, id:25}), (n168 :L0 :L1 :L2 :L5{k2:false, k8:false, k14:false, k32:false, id:168}) MERGE (n25)-[r26 :T0{k43:180626096, k46:-854165003}]->(n168) RETURN *;
MATCH (n27 :L1{k6:'DZmkukz', k7:1746054679, k8:false, id:27}), (n99{id:99}) MERGE (n27)-[r27 :T0{k43:1172879810, k47:true}]->(n99) RETURN *;
MATCH (n27 :L1{k6:'DZmkukz', k7:1746054679, k8:false, id:27}), (n191{id:191}) MERGE (n27)-[r28 :T4{k71:'0RqThHEE'}]->(n191) RETURN *;
MATCH (n28 :L3 :L4{k18:'', k22:'', k28:'', k29:886815554, id:28}), (n68 :L0 :L2{k1:-1259186270, k3:true, k4:true, k11:'jGm', id:68}) MERGE (n28)-[r29 :T4{k71:'GX'}]->(n68) RETURN *;
MATCH (n29 :L0 :L1 :L5{k3:false, k10:'', k33:1319350109, id:29}), (n159 :L2 :L3{k11:'', k17:1769768283, id:159}) MERGE (n29)-[r30 :T1{k51:-1295525212}]->(n159) RETURN *;
MATCH (n29 :L0 :L1 :L5{k3:false, k10:'', k33:1319350109, id:29}), (n184 :L1 :L2 :L5{k13:405987174, k17:1156430448, k32:false, id:184}) MERGE (n29)<-[r31 :T3]-(n184) RETURN *;
MATCH (n30 :L0 :L2{k0:'1X', k2:true, k11:'et6Yjo9I', id:30}), (n69 :L0 :L4{k4:true, id:69}) MERGE (n30)-[r32 :T4{k67:-1817133782}]->(n69) RETURN *;
MATCH (n30 :L0 :L2{k0:'1X', k2:true, k11:'et6Yjo9I', id:30}), (n196{id:196}) MERGE (n30)<-[r33 :T2{k53:true, k54:1126294657}]-(n196) RETURN *;
MATCH (n31 :L0 :L1{k7:613168702, id:31}), (n41 :L4{id:41}) MERGE (n31)-[r34 :T1{k52:1151096436}]->(n41) RETURN *;
MATCH (n31 :L0 :L1{k7:613168702, id:31}), (n142 :L0{k2:true, k5:-1963521658, id:142}) MERGE (n31)-[r35 :T5{k73:'CX', k78:'N'}]->(n142) RETURN *;
MATCH (n32 :L0 :L3{k3:false, k22:'U0D7JI', id:32}), (n137 :L2 :L4 :L5{k16:'', k27:-2089550612, k32:false, id:137}) MERGE (n32)<-[r36 :T2{k55:2135518138, k56:'', k57:1081914956}]-(n137) RETURN *;
MATCH (n33 :L1 :L2 :L3 :L4{k6:'j', k19:true, k23:false, id:33}), (n181{id:181}) MERGE (n33)<-[r37 :T0]-(n181) RETURN *;
MATCH (n34 :L6{k36:-1881468525, k37:928593525, k39:-620823976, id:34}), (n7 :L3 :L5{k18:'', k19:true, k33:-139123398, id:7}) MERGE (n34)-[r38 :T5{k73:'WHWh1', k75:'QayPJs2', k78:'T', k79:'K5J'}]->(n7) RETURN *;
MATCH (n34 :L6{k36:-1881468525, k37:928593525, k39:-620823976, id:34}), (n87{id:87}) MERGE (n34)-[r39 :T1{k49:'B3Zdo'}]->(n87) RETURN *;
MATCH (n34 :L6{k36:-1881468525, k37:928593525, k39:-620823976, id:34}), (n121 :L3{id:121}) MERGE (n34)<-[r40 :T2{k57:-813119772}]-(n121) RETURN *;
MATCH (n34 :L6{k36:-1881468525, k37:928593525, k39:-620823976, id:34}), (n160 :L0 :L2{id:160}) MERGE (n34)<-[r41 :T4{k70:''}]-(n160) RETURN *;
MATCH (n36 :L5 :L6{k35:'u', k41:'3NNVipK', id:36}), (n77 :L6{k40:false, id:77}) MERGE (n36)-[r42 :T5]->(n77) RETURN *;
MATCH (n36 :L5 :L6{k35:'u', k41:'3NNVipK', id:36}), (n188 :L4{k25:false, id:188}) MERGE (n36)<-[r43 :T1]-(n188) RETURN *;
MATCH (n38 :L3{id:38}), (n187 :L0 :L2{k1:-250150023, id:187}) MERGE (n38)-[r44 :T3{k59:false, k60:'8', k63:'ZzvfD3Q'}]->(n187) RETURN *;
MATCH (n39 :L0 :L1{k1:-1881468525, k6:'ocQF0u', k9:-1726990647, id:39}), (n74 :L4{k29:1548346063, id:74}) MERGE (n39)-[r45 :T2{k54:1709333542, k58:'O'}]->(n74) RETURN *;
MATCH (n40 :L3 :L4 :L5{k27:1746054679, k29:-560267130, k31:'', k33:-620823976, id:40}), (n73{id:73}) MERGE (n40)<-[r46 :T5{k73:''}]-(n73) RETURN *;
MATCH (n41 :L4{id:41}), (n139 :L2 :L3{k11:'wP', k20:-403103191, id:139}) MERGE (n41)<-[r47 :T2{k54:-965261020}]-(n139) RETURN *;
MATCH (n41 :L4{id:41}), (n181{id:181}) MERGE (n41)-[r48 :T0{k42:'j4'}]->(n181) RETURN *;
MATCH (n43 :L2 :L4 :L5{k11:'', k17:886815554, k25:false, k28:'', k29:1548346063, k33:-34156466, id:43}), (n127{id:127}) MERGE (n43)<-[r49 :T2{k57:257537928}]-(n127) RETURN *;
MATCH (n46{id:46}), (n176{id:176}) MERGE (n46)-[r50 :T5{k74:false, k76:'L', k78:''}]->(n176) RETURN *;
MATCH (n47 :L0 :L2 :L5{k0:'Eaczx5', k2:false, k12:'U', k30:false, id:47}), (n113{id:113}) MERGE (n47)-[r51 :T3{k59:false, k63:'v0'}]->(n113) RETURN *;
MATCH (n50 :L1{k6:'', k10:'Qx', id:50}), (n33 :L1 :L2 :L3 :L4{k6:'j', k19:true, k23:false, id:33}) MERGE (n50)-[r52 :T4]->(n33) RETURN *;
MATCH (n54 :L1 :L3{k18:'9o', id:54}), (n111 :L2 :L3 :L5{k11:'', k22:'J', id:111}) MERGE (n54)-[r53 :T3]->(n111) RETURN *;
MATCH (n55 :L1 :L3 :L4 :L5{k7:-1817133782, k8:false, k9:360203666, k10:'I', k31:'gW7pbM', id:55}), (n65 :L1 :L3 :L5{k10:'E', k18:'dZ', k34:false, id:65}) MERGE (n55)<-[r54 :T3{k59:false, k61:false, k63:'RJ'}]-(n65) RETURN *;
MATCH (n55 :L1 :L3 :L4 :L5{k7:-1817133782, k8:false, k9:360203666, k10:'I', k31:'gW7pbM', id:55}), (n69 :L0 :L4{k4:true, id:69}) MERGE (n55)<-[r55 :T5{k74:false, k75:'yrm'}]-(n69) RETURN *;
MATCH (n56 :L2 :L6{k17:641501551, k36:-2089550612, id:56}), (n27 :L1{k6:'DZmkukz', k7:1746054679, k8:false, id:27}) MERGE (n56)-[r56 :T5{k76:'lECZ4E', k77:'LC'}]->(n27) RETURN *;
MATCH (n56 :L2 :L6{k17:641501551, k36:-2089550612, id:56}), (n30 :L0 :L2{k0:'1X', k2:true, k11:'et6Yjo9I', id:30}) MERGE (n56)<-[r57 :T2{k53:true}]-(n30) RETURN *;
MATCH (n56 :L2 :L6{k17:641501551, k36:-2089550612, id:56}), (n35{id:35}) MERGE (n56)-[r58 :T1]->(n35) RETURN *;
MATCH (n56 :L2 :L6{k17:641501551, k36:-2089550612, id:56}), (n140 :L6{k35:'aXUTx0h6', k40:true, id:140}) MERGE (n56)<-[r59 :T2{k58:'yg'}]-(n140) RETURN *;
MATCH (n59 :L4 :L5{k23:true, k32:false, id:59}), (n8{id:8}) MERGE (n59)-[r60 :T5]->(n8) RETURN *;
MATCH (n59 :L4 :L5{k23:true, k32:false, id:59}), (n133{id:133}) MERGE (n59)<-[r61 :T2]-(n133) RETURN *;
MATCH (n59 :L4 :L5{k23:true, k32:false, id:59}), (n163 :L3{k21:'', k22:'N', id:163}) MERGE (n59)<-[r62 :T4{k68:'xZus2THi'}]-(n163) RETURN *;
MATCH (n60{id:60}), (n104 :L2{k15:true, id:104}) MERGE (n60)<-[r63 :T1]-(n104) RETURN *;
MATCH (n62 :L0 :L3 :L6{k4:false, k5:820597165, k37:-744676578, k38:true, k41:'nS39XFVwc', id:62}), (n119 :L2 :L4{k13:709226246, k16:'7', k27:-1259186270, id:119}) MERGE (n62)<-[r64 :T1]-(n119) RETURN *;
MATCH (n62 :L0 :L3 :L6{k4:false, k5:820597165, k37:-744676578, k38:true, k41:'nS39XFVwc', id:62}), (n175 :L5{k32:false, id:175}) MERGE (n62)<-[r65 :T1]-(n175) RETURN *;
MATCH (n65 :L1 :L3 :L5{k10:'E', k18:'dZ', k34:false, id:65}), (n164 :L6{k35:'fHm', k40:false, k41:'A', id:164}) MERGE (n65)<-[r66 :T3{k62:683007367}]-(n164) RETURN *;
MATCH (n66 :L5{id:66}), (n59 :L4 :L5{k23:true, k32:false, id:59}) MERGE (n66)-[r67 :T0]->(n59) RETURN *;
MATCH (n66 :L5{id:66}), (n168 :L0 :L1 :L2 :L5{k2:false, k8:false, k14:false, k32:false, id:168}) MERGE (n66)<-[r68 :T4{k67:1706378829, k72:-1675546660}]-(n168) RETURN *;
MATCH (n66 :L5{id:66}), (n193 :L3{k20:-736127425, k22:'a2', id:193}) MERGE (n66)<-[r69 :T5{k73:'FUTx9'}]-(n193) RETURN *;
MATCH (n66 :L5{id:66}), (n194{id:194}) MERGE (n66)-[r70 :T3]->(n194) RETURN *;
MATCH (n67{id:67}), (n169 :L4{id:169}) MERGE (n67)<-[r71 :T5{k75:'rs0EyENT', k77:'yI', k78:'3'}]-(n169) RETURN *;
MATCH (n68 :L0 :L2{k1:-1259186270, k3:true, k4:true, k11:'jGm', id:68}), (n47 :L0 :L2 :L5{k0:'Eaczx5', k2:false, k12:'U', k30:false, id:47}) MERGE (n68)<-[r72 :T5{k75:'', k78:''}]-(n47) RETURN *;
MATCH (n69 :L0 :L4{k4:true, id:69}), (n93 :L4{k25:false, k28:'yrMsvT', id:93}) MERGE (n69)<-[r73 :T3{k64:'hcLkom1Tw'}]-(n93) RETURN *;
MATCH (n69 :L0 :L4{k4:true, id:69}), (n111 :L2 :L3 :L5{k11:'', k22:'J', id:111}) MERGE (n69)<-[r74 :T1{k48:'', k50:false}]-(n111) RETURN *;
MATCH (n71 :L4 :L6{k38:true, id:71}), (n159 :L2 :L3{k11:'', k17:1769768283, id:159}) MERGE (n71)<-[r75 :T1{k50:true}]-(n159) RETURN *;
MATCH (n73{id:73}), (n100 :L2 :L4 :L6{k17:1402786145, k36:928593525, k39:471768964, k40:false, id:100}) MERGE (n73)-[r76 :T4]->(n100) RETURN *;
MATCH (n73{id:73}), (n183 :L1 :L6{k7:-1693623693, k9:-34156466, k10:'X', k38:false, k40:false, k41:'DhRThoyH', id:183}) MERGE (n73)-[r77 :T2{k58:'L1bM'}]->(n183) RETURN *;
MATCH (n75 :L3 :L4 :L5{k18:'', k19:false, k20:930090072, k23:false, k27:921651550, k28:'GJOXRr', k33:1588960624, id:75}), (n181{id:181}) MERGE (n75)-[r78 :T3{k59:false, k62:1707670582, k65:'nBT4'}]->(n181) RETURN *;
MATCH (n76 :L1 :L5{k6:'zZ916dc', k33:-662154755, k34:true, id:76}), (n60{id:60}) MERGE (n76)<-[r79 :T1{k48:'amd0Xh9At'}]-(n60) RETURN *;
MATCH (n77 :L6{k40:false, id:77}), (n138 :L1 :L2 :L5{k6:'qGUFwEP', k7:-854165003, k10:'st', k13:1548346063, k30:true, k34:true, id:138}) MERGE (n77)<-[r80 :T0]-(n138) RETURN *;
MATCH (n78 :L3{id:78}), (n121 :L3{id:121}) MERGE (n78)<-[r81 :T1{k50:false}]-(n121) RETURN *;
MATCH (n78 :L3{id:78}), (n181{id:181}) MERGE (n78)-[r82 :T4]->(n181) RETURN *;
MATCH (n80 :L5{id:80}), (n29 :L0 :L1 :L5{k3:false, k10:'', k33:1319350109, id:29}) MERGE (n80)-[r83 :T5{k73:'', k74:true}]->(n29) RETURN *;
MATCH (n80 :L5{id:80}), (n174 :L6{k40:false, id:174}) MERGE (n80)<-[r84 :T4{k68:'sCP'}]-(n174) RETURN *;
MATCH (n82 :L0{k2:false, id:82}), (n117{id:117}) MERGE (n82)-[r85 :T0]->(n117) RETURN *;
MATCH (n83 :L0 :L3{k4:false, k19:true, k22:'DP2', id:83}), (n122 :L0{k3:false, id:122}) MERGE (n83)-[r86 :T2{k53:true, k54:1361537331, k57:853571105}]->(n122) RETURN *;
MATCH (n84 :L5{id:84}), (n112 :L4{id:112}) MERGE (n84)-[r87 :T5{k77:'t'}]->(n112) RETURN *;
MATCH (n85 :L0 :L2 :L4{k5:828517496, k12:'e8vS', k14:true, k17:1330594560, k23:false, id:85}), (n121 :L3{id:121}) MERGE (n85)<-[r88 :T3]-(n121) RETURN *;
MATCH (n85 :L0 :L2 :L4{k5:828517496, k12:'e8vS', k14:true, k17:1330594560, k23:false, id:85}), (n174 :L6{k40:false, id:174}) MERGE (n85)-[r89 :T1]->(n174) RETURN *;
MATCH (n86 :L1 :L2 :L3 :L4 :L5{k15:true, k24:'F5', k29:-1726990647, id:86}), (n15{id:15}) MERGE (n86)<-[r90 :T4{k68:'xMepCybH', k70:'8p'}]-(n15) RETURN *;
MATCH (n86 :L1 :L2 :L3 :L4 :L5{k15:true, k24:'F5', k29:-1726990647, id:86}), (n138 :L1 :L2 :L5{k6:'qGUFwEP', k7:-854165003, k10:'st', k13:1548346063, k30:true, k34:true, id:138}) MERGE (n86)-[r91 :T3{k62:-1474626231, k63:'e', k64:'5r'}]->(n138) RETURN *;
MATCH (n86 :L1 :L2 :L3 :L4 :L5{k15:true, k24:'F5', k29:-1726990647, id:86}), (n168 :L0 :L1 :L2 :L5{k2:false, k8:false, k14:false, k32:false, id:168}) MERGE (n86)<-[r92 :T3{k60:'', k61:true, k65:'uf'}]-(n168) RETURN *;
MATCH (n89 :L2 :L3{k12:'9', k14:true, k17:-1259186270, id:89}), (n121 :L3{id:121}) MERGE (n89)-[r93 :T5{k75:'QHOt', k79:'W'}]->(n121) RETURN *;
MATCH (n91 :L0 :L6{id:91}), (n187 :L0 :L2{k1:-250150023, id:187}) MERGE (n91)<-[r94 :T5{k75:'68Gs', k78:''}]-(n187) RETURN *;
MATCH (n91 :L0 :L6{id:91}), (n198 :L1 :L6{k6:'dr7Oe', id:198}) MERGE (n91)-[r95 :T4{k69:-1410450932, k71:'JXSHHo1c'}]->(n198) RETURN *;
MATCH (n92{id:92}), (n103 :L4{k28:'z', id:103}) MERGE (n92)-[r96 :T2]->(n103) RETURN *;
MATCH (n92{id:92}), (n130 :L0 :L6{k4:false, k38:true, k41:'KD', id:130}) MERGE (n92)-[r97 :T4]->(n130) RETURN *;
MATCH (n93 :L4{k25:false, k28:'yrMsvT', id:93}), (n3{id:3}) MERGE (n93)<-[r98 :T1{k48:'jQ', k52:-120078344}]-(n3) RETURN *;
MATCH (n93 :L4{k25:false, k28:'yrMsvT', id:93}), (n73{id:73}) MERGE (n93)<-[r99 :T4{k69:1763784992}]-(n73) RETURN *;
MATCH (n97 :L4{id:97}), (n3{id:3}) MERGE (n97)-[r100 :T4{k69:0, k71:''}]->(n3) RETURN *;
MATCH (n97 :L4{id:97}), (n110 :L0{k0:'', k5:-1039613898, id:110}) MERGE (n97)-[r101 :T3]->(n110) RETURN *;
MATCH (n97 :L4{id:97}), (n136{id:136}) MERGE (n97)<-[r102 :T5{k76:'K'}]-(n136) RETURN *;
MATCH (n97 :L4{id:97}), (n174 :L6{k40:false, id:174}) MERGE (n97)-[r103 :T1]->(n174) RETURN *;
MATCH (n98 :L0 :L4{k29:46895898, id:98}), (n7 :L3 :L5{k18:'', k19:true, k33:-139123398, id:7}) MERGE (n98)<-[r104 :T5{k77:'W'}]-(n7) RETURN *;
MATCH (n99{id:99}), (n115 :L2 :L3 :L5 :L6{k13:550859379, k20:342079021, k21:'6h', k30:true, k34:false, id:115}) MERGE (n99)<-[r105 :T2]-(n115) RETURN *;
MATCH (n99{id:99}), (n126{id:126}) MERGE (n99)<-[r106 :T5]-(n126) RETURN *;
MATCH (n101 :L2 :L6{k12:'gIuO', k15:true, k17:1548346063, k35:'At', k39:1490433887, k41:'nO87bwUr4', id:101}), (n24 :L5 :L6{k32:false, k37:46895898, k38:false, id:24}) MERGE (n101)-[r107 :T0{k46:-662154755}]->(n24) RETURN *;
MATCH (n105{id:105}), (n172 :L1 :L3{k7:-454727320, k19:true, k21:'LR', k22:'dPP', id:172}) MERGE (n105)<-[r108 :T5{k74:true, k77:'A9'}]-(n172) RETURN *;
MATCH (n106 :L0{k0:'T', k2:true, id:106}), (n6 :L0{k0:'u9oa', id:6}) MERGE (n106)<-[r109 :T0]-(n6) RETURN *;
MATCH (n106 :L0{k0:'T', k2:true, id:106}), (n20 :L2 :L5{k13:-377344395, k16:'J', k34:false, id:20}) MERGE (n106)-[r110 :T5{k73:'', k78:'a'}]->(n20) RETURN *;
MATCH (n106 :L0{k0:'T', k2:true, id:106}), (n21 :L0 :L3{k22:'', id:21}) MERGE (n106)<-[r111 :T0{k44:-1828406678, k45:'', k47:false}]-(n21) RETURN *;
MATCH (n107 :L0 :L4{k0:'QGdOZCk', k28:'', id:107}), (n30 :L0 :L2{k0:'1X', k2:true, k11:'et6Yjo9I', id:30}) MERGE (n107)-[r112 :T3{k60:'T', k65:'wUjNtPO'}]->(n30) RETURN *;
MATCH (n107 :L0 :L4{k0:'QGdOZCk', k28:'', id:107}), (n156 :L1{k9:641501551, k10:'3', id:156}) MERGE (n107)-[r113 :T0{k42:'Tq'}]->(n156) RETURN *;
MATCH (n107 :L0 :L4{k0:'QGdOZCk', k28:'', id:107}), (n167 :L2 :L4 :L5{k26:-854165003, k28:'2q9j', k29:-668732392, k30:true, k34:false, id:167}) MERGE (n107)-[r114 :T2]->(n167) RETURN *;
MATCH (n107 :L0 :L4{k0:'QGdOZCk', k28:'', id:107}), (n199{id:199}) MERGE (n107)<-[r115 :T3]-(n199) RETURN *;
MATCH (n108{id:108}), (n6 :L0{k0:'u9oa', id:6}) MERGE (n108)<-[r116 :T2{k56:'UuGp'}]-(n6) RETURN *;
MATCH (n108{id:108}), (n33 :L1 :L2 :L3 :L4{k6:'j', k19:true, k23:false, id:33}) MERGE (n108)<-[r117 :T0{k42:''}]-(n33) RETURN *;
MATCH (n108{id:108}), (n197 :L6{k38:true, k39:-115493227, id:197}) MERGE (n108)<-[r118 :T0{k43:-736127425, k44:-2017790999}]-(n197) RETURN *;
MATCH (n109 :L1 :L4{k8:false, k9:10060798, k23:false, id:109}), (n12 :L2 :L4 :L6{k23:false, k24:'H', id:12}) MERGE (n109)-[r119 :T4{k66:false}]->(n12) RETURN *;
MATCH (n109 :L1 :L4{k8:false, k9:10060798, k23:false, id:109}), (n45{id:45}) MERGE (n109)-[r120 :T1{k50:true, k52:-770611747}]->(n45) RETURN *;
MATCH (n109 :L1 :L4{k8:false, k9:10060798, k23:false, id:109}), (n198 :L1 :L6{k6:'dr7Oe', id:198}) MERGE (n109)<-[r121 :T4]-(n198) RETURN *;
MATCH (n110 :L0{k0:'', k5:-1039613898, id:110}), (n74 :L4{k29:1548346063, id:74}) MERGE (n110)-[r122 :T0{k47:true}]->(n74) RETURN *;
MATCH (n110 :L0{k0:'', k5:-1039613898, id:110}), (n164 :L6{k35:'fHm', k40:false, k41:'A', id:164}) MERGE (n110)<-[r123 :T3{k59:true}]-(n164) RETURN *;
MATCH (n111 :L2 :L3 :L5{k11:'', k22:'J', id:111}), (n83 :L0 :L3{k4:false, k19:true, k22:'DP2', id:83}) MERGE (n111)<-[r124 :T4{k66:true}]-(n83) RETURN *;
MATCH (n112 :L4{id:112}), (n116 :L0{k0:'8hz', k1:1566126135, k2:false, id:116}) MERGE (n112)<-[r125 :T0{k47:true}]-(n116) RETURN *;
MATCH (n113{id:113}), (n32 :L0 :L3{k3:false, k22:'U0D7JI', id:32}) MERGE (n113)<-[r126 :T3{k62:1947319218, k65:'Cl'}]-(n32) RETURN *;
MATCH (n113{id:113}), (n34 :L6{k36:-1881468525, k37:928593525, k39:-620823976, id:34}) MERGE (n113)-[r127 :T0{k42:'YMQfHz4f', k43:925509222, k47:false}]->(n34) RETURN *;
MATCH (n114 :L6{k37:-2020575894, k40:false, id:114}), (n141 :L5{id:141}) MERGE (n114)<-[r128 :T5]-(n141) RETURN *;
MATCH (n114 :L6{k37:-2020575894, k40:false, id:114}), (n143 :L1 :L3{k8:false, id:143}) MERGE (n114)<-[r129 :T0{k47:false}]-(n143) RETURN *;
MATCH (n115 :L2 :L3 :L5 :L6{k13:550859379, k20:342079021, k21:'6h', k30:true, k34:false, id:115}), (n175 :L5{k32:false, id:175}) MERGE (n115)<-[r130 :T1{k48:'eYu'}]-(n175) RETURN *;
MATCH (n115 :L2 :L3 :L5 :L6{k13:550859379, k20:342079021, k21:'6h', k30:true, k34:false, id:115}), (n192 :L6{k36:1746054679, k40:true, k41:'NFXhaZ', id:192}) MERGE (n115)-[r131 :T2{k54:-1327999844}]->(n192) RETURN *;
MATCH (n116 :L0{k0:'8hz', k1:1566126135, k2:false, id:116}), (n110 :L0{k0:'', k5:-1039613898, id:110}) MERGE (n116)-[r132 :T5{k73:'', k74:false}]->(n110) RETURN *;
MATCH (n118 :L3{k18:'t', id:118}), (n69 :L0 :L4{k4:true, id:69}) MERGE (n118)-[r133 :T1{k51:-1327558039, k52:-1751469712}]->(n69) RETURN *;
MATCH (n119 :L2 :L4{k13:709226246, k16:'7', k27:-1259186270, id:119}), (n140 :L6{k35:'aXUTx0h6', k40:true, id:140}) MERGE (n119)-[r134 :T3{k64:'sBlOk9vT2'}]->(n140) RETURN *;
MATCH (n120{id:120}), (n84 :L5{id:84}) MERGE (n120)-[r135 :T3]->(n84) RETURN *;
MATCH (n120{id:120}), (n91 :L0 :L6{id:91}) MERGE (n120)-[r136 :T1{k52:1637604168}]->(n91) RETURN *;
MATCH (n121 :L3{id:121}), (n146 :L2 :L3{k15:false, k20:-813119772, k22:'lAUx', id:146}) MERGE (n121)<-[r137 :T5{k78:''}]-(n146) RETURN *;
MATCH (n122 :L0{k3:false, id:122}), (n10 :L1 :L6{k38:false, k39:557249187, id:10}) MERGE (n122)-[r138 :T2]->(n10) RETURN *;
MATCH (n122 :L0{k3:false, id:122}), (n124 :L0 :L4{k0:'TP', k2:false, k3:false, k24:'', k27:820597165, id:124}) MERGE (n122)-[r139 :T1]->(n124) RETURN *;
MATCH (n122 :L0{k3:false, id:122}), (n136{id:136}) MERGE (n122)-[r140 :T0{k44:756216741}]->(n136) RETURN *;
MATCH (n122 :L0{k3:false, id:122}), (n142 :L0{k2:true, k5:-1963521658, id:142}) MERGE (n122)-[r141 :T3{k60:'nJY0t'}]->(n142) RETURN *;
MATCH (n124 :L0 :L4{k0:'TP', k2:false, k3:false, k24:'', k27:820597165, id:124}), (n98 :L0 :L4{k29:46895898, id:98}) MERGE (n124)-[r142 :T1{k52:888863347}]->(n98) RETURN *;
MATCH (n125 :L1 :L6{id:125}), (n182{id:182}) MERGE (n125)-[r143 :T0]->(n182) RETURN *;
MATCH (n128{id:128}), (n99{id:99}) MERGE (n128)<-[r144 :T1{k49:'4'}]-(n99) RETURN *;
MATCH (n128{id:128}), (n133{id:133}) MERGE (n128)<-[r145 :T1{k52:950548514}]-(n133) RETURN *;
MATCH (n129 :L6{k35:'', id:129}), (n26 :L2{k12:'C', k13:471768964, k14:false, id:26}) MERGE (n129)<-[r146 :T1{k48:'', k50:false}]-(n26) RETURN *;
MATCH (n129 :L6{k35:'', id:129}), (n161{id:161}) MERGE (n129)-[r147 :T0]->(n161) RETURN *;
MATCH (n130 :L0 :L6{k4:false, k38:true, k41:'KD', id:130}), (n109 :L1 :L4{k8:false, k9:10060798, k23:false, id:109}) MERGE (n130)-[r148 :T5{k73:'8', k74:true}]->(n109) RETURN *;
MATCH (n130 :L0 :L6{k4:false, k38:true, k41:'KD', id:130}), (n162{id:162}) MERGE (n130)<-[r149 :T0{k44:-620823976}]-(n162) RETURN *;
MATCH (n131 :L3{k20:1700298796, id:131}), (n97 :L4{id:97}) MERGE (n131)<-[r150 :T4]-(n97) RETURN *;
MATCH (n131 :L3{k20:1700298796, id:131}), (n137 :L2 :L4 :L5{k16:'', k27:-2089550612, k32:false, id:137}) MERGE (n131)<-[r151 :T2{k54:-1010210403, k58:'2GLmr'}]-(n137) RETURN *;
MATCH (n133{id:133}), (n47 :L0 :L2 :L5{k0:'Eaczx5', k2:false, k12:'U', k30:false, id:47}) MERGE (n133)<-[r152 :T5{k73:'', k76:'p9', k79:'gZjEb'}]-(n47) RETURN *;
MATCH (n133{id:133}), (n84 :L5{id:84}) MERGE (n133)-[r153 :T3]->(n84) RETURN *;
MATCH (n134 :L0 :L3{k18:'', k19:false, k22:'3Q', id:134}), (n79 :L6{k41:'', id:79}) MERGE (n134)-[r154 :T2{k57:1566126135}]->(n79) RETURN *;
MATCH (n137 :L2 :L4 :L5{k16:'', k27:-2089550612, k32:false, id:137}), (n17 :L5{k30:false, id:17}) MERGE (n137)-[r155 :T1{k48:''}]->(n17) RETURN *;
MATCH (n137 :L2 :L4 :L5{k16:'', k27:-2089550612, k32:false, id:137}), (n24 :L5 :L6{k32:false, k37:46895898, k38:false, id:24}) MERGE (n137)-[r156 :T5{k73:'', k74:true}]->(n24) RETURN *;
MATCH (n140 :L6{k35:'aXUTx0h6', k40:true, id:140}), (n10 :L1 :L6{k38:false, k39:557249187, id:10}) MERGE (n140)-[r157 :T2]->(n10) RETURN *;
MATCH (n140 :L6{k35:'aXUTx0h6', k40:true, id:140}), (n90 :L4{id:90}) MERGE (n140)<-[r158 :T2{k53:false, k55:322156008, k58:'ZFMZcQm'}]-(n90) RETURN *;
MATCH (n141 :L5{id:141}), (n82 :L0{k2:false, id:82}) MERGE (n141)-[r159 :T1]->(n82) RETURN *;
MATCH (n141 :L5{id:141}), (n110 :L0{k0:'', k5:-1039613898, id:110}) MERGE (n141)<-[r160 :T2{k58:'WwCM0rHrU'}]-(n110) RETURN *;
MATCH (n141 :L5{id:141}), (n115 :L2 :L3 :L5 :L6{k13:550859379, k20:342079021, k21:'6h', k30:true, k34:false, id:115}) MERGE (n141)-[r161 :T2{k57:-377344395}]->(n115) RETURN *;
MATCH (n143 :L1 :L3{k8:false, id:143}), (n54 :L1 :L3{k18:'9o', id:54}) MERGE (n143)-[r162 :T2{k53:true, k58:'5mzwZC'}]->(n54) RETURN *;
MATCH (n144{id:144}), (n11 :L3 :L4 :L6{k21:'UJVj9V', k22:'iV1W', k23:false, k25:false, id:11}) MERGE (n144)<-[r163 :T2{k58:''}]-(n11) RETURN *;
MATCH (n144{id:144}), (n126{id:126}) MERGE (n144)<-[r164 :T5{k73:'QCw5K0U', k75:'lnFoSrc4v'}]-(n126) RETURN *;
MATCH (n146 :L2 :L3{k15:false, k20:-813119772, k22:'lAUx', id:146}), (n98 :L0 :L4{k29:46895898, id:98}) MERGE (n146)<-[r165 :T5{k73:'', k74:true}]-(n98) RETURN *;
MATCH (n147 :L1{k8:true, k10:'', id:147}), (n67{id:67}) MERGE (n147)-[r166 :T2{k56:'BaCiozfO'}]->(n67) RETURN *;
MATCH (n150 :L3 :L4 :L5{k33:277891437, id:150}), (n88 :L2 :L3{k11:'WMEKjDje', k13:-100450392, k17:1485314717, id:88}) MERGE (n150)<-[r167 :T2]-(n88) RETURN *;
MATCH (n150 :L3 :L4 :L5{k33:277891437, id:150}), (n103 :L4{k28:'z', id:103}) MERGE (n150)-[r168 :T4{k66:true, k70:'kxentlPN', k71:''}]->(n103) RETURN *;
MATCH (n151 :L2{k12:'p', k16:'W2', id:151}), (n102 :L4 :L6{k23:false, k24:'', k28:'Oi', k29:613168702, k37:-906478405, id:102}) MERGE (n151)<-[r169 :T4{k70:'lkVSC'}]-(n102) RETURN *;
MATCH (n151 :L2{k12:'p', k16:'W2', id:151}), (n183 :L1 :L6{k7:-1693623693, k9:-34156466, k10:'X', k38:false, k40:false, k41:'DhRThoyH', id:183}) MERGE (n151)<-[r170 :T4{k69:235563917}]-(n183) RETURN *;
MATCH (n152 :L3{k21:'M', id:152}), (n178 :L1 :L4 :L5{k26:1222498889, k29:-952547722, id:178}) MERGE (n152)-[r171 :T3{k60:'7xb', k61:true, k64:'2CnfoM9Xc'}]->(n178) RETURN *;
MATCH (n153 :L1{k10:'', id:153}), (n3{id:3}) MERGE (n153)-[r172 :T5{k74:true, k75:'', k79:'rn'}]->(n3) RETURN *;
MATCH (n154 :L5 :L6{k36:-1501733982, k37:918634923, id:154}), (n144{id:144}) MERGE (n154)-[r173 :T2{k54:-736127425, k56:'LUtA5SwPH', k57:-1522171569}]->(n144) RETURN *;
MATCH (n155 :L6{k38:true, k39:-481530861, id:155}), (n5 :L0 :L3{k1:-620823976, k4:true, k20:557249187, k22:'', id:5}) MERGE (n155)<-[r174 :T5{k73:'4', k77:''}]-(n5) RETURN *;
MATCH (n156 :L1{k9:641501551, k10:'3', id:156}), (n32 :L0 :L3{k3:false, k22:'U0D7JI', id:32}) MERGE (n156)<-[r175 :T3{k59:true, k61:false, k62:-250150023, k65:''}]-(n32) RETURN *;
MATCH (n156 :L1{k9:641501551, k10:'3', id:156}), (n39 :L0 :L1{k1:-1881468525, k6:'ocQF0u', k9:-1726990647, id:39}) MERGE (n156)-[r176 :T4{k66:true, k72:-1295525212}]->(n39) RETURN *;
MATCH (n160 :L0 :L2{id:160}), (n151 :L2{k12:'p', k16:'W2', id:151}) MERGE (n160)<-[r177 :T0{k47:true}]-(n151) RETURN *;
MATCH (n160 :L0 :L2{id:160}), (n184 :L1 :L2 :L5{k13:405987174, k17:1156430448, k32:false, id:184}) MERGE (n160)-[r178 :T2]->(n184) RETURN *;
MATCH (n161{id:161}), (n120{id:120}) MERGE (n161)<-[r179 :T0{k43:405987174}]-(n120) RETURN *;
MATCH (n162{id:162}), (n137 :L2 :L4 :L5{k16:'', k27:-2089550612, k32:false, id:137}) MERGE (n162)-[r180 :T1{k48:'', k51:1066670368}]->(n137) RETURN *;
MATCH (n163 :L3{k21:'', k22:'N', id:163}), (n8{id:8}) MERGE (n163)<-[r181 :T2{k53:true, k55:753962200}]-(n8) RETURN *;
MATCH (n164 :L6{k35:'fHm', k40:false, k41:'A', id:164}), (n153 :L1{k10:'', id:153}) MERGE (n164)-[r182 :T1{k50:true, k51:-695336866}]->(n153) RETURN *;
MATCH (n165 :L4{k23:true, k29:1706378829, id:165}), (n88 :L2 :L3{k11:'WMEKjDje', k13:-100450392, k17:1485314717, id:88}) MERGE (n165)-[r183 :T0{k47:true}]->(n88) RETURN *;
MATCH (n165 :L4{k23:true, k29:1706378829, id:165}), (n139 :L2 :L3{k11:'wP', k20:-403103191, id:139}) MERGE (n165)-[r184 :T5{k73:'', k78:'pqOt3IRC', k79:''}]->(n139) RETURN *;
MATCH (n165 :L4{k23:true, k29:1706378829, id:165}), (n196{id:196}) MERGE (n165)-[r185 :T1{k50:false}]->(n196) RETURN *;
MATCH (n166 :L4{k26:-2107337725, k29:-572041987, id:166}), (n7 :L3 :L5{k18:'', k19:true, k33:-139123398, id:7}) MERGE (n166)<-[r186 :T2]-(n7) RETURN *;
MATCH (n166 :L4{k26:-2107337725, k29:-572041987, id:166}), (n96{id:96}) MERGE (n166)<-[r187 :T5{k73:'1B', k75:'', k77:''}]-(n96) RETURN *;
MATCH (n167 :L2 :L4 :L5{k26:-854165003, k28:'2q9j', k29:-668732392, k30:true, k34:false, id:167}), (n1 :L2 :L3{k14:false, k15:false, k18:'', k21:'F', id:1}) MERGE (n167)-[r188 :T0{k46:525213652}]->(n1) RETURN *;
MATCH (n167 :L2 :L4 :L5{k26:-854165003, k28:'2q9j', k29:-668732392, k30:true, k34:false, id:167}), (n41 :L4{id:41}) MERGE (n167)<-[r189 :T2{k56:'RNwYKXs'}]-(n41) RETURN *;
MATCH (n167 :L2 :L4 :L5{k26:-854165003, k28:'2q9j', k29:-668732392, k30:true, k34:false, id:167}), (n87{id:87}) MERGE (n167)-[r190 :T3]->(n87) RETURN *;
MATCH (n168 :L0 :L1 :L2 :L5{k2:false, k8:false, k14:false, k32:false, id:168}), (n179{id:179}) MERGE (n168)-[r191 :T0]->(n179) RETURN *;
MATCH (n171 :L2{k11:'ngwc18Th', id:171}), (n53 :L2{k15:false, id:53}) MERGE (n171)-[r192 :T3{k61:false, k63:'G'}]->(n53) RETURN *;
MATCH (n171 :L2{k11:'ngwc18Th', id:171}), (n152 :L3{k21:'M', id:152}) MERGE (n171)<-[r193 :T0{k46:918634923}]-(n152) RETURN *;
MATCH (n172 :L1 :L3{k7:-454727320, k19:true, k21:'LR', k22:'dPP', id:172}), (n155 :L6{k38:true, k39:-481530861, id:155}) MERGE (n172)-[r194 :T2{k58:'4k'}]->(n155) RETURN *;
MATCH (n173 :L2 :L3 :L6{k15:true, k18:'Y', k19:false, k22:'rOq', k36:482931418, k37:-1580077740, k39:-1558144546, k40:true, id:173}), (n68 :L0 :L2{k1:-1259186270, k3:true, k4:true, k11:'jGm', id:68}) MERGE (n173)<-[r195 :T4]-(n68) RETURN *;
MATCH (n176{id:176}), (n78 :L3{id:78}) MERGE (n176)-[r196 :T1{k49:'E'}]->(n78) RETURN *;
MATCH (n176{id:176}), (n99{id:99}) MERGE (n176)<-[r197 :T3{k61:false, k65:'jSp'}]-(n99) RETURN *;
MATCH (n178 :L1 :L4 :L5{k26:1222498889, k29:-952547722, id:178}), (n123 :L4{k27:756815864, id:123}) MERGE (n178)-[r198 :T1{k49:'', k52:-895770451}]->(n123) RETURN *;
MATCH (n178 :L1 :L4 :L5{k26:1222498889, k29:-952547722, id:178}), (n148 :L0 :L4{k0:'lUzyNAB', k4:true, k5:-1751469712, k28:'', id:148}) MERGE (n178)-[r199 :T4{k66:true}]->(n148) RETURN *;
MATCH (n179{id:179}), (n106 :L0{k0:'T', k2:true, id:106}) MERGE (n179)-[r200 :T5{k79:'m'}]->(n106) RETURN *;
MATCH (n179{id:179}), (n167 :L2 :L4 :L5{k26:-854165003, k28:'2q9j', k29:-668732392, k30:true, k34:false, id:167}) MERGE (n179)<-[r201 :T3{k63:'qTO'}]-(n167) RETURN *;
MATCH (n180{id:180}), (n54 :L1 :L3{k18:'9o', id:54}) MERGE (n180)<-[r202 :T5]-(n54) RETURN *;
MATCH (n181{id:181}), (n180{id:180}) MERGE (n181)-[r203 :T1]->(n180) RETURN *;
MATCH (n182{id:182}), (n190 :L6{k40:false, id:190}) MERGE (n182)-[r204 :T1]->(n190) RETURN *;
MATCH (n184 :L1 :L2 :L5{k13:405987174, k17:1156430448, k32:false, id:184}), (n188 :L4{k25:false, id:188}) MERGE (n184)<-[r205 :T0]-(n188) RETURN *;
MATCH (n186 :L1{k9:-1914539263, id:186}), (n12 :L2 :L4 :L6{k23:false, k24:'H', id:12}) MERGE (n186)<-[r206 :T0{k42:'MHNw', k46:1694502919}]-(n12) RETURN *;
MATCH (n186 :L1{k9:-1914539263, id:186}), (n74 :L4{k29:1548346063, id:74}) MERGE (n186)-[r207 :T5{k76:'H', k79:'ZK'}]->(n74) RETURN *;
MATCH (n186 :L1{k9:-1914539263, id:186}), (n82 :L0{k2:false, id:82}) MERGE (n186)-[r208 :T4{k66:true}]->(n82) RETURN *;
MATCH (n186 :L1{k9:-1914539263, id:186}), (n187 :L0 :L2{k1:-250150023, id:187}) MERGE (n186)-[r209 :T0{k44:48058267, k46:-1048527460, k47:false}]->(n187) RETURN *;
MATCH (n188 :L4{k25:false, id:188}), (n44 :L1 :L3{k10:'', k19:true, k20:-701687038, id:44}) MERGE (n188)-[r210 :T0{k43:1179583632}]->(n44) RETURN *;
MATCH (n188 :L4{k25:false, id:188}), (n94 :L2{k17:-903658751, id:94}) MERGE (n188)-[r211 :T5]->(n94) RETURN *;
MATCH (n188 :L4{k25:false, id:188}), (n115 :L2 :L3 :L5 :L6{k13:550859379, k20:342079021, k21:'6h', k30:true, k34:false, id:115}) MERGE (n188)<-[r212 :T3{k59:true, k62:1829204377, k63:'', k64:'oWD6BUM'}]-(n115) RETURN *;
MATCH (n189 :L3 :L6{k18:'ywv', id:189}), (n71 :L4 :L6{k38:true, id:71}) MERGE (n189)-[r213 :T0{k42:'8t9yK3q'}]->(n71) RETURN *;
MATCH (n189 :L3 :L6{k18:'ywv', id:189}), (n138 :L1 :L2 :L5{k6:'qGUFwEP', k7:-854165003, k10:'st', k13:1548346063, k30:true, k34:true, id:138}) MERGE (n189)-[r214 :T0{k43:-342045519, k46:853571105}]->(n138) RETURN *;
MATCH (n189 :L3 :L6{k18:'ywv', id:189}), (n193 :L3{k20:-736127425, k22:'a2', id:193}) MERGE (n189)<-[r215 :T1]-(n193) RETURN *;
MATCH (n190 :L6{k40:false, id:190}), (n97 :L4{id:97}) MERGE (n190)-[r216 :T4{k66:true, k71:'ks'}]->(n97) RETURN *;
MATCH (n191{id:191}), (n150 :L3 :L4 :L5{k33:277891437, id:150}) MERGE (n191)-[r217 :T3{k64:'XE38Oo'}]->(n150) RETURN *;
MATCH (n193 :L3{k20:-736127425, k22:'a2', id:193}), (n16 :L0{k3:true, id:16}) MERGE (n193)-[r218 :T5{k77:'E'}]->(n16) RETURN *;
MATCH (n194{id:194}), (n99{id:99}) MERGE (n194)<-[r219 :T0{k47:true}]-(n99) RETURN *;
MATCH (n194{id:194}), (n162{id:162}) MERGE (n194)-[r220 :T2{k54:342079021, k56:'97w'}]->(n162) RETURN *;
MATCH (n196{id:196}), (n80 :L5{id:80}) MERGE (n196)-[r221 :T1]->(n80) RETURN *;
MATCH (n197 :L6{k38:true, k39:-115493227, id:197}), (n6 :L0{k0:'u9oa', id:6}) MERGE (n197)<-[r222 :T5]-(n6) RETURN *;
MATCH (n197 :L6{k38:true, k39:-115493227, id:197}), (n167 :L2 :L4 :L5{k26:-854165003, k28:'2q9j', k29:-668732392, k30:true, k34:false, id:167}) MERGE (n197)-[r223 :T3{k59:false, k60:'KgP'}]->(n167) RETURN *;
MATCH (n199{id:199}), (n159 :L2 :L3{k11:'', k17:1769768283, id:159}) MERGE (n199)-[r224 :T5{k76:'DRD'}]->(n159) RETURN *;
MATCH (n199{id:199}), (n168 :L0 :L1 :L2 :L5{k2:false, k8:false, k14:false, k32:false, id:168}) MERGE (n199)<-[r225 :T2]-(n168) RETURN *;
