CREATE (n0{id:0}) RETURN *;
CREATE (n1 :L3{k19:true, id:1}) RETURN *;
CREATE (n2 :L5 :L6{k40:true, id:2}) RETURN *;
CREATE (n3 :L2{k16:'9aN', k18:false, id:3}) RETURN *;
CREATE (n4 :L2 :L4{k26:'', id:4}) RETURN *;
CREATE (n5{id:5}) RETURN *;
CREATE (n6 :L3 :L6{k19:true, k22:'h', k23:true, k44:true, id:6}) RETURN *;
CREATE (n7 :L4 :L5{id:7}) RETURN *;
CREATE (n8 :L5{k33:true, id:8}) RETURN *;
CREATE (n9 :L1 :L2 :L4{k9:true, k14:'X', k16:'WtdIMMb', k17:'RQZm', id:9}) RETURN *;
CREATE (n10 :L0 :L2 :L6{k0:'6', k6:'Vl9c', k18:false, id:10}) RETURN *;
CREATE (n11 :L5{k35:true, k38:1427764302, id:11}) RETURN *;
CREATE (n12 :L5{k37:'M', k38:-783496738, id:12}) RETURN *;
CREATE (n13{id:13}) RETURN *;
CREATE (n14 :L6{k43:true, id:14}) RETURN *;
CREATE (n15 :L2{k14:'6Q8bh', k18:false, id:15}) RETURN *;
CREATE (n16 :L1 :L2 :L5{k8:'0Y3', k11:false, k16:'eO', id:16}) RETURN *;
CREATE (n17{id:17}) RETURN *;
CREATE (n18 :L3 :L6{k41:-1573219296, id:18}) RETURN *;
CREATE (n19{id:19}) RETURN *;
CREATE (n20 :L2{k17:'D5A8', id:20}) RETURN *;
CREATE (n21 :L4{k25:'oBSXCBBr', k27:-1053378380, k29:false, id:21}) RETURN *;
CREATE (n22{id:22}) RETURN *;
CREATE (n23 :L2 :L4{k17:'oF', k26:'p3woxNa', k27:1427764302, k30:false, id:23}) RETURN *;
CREATE (n24{id:24}) RETURN *;
CREATE (n25{id:25}) RETURN *;
CREATE (n26 :L5{id:26}) RETURN *;
CREATE (n27 :L5{k33:false, k34:-545375312, k37:'', id:27}) RETURN *;
CREATE (n28 :L1 :L4{k7:'2qcFxysVE', k11:false, k29:false, k30:true, k31:-1053378380, id:28}) RETURN *;
CREATE (n29 :L0 :L5 :L6{k6:'6WjJ', k34:-783496738, k35:true, k43:false, id:29}) RETURN *;
CREATE (n30 :L0{k0:'', k2:true, k6:'Y', id:30}) RETURN *;
CREATE (n31 :L5{k37:'', id:31}) RETURN *;
CREATE (n32 :L1{k7:'r', k9:true, k11:true, k13:true, id:32}) RETURN *;
CREATE (n33{id:33}) RETURN *;
CREATE (n34{id:34}) RETURN *;
CREATE (n35 :L2 :L6{k17:'', k41:1282045987, id:35}) RETURN *;
CREATE (n36 :L1 :L4{k11:true, id:36}) RETURN *;
CREATE (n37 :L0{k6:'', id:37}) RETURN *;
CREATE (n38{id:38}) RETURN *;
CREATE (n39 :L0 :L2 :L6{k1:'a9xhXV', k5:1282045987, k6:'C', k18:true, k43:true, id:39}) RETURN *;
CREATE (n40 :L2{id:40}) RETURN *;
CREATE (n41 :L1 :L3 :L6{k12:'2yUz', k22:'R4zb66Yg', k23:true, k41:-1187424766, id:41}) RETURN *;
CREATE (n42 :L4{k25:'', k29:true, k30:false, id:42}) RETURN *;
CREATE (n43 :L2{k18:false, id:43}) RETURN *;
CREATE (n44 :L2 :L4 :L5{k18:false, k27:-1053378380, k33:false, k34:-591107491, id:44}) RETURN *;
CREATE (n45 :L2 :L6{k14:'ldKS', k16:'Tc', k42:'', id:45}) RETURN *;
CREATE (n46 :L0 :L6{k2:true, k3:'', k4:'eU', k6:'D0', id:46}) RETURN *;
CREATE (n47{id:47}) RETURN *;
CREATE (n48 :L3{k21:'M', k22:'ab9DR', id:48}) RETURN *;
CREATE (n49 :L3 :L5 :L6{k19:false, k24:true, k32:-1573219296, k35:false, k37:'3', k42:'4zW', id:49}) RETURN *;
CREATE (n50{id:50}) RETURN *;
CREATE (n51 :L2 :L3{k14:'8h', k23:true, id:51}) RETURN *;
CREATE (n52 :L4{k25:'UW5', k26:'u', k28:-631683355, id:52}) RETURN *;
CREATE (n53{id:53}) RETURN *;
CREATE (n54 :L4 :L5{k28:-1053378380, k30:false, k36:'0M7clkhy', id:54}) RETURN *;
CREATE (n55 :L0 :L4 :L5{k0:'HuV', k26:'', k28:-1611363894, k31:1427764302, k36:'D', id:55}) RETURN *;
CREATE (n56 :L1{k7:'D', k12:'XJcvX0', id:56}) RETURN *;
CREATE (n57{id:57}) RETURN *;
CREATE (n58{id:58}) RETURN *;
CREATE (n59 :L2{k14:'Fu', k16:'', id:59}) RETURN *;
CREATE (n60 :L3 :L6{k20:1632602814, k22:'', k24:true, k41:-1187424766, id:60}) RETURN *;
CREATE (n61 :L2 :L3 :L6{k15:-591107491, k22:'dZ9MOxLoR', k41:-1187424766, k43:false, id:61}) RETURN *;
CREATE (n62 :L0 :L4{k3:'uzC', k5:1802870767, k27:198067572, k29:true, k30:true, id:62}) RETURN *;
CREATE (n63{id:63}) RETURN *;
CREATE (n64 :L1 :L5{k8:'9jtQy', k13:true, k32:-409334820, k35:true, id:64}) RETURN *;
CREATE (n65 :L1{k7:'', k12:'', id:65}) RETURN *;
CREATE (n66 :L2{k17:'yXKco3GH', id:66}) RETURN *;
CREATE (n67 :L1{k11:true, id:67}) RETURN *;
CREATE (n68 :L3 :L5 :L6{k19:true, k20:1253292294, k24:false, k36:'ZSAzQ', k38:1632602814, k39:'i7', k40:true, id:68}) RETURN *;
CREATE (n69 :L2 :L4{k15:-545375312, k16:'', k28:-1329389421, id:69}) RETURN *;
CREATE (n70 :L0{k2:true, id:70}) RETURN *;
CREATE (n71 :L0 :L5 :L6{k0:'rktPbCE', k37:'mF', k44:false, id:71}) RETURN *;
CREATE (n72 :L5{id:72}) RETURN *;
CREATE (n73 :L0{k6:'KCJ', id:73}) RETURN *;
CREATE (n74{id:74}) RETURN *;
CREATE (n75 :L3{id:75}) RETURN *;
CREATE (n76 :L6{k41:-512222958, id:76}) RETURN *;
CREATE (n77 :L6{k39:'TKQb', k44:false, id:77}) RETURN *;
CREATE (n78{id:78}) RETURN *;
CREATE (n79 :L2 :L4{k15:1307455037, k18:true, k26:'71TIOC', k28:-1529062557, id:79}) RETURN *;
CREATE (n80 :L3{k23:true, id:80}) RETURN *;
CREATE (n81 :L1 :L2 :L6{k10:true, k15:57995693, k43:false, id:81}) RETURN *;
CREATE (n82 :L2{k14:'aG', id:82}) RETURN *;
CREATE (n83{id:83}) RETURN *;
CREATE (n84 :L0 :L2{k0:'J', k4:'4', k16:'7W', id:84}) RETURN *;
CREATE (n85 :L3 :L4 :L5 :L6{k24:false, k25:'', k27:549875453, k28:-1726605291, k32:-1112091319, k35:false, k36:'pJ', k40:true, k42:'l', id:85}) RETURN *;
CREATE (n86 :L1 :L2 :L5{k8:'A7', k9:false, k12:'', k16:'ud', k32:-1309898893, k36:'6ifo', id:86}) RETURN *;
CREATE (n87 :L4{id:87}) RETURN *;
CREATE (n88{id:88}) RETURN *;
CREATE (n89 :L0 :L5{k1:'', k4:'VQ1Ni', k32:-783496738, k34:1307455037, id:89}) RETURN *;
CREATE (n90 :L1 :L5{k9:false, k35:true, id:90}) RETURN *;
CREATE (n91{id:91}) RETURN *;
CREATE (n92{id:92}) RETURN *;
CREATE (n93 :L2 :L3{k23:true, id:93}) RETURN *;
CREATE (n94 :L0 :L4 :L5{id:94}) RETURN *;
CREATE (n95 :L0 :L2 :L4 :L5{k5:-1726605291, k17:'l12KbGU', id:95}) RETURN *;
CREATE (n96 :L0 :L4 :L6{k1:'FdO9Eeirn', k4:'gQl', k5:902040575, k39:'Vjf4In', k43:false, id:96}) RETURN *;
CREATE (n97 :L4{k25:'X', id:97}) RETURN *;
CREATE (n98 :L0 :L3{k6:'JTIfW6sL', id:98}) RETURN *;
CREATE (n99 :L0 :L3{k2:false, id:99}) RETURN *;
CREATE (n100 :L6{k39:'b', id:100}) RETURN *;
CREATE (n101{id:101}) RETURN *;
CREATE (n102 :L4 :L5{id:102}) RETURN *;
CREATE (n103 :L1 :L3{k13:false, id:103}) RETURN *;
CREATE (n104 :L0 :L4 :L5{k5:-1438407789, k27:-1726605291, k35:false, k38:735663738, id:104}) RETURN *;
CREATE (n105{id:105}) RETURN *;
CREATE (n106 :L3 :L5{k19:true, k22:'xe', k35:true, id:106}) RETURN *;
CREATE (n107 :L6{id:107}) RETURN *;
CREATE (n108{id:108}) RETURN *;
CREATE (n109{id:109}) RETURN *;
CREATE (n110 :L0 :L6{k40:false, id:110}) RETURN *;
CREATE (n111 :L0{k4:'nszcg', id:111}) RETURN *;
CREATE (n112 :L1 :L6{k10:false, k41:-1364425916, k43:false, id:112}) RETURN *;
CREATE (n113 :L3 :L6{k21:'x', k24:true, id:113}) RETURN *;
CREATE (n114 :L2 :L3{k18:false, id:114}) RETURN *;
CREATE (n115 :L2 :L4{k15:42838523, id:115}) RETURN *;
CREATE (n116 :L6{id:116}) RETURN *;
CREATE (n117 :L1 :L4{k7:'', k8:'L', k27:-631683355, k31:-1726605291, id:117}) RETURN *;
CREATE (n118 :L3{k19:false, id:118}) RETURN *;
CREATE (n119 :L5 :L6{k34:1382418805, k35:true, k38:-1438407789, k42:'4ZCR5T', k44:false, id:119}) RETURN *;
CREATE (n120 :L1 :L3{k9:false, k13:false, k19:true, k20:1355380267, k23:true, id:120}) RETURN *;
CREATE (n121{id:121}) RETURN *;
CREATE (n122 :L1{k9:false, k11:false, k12:'', id:122}) RETURN *;
CREATE (n123 :L6{k43:false, id:123}) RETURN *;
CREATE (n124{id:124}) RETURN *;
CREATE (n125{id:125}) RETURN *;
CREATE (n126 :L4 :L6{k30:false, k40:true, k41:-545375312, id:126}) RETURN *;
CREATE (n127 :L0 :L6{k2:true, k5:-545375312, id:127}) RETURN *;
CREATE (n128 :L4 :L6{k25:'suNLWRfp', k27:442410381, k30:true, k31:422395411, id:128}) RETURN *;
CREATE (n129 :L1{id:129}) RETURN *;
CREATE (n130 :L1 :L2{k10:false, k11:true, id:130}) RETURN *;
CREATE (n131 :L4 :L5{k26:'7ypV3DUG', k29:false, id:131}) RETURN *;
CREATE (n132 :L2{k15:1814006315, id:132}) RETURN *;
CREATE (n133 :L1 :L4 :L6{k10:true, k13:false, id:133}) RETURN *;
CREATE (n134 :L0 :L3 :L5{k3:'GkLR6nvH5', k20:-1573219296, k38:316804431, id:134}) RETURN *;
CREATE (n135 :L3{k21:'', k22:'', id:135}) RETURN *;
CREATE (n136 :L1 :L2{k9:false, k13:false, k17:'2', id:136}) RETURN *;
CREATE (n137 :L1 :L2{k7:'Oi0J', k9:true, k12:'f', k17:'Q', id:137}) RETURN *;
CREATE (n138 :L3 :L4 :L5{k23:false, k25:'D', k27:-1329389421, k32:902040575, k35:false, id:138}) RETURN *;
CREATE (n139 :L2 :L4 :L5{k15:-783496738, k33:false, k35:false, k36:'', id:139}) RETURN *;
CREATE (n140 :L0 :L2 :L4 :L5{k0:'6Y8', k34:598163042, id:140}) RETURN *;
CREATE (n141 :L1{k11:false, id:141}) RETURN *;
CREATE (n142 :L0 :L1{k0:'UQZh', k1:'w', k12:'1b', k13:false, id:142}) RETURN *;
CREATE (n143 :L1 :L2{k11:true, k14:'kkRy', k16:'Tto5tZGNl', id:143}) RETURN *;
CREATE (n144 :L6{k41:-1329389421, id:144}) RETURN *;
CREATE (n145 :L1 :L5{k35:false, id:145}) RETURN *;
CREATE (n146 :L3{k19:false, id:146}) RETURN *;
CREATE (n147 :L2 :L5{k18:true, k32:5843550, k34:1460944263, k36:'xz9lT8', id:147}) RETURN *;
CREATE (n148 :L2{k15:-783496738, id:148}) RETURN *;
CREATE (n149 :L1 :L3 :L4 :L5{k10:false, k20:-1620017706, k31:-1726605291, k33:false, id:149}) RETURN *;
CREATE (n150 :L6{k42:'1', k44:false, id:150}) RETURN *;
CREATE (n151 :L2{id:151}) RETURN *;
CREATE (n152 :L0 :L1 :L2 :L3 :L5 :L6{k9:true, k15:1814006315, id:152}) RETURN *;
CREATE (n153 :L0 :L5{k2:false, k3:'j', k6:'A', id:153}) RETURN *;
CREATE (n154 :L4 :L5{k25:'fK', k26:'Lf', k30:true, k31:1802870767, k33:true, k35:false, id:154}) RETURN *;
CREATE (n155{id:155}) RETURN *;
CREATE (n156 :L3 :L4 :L5{k20:-9223372036854775807, k27:-1098837290, k31:-536588448, id:156}) RETURN *;
CREATE (n157 :L3{k20:-202597968, id:157}) RETURN *;
CREATE (n158 :L2 :L4{k25:'jK', k26:'', id:158}) RETURN *;
CREATE (n159 :L4 :L6{k31:-1576088474, k42:'', k44:false, id:159}) RETURN *;
CREATE (n160 :L4 :L5 :L6{k35:true, k38:937438291, k44:true, id:160}) RETURN *;
CREATE (n161 :L1 :L5 :L6{k10:false, k11:false, k32:1427764302, k37:'OF', k44:true, id:161}) RETURN *;
CREATE (n162 :L4 :L6{k26:'mT', k31:57995693, k40:false, k43:true, id:162}) RETURN *;
CREATE (n163 :L1 :L3{k22:'', k23:true, id:163}) RETURN *;
CREATE (n164 :L6{k40:true, k41:-1726605291, id:164}) RETURN *;
CREATE (n165 :L1 :L5 :L6{k43:false, id:165}) RETURN *;
CREATE (n166{id:166}) RETURN *;
CREATE (n167{id:167}) RETURN *;
CREATE (n168 :L4{k26:'c', k29:true, id:168}) RETURN *;
CREATE (n169 :L1{k11:true, id:169}) RETURN *;
CREATE (n170 :L5{id:170}) RETURN *;
CREATE (n171 :L1{k11:true, id:171}) RETURN *;
CREATE (n172 :L4{k26:'pRtZ4Lx4', id:172}) RETURN *;
CREATE (n173 :L5{k34:935145472, id:173}) RETURN *;
CREATE (n174 :L1 :L3{k9:true, k11:true, k13:true, k22:'R7NgRvX', k23:false, id:174}) RETURN *;
CREATE (n175 :L5{k37:'J', id:175}) RETURN *;
CREATE (n176 :L0 :L3 :L4{k3:'S8b477w', k4:'p', k19:false, k20:1774003554, k30:true, id:176}) RETURN *;
CREATE (n177 :L6{k40:false, k44:false, id:177}) RETURN *;
CREATE (n178 :L4{id:178}) RETURN *;
CREATE (n179 :L0{k4:'ID7JKAiJB', id:179}) RETURN *;
CREATE (n180 :L2{k15:44048175, id:180}) RETURN *;
CREATE (n181 :L2 :L4{k15:1753485632, k17:'oj6wdV', k30:false, id:181}) RETURN *;
CREATE (n182 :L1 :L5{k10:false, k32:-543904779, k37:'', id:182}) RETURN *;
CREATE (n183 :L1 :L2 :L3{k9:true, k13:false, k15:1133183017, k20:198067572, k21:'A', k22:'wbE', id:183}) RETURN *;
CREATE (n184 :L0 :L1{k1:'MY3SYJob', k11:false, k12:'v', id:184}) RETURN *;
CREATE (n185 :L2 :L3{k19:true, k20:1638341715, k24:false, id:185}) RETURN *;
CREATE (n186 :L3{k19:true, k21:'c9', id:186}) RETURN *;
CREATE (n187 :L3 :L5{k20:-2005379788, k38:1235712812, id:187}) RETURN *;
CREATE (n188 :L1 :L3 :L6{k11:true, k42:'', id:188}) RETURN *;
CREATE (n189 :L2 :L4{k17:'8L', k18:false, k25:'Li', k29:true, id:189}) RETURN *;
CREATE (n190{id:190}) RETURN *;
CREATE (n191 :L6{k43:false, id:191}) RETURN *;
CREATE (n192 :L0{k0:'a6', k2:true, k6:'HM2iU', id:192}) RETURN *;
CREATE (n193 :L5{k32:57995693, id:193}) RETURN *;
CREATE (n194 :L3{k21:'', k22:'iW', id:194}) RETURN *;
CREATE (n195{id:195}) RETURN *;
CREATE (n196 :L0 :L2 :L3{k4:'', id:196}) RETURN *;
CREATE (n197 :L2 :L4{k17:'', k27:-42544617, id:197}) RETURN *;
CREATE (n198 :L2 :L5{k37:'S', id:198}) RETURN *;
CREATE (n199{id:199}) RETURN *;
MATCH (n0{id:0}), (n94 :L0 :L4 :L5{id:94}) MERGE (n0)<-[r0 :T0{k50:1279145197}]-(n94) RETURN *;
MATCH (n0{id:0}), (n119 :L5 :L6{k34:1382418805, k35:true, k38:-1438407789, k42:'4ZCR5T', k44:false, id:119}) MERGE (n0)-[r1 :T1{k52:1649537591}]->(n119) RETURN *;
MATCH (n1 :L3{k19:true, id:1}), (n85 :L3 :L4 :L5 :L6{k24:false, k25:'', k27:549875453, k28:-1726605291, k32:-1112091319, k35:false, k36:'pJ', k40:true, k42:'l', id:85}) MERGE (n1)-[r2 :T0{k47:true, k49:-543904779}]->(n85) RETURN *;
MATCH (n3 :L2{k16:'9aN', k18:false, id:3}), (n106 :L3 :L5{k19:true, k22:'xe', k35:true, id:106}) MERGE (n3)<-[r3 :T1{k54:true}]-(n106) RETURN *;
MATCH (n5{id:5}), (n105{id:105}) MERGE (n5)-[r4 :T4{k72:9223372036854775806}]->(n105) RETURN *;
MATCH (n5{id:5}), (n134 :L0 :L3 :L5{k3:'GkLR6nvH5', k20:-1573219296, k38:316804431, id:134}) MERGE (n5)-[r5 :T2]->(n134) RETURN *;
MATCH (n6 :L3 :L6{k19:true, k22:'h', k23:true, k44:true, id:6}), (n5{id:5}) MERGE (n6)<-[r6 :T2{k61:-1885239359, k64:true}]-(n5) RETURN *;
MATCH (n7 :L4 :L5{id:7}), (n129 :L1{id:129}) MERGE (n7)-[r7 :T4{k72:-1573219296, k73:'U'}]->(n129) RETURN *;
MATCH (n8 :L5{k33:true, id:8}), (n54 :L4 :L5{k28:-1053378380, k30:false, k36:'0M7clkhy', id:54}) MERGE (n8)-[r8 :T0{k45:'', k47:true, k48:'f', k50:-845405942}]->(n54) RETURN *;
MATCH (n8 :L5{k33:true, id:8}), (n169 :L1{k11:true, id:169}) MERGE (n8)-[r9 :T4]->(n169) RETURN *;
MATCH (n10 :L0 :L2 :L6{k0:'6', k6:'Vl9c', k18:false, id:10}), (n36 :L1 :L4{k11:true, id:36}) MERGE (n10)<-[r10 :T2]-(n36) RETURN *;
MATCH (n11 :L5{k35:true, k38:1427764302, id:11}), (n131 :L4 :L5{k26:'7ypV3DUG', k29:false, id:131}) MERGE (n11)-[r11 :T1{k51:2047632944, k52:661549389, k53:-1573219296, k57:false}]->(n131) RETURN *;
MATCH (n11 :L5{k35:true, k38:1427764302, id:11}), (n190{id:190}) MERGE (n11)-[r12 :T3]->(n190) RETURN *;
MATCH (n13{id:13}), (n79 :L2 :L4{k15:1307455037, k18:true, k26:'71TIOC', k28:-1529062557, id:79}) MERGE (n13)<-[r13 :T4{k75:false}]-(n79) RETURN *;
MATCH (n14 :L6{k43:true, id:14}), (n59 :L2{k14:'Fu', k16:'', id:59}) MERGE (n14)<-[r14 :T3]-(n59) RETURN *;
MATCH (n15 :L2{k14:'6Q8bh', k18:false, id:15}), (n59 :L2{k14:'Fu', k16:'', id:59}) MERGE (n15)-[r15 :T3{k66:-409334820, k67:true, k68:-903049880, k69:false}]->(n59) RETURN *;
MATCH (n15 :L2{k14:'6Q8bh', k18:false, id:15}), (n73 :L0{k6:'KCJ', id:73}) MERGE (n15)<-[r16 :T1{k55:1256155276}]-(n73) RETURN *;
MATCH (n15 :L2{k14:'6Q8bh', k18:false, id:15}), (n132 :L2{k15:1814006315, id:132}) MERGE (n15)-[r17 :T0{k47:true}]->(n132) RETURN *;
MATCH (n18 :L3 :L6{k41:-1573219296, id:18}), (n163 :L1 :L3{k22:'', k23:true, id:163}) MERGE (n18)-[r18 :T1{k57:true}]->(n163) RETURN *;
MATCH (n18 :L3 :L6{k41:-1573219296, id:18}), (n180 :L2{k15:44048175, id:180}) MERGE (n18)-[r19 :T4{k75:true}]->(n180) RETURN *;
MATCH (n20 :L2{k17:'D5A8', id:20}), (n157 :L3{k20:-202597968, id:157}) MERGE (n20)-[r20 :T0{k47:false, k50:-1036072628}]->(n157) RETURN *;
MATCH (n23 :L2 :L4{k17:'oF', k26:'p3woxNa', k27:1427764302, k30:false, id:23}), (n17{id:17}) MERGE (n23)-[r21 :T0{k47:true, k49:-830548856}]->(n17) RETURN *;
MATCH (n25{id:25}), (n99 :L0 :L3{k2:false, id:99}) MERGE (n25)<-[r22 :T2]-(n99) RETURN *;
MATCH (n25{id:25}), (n158 :L2 :L4{k25:'jK', k26:'', id:158}) MERGE (n25)<-[r23 :T1{k52:-536588448, k55:598163042}]-(n158) RETURN *;
MATCH (n26 :L5{id:26}), (n146 :L3{k19:false, id:146}) MERGE (n26)<-[r24 :T0{k45:'RRY', k47:false, k49:-409334820}]-(n146) RETURN *;
MATCH (n27 :L5{k33:false, k34:-545375312, k37:'', id:27}), (n124{id:124}) MERGE (n27)<-[r25 :T4{k71:false, k75:true}]-(n124) RETURN *;
MATCH (n28 :L1 :L4{k7:'2qcFxysVE', k11:false, k29:false, k30:true, k31:-1053378380, id:28}), (n83{id:83}) MERGE (n28)<-[r26 :T1{k51:1638341715, k53:-1036072628, k54:true, k55:1886005299}]-(n83) RETURN *;
MATCH (n28 :L1 :L4{k7:'2qcFxysVE', k11:false, k29:false, k30:true, k31:-1053378380, id:28}), (n84 :L0 :L2{k0:'J', k4:'4', k16:'7W', id:84}) MERGE (n28)<-[r27 :T2{k58:false, k61:-1545700056}]-(n84) RETURN *;
MATCH (n29 :L0 :L5 :L6{k6:'6WjJ', k34:-783496738, k35:true, k43:false, id:29}), (n188 :L1 :L3 :L6{k11:true, k42:'', id:188}) MERGE (n29)<-[r28 :T3]-(n188) RETURN *;
MATCH (n31 :L5{k37:'', id:31}), (n108{id:108}) MERGE (n31)<-[r29 :T0{k49:-172345919}]-(n108) RETURN *;
MATCH (n35 :L2 :L6{k17:'', k41:1282045987, id:35}), (n39 :L0 :L2 :L6{k1:'a9xhXV', k5:1282045987, k6:'C', k18:true, k43:true, id:39}) MERGE (n35)<-[r30 :T1{k57:false}]-(n39) RETURN *;
MATCH (n37 :L0{k6:'', id:37}), (n6 :L3 :L6{k19:true, k22:'h', k23:true, k44:true, id:6}) MERGE (n37)<-[r31 :T0{k46:'oP3Sg', k50:1672849398}]-(n6) RETURN *;
MATCH (n37 :L0{k6:'', id:37}), (n70 :L0{k2:true, id:70}) MERGE (n37)-[r32 :T2{k58:false, k62:true, k63:false}]->(n70) RETURN *;
MATCH (n38{id:38}), (n65 :L1{k7:'', k12:'', id:65}) MERGE (n38)-[r33 :T2{k62:true}]->(n65) RETURN *;
MATCH (n39 :L0 :L2 :L6{k1:'a9xhXV', k5:1282045987, k6:'C', k18:true, k43:true, id:39}), (n116 :L6{id:116}) MERGE (n39)-[r34 :T3{k70:'a'}]->(n116) RETURN *;
MATCH (n40 :L2{id:40}), (n150 :L6{k42:'1', k44:false, id:150}) MERGE (n40)-[r35 :T1{k51:336668281, k56:-2005379788}]->(n150) RETURN *;
MATCH (n42 :L4{k25:'', k29:true, k30:false, id:42}), (n59 :L2{k14:'Fu', k16:'', id:59}) MERGE (n42)-[r36 :T0{k45:'Hj', k47:false, k50:-788303642}]->(n59) RETURN *;
MATCH (n44 :L2 :L4 :L5{k18:false, k27:-1053378380, k33:false, k34:-591107491, id:44}), (n111 :L0{k4:'nszcg', id:111}) MERGE (n44)-[r37 :T2]->(n111) RETURN *;
MATCH (n45 :L2 :L6{k14:'ldKS', k16:'Tc', k42:'', id:45}), (n152 :L0 :L1 :L2 :L3 :L5 :L6{k9:true, k15:1814006315, id:152}) MERGE (n45)<-[r38 :T4]-(n152) RETURN *;
MATCH (n49 :L3 :L5 :L6{k19:false, k24:true, k32:-1573219296, k35:false, k37:'3', k42:'4zW', id:49}), (n84 :L0 :L2{k0:'J', k4:'4', k16:'7W', id:84}) MERGE (n49)-[r39 :T0{k46:'1b'}]->(n84) RETURN *;
MATCH (n49 :L3 :L5 :L6{k19:false, k24:true, k32:-1573219296, k35:false, k37:'3', k42:'4zW', id:49}), (n138 :L3 :L4 :L5{k23:false, k25:'D', k27:-1329389421, k32:902040575, k35:false, id:138}) MERGE (n49)-[r40 :T3{k70:'7La'}]->(n138) RETURN *;
MATCH (n50{id:50}), (n35 :L2 :L6{k17:'', k41:1282045987, id:35}) MERGE (n50)-[r41 :T4]->(n35) RETURN *;
MATCH (n52 :L4{k25:'UW5', k26:'u', k28:-631683355, id:52}), (n87 :L4{id:87}) MERGE (n52)-[r42 :T3{k67:true}]->(n87) RETURN *;
MATCH (n53{id:53}), (n49 :L3 :L5 :L6{k19:false, k24:true, k32:-1573219296, k35:false, k37:'3', k42:'4zW', id:49}) MERGE (n53)<-[r43 :T3{k65:1774003554, k66:-1226166082}]-(n49) RETURN *;
MATCH (n54 :L4 :L5{k28:-1053378380, k30:false, k36:'0M7clkhy', id:54}), (n105{id:105}) MERGE (n54)-[r44 :T0{k45:'q', k46:'8SSOhIN'}]->(n105) RETURN *;
MATCH (n55 :L0 :L4 :L5{k0:'HuV', k26:'', k28:-1611363894, k31:1427764302, k36:'D', id:55}), (n40 :L2{id:40}) MERGE (n55)<-[r45 :T2{k61:12417781, k64:true}]-(n40) RETURN *;
MATCH (n56 :L1{k7:'D', k12:'XJcvX0', id:56}), (n20 :L2{k17:'D5A8', id:20}) MERGE (n56)<-[r46 :T1{k54:false}]-(n20) RETURN *;
MATCH (n56 :L1{k7:'D', k12:'XJcvX0', id:56}), (n69 :L2 :L4{k15:-545375312, k16:'', k28:-1329389421, id:69}) MERGE (n56)<-[r47 :T3]-(n69) RETURN *;
MATCH (n56 :L1{k7:'D', k12:'XJcvX0', id:56}), (n122 :L1{k9:false, k11:false, k12:'', id:122}) MERGE (n56)<-[r48 :T0]-(n122) RETURN *;
MATCH (n57{id:57}), (n106 :L3 :L5{k19:true, k22:'xe', k35:true, id:106}) MERGE (n57)-[r49 :T0]->(n106) RETURN *;
MATCH (n60 :L3 :L6{k20:1632602814, k22:'', k24:true, k41:-1187424766, id:60}), (n116 :L6{id:116}) MERGE (n60)-[r50 :T1{k53:-1640037925, k54:true}]->(n116) RETURN *;
MATCH (n62 :L0 :L4{k3:'uzC', k5:1802870767, k27:198067572, k29:true, k30:true, id:62}), (n153 :L0 :L5{k2:false, k3:'j', k6:'A', id:153}) MERGE (n62)-[r51 :T4{k71:true, k74:902040575}]->(n153) RETURN *;
MATCH (n64 :L1 :L5{k8:'9jtQy', k13:true, k32:-409334820, k35:true, id:64}), (n43 :L2{k18:false, id:43}) MERGE (n64)<-[r52 :T4{k74:1794452233}]-(n43) RETURN *;
MATCH (n64 :L1 :L5{k8:'9jtQy', k13:true, k32:-409334820, k35:true, id:64}), (n133 :L1 :L4 :L6{k10:true, k13:false, id:133}) MERGE (n64)-[r53 :T3{k69:false}]->(n133) RETURN *;
MATCH (n65 :L1{k7:'', k12:'', id:65}), (n123 :L6{k43:false, id:123}) MERGE (n65)-[r54 :T4{k73:'yCVt'}]->(n123) RETURN *;
MATCH (n65 :L1{k7:'', k12:'', id:65}), (n173 :L5{k34:935145472, id:173}) MERGE (n65)<-[r55 :T1{k51:386119890}]-(n173) RETURN *;
MATCH (n66 :L2{k17:'yXKco3GH', id:66}), (n187 :L3 :L5{k20:-2005379788, k38:1235712812, id:187}) MERGE (n66)<-[r56 :T1]-(n187) RETURN *;
MATCH (n67 :L1{k11:true, id:67}), (n59 :L2{k14:'Fu', k16:'', id:59}) MERGE (n67)<-[r57 :T1{k54:true}]-(n59) RETURN *;
MATCH (n69 :L2 :L4{k15:-545375312, k16:'', k28:-1329389421, id:69}), (n26 :L5{id:26}) MERGE (n69)-[r58 :T1{k52:-1245285364, k54:false}]->(n26) RETURN *;
MATCH (n69 :L2 :L4{k15:-545375312, k16:'', k28:-1329389421, id:69}), (n63{id:63}) MERGE (n69)<-[r59 :T1{k55:-1036072628, k57:false}]-(n63) RETURN *;
MATCH (n70 :L0{k2:true, id:70}), (n90 :L1 :L5{k9:false, k35:true, id:90}) MERGE (n70)-[r60 :T4{k72:262431358}]->(n90) RETURN *;
MATCH (n71 :L0 :L5 :L6{k0:'rktPbCE', k37:'mF', k44:false, id:71}), (n194 :L3{k21:'', k22:'iW', id:194}) MERGE (n71)<-[r61 :T2{k58:true, k59:'W', k62:false, k64:true}]-(n194) RETURN *;
MATCH (n72 :L5{id:72}), (n107 :L6{id:107}) MERGE (n72)<-[r62 :T1{k54:true}]-(n107) RETURN *;
MATCH (n72 :L5{id:72}), (n115 :L2 :L4{k15:42838523, id:115}) MERGE (n72)<-[r63 :T2{k59:'BYW7L2o', k62:true}]-(n115) RETURN *;
MATCH (n73 :L0{k6:'KCJ', id:73}), (n34{id:34}) MERGE (n73)-[r64 :T4{k74:-378365891}]->(n34) RETURN *;
MATCH (n76 :L6{k41:-512222958, id:76}), (n86 :L1 :L2 :L5{k8:'A7', k9:false, k12:'', k16:'ud', k32:-1309898893, k36:'6ifo', id:86}) MERGE (n76)<-[r65 :T4]-(n86) RETURN *;
MATCH (n78{id:78}), (n61 :L2 :L3 :L6{k15:-591107491, k22:'dZ9MOxLoR', k41:-1187424766, k43:false, id:61}) MERGE (n78)<-[r66 :T3{k65:1382418805, k68:-930772620}]-(n61) RETURN *;
MATCH (n78{id:78}), (n93 :L2 :L3{k23:true, id:93}) MERGE (n78)<-[r67 :T4]-(n93) RETURN *;
MATCH (n78{id:78}), (n189 :L2 :L4{k17:'8L', k18:false, k25:'Li', k29:true, id:189}) MERGE (n78)-[r68 :T4]->(n189) RETURN *;
MATCH (n79 :L2 :L4{k15:1307455037, k18:true, k26:'71TIOC', k28:-1529062557, id:79}), (n48 :L3{k21:'M', k22:'ab9DR', id:48}) MERGE (n79)-[r69 :T3]->(n48) RETURN *;
MATCH (n79 :L2 :L4{k15:1307455037, k18:true, k26:'71TIOC', k28:-1529062557, id:79}), (n142 :L0 :L1{k0:'UQZh', k1:'w', k12:'1b', k13:false, id:142}) MERGE (n79)-[r70 :T0{k49:1412719381}]->(n142) RETURN *;
MATCH (n80 :L3{k23:true, id:80}), (n0{id:0}) MERGE (n80)<-[r71 :T2{k63:false}]-(n0) RETURN *;
MATCH (n80 :L3{k23:true, id:80}), (n111 :L0{k4:'nszcg', id:111}) MERGE (n80)-[r72 :T0{k46:'Yd'}]->(n111) RETURN *;
MATCH (n80 :L3{k23:true, id:80}), (n187 :L3 :L5{k20:-2005379788, k38:1235712812, id:187}) MERGE (n80)-[r73 :T3{k67:true}]->(n187) RETURN *;
MATCH (n81 :L1 :L2 :L6{k10:true, k15:57995693, k43:false, id:81}), (n63{id:63}) MERGE (n81)<-[r74 :T0]-(n63) RETURN *;
MATCH (n81 :L1 :L2 :L6{k10:true, k15:57995693, k43:false, id:81}), (n89 :L0 :L5{k1:'', k4:'VQ1Ni', k32:-783496738, k34:1307455037, id:89}) MERGE (n81)<-[r75 :T2{k62:true}]-(n89) RETURN *;
MATCH (n83{id:83}), (n173 :L5{k34:935145472, id:173}) MERGE (n83)-[r76 :T3]->(n173) RETURN *;
MATCH (n83{id:83}), (n186 :L3{k19:true, k21:'c9', id:186}) MERGE (n83)<-[r77 :T3]-(n186) RETURN *;
MATCH (n85 :L3 :L4 :L5 :L6{k24:false, k25:'', k27:549875453, k28:-1726605291, k32:-1112091319, k35:false, k36:'pJ', k40:true, k42:'l', id:85}), (n155{id:155}) MERGE (n85)-[r78 :T2]->(n155) RETURN *;
MATCH (n86 :L1 :L2 :L5{k8:'A7', k9:false, k12:'', k16:'ud', k32:-1309898893, k36:'6ifo', id:86}), (n50{id:50}) MERGE (n86)<-[r79 :T4{k71:true}]-(n50) RETURN *;
MATCH (n87 :L4{id:87}), (n141 :L1{k11:false, id:141}) MERGE (n87)<-[r80 :T2{k62:true}]-(n141) RETURN *;
MATCH (n88{id:88}), (n184 :L0 :L1{k1:'MY3SYJob', k11:false, k12:'v', id:184}) MERGE (n88)<-[r81 :T1{k52:-587753845, k55:-2025524533}]-(n184) RETURN *;
MATCH (n89 :L0 :L5{k1:'', k4:'VQ1Ni', k32:-783496738, k34:1307455037, id:89}), (n5{id:5}) MERGE (n89)-[r82 :T0{k45:'3O', k46:'', k50:1099263120}]->(n5) RETURN *;
MATCH (n89 :L0 :L5{k1:'', k4:'VQ1Ni', k32:-783496738, k34:1307455037, id:89}), (n9 :L1 :L2 :L4{k9:true, k14:'X', k16:'WtdIMMb', k17:'RQZm', id:9}) MERGE (n89)-[r83 :T4{k71:false, k73:'Nmm'}]->(n9) RETURN *;
MATCH (n90 :L1 :L5{k9:false, k35:true, id:90}), (n83{id:83}) MERGE (n90)<-[r84 :T3{k68:-1927500281, k69:true}]-(n83) RETURN *;
MATCH (n90 :L1 :L5{k9:false, k35:true, id:90}), (n150 :L6{k42:'1', k44:false, id:150}) MERGE (n90)-[r85 :T4{k73:'o5U7BZYXS', k75:false}]->(n150) RETURN *;
MATCH (n90 :L1 :L5{k9:false, k35:true, id:90}), (n174 :L1 :L3{k9:true, k11:true, k13:true, k22:'R7NgRvX', k23:false, id:174}) MERGE (n90)-[r86 :T4{k72:-1529062557, k73:'VC2U1', k74:-393588460}]->(n174) RETURN *;
MATCH (n91{id:91}), (n54 :L4 :L5{k28:-1053378380, k30:false, k36:'0M7clkhy', id:54}) MERGE (n91)<-[r87 :T4{k71:true, k74:-60623003}]-(n54) RETURN *;
MATCH (n91{id:91}), (n69 :L2 :L4{k15:-545375312, k16:'', k28:-1329389421, id:69}) MERGE (n91)-[r88 :T2{k60:-1438407789, k62:false, k63:false}]->(n69) RETURN *;
MATCH (n92{id:92}), (n150 :L6{k42:'1', k44:false, id:150}) MERGE (n92)<-[r89 :T1{k52:112230246, k57:false}]-(n150) RETURN *;
MATCH (n93 :L2 :L3{k23:true, id:93}), (n131 :L4 :L5{k26:'7ypV3DUG', k29:false, id:131}) MERGE (n93)-[r90 :T2{k61:1695743613}]->(n131) RETURN *;
MATCH (n93 :L2 :L3{k23:true, id:93}), (n135 :L3{k21:'', k22:'', id:135}) MERGE (n93)<-[r91 :T2{k61:386119890}]-(n135) RETURN *;
MATCH (n94 :L0 :L4 :L5{id:94}), (n131 :L4 :L5{k26:'7ypV3DUG', k29:false, id:131}) MERGE (n94)<-[r92 :T0{k48:'VIJu6r9R'}]-(n131) RETURN *;
MATCH (n94 :L0 :L4 :L5{id:94}), (n161 :L1 :L5 :L6{k10:false, k11:false, k32:1427764302, k37:'OF', k44:true, id:161}) MERGE (n94)-[r93 :T4{k71:false, k75:false}]->(n161) RETURN *;
MATCH (n94 :L0 :L4 :L5{id:94}), (n171 :L1{k11:true, id:171}) MERGE (n94)<-[r94 :T0{k50:1282045987}]-(n171) RETURN *;
MATCH (n95 :L0 :L2 :L4 :L5{k5:-1726605291, k17:'l12KbGU', id:95}), (n12 :L5{k37:'M', k38:-783496738, id:12}) MERGE (n95)<-[r95 :T0{k45:'', k46:''}]-(n12) RETURN *;
MATCH (n95 :L0 :L2 :L4 :L5{k5:-1726605291, k17:'l12KbGU', id:95}), (n29 :L0 :L5 :L6{k6:'6WjJ', k34:-783496738, k35:true, k43:false, id:29}) MERGE (n95)<-[r96 :T1{k51:-1973855416, k53:767589944}]-(n29) RETURN *;
MATCH (n97 :L4{k25:'X', id:97}), (n145 :L1 :L5{k35:false, id:145}) MERGE (n97)-[r97 :T3{k65:1098257903, k69:true}]->(n145) RETURN *;
MATCH (n99 :L0 :L3{k2:false, id:99}), (n52 :L4{k25:'UW5', k26:'u', k28:-631683355, id:52}) MERGE (n99)-[r98 :T2]->(n52) RETURN *;
MATCH (n100 :L6{k39:'b', id:100}), (n9 :L1 :L2 :L4{k9:true, k14:'X', k16:'WtdIMMb', k17:'RQZm', id:9}) MERGE (n100)<-[r99 :T4{k74:183925254}]-(n9) RETURN *;
MATCH (n100 :L6{k39:'b', id:100}), (n68 :L3 :L5 :L6{k19:true, k20:1253292294, k24:false, k36:'ZSAzQ', k38:1632602814, k39:'i7', k40:true, id:68}) MERGE (n100)<-[r100 :T3{k68:902040575}]-(n68) RETURN *;
MATCH (n100 :L6{k39:'b', id:100}), (n112 :L1 :L6{k10:false, k41:-1364425916, k43:false, id:112}) MERGE (n100)<-[r101 :T2{k58:true, k59:'T'}]-(n112) RETURN *;
MATCH (n101{id:101}), (n75 :L3{id:75}) MERGE (n101)<-[r102 :T1]-(n75) RETURN *;
MATCH (n101{id:101}), (n106 :L3 :L5{k19:true, k22:'xe', k35:true, id:106}) MERGE (n101)-[r103 :T2{k64:false}]->(n106) RETURN *;
MATCH (n102 :L4 :L5{id:102}), (n154 :L4 :L5{k25:'fK', k26:'Lf', k30:true, k31:1802870767, k33:true, k35:false, id:154}) MERGE (n102)-[r104 :T0]->(n154) RETURN *;
MATCH (n105{id:105}), (n167{id:167}) MERGE (n105)<-[r105 :T4]-(n167) RETURN *;
MATCH (n106 :L3 :L5{k19:true, k22:'xe', k35:true, id:106}), (n38{id:38}) MERGE (n106)<-[r106 :T1]-(n38) RETURN *;
MATCH (n106 :L3 :L5{k19:true, k22:'xe', k35:true, id:106}), (n133 :L1 :L4 :L6{k10:true, k13:false, id:133}) MERGE (n106)<-[r107 :T4{k72:320168933, k73:'I', k74:82480377}]-(n133) RETURN *;
MATCH (n107 :L6{id:107}), (n87 :L4{id:87}) MERGE (n107)<-[r108 :T0{k45:'uHna6'}]-(n87) RETURN *;
MATCH (n107 :L6{id:107}), (n118 :L3{k19:false, id:118}) MERGE (n107)-[r109 :T2{k62:true, k63:true, k64:false}]->(n118) RETURN *;
MATCH (n109{id:109}), (n4 :L2 :L4{k26:'', id:4}) MERGE (n109)-[r110 :T2{k62:true}]->(n4) RETURN *;
MATCH (n110 :L0 :L6{k40:false, id:110}), (n48 :L3{k21:'M', k22:'ab9DR', id:48}) MERGE (n110)-[r111 :T2{k58:true, k62:false, k63:true}]->(n48) RETURN *;
MATCH (n110 :L0 :L6{k40:false, id:110}), (n94 :L0 :L4 :L5{id:94}) MERGE (n110)-[r112 :T4]->(n94) RETURN *;
MATCH (n110 :L0 :L6{k40:false, id:110}), (n104 :L0 :L4 :L5{k5:-1438407789, k27:-1726605291, k35:false, k38:735663738, id:104}) MERGE (n110)-[r113 :T2{k61:-1237373494}]->(n104) RETURN *;
MATCH (n111 :L0{k4:'nszcg', id:111}), (n118 :L3{k19:false, id:118}) MERGE (n111)-[r114 :T0{k49:-631683355}]->(n118) RETURN *;
MATCH (n111 :L0{k4:'nszcg', id:111}), (n173 :L5{k34:935145472, id:173}) MERGE (n111)<-[r115 :T4{k72:1015220138}]-(n173) RETURN *;
MATCH (n111 :L0{k4:'nszcg', id:111}), (n174 :L1 :L3{k9:true, k11:true, k13:true, k22:'R7NgRvX', k23:false, id:174}) MERGE (n111)<-[r116 :T1{k53:-638468474, k55:-98004368}]-(n174) RETURN *;
MATCH (n112 :L1 :L6{k10:false, k41:-1364425916, k43:false, id:112}), (n29 :L0 :L5 :L6{k6:'6WjJ', k34:-783496738, k35:true, k43:false, id:29}) MERGE (n112)-[r117 :T1{k54:false}]->(n29) RETURN *;
MATCH (n112 :L1 :L6{k10:false, k41:-1364425916, k43:false, id:112}), (n105{id:105}) MERGE (n112)<-[r118 :T2{k59:'cRH2qVq7A'}]-(n105) RETURN *;
MATCH (n112 :L1 :L6{k10:false, k41:-1364425916, k43:false, id:112}), (n119 :L5 :L6{k34:1382418805, k35:true, k38:-1438407789, k42:'4ZCR5T', k44:false, id:119}) MERGE (n112)<-[r119 :T2{k58:false, k63:true}]-(n119) RETURN *;
MATCH (n114 :L2 :L3{k18:false, id:114}), (n122 :L1{k9:false, k11:false, k12:'', id:122}) MERGE (n114)<-[r120 :T3{k65:-783496738, k67:false}]-(n122) RETURN *;
MATCH (n116 :L6{id:116}), (n61 :L2 :L3 :L6{k15:-591107491, k22:'dZ9MOxLoR', k41:-1187424766, k43:false, id:61}) MERGE (n116)-[r121 :T1{k52:336668281, k56:1419246573, k57:true}]->(n61) RETURN *;
MATCH (n116 :L6{id:116}), (n105{id:105}) MERGE (n116)-[r122 :T2]->(n105) RETURN *;
MATCH (n116 :L6{id:116}), (n127 :L0 :L6{k2:true, k5:-545375312, id:127}) MERGE (n116)<-[r123 :T1{k51:-1112091319, k52:1628920332, k56:2053259347, k57:false}]-(n127) RETURN *;
MATCH (n117 :L1 :L4{k7:'', k8:'L', k27:-631683355, k31:-1726605291, id:117}), (n89 :L0 :L5{k1:'', k4:'VQ1Ni', k32:-783496738, k34:1307455037, id:89}) MERGE (n117)<-[r124 :T3{k66:-1101973843}]-(n89) RETURN *;
MATCH (n119 :L5 :L6{k34:1382418805, k35:true, k38:-1438407789, k42:'4ZCR5T', k44:false, id:119}), (n168 :L4{k26:'c', k29:true, id:168}) MERGE (n119)<-[r125 :T4{k72:961553564}]-(n168) RETURN *;
MATCH (n120 :L1 :L3{k9:false, k13:false, k19:true, k20:1355380267, k23:true, id:120}), (n195{id:195}) MERGE (n120)-[r126 :T0{k47:false, k48:'m9p'}]->(n195) RETURN *;
MATCH (n122 :L1{k9:false, k11:false, k12:'', id:122}), (n172 :L4{k26:'pRtZ4Lx4', id:172}) MERGE (n122)<-[r127 :T3{k69:true}]-(n172) RETURN *;
MATCH (n123 :L6{k43:false, id:123}), (n191 :L6{k43:false, id:191}) MERGE (n123)-[r128 :T2{k58:false, k62:false}]->(n191) RETURN *;
MATCH (n125{id:125}), (n11 :L5{k35:true, k38:1427764302, id:11}) MERGE (n125)-[r129 :T0{k45:''}]->(n11) RETURN *;
MATCH (n126 :L4 :L6{k30:false, k40:true, k41:-545375312, id:126}), (n76 :L6{k41:-512222958, id:76}) MERGE (n126)-[r130 :T0]->(n76) RETURN *;
MATCH (n126 :L4 :L6{k30:false, k40:true, k41:-545375312, id:126}), (n108{id:108}) MERGE (n126)-[r131 :T3]->(n108) RETURN *;
MATCH (n128 :L4 :L6{k25:'suNLWRfp', k27:442410381, k30:true, k31:422395411, id:128}), (n25{id:25}) MERGE (n128)-[r132 :T4]->(n25) RETURN *;
MATCH (n131 :L4 :L5{k26:'7ypV3DUG', k29:false, id:131}), (n87 :L4{id:87}) MERGE (n131)-[r133 :T3{k65:-20275817}]->(n87) RETURN *;
MATCH (n134 :L0 :L3 :L5{k3:'GkLR6nvH5', k20:-1573219296, k38:316804431, id:134}), (n90 :L1 :L5{k9:false, k35:true, id:90}) MERGE (n134)-[r134 :T3]->(n90) RETURN *;
MATCH (n135 :L3{k21:'', k22:'', id:135}), (n130 :L1 :L2{k10:false, k11:true, id:130}) MERGE (n135)<-[r135 :T2]-(n130) RETURN *;
MATCH (n138 :L3 :L4 :L5{k23:false, k25:'D', k27:-1329389421, k32:902040575, k35:false, id:138}), (n80 :L3{k23:true, id:80}) MERGE (n138)<-[r136 :T4{k71:true, k72:-1620017706, k75:true}]-(n80) RETURN *;
MATCH (n138 :L3 :L4 :L5{k23:false, k25:'D', k27:-1329389421, k32:902040575, k35:false, id:138}), (n127 :L0 :L6{k2:true, k5:-545375312, id:127}) MERGE (n138)<-[r137 :T0]-(n127) RETURN *;
MATCH (n138 :L3 :L4 :L5{k23:false, k25:'D', k27:-1329389421, k32:902040575, k35:false, id:138}), (n163 :L1 :L3{k22:'', k23:true, id:163}) MERGE (n138)-[r138 :T3{k66:44048175, k70:'4K'}]->(n163) RETURN *;
MATCH (n140 :L0 :L2 :L4 :L5{k0:'6Y8', k34:598163042, id:140}), (n84 :L0 :L2{k0:'J', k4:'4', k16:'7W', id:84}) MERGE (n140)<-[r139 :T3{k66:-1182396116, k67:true}]-(n84) RETURN *;
MATCH (n140 :L0 :L2 :L4 :L5{k0:'6Y8', k34:598163042, id:140}), (n121{id:121}) MERGE (n140)<-[r140 :T1]-(n121) RETURN *;
MATCH (n142 :L0 :L1{k0:'UQZh', k1:'w', k12:'1b', k13:false, id:142}), (n97 :L4{k25:'X', id:97}) MERGE (n142)-[r141 :T2{k60:-1614568656, k61:57995693}]->(n97) RETURN *;
MATCH (n142 :L0 :L1{k0:'UQZh', k1:'w', k12:'1b', k13:false, id:142}), (n134 :L0 :L3 :L5{k3:'GkLR6nvH5', k20:-1573219296, k38:316804431, id:134}) MERGE (n142)<-[r142 :T3{k68:2120313471}]-(n134) RETURN *;
MATCH (n142 :L0 :L1{k0:'UQZh', k1:'w', k12:'1b', k13:false, id:142}), (n179 :L0{k4:'ID7JKAiJB', id:179}) MERGE (n142)-[r143 :T3]->(n179) RETURN *;
MATCH (n143 :L1 :L2{k11:true, k14:'kkRy', k16:'Tto5tZGNl', id:143}), (n56 :L1{k7:'D', k12:'XJcvX0', id:56}) MERGE (n143)<-[r144 :T0{k46:'3M', k47:true}]-(n56) RETURN *;
MATCH (n144 :L6{k41:-1329389421, id:144}), (n99 :L0 :L3{k2:false, id:99}) MERGE (n144)-[r145 :T0]->(n99) RETURN *;
MATCH (n145 :L1 :L5{k35:false, id:145}), (n47{id:47}) MERGE (n145)<-[r146 :T2{k63:true}]-(n47) RETURN *;
MATCH (n145 :L1 :L5{k35:false, id:145}), (n50{id:50}) MERGE (n145)-[r147 :T4{k73:'Jc'}]->(n50) RETURN *;
MATCH (n147 :L2 :L5{k18:true, k32:5843550, k34:1460944263, k36:'xz9lT8', id:147}), (n53{id:53}) MERGE (n147)<-[r148 :T0{k48:'UEVfgx3g'}]-(n53) RETURN *;
MATCH (n147 :L2 :L5{k18:true, k32:5843550, k34:1460944263, k36:'xz9lT8', id:147}), (n95 :L0 :L2 :L4 :L5{k5:-1726605291, k17:'l12KbGU', id:95}) MERGE (n147)-[r149 :T0]->(n95) RETURN *;
MATCH (n149 :L1 :L3 :L4 :L5{k10:false, k20:-1620017706, k31:-1726605291, k33:false, id:149}), (n139 :L2 :L4 :L5{k15:-783496738, k33:false, k35:false, k36:'', id:139}) MERGE (n149)-[r150 :T0{k49:45976142, k50:1941166563}]->(n139) RETURN *;
MATCH (n150 :L6{k42:'1', k44:false, id:150}), (n63{id:63}) MERGE (n150)-[r151 :T4{k74:-1202937380}]->(n63) RETURN *;
MATCH (n150 :L6{k42:'1', k44:false, id:150}), (n105{id:105}) MERGE (n150)<-[r152 :T0]-(n105) RETURN *;
MATCH (n150 :L6{k42:'1', k44:false, id:150}), (n151 :L2{id:151}) MERGE (n150)-[r153 :T2{k63:false}]->(n151) RETURN *;
MATCH (n153 :L0 :L5{k2:false, k3:'j', k6:'A', id:153}), (n166{id:166}) MERGE (n153)-[r154 :T1{k53:-2017084628, k55:1015220138, k57:true}]->(n166) RETURN *;
MATCH (n154 :L4 :L5{k25:'fK', k26:'Lf', k30:true, k31:1802870767, k33:true, k35:false, id:154}), (n26 :L5{id:26}) MERGE (n154)-[r155 :T3{k66:-426069204}]->(n26) RETURN *;
MATCH (n156 :L3 :L4 :L5{k20:-9223372036854775807, k27:-1098837290, k31:-536588448, id:156}), (n89 :L0 :L5{k1:'', k4:'VQ1Ni', k32:-783496738, k34:1307455037, id:89}) MERGE (n156)-[r156 :T1{k53:1391897186, k54:false, k56:-130983454}]->(n89) RETURN *;
MATCH (n159 :L4 :L6{k31:-1576088474, k42:'', k44:false, id:159}), (n68 :L3 :L5 :L6{k19:true, k20:1253292294, k24:false, k36:'ZSAzQ', k38:1632602814, k39:'i7', k40:true, id:68}) MERGE (n159)<-[r157 :T3{k65:987294074}]-(n68) RETURN *;
MATCH (n160 :L4 :L5 :L6{k35:true, k38:937438291, k44:true, id:160}), (n19{id:19}) MERGE (n160)<-[r158 :T1{k54:true}]-(n19) RETURN *;
MATCH (n160 :L4 :L5 :L6{k35:true, k38:937438291, k44:true, id:160}), (n62 :L0 :L4{k3:'uzC', k5:1802870767, k27:198067572, k29:true, k30:true, id:62}) MERGE (n160)<-[r159 :T3]-(n62) RETURN *;
MATCH (n162 :L4 :L6{k26:'mT', k31:57995693, k40:false, k43:true, id:162}), (n45 :L2 :L6{k14:'ldKS', k16:'Tc', k42:'', id:45}) MERGE (n162)<-[r160 :T4{k71:false, k73:'wDWEaff1', k75:true}]-(n45) RETURN *;
MATCH (n162 :L4 :L6{k26:'mT', k31:57995693, k40:false, k43:true, id:162}), (n101{id:101}) MERGE (n162)<-[r161 :T2]-(n101) RETURN *;
MATCH (n166{id:166}), (n106 :L3 :L5{k19:true, k22:'xe', k35:true, id:106}) MERGE (n166)<-[r162 :T3{k69:false}]-(n106) RETURN *;
MATCH (n166{id:166}), (n109{id:109}) MERGE (n166)-[r163 :T3]->(n109) RETURN *;
MATCH (n168 :L4{k26:'c', k29:true, id:168}), (n80 :L3{k23:true, id:80}) MERGE (n168)<-[r164 :T0{k45:'', k47:true}]-(n80) RETURN *;
MATCH (n168 :L4{k26:'c', k29:true, id:168}), (n87 :L4{id:87}) MERGE (n168)<-[r165 :T0{k46:'T8BQM'}]-(n87) RETURN *;
MATCH (n169 :L1{k11:true, id:169}), (n22{id:22}) MERGE (n169)-[r166 :T0]->(n22) RETURN *;
MATCH (n170 :L5{id:170}), (n62 :L0 :L4{k3:'uzC', k5:1802870767, k27:198067572, k29:true, k30:true, id:62}) MERGE (n170)-[r167 :T4]->(n62) RETURN *;
MATCH (n170 :L5{id:170}), (n147 :L2 :L5{k18:true, k32:5843550, k34:1460944263, k36:'xz9lT8', id:147}) MERGE (n170)-[r168 :T0{k45:'k', k47:true, k50:-1672256744}]->(n147) RETURN *;
MATCH (n171 :L1{k11:true, id:171}), (n88{id:88}) MERGE (n171)-[r169 :T3{k65:336668281, k68:-976958820, k69:false, k70:'W'}]->(n88) RETURN *;
MATCH (n174 :L1 :L3{k9:true, k11:true, k13:true, k22:'R7NgRvX', k23:false, id:174}), (n37 :L0{k6:'', id:37}) MERGE (n174)-[r170 :T2]->(n37) RETURN *;
MATCH (n175 :L5{k37:'J', id:175}), (n46 :L0 :L6{k2:true, k3:'', k4:'eU', k6:'D0', id:46}) MERGE (n175)-[r171 :T0{k47:false}]->(n46) RETURN *;
MATCH (n175 :L5{k37:'J', id:175}), (n56 :L1{k7:'D', k12:'XJcvX0', id:56}) MERGE (n175)<-[r172 :T0]-(n56) RETURN *;
MATCH (n176 :L0 :L3 :L4{k3:'S8b477w', k4:'p', k19:false, k20:1774003554, k30:true, id:176}), (n7 :L4 :L5{id:7}) MERGE (n176)<-[r173 :T3{k66:-1726605291, k67:false, k69:false}]-(n7) RETURN *;
MATCH (n177 :L6{k40:false, k44:false, id:177}), (n78{id:78}) MERGE (n177)<-[r174 :T3{k66:-587753845}]-(n78) RETURN *;
MATCH (n178 :L4{id:178}), (n159 :L4 :L6{k31:-1576088474, k42:'', k44:false, id:159}) MERGE (n178)<-[r175 :T3]-(n159) RETURN *;
MATCH (n179 :L0{k4:'ID7JKAiJB', id:179}), (n16 :L1 :L2 :L5{k8:'0Y3', k11:false, k16:'eO', id:16}) MERGE (n179)-[r176 :T3{k70:'0UZQXF'}]->(n16) RETURN *;
MATCH (n179 :L0{k4:'ID7JKAiJB', id:179}), (n100 :L6{k39:'b', id:100}) MERGE (n179)-[r177 :T1{k54:true}]->(n100) RETURN *;
MATCH (n179 :L0{k4:'ID7JKAiJB', id:179}), (n130 :L1 :L2{k10:false, k11:true, id:130}) MERGE (n179)<-[r178 :T4]-(n130) RETURN *;
MATCH (n181 :L2 :L4{k15:1753485632, k17:'oj6wdV', k30:false, id:181}), (n11 :L5{k35:true, k38:1427764302, id:11}) MERGE (n181)<-[r179 :T4]-(n11) RETURN *;
MATCH (n181 :L2 :L4{k15:1753485632, k17:'oj6wdV', k30:false, id:181}), (n46 :L0 :L6{k2:true, k3:'', k4:'eU', k6:'D0', id:46}) MERGE (n181)<-[r180 :T2{k58:false, k59:'', k60:-512222958, k63:true}]-(n46) RETURN *;
MATCH (n181 :L2 :L4{k15:1753485632, k17:'oj6wdV', k30:false, id:181}), (n116 :L6{id:116}) MERGE (n181)-[r181 :T1{k51:-1663908409, k57:true}]->(n116) RETURN *;
MATCH (n181 :L2 :L4{k15:1753485632, k17:'oj6wdV', k30:false, id:181}), (n134 :L0 :L3 :L5{k3:'GkLR6nvH5', k20:-1573219296, k38:316804431, id:134}) MERGE (n181)-[r182 :T2]->(n134) RETURN *;
MATCH (n184 :L0 :L1{k1:'MY3SYJob', k11:false, k12:'v', id:184}), (n108{id:108}) MERGE (n184)<-[r183 :T1{k53:-1296313669}]-(n108) RETURN *;
MATCH (n184 :L0 :L1{k1:'MY3SYJob', k11:false, k12:'v', id:184}), (n179 :L0{k4:'ID7JKAiJB', id:179}) MERGE (n184)<-[r184 :T2{k58:false, k60:-1054427148, k61:-1697889628}]-(n179) RETURN *;
MATCH (n185 :L2 :L3{k19:true, k20:1638341715, k24:false, id:185}), (n196 :L0 :L2 :L3{k4:'', id:196}) MERGE (n185)<-[r185 :T4{k72:-716521428, k73:'tU68GwZ', k74:1015220138}]-(n196) RETURN *;
MATCH (n187 :L3 :L5{k20:-2005379788, k38:1235712812, id:187}), (n70 :L0{k2:true, id:70}) MERGE (n187)-[r186 :T1{k52:116965903, k57:true}]->(n70) RETURN *;
MATCH (n192 :L0{k0:'a6', k2:true, k6:'HM2iU', id:192}), (n13{id:13}) MERGE (n192)-[r187 :T2{k61:-1304246077, k62:true}]->(n13) RETURN *;
MATCH (n192 :L0{k0:'a6', k2:true, k6:'HM2iU', id:192}), (n170 :L5{id:170}) MERGE (n192)<-[r188 :T3{k67:true, k68:2048218224}]-(n170) RETURN *;
MATCH (n192 :L0{k0:'a6', k2:true, k6:'HM2iU', id:192}), (n173 :L5{k34:935145472, id:173}) MERGE (n192)<-[r189 :T2]-(n173) RETURN *;
MATCH (n192 :L0{k0:'a6', k2:true, k6:'HM2iU', id:192}), (n183 :L1 :L2 :L3{k9:true, k13:false, k15:1133183017, k20:198067572, k21:'A', k22:'wbE', id:183}) MERGE (n192)-[r190 :T0{k46:'1ltcYraE', k49:-1120927925}]->(n183) RETURN *;
MATCH (n194 :L3{k21:'', k22:'iW', id:194}), (n77 :L6{k39:'TKQb', k44:false, id:77}) MERGE (n194)-[r191 :T2{k60:-142434471, k64:true}]->(n77) RETURN *;
MATCH (n195{id:195}), (n74{id:74}) MERGE (n195)<-[r192 :T1{k56:932659879}]-(n74) RETURN *;
MATCH (n197 :L2 :L4{k17:'', k27:-42544617, id:197}), (n5{id:5}) MERGE (n197)-[r193 :T4{k71:true}]->(n5) RETURN *;
MATCH (n198 :L2 :L5{k37:'S', id:198}), (n87 :L4{id:87}) MERGE (n198)<-[r194 :T3{k66:419099878}]-(n87) RETURN *;
MATCH (n198 :L2 :L5{k37:'S', id:198}), (n143 :L1 :L2{k11:true, k14:'kkRy', k16:'Tto5tZGNl', id:143}) MERGE (n198)-[r195 :T4{k74:1355380267}]->(n143) RETURN *;
MATCH (n198 :L2 :L5{k37:'S', id:198}), (n192 :L0{k0:'a6', k2:true, k6:'HM2iU', id:192}) MERGE (n198)<-[r196 :T1{k56:1597523033}]-(n192) RETURN *;
MATCH (n199{id:199}), (n180 :L2{k15:44048175, id:180}) MERGE (n199)<-[r197 :T1{k51:65283722, k54:true, k56:766837200}]-(n180) RETURN *;