CREATE (n0 :L2{id:0}) RETURN *;
CREATE (n1 :L1 :L2 :L3 :L5{k10:'vpkYPN', k11:'1', k15:'d', k17:'q', k22:true, k23:-1804498524, id:1}) RETURN *;
CREATE (n2 :L0 :L3{k0:1882377677, k2:true, id:2}) RETURN *;
CREATE (n3 :L1{k10:'UX', id:3}) RETURN *;
CREATE (n4 :L2 :L4{k12:true, k28:1882377677, id:4}) RETURN *;
CREATE (n5 :L1 :L5{k7:'sk', k34:'', k35:'', id:5}) RETURN *;
CREATE (n6{id:6}) RETURN *;
CREATE (n7 :L2 :L4{k16:false, k28:630471260, id:7}) RETURN *;
CREATE (n8{id:8}) RETURN *;
CREATE (n9 :L5{k31:'', k33:'', k36:true, id:9}) RETURN *;
CREATE (n10 :L0 :L4{k3:false, k25:737887670, k28:-1804498524, id:10}) RETURN *;
CREATE (n11{id:11}) RETURN *;
CREATE (n12 :L3 :L4{k18:false, k22:false, k24:737887670, k26:false, k28:630471260, id:12}) RETURN *;
CREATE (n13 :L2 :L5{k13:'', k34:'IeT632pjx', k36:true, id:13}) RETURN *;
CREATE (n14 :L2 :L3{k20:'cM8h', id:14}) RETURN *;
CREATE (n15 :L2{k16:false, id:15}) RETURN *;
CREATE (n16 :L3 :L6{k18:true, k19:true, k20:'', k37:false, k39:false, k40:'Mn', id:16}) RETURN *;
CREATE (n17 :L1 :L2 :L3 :L5{k21:true, k22:false, id:17}) RETURN *;
CREATE (n18 :L3{k18:false, k21:true, id:18}) RETURN *;
CREATE (n19 :L6{k39:true, id:19}) RETURN *;
CREATE (n20{id:20}) RETURN *;
CREATE (n21 :L1 :L3{k8:true, k9:-1160099010, k23:-1441052668, id:21}) RETURN *;
CREATE (n22 :L3{k22:true, id:22}) RETURN *;
CREATE (n23 :L1{k7:'b', k8:false, k10:'', id:23}) RETURN *;
CREATE (n24 :L0 :L4 :L5{k1:-598518416, k26:true, k31:'iM', k35:'avTM', id:24}) RETURN *;
CREATE (n25{id:25}) RETURN *;
CREATE (n26 :L0 :L1 :L5{k30:'', k32:false, k33:'', k34:'', id:26}) RETURN *;
CREATE (n27 :L0 :L6{k40:'', id:27}) RETURN *;
CREATE (n28 :L1 :L3{k8:true, k11:'5v', k18:false, k21:true, k23:-1160099010, id:28}) RETURN *;
CREATE (n29 :L0 :L3{id:29}) RETURN *;
CREATE (n30 :L1 :L3 :L5{k22:true, k32:false, id:30}) RETURN *;
CREATE (n31{id:31}) RETURN *;
CREATE (n32 :L2{id:32}) RETURN *;
CREATE (n33{id:33}) RETURN *;
CREATE (n34 :L4{k26:false, id:34}) RETURN *;
CREATE (n35{id:35}) RETURN *;
CREATE (n36{id:36}) RETURN *;
CREATE (n37{id:37}) RETURN *;
CREATE (n38{id:38}) RETURN *;
CREATE (n39 :L0 :L1 :L3{k6:'', id:39}) RETURN *;
CREATE (n40{id:40}) RETURN *;
CREATE (n41 :L1{k7:'u', k10:'li', id:41}) RETURN *;
CREATE (n42 :L5{k30:'', k36:true, id:42}) RETURN *;
CREATE (n43{id:43}) RETURN *;
CREATE (n44 :L2 :L3 :L5 :L6{k14:false, k15:'dW', k18:false, k35:'', id:44}) RETURN *;
CREATE (n45 :L0 :L6{k6:'', k37:true, k38:false, k39:true, k41:false, id:45}) RETURN *;
CREATE (n46{id:46}) RETURN *;
CREATE (n47{id:47}) RETURN *;
CREATE (n48 :L2 :L4{k12:false, k14:true, k15:'', k16:false, k29:'n54', id:48}) RETURN *;
CREATE (n49{id:49}) RETURN *;
CREATE (n50 :L3{k22:false, k23:1986533906, id:50}) RETURN *;
CREATE (n51 :L0{k0:-2059868511, k2:true, id:51}) RETURN *;
CREATE (n52 :L5{id:52}) RETURN *;
CREATE (n53{id:53}) RETURN *;
CREATE (n54 :L0 :L5{k3:false, k34:'', id:54}) RETURN *;
CREATE (n55 :L0 :L2 :L5 :L6{k0:-2059868511, k2:true, k4:'N4', k30:'w4', k32:false, k34:'5n', k36:true, k41:false, id:55}) RETURN *;
CREATE (n56 :L1 :L2{k10:'', k12:true, id:56}) RETURN *;
CREATE (n57{id:57}) RETURN *;
CREATE (n58 :L5{k31:'', k32:false, id:58}) RETURN *;
CREATE (n59 :L0 :L1 :L4{id:59}) RETURN *;
CREATE (n60 :L0{id:60}) RETURN *;
CREATE (n61 :L1 :L6{k8:true, k38:false, k41:false, id:61}) RETURN *;
CREATE (n62 :L2{k16:false, id:62}) RETURN *;
CREATE (n63 :L3{id:63}) RETURN *;
CREATE (n64 :L0 :L4{k1:1653908862, k4:'DhHZX', k5:-1546975462, k6:'ZBNI', k25:1930778543, k27:true, id:64}) RETURN *;
CREATE (n65 :L6{k39:false, id:65}) RETURN *;
CREATE (n66{id:66}) RETURN *;
CREATE (n67 :L0 :L4{k1:-71202701, k6:'d', k29:'', id:67}) RETURN *;
CREATE (n68 :L0 :L5{k1:-598518416, k3:true, k6:'8', k32:true, id:68}) RETURN *;
CREATE (n69{id:69}) RETURN *;
CREATE (n70 :L1 :L2{id:70}) RETURN *;
CREATE (n71 :L1{k9:-208710441, id:71}) RETURN *;
CREATE (n72 :L0 :L3{k1:-824808878, k4:'omIvH2JCh', id:72}) RETURN *;
CREATE (n73 :L2 :L3 :L4{k14:true, k19:false, k22:true, k24:0, id:73}) RETURN *;
CREATE (n74 :L1{k9:-1546975462, id:74}) RETURN *;
CREATE (n75 :L1{k8:false, k11:'', id:75}) RETURN *;
CREATE (n76 :L3 :L6{k18:true, k39:true, k41:false, id:76}) RETURN *;
CREATE (n77{id:77}) RETURN *;
CREATE (n78 :L1{id:78}) RETURN *;
CREATE (n79 :L3 :L4 :L5{k19:true, k30:'7tv', k31:'H', k32:true, k33:'C', id:79}) RETURN *;
CREATE (n80 :L0 :L4{k3:false, id:80}) RETURN *;
CREATE (n81 :L0 :L2{k3:true, k4:'rw', k15:'OiDZjSPfy', id:81}) RETURN *;
CREATE (n82 :L4 :L5 :L6{k24:1308082470, k27:false, k36:false, id:82}) RETURN *;
CREATE (n83{id:83}) RETURN *;
CREATE (n84 :L1 :L4 :L5{k7:'', k11:'ARDcP', k32:false, k35:'07', id:84}) RETURN *;
CREATE (n85 :L3 :L4{k18:false, k23:-1241330387, k29:'V', id:85}) RETURN *;
CREATE (n86 :L1{k8:false, id:86}) RETURN *;
CREATE (n87 :L0{k5:589678250, id:87}) RETURN *;
CREATE (n88 :L0 :L1 :L5{k5:-900242751, k36:true, id:88}) RETURN *;
CREATE (n89 :L3{id:89}) RETURN *;
CREATE (n90{id:90}) RETURN *;
CREATE (n91 :L0 :L3 :L6{k4:'6j', k23:2096608141, k38:false, id:91}) RETURN *;
CREATE (n92 :L0 :L3 :L4{k4:'Q', k20:'', id:92}) RETURN *;
CREATE (n93 :L1 :L2{k8:false, k12:true, k13:'IwSR', k17:'d7Uaz1T', id:93}) RETURN *;
CREATE (n94 :L6{k40:'zE', id:94}) RETURN *;
CREATE (n95 :L2{k13:'RjZU', id:95}) RETURN *;
CREATE (n96{id:96}) RETURN *;
CREATE (n97{id:97}) RETURN *;
CREATE (n98 :L5{id:98}) RETURN *;
CREATE (n99 :L2 :L4{k24:139014007, k26:false, id:99}) RETURN *;
CREATE (n100{id:100}) RETURN *;
CREATE (n101 :L3 :L4{k18:true, k23:-1546975462, k27:true, id:101}) RETURN *;
CREATE (n102 :L0{k3:true, id:102}) RETURN *;
CREATE (n103 :L1 :L4{k11:'B', k26:false, k28:863752957, id:103}) RETURN *;
CREATE (n104 :L4{id:104}) RETURN *;
CREATE (n105 :L4{k25:-1804498524, k29:'w', id:105}) RETURN *;
CREATE (n106 :L4{k25:1801940093, k29:'xkUXTn6o', id:106}) RETURN *;
CREATE (n107 :L0 :L6{k39:false, id:107}) RETURN *;
CREATE (n108 :L1 :L6{k37:true, id:108}) RETURN *;
CREATE (n109 :L2 :L3 :L5{k30:'', id:109}) RETURN *;
CREATE (n110{id:110}) RETURN *;
CREATE (n111 :L0{id:111}) RETURN *;
CREATE (n112 :L2 :L4{k14:true, k25:1635737424, k26:true, id:112}) RETURN *;
CREATE (n113{id:113}) RETURN *;
CREATE (n114{id:114}) RETURN *;
CREATE (n115 :L0 :L2{k0:1821430422, k13:'', k15:'gsi8FkrO', k16:false, id:115}) RETURN *;
CREATE (n116 :L0{k1:1635737424, k2:false, id:116}) RETURN *;
CREATE (n117 :L2{k14:true, k17:'Hj0VUL7', id:117}) RETURN *;
CREATE (n118 :L0{k5:1899526721, k6:'3MsB', id:118}) RETURN *;
CREATE (n119 :L0{k4:'1', k5:884223826, id:119}) RETURN *;
CREATE (n120 :L0 :L1{k4:'', id:120}) RETURN *;
CREATE (n121 :L1{id:121}) RETURN *;
CREATE (n122{id:122}) RETURN *;
CREATE (n123 :L1{k7:'hLiDoFTw', k9:509551151, id:123}) RETURN *;
CREATE (n124 :L4{id:124}) RETURN *;
CREATE (n125 :L5{k32:true, k36:true, id:125}) RETURN *;
CREATE (n126 :L0 :L1{k4:'Eu', k5:-1640096325, k6:'crZU', k7:'cm0', id:126}) RETURN *;
CREATE (n127 :L2 :L5 :L6{k14:true, k31:'e8', k33:'vR', id:127}) RETURN *;
CREATE (n128 :L1 :L3{k10:'i5', k19:true, k22:false, id:128}) RETURN *;
CREATE (n129 :L1{k7:'', k9:-1160099010, id:129}) RETURN *;
CREATE (n130{id:130}) RETURN *;
CREATE (n131 :L5{k36:false, id:131}) RETURN *;
CREATE (n132 :L2{k13:'heTa', k15:'n', id:132}) RETURN *;
CREATE (n133 :L3{k20:'X', id:133}) RETURN *;
CREATE (n134 :L1 :L4 :L6{k27:false, k28:-280038808, k39:true, id:134}) RETURN *;
CREATE (n135{id:135}) RETURN *;
CREATE (n136 :L3 :L5 :L6{k18:false, k30:'', k34:'0V', id:136}) RETURN *;
CREATE (n137 :L6{id:137}) RETURN *;
CREATE (n138 :L1 :L2 :L3{k8:false, k10:'', k17:'Y', k19:true, k22:false, id:138}) RETURN *;
CREATE (n139 :L0 :L1{k5:0, k7:'', k10:'yYbZdD5sP', id:139}) RETURN *;
CREATE (n140 :L4 :L5{k24:-1717103159, k31:'6nNQ', k34:'eP', id:140}) RETURN *;
CREATE (n141{id:141}) RETURN *;
CREATE (n142 :L0 :L6{k3:true, k37:true, id:142}) RETURN *;
CREATE (n143 :L0 :L3{k6:'10', k18:false, id:143}) RETURN *;
CREATE (n144{id:144}) RETURN *;
CREATE (n145 :L2{k12:false, id:145}) RETURN *;
CREATE (n146 :L4{id:146}) RETURN *;
CREATE (n147 :L0 :L6{k40:'Q1sRH', id:147}) RETURN *;
CREATE (n148 :L6{k38:true, k40:'IXh', id:148}) RETURN *;
CREATE (n149 :L0 :L2{k2:true, k3:false, k16:false, k17:'', id:149}) RETURN *;
CREATE (n150 :L4{k27:false, id:150}) RETURN *;
CREATE (n151 :L4{k25:-208710441, k26:true, id:151}) RETURN *;
CREATE (n152{id:152}) RETURN *;
CREATE (n153 :L6{k40:'hF73', id:153}) RETURN *;
CREATE (n154{id:154}) RETURN *;
CREATE (n155 :L2{k13:'', k14:false, id:155}) RETURN *;
CREATE (n156 :L4{id:156}) RETURN *;
CREATE (n157{id:157}) RETURN *;
CREATE (n158 :L0 :L6{k6:'Hz', id:158}) RETURN *;
CREATE (n159 :L5{id:159}) RETURN *;
CREATE (n160 :L0 :L3{k2:true, id:160}) RETURN *;
CREATE (n161 :L2 :L5{k12:true, k13:'nZ', k15:'a', k32:true, k36:false, id:161}) RETURN *;
CREATE (n162 :L4{k28:-1546062981, k29:'', id:162}) RETURN *;
CREATE (n163 :L3 :L4 :L5{k25:-1178310612, k26:false, k28:-582050458, k31:'', k36:true, id:163}) RETURN *;
CREATE (n164 :L1 :L5{k8:false, k31:'wibdJznNZ', k32:false, id:164}) RETURN *;
CREATE (n165{id:165}) RETURN *;
CREATE (n166 :L4 :L5{k24:1505384428, k33:'vGBFkMz9', id:166}) RETURN *;
CREATE (n167 :L1{id:167}) RETURN *;
CREATE (n168 :L4 :L6{k29:'', id:168}) RETURN *;
CREATE (n169 :L2 :L4{k24:-938259922, k25:-1967792446, k27:true, id:169}) RETURN *;
CREATE (n170{id:170}) RETURN *;
CREATE (n171 :L3 :L4{k19:true, k24:-1546062981, k28:-208710441, id:171}) RETURN *;
CREATE (n172 :L3 :L6{k40:'g1e', id:172}) RETURN *;
CREATE (n173 :L6{k38:false, id:173}) RETURN *;
CREATE (n174 :L3 :L4 :L5{k21:true, k22:true, k23:676107162, k27:true, k28:-52083308, k35:'n6TXw2gZ', id:174}) RETURN *;
CREATE (n175 :L1 :L3{k9:253141678, id:175}) RETURN *;
CREATE (n176 :L3 :L4{k20:'6ycgz', k23:-146476900, k27:false, id:176}) RETURN *;
CREATE (n177 :L0 :L1{k0:-284492788, k2:true, id:177}) RETURN *;
CREATE (n178 :L2 :L4 :L6{k15:'yNS5w', k16:true, k17:'', k26:false, k39:true, id:178}) RETURN *;
CREATE (n179{id:179}) RETURN *;
CREATE (n180 :L1 :L3{k10:'hCYJRnSx', id:180}) RETURN *;
CREATE (n181 :L0 :L5{k36:true, id:181}) RETURN *;
CREATE (n182 :L3 :L4{k22:true, k26:false, k27:false, id:182}) RETURN *;
CREATE (n183 :L4 :L6{k24:253141678, k25:903917191, id:183}) RETURN *;
CREATE (n184 :L4{k27:true, id:184}) RETURN *;
CREATE (n185 :L3 :L6{k21:true, k22:false, id:185}) RETURN *;
CREATE (n186 :L2 :L3{k19:true, k22:true, k23:111169213, id:186}) RETURN *;
CREATE (n187{id:187}) RETURN *;
CREATE (n188 :L0 :L3 :L4 :L5{k0:-1548682921, k4:'nn', k21:false, k28:947573186, k33:'ZnG8', k35:'MMG2P', id:188}) RETURN *;
CREATE (n189 :L0{k3:false, id:189}) RETURN *;
CREATE (n190 :L0 :L2{k3:false, k4:'', k12:true, k14:false, k17:'O', id:190}) RETURN *;
CREATE (n191{id:191}) RETURN *;
CREATE (n192 :L4 :L5 :L6{k24:-1451575608, k33:'5KPgG1', k35:'9', k36:false, id:192}) RETURN *;
CREATE (n193{id:193}) RETURN *;
CREATE (n194 :L1 :L3 :L5{k7:'A', k23:985750461, k34:'Hu', id:194}) RETURN *;
CREATE (n195 :L0 :L2{k5:530906873, k13:'', k17:'', id:195}) RETURN *;
CREATE (n196 :L6{id:196}) RETURN *;
CREATE (n197 :L4 :L5{k31:'w3j', id:197}) RETURN *;
CREATE (n198 :L2{k13:'EmZ', id:198}) RETURN *;
CREATE (n199 :L6{id:199}) RETURN *;
MATCH (n0 :L2{id:0}), (n20{id:20}) MERGE (n0)<-[r0 :T0{k48:true}]-(n20) RETURN *;
MATCH (n1 :L1 :L2 :L3 :L5{k10:'vpkYPN', k11:'1', k15:'d', k17:'q', k22:true, k23:-1804498524, id:1}), (n16 :L3 :L6{k18:true, k19:true, k20:'', k37:false, k39:false, k40:'Mn', id:16}) MERGE (n1)-[r1 :T0]->(n16) RETURN *;
MATCH (n1 :L1 :L2 :L3 :L5{k10:'vpkYPN', k11:'1', k15:'d', k17:'q', k22:true, k23:-1804498524, id:1}), (n30 :L1 :L3 :L5{k22:true, k32:false, id:30}) MERGE (n1)-[r2 :T0{k47:-1576457743}]->(n30) RETURN *;
MATCH (n2 :L0 :L3{k0:1882377677, k2:true, id:2}), (n102 :L0{k3:true, id:102}) MERGE (n2)-[r3 :T5{k74:''}]->(n102) RETURN *;
MATCH (n2 :L0 :L3{k0:1882377677, k2:true, id:2}), (n128 :L1 :L3{k10:'i5', k19:true, k22:false, id:128}) MERGE (n2)<-[r4 :T5]-(n128) RETURN *;
MATCH (n3 :L1{k10:'UX', id:3}), (n92 :L0 :L3 :L4{k4:'Q', k20:'', id:92}) MERGE (n3)-[r5 :T2]->(n92) RETURN *;
MATCH (n4 :L2 :L4{k12:true, k28:1882377677, id:4}), (n18 :L3{k18:false, k21:true, id:18}) MERGE (n4)<-[r6 :T4{k68:false, k69:'ouxEn', k72:true}]-(n18) RETURN *;
MATCH (n4 :L2 :L4{k12:true, k28:1882377677, id:4}), (n27 :L0 :L6{k40:'', id:27}) MERGE (n4)-[r7 :T3{k61:-284492788, k65:'vE'}]->(n27) RETURN *;
MATCH (n4 :L2 :L4{k12:true, k28:1882377677, id:4}), (n41 :L1{k7:'u', k10:'li', id:41}) MERGE (n4)<-[r8 :T4{k68:true}]-(n41) RETURN *;
MATCH (n6{id:6}), (n44 :L2 :L3 :L5 :L6{k14:false, k15:'dW', k18:false, k35:'', id:44}) MERGE (n6)-[r9 :T0{k43:859041887, k48:false}]->(n44) RETURN *;
MATCH (n6{id:6}), (n181 :L0 :L5{k36:true, id:181}) MERGE (n6)-[r10 :T3{k62:false, k63:false, k65:'B'}]->(n181) RETURN *;
MATCH (n8{id:8}), (n116 :L0{k1:1635737424, k2:false, id:116}) MERGE (n8)<-[r11 :T2{k54:false, k56:863752957}]-(n116) RETURN *;
MATCH (n9 :L5{k31:'', k33:'', k36:true, id:9}), (n24 :L0 :L4 :L5{k1:-598518416, k26:true, k31:'iM', k35:'avTM', id:24}) MERGE (n9)<-[r12 :T1{k52:-2053481212}]-(n24) RETURN *;
MATCH (n10 :L0 :L4{k3:false, k25:737887670, k28:-1804498524, id:10}), (n161 :L2 :L5{k12:true, k13:'nZ', k15:'a', k32:true, k36:false, id:161}) MERGE (n10)<-[r13 :T1{k49:true, k52:-184432534, k53:615313591}]-(n161) RETURN *;
MATCH (n11{id:11}), (n39 :L0 :L1 :L3{k6:'', id:39}) MERGE (n11)-[r14 :T1{k51:'KSNaic'}]->(n39) RETURN *;
MATCH (n12 :L3 :L4{k18:false, k22:false, k24:737887670, k26:false, k28:630471260, id:12}), (n114{id:114}) MERGE (n12)<-[r15 :T4{k68:false, k72:true}]-(n114) RETURN *;
MATCH (n14 :L2 :L3{k20:'cM8h', id:14}), (n77{id:77}) MERGE (n14)-[r16 :T3]->(n77) RETURN *;
MATCH (n14 :L2 :L3{k20:'cM8h', id:14}), (n107 :L0 :L6{k39:false, id:107}) MERGE (n14)-[r17 :T1{k52:-1366381558}]->(n107) RETURN *;
MATCH (n14 :L2 :L3{k20:'cM8h', id:14}), (n117 :L2{k14:true, k17:'Hj0VUL7', id:117}) MERGE (n14)-[r18 :T3]->(n117) RETURN *;
MATCH (n16 :L3 :L6{k18:true, k19:true, k20:'', k37:false, k39:false, k40:'Mn', id:16}), (n133 :L3{k20:'X', id:133}) MERGE (n16)<-[r19 :T4{k69:'0wVPjQ', k70:-1912517852, k72:true}]-(n133) RETURN *;
MATCH (n18 :L3{k18:false, k21:true, id:18}), (n52 :L5{id:52}) MERGE (n18)-[r20 :T0]->(n52) RETURN *;
MATCH (n18 :L3{k18:false, k21:true, id:18}), (n84 :L1 :L4 :L5{k7:'', k11:'ARDcP', k32:false, k35:'07', id:84}) MERGE (n18)-[r21 :T4{k67:'Txjzu', k69:'rbLj'}]->(n84) RETURN *;
MATCH (n20{id:20}), (n105 :L4{k25:-1804498524, k29:'w', id:105}) MERGE (n20)-[r22 :T2{k54:true}]->(n105) RETURN *;
MATCH (n21 :L1 :L3{k8:true, k9:-1160099010, k23:-1441052668, id:21}), (n166 :L4 :L5{k24:1505384428, k33:'vGBFkMz9', id:166}) MERGE (n21)<-[r23 :T2]-(n166) RETURN *;
MATCH (n22 :L3{k22:true, id:22}), (n15 :L2{k16:false, id:15}) MERGE (n22)-[r24 :T2{k57:''}]->(n15) RETURN *;
MATCH (n22 :L3{k22:true, id:22}), (n32 :L2{id:32}) MERGE (n22)<-[r25 :T1{k50:-250289955, k51:'R', k52:236429635}]-(n32) RETURN *;
MATCH (n22 :L3{k22:true, id:22}), (n180 :L1 :L3{k10:'hCYJRnSx', id:180}) MERGE (n22)<-[r26 :T5{k74:''}]-(n180) RETURN *;
MATCH (n24 :L0 :L4 :L5{k1:-598518416, k26:true, k31:'iM', k35:'avTM', id:24}), (n68 :L0 :L5{k1:-598518416, k3:true, k6:'8', k32:true, id:68}) MERGE (n24)<-[r27 :T4{k70:509551151}]-(n68) RETURN *;
MATCH (n24 :L0 :L4 :L5{k1:-598518416, k26:true, k31:'iM', k35:'avTM', id:24}), (n197 :L4 :L5{k31:'w3j', id:197}) MERGE (n24)-[r28 :T3]->(n197) RETURN *;
MATCH (n26 :L0 :L1 :L5{k30:'', k32:false, k33:'', k34:'', id:26}), (n8{id:8}) MERGE (n26)<-[r29 :T1{k51:'s'}]-(n8) RETURN *;
MATCH (n27 :L0 :L6{k40:'', id:27}), (n2 :L0 :L3{k0:1882377677, k2:true, id:2}) MERGE (n27)-[r30 :T1{k52:-2059868511}]->(n2) RETURN *;
MATCH (n27 :L0 :L6{k40:'', id:27}), (n167 :L1{id:167}) MERGE (n27)-[r31 :T3{k63:true, k64:'u'}]->(n167) RETURN *;
MATCH (n28 :L1 :L3{k8:true, k11:'5v', k18:false, k21:true, k23:-1160099010, id:28}), (n157{id:157}) MERGE (n28)<-[r32 :T2{k54:true, k55:'ESuch'}]-(n157) RETURN *;
MATCH (n30 :L1 :L3 :L5{k22:true, k32:false, id:30}), (n98 :L5{id:98}) MERGE (n30)-[r33 :T1]->(n98) RETURN *;
MATCH (n31{id:31}), (n176 :L3 :L4{k20:'6ycgz', k23:-146476900, k27:false, id:176}) MERGE (n31)<-[r34 :T0]-(n176) RETURN *;
MATCH (n31{id:31}), (n184 :L4{k27:true, id:184}) MERGE (n31)-[r35 :T4{k71:true}]->(n184) RETURN *;
MATCH (n32 :L2{id:32}), (n12 :L3 :L4{k18:false, k22:false, k24:737887670, k26:false, k28:630471260, id:12}) MERGE (n32)<-[r36 :T4]-(n12) RETURN *;
MATCH (n32 :L2{id:32}), (n183 :L4 :L6{k24:253141678, k25:903917191, id:183}) MERGE (n32)<-[r37 :T2{k57:'a', k60:'2Q82'}]-(n183) RETURN *;
MATCH (n33{id:33}), (n138 :L1 :L2 :L3{k8:false, k10:'', k17:'Y', k19:true, k22:false, id:138}) MERGE (n33)<-[r38 :T3{k65:'U1IS1'}]-(n138) RETURN *;
MATCH (n34 :L4{k26:false, id:34}), (n72 :L0 :L3{k1:-824808878, k4:'omIvH2JCh', id:72}) MERGE (n34)<-[r39 :T0{k47:-1640096325, k48:false}]-(n72) RETURN *;
MATCH (n35{id:35}), (n131 :L5{k36:false, id:131}) MERGE (n35)<-[r40 :T4]-(n131) RETURN *;
MATCH (n35{id:35}), (n135{id:135}) MERGE (n35)-[r41 :T1{k52:-1}]->(n135) RETURN *;
MATCH (n35{id:35}), (n166 :L4 :L5{k24:1505384428, k33:'vGBFkMz9', id:166}) MERGE (n35)<-[r42 :T4]-(n166) RETURN *;
MATCH (n35{id:35}), (n174 :L3 :L4 :L5{k21:true, k22:true, k23:676107162, k27:true, k28:-52083308, k35:'n6TXw2gZ', id:174}) MERGE (n35)<-[r43 :T2{k56:676107162}]-(n174) RETURN *;
MATCH (n37{id:37}), (n90{id:90}) MERGE (n37)-[r44 :T5{k74:'M', k78:false}]->(n90) RETURN *;
MATCH (n37{id:37}), (n140 :L4 :L5{k24:-1717103159, k31:'6nNQ', k34:'eP', id:140}) MERGE (n37)-[r45 :T1{k49:true, k52:-1935602438}]->(n140) RETURN *;
MATCH (n37{id:37}), (n172 :L3 :L6{k40:'g1e', id:172}) MERGE (n37)<-[r46 :T1{k51:'M8', k52:1252342422}]-(n172) RETURN *;
MATCH (n38{id:38}), (n9 :L5{k31:'', k33:'', k36:true, id:9}) MERGE (n38)-[r47 :T3{k63:true}]->(n9) RETURN *;
MATCH (n38{id:38}), (n85 :L3 :L4{k18:false, k23:-1241330387, k29:'V', id:85}) MERGE (n38)-[r48 :T2{k54:false, k55:''}]->(n85) RETURN *;
MATCH (n40{id:40}), (n42 :L5{k30:'', k36:true, id:42}) MERGE (n40)-[r49 :T4{k67:'6'}]->(n42) RETURN *;
MATCH (n41 :L1{k7:'u', k10:'li', id:41}), (n10 :L0 :L4{k3:false, k25:737887670, k28:-1804498524, id:10}) MERGE (n41)-[r50 :T3{k63:false}]->(n10) RETURN *;
MATCH (n41 :L1{k7:'u', k10:'li', id:41}), (n21 :L1 :L3{k8:true, k9:-1160099010, k23:-1441052668, id:21}) MERGE (n41)<-[r51 :T0]-(n21) RETURN *;
MATCH (n41 :L1{k7:'u', k10:'li', id:41}), (n149 :L0 :L2{k2:true, k3:false, k16:false, k17:'', id:149}) MERGE (n41)<-[r52 :T3{k61:-1933373515, k64:'ixkm'}]-(n149) RETURN *;
MATCH (n42 :L5{k30:'', k36:true, id:42}), (n190 :L0 :L2{k3:false, k4:'', k12:true, k14:false, k17:'O', id:190}) MERGE (n42)-[r53 :T0{k46:'x'}]->(n190) RETURN *;
MATCH (n43{id:43}), (n77{id:77}) MERGE (n43)-[r54 :T0{k45:false, k46:''}]->(n77) RETURN *;
MATCH (n44 :L2 :L3 :L5 :L6{k14:false, k15:'dW', k18:false, k35:'', id:44}), (n5 :L1 :L5{k7:'sk', k34:'', k35:'', id:5}) MERGE (n44)<-[r55 :T4{k66:false, k70:-791225476}]-(n5) RETURN *;
MATCH (n45 :L0 :L6{k6:'', k37:true, k38:false, k39:true, k41:false, id:45}), (n163 :L3 :L4 :L5{k25:-1178310612, k26:false, k28:-582050458, k31:'', k36:true, id:163}) MERGE (n45)-[r56 :T3{k61:-1344517299}]->(n163) RETURN *;
MATCH (n45 :L0 :L6{k6:'', k37:true, k38:false, k39:true, k41:false, id:45}), (n177 :L0 :L1{k0:-284492788, k2:true, id:177}) MERGE (n45)-[r57 :T0{k44:-1178310612}]->(n177) RETURN *;
MATCH (n47{id:47}), (n23 :L1{k7:'b', k8:false, k10:'', id:23}) MERGE (n47)<-[r58 :T5]-(n23) RETURN *;
MATCH (n47{id:47}), (n135{id:135}) MERGE (n47)<-[r59 :T3{k65:'6doRwS'}]-(n135) RETURN *;
MATCH (n48 :L2 :L4{k12:false, k14:true, k15:'', k16:false, k29:'n54', id:48}), (n112 :L2 :L4{k14:true, k25:1635737424, k26:true, id:112}) MERGE (n48)-[r60 :T4{k66:true, k69:'', k70:-1576457743}]->(n112) RETURN *;
MATCH (n49{id:49}), (n0 :L2{id:0}) MERGE (n49)<-[r61 :T2{k54:true, k55:'TC2SZ7eaN', k57:'D'}]-(n0) RETURN *;
MATCH (n49{id:49}), (n49{id:49}) MERGE (n49)-[r62 :T2{k57:'OV8faAucY', k58:-865006801}]->(n49) RETURN *;
MATCH (n50 :L3{k22:false, k23:1986533906, id:50}), (n198 :L2{k13:'EmZ', id:198}) MERGE (n50)-[r63 :T4{k71:false}]->(n198) RETURN *;
MATCH (n51 :L0{k0:-2059868511, k2:true, id:51}), (n21 :L1 :L3{k8:true, k9:-1160099010, k23:-1441052668, id:21}) MERGE (n51)<-[r64 :T0{k42:1534227783, k43:1625450879}]-(n21) RETURN *;
MATCH (n51 :L0{k0:-2059868511, k2:true, id:51}), (n41 :L1{k7:'u', k10:'li', id:41}) MERGE (n51)-[r65 :T2{k56:-1546975462, k58:2093551288}]->(n41) RETURN *;
MATCH (n51 :L0{k0:-2059868511, k2:true, id:51}), (n156 :L4{id:156}) MERGE (n51)<-[r66 :T2]-(n156) RETURN *;
MATCH (n52 :L5{id:52}), (n125 :L5{k32:true, k36:true, id:125}) MERGE (n52)-[r67 :T1{k49:false}]->(n125) RETURN *;
MATCH (n53{id:53}), (n135{id:135}) MERGE (n53)<-[r68 :T2{k54:false, k57:'2d', k59:false}]-(n135) RETURN *;
MATCH (n54 :L0 :L5{k3:false, k34:'', id:54}), (n54 :L0 :L5{k3:false, k34:'', id:54}) MERGE (n54)-[r69 :T4{k67:'', k68:true, k69:'I', k71:true}]->(n54) RETURN *;
MATCH (n54 :L0 :L5{k3:false, k34:'', id:54}), (n187{id:187}) MERGE (n54)-[r70 :T0]->(n187) RETURN *;
MATCH (n55 :L0 :L2 :L5 :L6{k0:-2059868511, k2:true, k4:'N4', k30:'w4', k32:false, k34:'5n', k36:true, k41:false, id:55}), (n15 :L2{k16:false, id:15}) MERGE (n55)<-[r71 :T3{k61:-500819585, k63:true}]-(n15) RETURN *;
MATCH (n55 :L0 :L2 :L5 :L6{k0:-2059868511, k2:true, k4:'N4', k30:'w4', k32:false, k34:'5n', k36:true, k41:false, id:55}), (n141{id:141}) MERGE (n55)-[r72 :T2{k54:false, k59:true}]->(n141) RETURN *;
MATCH (n57{id:57}), (n80 :L0 :L4{k3:false, id:80}) MERGE (n57)<-[r73 :T4{k71:false}]-(n80) RETURN *;
MATCH (n58 :L5{k31:'', k32:false, id:58}), (n121 :L1{id:121}) MERGE (n58)<-[r74 :T3{k64:'H'}]-(n121) RETURN *;
MATCH (n58 :L5{k31:'', k32:false, id:58}), (n173 :L6{k38:false, id:173}) MERGE (n58)<-[r75 :T0{k42:1463869037}]-(n173) RETURN *;
MATCH (n59 :L0 :L1 :L4{id:59}), (n131 :L5{k36:false, id:131}) MERGE (n59)<-[r76 :T5{k75:false, k77:-52083308}]-(n131) RETURN *;
MATCH (n61 :L1 :L6{k8:true, k38:false, k41:false, id:61}), (n124 :L4{id:124}) MERGE (n61)<-[r77 :T5{k75:false, k78:true}]-(n124) RETURN *;
MATCH (n62 :L2{k16:false, id:62}), (n191{id:191}) MERGE (n62)-[r78 :T5{k74:'k', k76:'id'}]->(n191) RETURN *;
MATCH (n63 :L3{id:63}), (n172 :L3 :L6{k40:'g1e', id:172}) MERGE (n63)<-[r79 :T5]-(n172) RETURN *;
MATCH (n65 :L6{k39:false, id:65}), (n175 :L1 :L3{k9:253141678, id:175}) MERGE (n65)-[r80 :T5]->(n175) RETURN *;
MATCH (n66{id:66}), (n12 :L3 :L4{k18:false, k22:false, k24:737887670, k26:false, k28:630471260, id:12}) MERGE (n66)<-[r81 :T5{k74:''}]-(n12) RETURN *;
MATCH (n66{id:66}), (n15 :L2{k16:false, id:15}) MERGE (n66)-[r82 :T2{k54:true}]->(n15) RETURN *;
MATCH (n66{id:66}), (n150 :L4{k27:false, id:150}) MERGE (n66)<-[r83 :T1]-(n150) RETURN *;
MATCH (n66{id:66}), (n199 :L6{id:199}) MERGE (n66)-[r84 :T0{k42:1635737424, k43:1532930520, k44:160057543}]->(n199) RETURN *;
MATCH (n67 :L0 :L4{k1:-71202701, k6:'d', k29:'', id:67}), (n78 :L1{id:78}) MERGE (n67)<-[r85 :T0{k43:-1794422155}]-(n78) RETURN *;
MATCH (n67 :L0 :L4{k1:-71202701, k6:'d', k29:'', id:67}), (n185 :L3 :L6{k21:true, k22:false, id:185}) MERGE (n67)-[r86 :T2{k60:'LNsYHmBJJ'}]->(n185) RETURN *;
MATCH (n68 :L0 :L5{k1:-598518416, k3:true, k6:'8', k32:true, id:68}), (n138 :L1 :L2 :L3{k8:false, k10:'', k17:'Y', k19:true, k22:false, id:138}) MERGE (n68)-[r87 :T4{k66:false, k68:true}]->(n138) RETURN *;
MATCH (n68 :L0 :L5{k1:-598518416, k3:true, k6:'8', k32:true, id:68}), (n153 :L6{k40:'hF73', id:153}) MERGE (n68)-[r88 :T2{k60:'CAt5zuN'}]->(n153) RETURN *;
MATCH (n69{id:69}), (n11{id:11}) MERGE (n69)-[r89 :T0{k45:false, k46:'fh1V'}]->(n11) RETURN *;
MATCH (n70 :L1 :L2{id:70}), (n181 :L0 :L5{k36:true, id:181}) MERGE (n70)-[r90 :T0{k47:-713261845}]->(n181) RETURN *;
MATCH (n72 :L0 :L3{k1:-824808878, k4:'omIvH2JCh', id:72}), (n44 :L2 :L3 :L5 :L6{k14:false, k15:'dW', k18:false, k35:'', id:44}) MERGE (n72)-[r91 :T3{k63:true}]->(n44) RETURN *;
MATCH (n72 :L0 :L3{k1:-824808878, k4:'omIvH2JCh', id:72}), (n64 :L0 :L4{k1:1653908862, k4:'DhHZX', k5:-1546975462, k6:'ZBNI', k25:1930778543, k27:true, id:64}) MERGE (n72)<-[r92 :T4{k69:'CxbV6kItp'}]-(n64) RETURN *;
MATCH (n74 :L1{k9:-1546975462, id:74}), (n74 :L1{k9:-1546975462, id:74}) MERGE (n74)-[r93 :T2{k54:true}]->(n74) RETURN *;
MATCH (n74 :L1{k9:-1546975462, id:74}), (n123 :L1{k7:'hLiDoFTw', k9:509551151, id:123}) MERGE (n74)-[r94 :T1{k53:-1651380270}]->(n123) RETURN *;
MATCH (n74 :L1{k9:-1546975462, id:74}), (n133 :L3{k20:'X', id:133}) MERGE (n74)-[r95 :T4{k66:false, k68:true}]->(n133) RETURN *;
MATCH (n77{id:77}), (n76 :L3 :L6{k18:true, k39:true, k41:false, id:76}) MERGE (n77)-[r96 :T5{k74:''}]->(n76) RETURN *;
MATCH (n77{id:77}), (n103 :L1 :L4{k11:'B', k26:false, k28:863752957, id:103}) MERGE (n77)-[r97 :T3]->(n103) RETURN *;
MATCH (n77{id:77}), (n140 :L4 :L5{k24:-1717103159, k31:'6nNQ', k34:'eP', id:140}) MERGE (n77)<-[r98 :T5{k75:true, k77:1635737424}]-(n140) RETURN *;
MATCH (n77{id:77}), (n166 :L4 :L5{k24:1505384428, k33:'vGBFkMz9', id:166}) MERGE (n77)<-[r99 :T4{k66:false}]-(n166) RETURN *;
MATCH (n79 :L3 :L4 :L5{k19:true, k30:'7tv', k31:'H', k32:true, k33:'C', id:79}), (n33{id:33}) MERGE (n79)-[r100 :T4{k67:'V1rLlI'}]->(n33) RETURN *;
MATCH (n79 :L3 :L4 :L5{k19:true, k30:'7tv', k31:'H', k32:true, k33:'C', id:79}), (n108 :L1 :L6{k37:true, id:108}) MERGE (n79)-[r101 :T3{k61:1732111655, k63:false, k65:'cRtKaZsSo'}]->(n108) RETURN *;
MATCH (n80 :L0 :L4{k3:false, id:80}), (n102 :L0{k3:true, id:102}) MERGE (n80)-[r102 :T4{k68:false, k70:-1232989007}]->(n102) RETURN *;
MATCH (n81 :L0 :L2{k3:true, k4:'rw', k15:'OiDZjSPfy', id:81}), (n76 :L3 :L6{k18:true, k39:true, k41:false, id:76}) MERGE (n81)-[r103 :T5{k77:-1127200462}]->(n76) RETURN *;
MATCH (n81 :L0 :L2{k3:true, k4:'rw', k15:'OiDZjSPfy', id:81}), (n177 :L0 :L1{k0:-284492788, k2:true, id:177}) MERGE (n81)<-[r104 :T1{k49:true}]-(n177) RETURN *;
MATCH (n82 :L4 :L5 :L6{k24:1308082470, k27:false, k36:false, id:82}), (n150 :L4{k27:false, id:150}) MERGE (n82)<-[r105 :T0{k44:1449684948}]-(n150) RETURN *;
MATCH (n83{id:83}), (n70 :L1 :L2{id:70}) MERGE (n83)<-[r106 :T0{k42:-2059868511, k43:-146476900, k45:true, k48:false}]-(n70) RETURN *;
MATCH (n83{id:83}), (n139 :L0 :L1{k5:0, k7:'', k10:'yYbZdD5sP', id:139}) MERGE (n83)-[r107 :T0{k47:652553608}]->(n139) RETURN *;
MATCH (n84 :L1 :L4 :L5{k7:'', k11:'ARDcP', k32:false, k35:'07', id:84}), (n40{id:40}) MERGE (n84)-[r108 :T2]->(n40) RETURN *;
MATCH (n86 :L1{k8:false, id:86}), (n154{id:154}) MERGE (n86)<-[r109 :T2{k54:true}]-(n154) RETURN *;
MATCH (n87 :L0{k5:589678250, id:87}), (n15 :L2{k16:false, id:15}) MERGE (n87)-[r110 :T0{k42:884223826, k44:-586361412, k45:true, k46:'7OQLREF'}]->(n15) RETURN *;
MATCH (n92 :L0 :L3 :L4{k4:'Q', k20:'', id:92}), (n40{id:40}) MERGE (n92)<-[r111 :T5{k75:true}]-(n40) RETURN *;
MATCH (n96{id:96}), (n30 :L1 :L3 :L5{k22:true, k32:false, id:30}) MERGE (n96)<-[r112 :T4{k66:false}]-(n30) RETURN *;
MATCH (n96{id:96}), (n53{id:53}) MERGE (n96)-[r113 :T2{k55:'xIdisK7R', k57:'Az', k60:'UDdtKx'}]->(n53) RETURN *;
MATCH (n97{id:97}), (n103 :L1 :L4{k11:'B', k26:false, k28:863752957, id:103}) MERGE (n97)<-[r114 :T2{k56:392949525, k58:212682405}]-(n103) RETURN *;
MATCH (n97{id:97}), (n148 :L6{k38:true, k40:'IXh', id:148}) MERGE (n97)<-[r115 :T5{k73:'9GTCcm', k75:true, k76:'nNGFE'}]-(n148) RETURN *;
MATCH (n99 :L2 :L4{k24:139014007, k26:false, id:99}), (n125 :L5{k32:true, k36:true, id:125}) MERGE (n99)-[r116 :T0{k44:1627219311, k47:-1235206706}]->(n125) RETURN *;
MATCH (n99 :L2 :L4{k24:139014007, k26:false, id:99}), (n198 :L2{k13:'EmZ', id:198}) MERGE (n99)<-[r117 :T1{k51:''}]-(n198) RETURN *;
MATCH (n100{id:100}), (n144{id:144}) MERGE (n100)-[r118 :T5{k74:'Iqz'}]->(n144) RETURN *;
MATCH (n100{id:100}), (n193{id:193}) MERGE (n100)-[r119 :T2{k54:true, k56:236429635, k57:'8', k59:false}]->(n193) RETURN *;
MATCH (n102 :L0{k3:true, id:102}), (n193{id:193}) MERGE (n102)-[r120 :T0{k42:947573186, k47:-998452649}]->(n193) RETURN *;
MATCH (n103 :L1 :L4{k11:'B', k26:false, k28:863752957, id:103}), (n4 :L2 :L4{k12:true, k28:1882377677, id:4}) MERGE (n103)-[r121 :T2{k55:'v4SHhA8'}]->(n4) RETURN *;
MATCH (n103 :L1 :L4{k11:'B', k26:false, k28:863752957, id:103}), (n16 :L3 :L6{k18:true, k19:true, k20:'', k37:false, k39:false, k40:'Mn', id:16}) MERGE (n103)<-[r122 :T0{k42:-381378754}]-(n16) RETURN *;
MATCH (n103 :L1 :L4{k11:'B', k26:false, k28:863752957, id:103}), (n149 :L0 :L2{k2:true, k3:false, k16:false, k17:'', id:149}) MERGE (n103)-[r123 :T0{k44:-1560200481}]->(n149) RETURN *;
MATCH (n104 :L4{id:104}), (n29 :L0 :L3{id:29}) MERGE (n104)<-[r124 :T0]-(n29) RETURN *;
MATCH (n105 :L4{k25:-1804498524, k29:'w', id:105}), (n63 :L3{id:63}) MERGE (n105)<-[r125 :T0{k45:true, k46:'OszRY0Gf2'}]-(n63) RETURN *;
MATCH (n105 :L4{k25:-1804498524, k29:'w', id:105}), (n88 :L0 :L1 :L5{k5:-900242751, k36:true, id:88}) MERGE (n105)-[r126 :T2{k59:false}]->(n88) RETURN *;
MATCH (n106 :L4{k25:1801940093, k29:'xkUXTn6o', id:106}), (n82 :L4 :L5 :L6{k24:1308082470, k27:false, k36:false, id:82}) MERGE (n106)<-[r127 :T5]-(n82) RETURN *;
MATCH (n109 :L2 :L3 :L5{k30:'', id:109}), (n24 :L0 :L4 :L5{k1:-598518416, k26:true, k31:'iM', k35:'avTM', id:24}) MERGE (n109)<-[r128 :T3{k61:-1021199998}]-(n24) RETURN *;
MATCH (n109 :L2 :L3 :L5{k30:'', id:109}), (n60 :L0{id:60}) MERGE (n109)-[r129 :T5{k73:'xse9tQbi9', k77:-1785490950}]->(n60) RETURN *;
MATCH (n109 :L2 :L3 :L5{k30:'', id:109}), (n151 :L4{k25:-208710441, k26:true, id:151}) MERGE (n109)<-[r130 :T5]-(n151) RETURN *;
MATCH (n110{id:110}), (n136 :L3 :L5 :L6{k18:false, k30:'', k34:'0V', id:136}) MERGE (n110)-[r131 :T2{k58:-1751995240, k59:false}]->(n136) RETURN *;
MATCH (n111 :L0{id:111}), (n162 :L4{k28:-1546062981, k29:'', id:162}) MERGE (n111)<-[r132 :T1{k49:false}]-(n162) RETURN *;
MATCH (n113{id:113}), (n42 :L5{k30:'', k36:true, id:42}) MERGE (n113)-[r133 :T0{k43:-1546975462, k46:'X'}]->(n42) RETURN *;
MATCH (n113{id:113}), (n143 :L0 :L3{k6:'10', k18:false, id:143}) MERGE (n113)<-[r134 :T2{k59:false}]-(n143) RETURN *;
MATCH (n115 :L0 :L2{k0:1821430422, k13:'', k15:'gsi8FkrO', k16:false, id:115}), (n71 :L1{k9:-208710441, id:71}) MERGE (n115)-[r135 :T4{k70:-523913588}]->(n71) RETURN *;
MATCH (n116 :L0{k1:1635737424, k2:false, id:116}), (n45 :L0 :L6{k6:'', k37:true, k38:false, k39:true, k41:false, id:45}) MERGE (n116)<-[r136 :T3{k62:true}]-(n45) RETURN *;
MATCH (n116 :L0{k1:1635737424, k2:false, id:116}), (n79 :L3 :L4 :L5{k19:true, k30:'7tv', k31:'H', k32:true, k33:'C', id:79}) MERGE (n116)-[r137 :T0{k43:-1305428181, k45:true, k46:'L'}]->(n79) RETURN *;
MATCH (n116 :L0{k1:1635737424, k2:false, id:116}), (n85 :L3 :L4{k18:false, k23:-1241330387, k29:'V', id:85}) MERGE (n116)<-[r138 :T5]-(n85) RETURN *;
MATCH (n117 :L2{k14:true, k17:'Hj0VUL7', id:117}), (n106 :L4{k25:1801940093, k29:'xkUXTn6o', id:106}) MERGE (n117)-[r139 :T3{k64:''}]->(n106) RETURN *;
MATCH (n117 :L2{k14:true, k17:'Hj0VUL7', id:117}), (n111 :L0{id:111}) MERGE (n117)<-[r140 :T0]-(n111) RETURN *;
MATCH (n118 :L0{k5:1899526721, k6:'3MsB', id:118}), (n51 :L0{k0:-2059868511, k2:true, id:51}) MERGE (n118)<-[r141 :T3{k61:-713261845}]-(n51) RETURN *;
MATCH (n118 :L0{k5:1899526721, k6:'3MsB', id:118}), (n81 :L0 :L2{k3:true, k4:'rw', k15:'OiDZjSPfy', id:81}) MERGE (n118)-[r142 :T0{k45:true, k46:'9', k48:false}]->(n81) RETURN *;
MATCH (n118 :L0{k5:1899526721, k6:'3MsB', id:118}), (n84 :L1 :L4 :L5{k7:'', k11:'ARDcP', k32:false, k35:'07', id:84}) MERGE (n118)<-[r143 :T0{k43:1883240347, k47:-824808878, k48:true}]-(n84) RETURN *;
MATCH (n118 :L0{k5:1899526721, k6:'3MsB', id:118}), (n177 :L0 :L1{k0:-284492788, k2:true, id:177}) MERGE (n118)<-[r144 :T0{k44:-213781254}]-(n177) RETURN *;
MATCH (n119 :L0{k4:'1', k5:884223826, id:119}), (n88 :L0 :L1 :L5{k5:-900242751, k36:true, id:88}) MERGE (n119)-[r145 :T4]->(n88) RETURN *;
MATCH (n120 :L0 :L1{k4:'', id:120}), (n61 :L1 :L6{k8:true, k38:false, k41:false, id:61}) MERGE (n120)<-[r146 :T0{k46:'q'}]-(n61) RETURN *;
MATCH (n120 :L0 :L1{k4:'', id:120}), (n106 :L4{k25:1801940093, k29:'xkUXTn6o', id:106}) MERGE (n120)-[r147 :T4{k68:true}]->(n106) RETURN *;
MATCH (n120 :L0 :L1{k4:'', id:120}), (n133 :L3{k20:'X', id:133}) MERGE (n120)-[r148 :T4{k66:false, k67:'V4VoISB5d', k68:false}]->(n133) RETURN *;
MATCH (n121 :L1{id:121}), (n78 :L1{id:78}) MERGE (n121)-[r149 :T1{k51:'B1', k52:2103576429}]->(n78) RETURN *;
MATCH (n121 :L1{id:121}), (n166 :L4 :L5{k24:1505384428, k33:'vGBFkMz9', id:166}) MERGE (n121)-[r150 :T0{k42:1324465841}]->(n166) RETURN *;
MATCH (n122{id:122}), (n19 :L6{k39:true, id:19}) MERGE (n122)<-[r151 :T2{k55:'9OFDZ', k57:'m'}]-(n19) RETURN *;
MATCH (n122{id:122}), (n20{id:20}) MERGE (n122)<-[r152 :T1]-(n20) RETURN *;
MATCH (n124 :L4{id:124}), (n40{id:40}) MERGE (n124)<-[r153 :T3]-(n40) RETURN *;
MATCH (n125 :L5{k32:true, k36:true, id:125}), (n11{id:11}) MERGE (n125)<-[r154 :T4{k66:true, k69:'', k70:-1586308328}]-(n11) RETURN *;
MATCH (n125 :L5{k32:true, k36:true, id:125}), (n184 :L4{k27:true, id:184}) MERGE (n125)<-[r155 :T5]-(n184) RETURN *;
MATCH (n127 :L2 :L5 :L6{k14:true, k31:'e8', k33:'vR', id:127}), (n6{id:6}) MERGE (n127)<-[r156 :T1{k53:1027315100}]-(n6) RETURN *;
MATCH (n127 :L2 :L5 :L6{k14:true, k31:'e8', k33:'vR', id:127}), (n144{id:144}) MERGE (n127)-[r157 :T3{k62:true}]->(n144) RETURN *;
MATCH (n130{id:130}), (n14 :L2 :L3{k20:'cM8h', id:14}) MERGE (n130)-[r158 :T3]->(n14) RETURN *;
MATCH (n132 :L2{k13:'heTa', k15:'n', id:132}), (n88 :L0 :L1 :L5{k5:-900242751, k36:true, id:88}) MERGE (n132)-[r159 :T3{k63:false}]->(n88) RETURN *;
MATCH (n133 :L3{k20:'X', id:133}), (n13 :L2 :L5{k13:'', k34:'IeT632pjx', k36:true, id:13}) MERGE (n133)-[r160 :T5{k78:true}]->(n13) RETURN *;
MATCH (n134 :L1 :L4 :L6{k27:false, k28:-280038808, k39:true, id:134}), (n49{id:49}) MERGE (n134)-[r161 :T4{k69:''}]->(n49) RETURN *;
MATCH (n137 :L6{id:137}), (n105 :L4{k25:-1804498524, k29:'w', id:105}) MERGE (n137)-[r162 :T0{k48:true}]->(n105) RETURN *;
MATCH (n138 :L1 :L2 :L3{k8:false, k10:'', k17:'Y', k19:true, k22:false, id:138}), (n149 :L0 :L2{k2:true, k3:false, k16:false, k17:'', id:149}) MERGE (n138)-[r163 :T2{k58:911708196, k59:true}]->(n149) RETURN *;
MATCH (n138 :L1 :L2 :L3{k8:false, k10:'', k17:'Y', k19:true, k22:false, id:138}), (n163 :L3 :L4 :L5{k25:-1178310612, k26:false, k28:-582050458, k31:'', k36:true, id:163}) MERGE (n138)-[r164 :T1{k51:'vp'}]->(n163) RETURN *;
MATCH (n140 :L4 :L5{k24:-1717103159, k31:'6nNQ', k34:'eP', id:140}), (n56 :L1 :L2{k10:'', k12:true, id:56}) MERGE (n140)<-[r165 :T5]-(n56) RETURN *;
MATCH (n140 :L4 :L5{k24:-1717103159, k31:'6nNQ', k34:'eP', id:140}), (n66{id:66}) MERGE (n140)-[r166 :T2{k54:false, k59:true}]->(n66) RETURN *;
MATCH (n140 :L4 :L5{k24:-1717103159, k31:'6nNQ', k34:'eP', id:140}), (n110{id:110}) MERGE (n140)-[r167 :T2{k55:'8', k57:''}]->(n110) RETURN *;
MATCH (n142 :L0 :L6{k3:true, k37:true, id:142}), (n185 :L3 :L6{k21:true, k22:false, id:185}) MERGE (n142)-[r168 :T0{k42:737887670, k44:2001520127, k45:true}]->(n185) RETURN *;
MATCH (n143 :L0 :L3{k6:'10', k18:false, id:143}), (n164 :L1 :L5{k8:false, k31:'wibdJznNZ', k32:false, id:164}) MERGE (n143)<-[r169 :T3{k61:-1557932024}]-(n164) RETURN *;
MATCH (n144{id:144}), (n107 :L0 :L6{k39:false, id:107}) MERGE (n144)-[r170 :T0]->(n107) RETURN *;
MATCH (n145 :L2{k12:false, id:145}), (n13 :L2 :L5{k13:'', k34:'IeT632pjx', k36:true, id:13}) MERGE (n145)-[r171 :T5{k75:false, k76:'8D'}]->(n13) RETURN *;
MATCH (n146 :L4{id:146}), (n82 :L4 :L5 :L6{k24:1308082470, k27:false, k36:false, id:82}) MERGE (n146)<-[r172 :T0{k44:863752957}]-(n82) RETURN *;
MATCH (n146 :L4{id:146}), (n93 :L1 :L2{k8:false, k12:true, k13:'IwSR', k17:'d7Uaz1T', id:93}) MERGE (n146)-[r173 :T0]->(n93) RETURN *;
MATCH (n146 :L4{id:146}), (n164 :L1 :L5{k8:false, k31:'wibdJznNZ', k32:false, id:164}) MERGE (n146)<-[r174 :T5{k76:'gh'}]-(n164) RETURN *;
MATCH (n147 :L0 :L6{k40:'Q1sRH', id:147}), (n196 :L6{id:196}) MERGE (n147)-[r175 :T2{k59:false}]->(n196) RETURN *;
MATCH (n148 :L6{k38:true, k40:'IXh', id:148}), (n18 :L3{k18:false, k21:true, id:18}) MERGE (n148)-[r176 :T0]->(n18) RETURN *;
MATCH (n148 :L6{k38:true, k40:'IXh', id:148}), (n48 :L2 :L4{k12:false, k14:true, k15:'', k16:false, k29:'n54', id:48}) MERGE (n148)-[r177 :T3{k63:true, k64:'Ku'}]->(n48) RETURN *;
MATCH (n148 :L6{k38:true, k40:'IXh', id:148}), (n113{id:113}) MERGE (n148)-[r178 :T1]->(n113) RETURN *;
MATCH (n150 :L4{k27:false, id:150}), (n21 :L1 :L3{k8:true, k9:-1160099010, k23:-1441052668, id:21}) MERGE (n150)-[r179 :T5{k74:'ut', k78:true}]->(n21) RETURN *;
MATCH (n151 :L4{k25:-208710441, k26:true, id:151}), (n49{id:49}) MERGE (n151)<-[r180 :T1]-(n49) RETURN *;
MATCH (n156 :L4{id:156}), (n88 :L0 :L1 :L5{k5:-900242751, k36:true, id:88}) MERGE (n156)-[r181 :T4{k70:1821430422}]->(n88) RETURN *;
MATCH (n156 :L4{id:156}), (n198 :L2{k13:'EmZ', id:198}) MERGE (n156)<-[r182 :T5]-(n198) RETURN *;
MATCH (n158 :L0 :L6{k6:'Hz', id:158}), (n48 :L2 :L4{k12:false, k14:true, k15:'', k16:false, k29:'n54', id:48}) MERGE (n158)-[r183 :T5{k77:1736749417}]->(n48) RETURN *;
MATCH (n158 :L0 :L6{k6:'Hz', id:158}), (n122{id:122}) MERGE (n158)<-[r184 :T0{k46:'lC'}]-(n122) RETURN *;
MATCH (n159 :L5{id:159}), (n23 :L1{k7:'b', k8:false, k10:'', id:23}) MERGE (n159)-[r185 :T3{k61:1308082470, k63:true}]->(n23) RETURN *;
MATCH (n159 :L5{id:159}), (n109 :L2 :L3 :L5{k30:'', id:109}) MERGE (n159)<-[r186 :T4{k71:false}]-(n109) RETURN *;
MATCH (n161 :L2 :L5{k12:true, k13:'nZ', k15:'a', k32:true, k36:false, id:161}), (n58 :L5{k31:'', k32:false, id:58}) MERGE (n161)<-[r187 :T2]-(n58) RETURN *;
MATCH (n162 :L4{k28:-1546062981, k29:'', id:162}), (n73 :L2 :L3 :L4{k14:true, k19:false, k22:true, k24:0, id:73}) MERGE (n162)-[r188 :T1{k52:1983952784, k53:1730116618}]->(n73) RETURN *;
MATCH (n162 :L4{k28:-1546062981, k29:'', id:162}), (n173 :L6{k38:false, id:173}) MERGE (n162)-[r189 :T5]->(n173) RETURN *;
MATCH (n163 :L3 :L4 :L5{k25:-1178310612, k26:false, k28:-582050458, k31:'', k36:true, id:163}), (n39 :L0 :L1 :L3{k6:'', id:39}) MERGE (n163)-[r190 :T5]->(n39) RETURN *;
MATCH (n163 :L3 :L4 :L5{k25:-1178310612, k26:false, k28:-582050458, k31:'', k36:true, id:163}), (n51 :L0{k0:-2059868511, k2:true, id:51}) MERGE (n163)-[r191 :T5{k77:1738361201}]->(n51) RETURN *;
MATCH (n163 :L3 :L4 :L5{k25:-1178310612, k26:false, k28:-582050458, k31:'', k36:true, id:163}), (n135{id:135}) MERGE (n163)-[r192 :T2{k56:407410981}]->(n135) RETURN *;
MATCH (n165{id:165}), (n67 :L0 :L4{k1:-71202701, k6:'d', k29:'', id:67}) MERGE (n165)<-[r193 :T0{k42:-1355926850, k43:1241108906, k46:''}]-(n67) RETURN *;
MATCH (n166 :L4 :L5{k24:1505384428, k33:'vGBFkMz9', id:166}), (n97{id:97}) MERGE (n166)<-[r194 :T4{k66:true}]-(n97) RETURN *;
MATCH (n166 :L4 :L5{k24:1505384428, k33:'vGBFkMz9', id:166}), (n146 :L4{id:146}) MERGE (n166)-[r195 :T5{k76:'GA'}]->(n146) RETURN *;
MATCH (n166 :L4 :L5{k24:1505384428, k33:'vGBFkMz9', id:166}), (n154{id:154}) MERGE (n166)<-[r196 :T5{k75:true}]-(n154) RETURN *;
MATCH (n167 :L1{id:167}), (n68 :L0 :L5{k1:-598518416, k3:true, k6:'8', k32:true, id:68}) MERGE (n167)-[r197 :T3{k61:1279474795, k63:true}]->(n68) RETURN *;
MATCH (n167 :L1{id:167}), (n130{id:130}) MERGE (n167)<-[r198 :T4{k71:true, k72:true}]-(n130) RETURN *;
MATCH (n168 :L4 :L6{k29:'', id:168}), (n58 :L5{k31:'', k32:false, id:58}) MERGE (n168)<-[r199 :T4{k72:false}]-(n58) RETURN *;
MATCH (n169 :L2 :L4{k24:-938259922, k25:-1967792446, k27:true, id:169}), (n165{id:165}) MERGE (n169)<-[r200 :T5]-(n165) RETURN *;
MATCH (n170{id:170}), (n86 :L1{k8:false, id:86}) MERGE (n170)<-[r201 :T0]-(n86) RETURN *;
MATCH (n170{id:170}), (n164 :L1 :L5{k8:false, k31:'wibdJznNZ', k32:false, id:164}) MERGE (n170)-[r202 :T1{k51:'', k52:-269405017}]->(n164) RETURN *;
MATCH (n172 :L3 :L6{k40:'g1e', id:172}), (n131 :L5{k36:false, id:131}) MERGE (n172)<-[r203 :T0]-(n131) RETURN *;
MATCH (n172 :L3 :L6{k40:'g1e', id:172}), (n140 :L4 :L5{k24:-1717103159, k31:'6nNQ', k34:'eP', id:140}) MERGE (n172)<-[r204 :T1]-(n140) RETURN *;
MATCH (n174 :L3 :L4 :L5{k21:true, k22:true, k23:676107162, k27:true, k28:-52083308, k35:'n6TXw2gZ', id:174}), (n27 :L0 :L6{k40:'', id:27}) MERGE (n174)-[r205 :T4]->(n27) RETURN *;
MATCH (n174 :L3 :L4 :L5{k21:true, k22:true, k23:676107162, k27:true, k28:-52083308, k35:'n6TXw2gZ', id:174}), (n108 :L1 :L6{k37:true, id:108}) MERGE (n174)<-[r206 :T0{k47:707268155}]-(n108) RETURN *;
MATCH (n175 :L1 :L3{k9:253141678, id:175}), (n39 :L0 :L1 :L3{k6:'', id:39}) MERGE (n175)<-[r207 :T0{k42:44491102, k47:1300068772}]-(n39) RETURN *;
MATCH (n175 :L1 :L3{k9:253141678, id:175}), (n145 :L2{k12:false, id:145}) MERGE (n175)-[r208 :T3{k64:'HG'}]->(n145) RETURN *;
MATCH (n176 :L3 :L4{k20:'6ycgz', k23:-146476900, k27:false, id:176}), (n82 :L4 :L5 :L6{k24:1308082470, k27:false, k36:false, id:82}) MERGE (n176)-[r209 :T3]->(n82) RETURN *;
MATCH (n176 :L3 :L4{k20:'6ycgz', k23:-146476900, k27:false, id:176}), (n158 :L0 :L6{k6:'Hz', id:158}) MERGE (n176)-[r210 :T2]->(n158) RETURN *;
MATCH (n177 :L0 :L1{k0:-284492788, k2:true, id:177}), (n61 :L1 :L6{k8:true, k38:false, k41:false, id:61}) MERGE (n177)-[r211 :T2{k54:false, k56:-2092489659}]->(n61) RETURN *;
MATCH (n177 :L0 :L1{k0:-284492788, k2:true, id:177}), (n196 :L6{id:196}) MERGE (n177)<-[r212 :T3{k63:true}]-(n196) RETURN *;
MATCH (n178 :L2 :L4 :L6{k15:'yNS5w', k16:true, k17:'', k26:false, k39:true, id:178}), (n30 :L1 :L3 :L5{k22:true, k32:false, id:30}) MERGE (n178)-[r213 :T2{k58:859041887}]->(n30) RETURN *;
MATCH (n178 :L2 :L4 :L6{k15:'yNS5w', k16:true, k17:'', k26:false, k39:true, id:178}), (n90{id:90}) MERGE (n178)<-[r214 :T3{k61:-900242751, k65:'d'}]-(n90) RETURN *;
MATCH (n179{id:179}), (n171 :L3 :L4{k19:true, k24:-1546062981, k28:-208710441, id:171}) MERGE (n179)<-[r215 :T3{k61:-1196532612}]-(n171) RETURN *;
MATCH (n180 :L1 :L3{k10:'hCYJRnSx', id:180}), (n169 :L2 :L4{k24:-938259922, k25:-1967792446, k27:true, id:169}) MERGE (n180)<-[r216 :T2]-(n169) RETURN *;
MATCH (n181 :L0 :L5{k36:true, id:181}), (n115 :L0 :L2{k0:1821430422, k13:'', k15:'gsi8FkrO', k16:false, id:115}) MERGE (n181)-[r217 :T4{k66:true}]->(n115) RETURN *;
MATCH (n183 :L4 :L6{k24:253141678, k25:903917191, id:183}), (n14 :L2 :L3{k20:'cM8h', id:14}) MERGE (n183)<-[r218 :T5{k73:'i', k78:true}]-(n14) RETURN *;
MATCH (n183 :L4 :L6{k24:253141678, k25:903917191, id:183}), (n101 :L3 :L4{k18:true, k23:-1546975462, k27:true, id:101}) MERGE (n183)<-[r219 :T3{k62:true}]-(n101) RETURN *;
MATCH (n183 :L4 :L6{k24:253141678, k25:903917191, id:183}), (n114{id:114}) MERGE (n183)<-[r220 :T2{k57:'s', k58:-1213064293}]-(n114) RETURN *;
MATCH (n183 :L4 :L6{k24:253141678, k25:903917191, id:183}), (n167 :L1{id:167}) MERGE (n183)<-[r221 :T5{k73:'w2'}]-(n167) RETURN *;
MATCH (n185 :L3 :L6{k21:true, k22:false, id:185}), (n14 :L2 :L3{k20:'cM8h', id:14}) MERGE (n185)-[r222 :T3{k61:-1785490950, k65:'RRU'}]->(n14) RETURN *;
MATCH (n186 :L2 :L3{k19:true, k22:true, k23:111169213, id:186}), (n108 :L1 :L6{k37:true, id:108}) MERGE (n186)-[r223 :T5{k73:'jm', k75:true}]->(n108) RETURN *;
MATCH (n186 :L2 :L3{k19:true, k22:true, k23:111169213, id:186}), (n122{id:122}) MERGE (n186)<-[r224 :T1]-(n122) RETURN *;
MATCH (n188 :L0 :L3 :L4 :L5{k0:-1548682921, k4:'nn', k21:false, k28:947573186, k33:'ZnG8', k35:'MMG2P', id:188}), (n13 :L2 :L5{k13:'', k34:'IeT632pjx', k36:true, id:13}) MERGE (n188)<-[r225 :T3{k61:543615010}]-(n13) RETURN *;
MATCH (n188 :L0 :L3 :L4 :L5{k0:-1548682921, k4:'nn', k21:false, k28:947573186, k33:'ZnG8', k35:'MMG2P', id:188}), (n154{id:154}) MERGE (n188)-[r226 :T5]->(n154) RETURN *;
MATCH (n189 :L0{k3:false, id:189}), (n136 :L3 :L5 :L6{k18:false, k30:'', k34:'0V', id:136}) MERGE (n189)-[r227 :T4{k67:'PlYYzq', k68:true, k69:'T4bWZ5rUJ'}]->(n136) RETURN *;
MATCH (n190 :L0 :L2{k3:false, k4:'', k12:true, k14:false, k17:'O', id:190}), (n117 :L2{k14:true, k17:'Hj0VUL7', id:117}) MERGE (n190)<-[r228 :T0{k42:-441420263, k44:1672403372}]-(n117) RETURN *;
MATCH (n191{id:191}), (n95 :L2{k13:'RjZU', id:95}) MERGE (n191)<-[r229 :T0]-(n95) RETURN *;
MATCH (n192 :L4 :L5 :L6{k24:-1451575608, k33:'5KPgG1', k35:'9', k36:false, id:192}), (n84 :L1 :L4 :L5{k7:'', k11:'ARDcP', k32:false, k35:'07', id:84}) MERGE (n192)-[r230 :T0{k43:-1160099010, k44:193036509, k46:'xjmlGO'}]->(n84) RETURN *;
MATCH (n193{id:193}), (n0 :L2{id:0}) MERGE (n193)<-[r231 :T2{k56:1867795964, k58:-1500138049}]-(n0) RETURN *;
MATCH (n194 :L1 :L3 :L5{k7:'A', k23:985750461, k34:'Hu', id:194}), (n162 :L4{k28:-1546062981, k29:'', id:162}) MERGE (n194)-[r232 :T0{k43:425873994, k44:1625450879, k47:-523913588}]->(n162) RETURN *;
MATCH (n194 :L1 :L3 :L5{k7:'A', k23:985750461, k34:'Hu', id:194}), (n177 :L0 :L1{k0:-284492788, k2:true, id:177}) MERGE (n194)-[r233 :T5{k73:'tkIX'}]->(n177) RETURN *;
MATCH (n195 :L0 :L2{k5:530906873, k13:'', k17:'', id:195}), (n35{id:35}) MERGE (n195)<-[r234 :T4]-(n35) RETURN *;
MATCH (n195 :L0 :L2{k5:530906873, k13:'', k17:'', id:195}), (n83{id:83}) MERGE (n195)-[r235 :T3]->(n83) RETURN *;
MATCH (n195 :L0 :L2{k5:530906873, k13:'', k17:'', id:195}), (n112 :L2 :L4{k14:true, k25:1635737424, k26:true, id:112}) MERGE (n195)<-[r236 :T5{k76:'JZ'}]-(n112) RETURN *;
MATCH (n196 :L6{id:196}), (n186 :L2 :L3{k19:true, k22:true, k23:111169213, id:186}) MERGE (n196)-[r237 :T4{k68:false, k72:false}]->(n186) RETURN *;
MATCH (n197 :L4 :L5{k31:'w3j', id:197}), (n41 :L1{k7:'u', k10:'li', id:41}) MERGE (n197)<-[r238 :T4{k69:'L', k71:false}]-(n41) RETURN *;
MATCH (n197 :L4 :L5{k31:'w3j', id:197}), (n109 :L2 :L3 :L5{k30:'', id:109}) MERGE (n197)-[r239 :T0{k44:724118797, k45:false, k48:false}]->(n109) RETURN *;
MATCH (n197 :L4 :L5{k31:'w3j', id:197}), (n175 :L1 :L3{k9:253141678, id:175}) MERGE (n197)-[r240 :T3{k63:true, k64:'yB', k65:''}]->(n175) RETURN *;
MATCH (n198 :L2{k13:'EmZ', id:198}), (n56 :L1 :L2{k10:'', k12:true, id:56}) MERGE (n198)-[r241 :T5{k75:true}]->(n56) RETURN *;
MATCH (n199 :L6{id:199}), (n123 :L1{k7:'hLiDoFTw', k9:509551151, id:123}) MERGE (n199)-[r242 :T4{k66:true}]->(n123) RETURN *;