CREATE (n0 :L3{k24:1350252240, id:0}) RETURN *;
CREATE (n1 :L4{k25:true, k27:-621357301, k29:-831782578, id:1}) RETURN *;
CREATE (n2 :L1 :L4{k26:'CR', id:2}) RETURN *;
CREATE (n3 :L3 :L4{id:3}) RETURN *;
CREATE (n4 :L2 :L4{k29:101708574, id:4}) RETURN *;
CREATE (n5 :L0 :L1 :L2 :L3 :L5{k4:-831782578, id:5}) RETURN *;
CREATE (n6 :L2{id:6}) RETURN *;
CREATE (n7 :L1{k10:101708574, id:7}) RETURN *;
CREATE (n8{id:8}) RETURN *;
CREATE (n9{id:9}) RETURN *;
CREATE (n10 :L2{k16:'3', k17:false, id:10}) RETURN *;
CREATE (n11 :L5{k33:false, k34:false, k35:false, k37:1926161572, id:11}) RETURN *;
CREATE (n12{id:12}) RETURN *;
CREATE (n13 :L2{k17:true, id:13}) RETURN *;
CREATE (n14 :L1 :L4{k8:1926161572, k25:false, k28:657494569, k30:'', k31:false, id:14}) RETURN *;
CREATE (n15 :L2 :L4{k27:-166754925, id:15}) RETURN *;
CREATE (n16 :L0{k2:-1601446462, k4:-841014191, id:16}) RETURN *;
CREATE (n17 :L0 :L4{k2:-1123932862, k30:'Y', k31:false, id:17}) RETURN *;
CREATE (n18 :L1 :L5{k11:'zPZtsVvm9', k36:true, k37:-1158110590, id:18}) RETURN *;
CREATE (n19 :L4{k28:-1158110590, id:19}) RETURN *;
CREATE (n20 :L2 :L4{k16:'Y', k26:'', id:20}) RETURN *;
CREATE (n21 :L1{k7:false, k8:-1990999569, id:21}) RETURN *;
CREATE (n22 :L1 :L2{k7:false, k11:'c6nvG', id:22}) RETURN *;
CREATE (n23 :L1 :L4{k26:'Q', id:23}) RETURN *;
CREATE (n24 :L1 :L3{k10:-831782578, k11:'', k20:'U', k22:true, k24:-831782578, id:24}) RETURN *;
CREATE (n25{id:25}) RETURN *;
CREATE (n26 :L1 :L5{k7:false, k32:false, id:26}) RETURN *;
CREATE (n27 :L0 :L1 :L5{k4:-208701553, k9:true, k33:false, k35:false, id:27}) RETURN *;
CREATE (n28 :L2 :L3{k15:'tklH', k20:'9q9bO3', id:28}) RETURN *;
CREATE (n29 :L3{k20:'h', k24:1851824708, id:29}) RETURN *;
CREATE (n30{id:30}) RETURN *;
CREATE (n31{id:31}) RETURN *;
CREATE (n32 :L5{k33:false, k34:true, k36:true, k37:823306110, id:32}) RETURN *;
CREATE (n33{id:33}) RETURN *;
CREATE (n34{id:34}) RETURN *;
CREATE (n35 :L1 :L4{k26:'8foS', id:35}) RETURN *;
CREATE (n36{id:36}) RETURN *;
CREATE (n37 :L2{k15:'', k16:'w0', k17:true, id:37}) RETURN *;
CREATE (n38 :L2{k12:true, k14:'', id:38}) RETURN *;
CREATE (n39 :L3 :L4{k24:614904722, k27:2142165462, k30:'B4', id:39}) RETURN *;
CREATE (n40 :L0 :L1 :L2 :L3 :L4{k1:-621357301, k2:119792703, k4:1777058585, k7:false, k24:-650752786, k26:'Y8BB', k27:2142165462, k29:2020916117, id:40}) RETURN *;
CREATE (n41 :L1 :L3{k11:'', k23:-621357301, id:41}) RETURN *;
CREATE (n42 :L3{k23:1350252240, id:42}) RETURN *;
CREATE (n43 :L1{k8:818414002, id:43}) RETURN *;
CREATE (n44 :L3 :L5{k23:-208701553, k34:false, k36:false, k37:-1005836324, id:44}) RETURN *;
CREATE (n45 :L5{k32:true, k35:false, id:45}) RETURN *;
CREATE (n46 :L0 :L1 :L4 :L5{k1:1973365213, k6:true, k8:965653930, id:46}) RETURN *;
CREATE (n47 :L3{k21:false, k23:2034827562, id:47}) RETURN *;
CREATE (n48{id:48}) RETURN *;
CREATE (n49 :L0 :L2{k0:'BKFuG', k2:639734118, k4:823306110, k5:-1091227086, k17:true, id:49}) RETURN *;
CREATE (n50 :L2 :L3 :L4 :L5{k16:'FM', k22:true, k23:1389484217, k27:555584462, k35:false, id:50}) RETURN *;
CREATE (n51 :L2{id:51}) RETURN *;
CREATE (n52{id:52}) RETURN *;
CREATE (n53 :L3{id:53}) RETURN *;
CREATE (n54 :L1 :L3 :L5{k33:false, k34:false, k36:true, k37:1426473092, id:54}) RETURN *;
CREATE (n55 :L0 :L4{id:55}) RETURN *;
CREATE (n56 :L0{k0:'4E', k1:2113023589, id:56}) RETURN *;
CREATE (n57 :L0{id:57}) RETURN *;
CREATE (n58 :L3 :L5{k33:true, id:58}) RETURN *;
CREATE (n59{id:59}) RETURN *;
CREATE (n60 :L0 :L2{k2:-621357301, k3:false, id:60}) RETURN *;
CREATE (n61 :L4{k25:true, k31:false, id:61}) RETURN *;
CREATE (n62 :L1{k7:true, k9:true, id:62}) RETURN *;
CREATE (n63 :L1{k11:'', id:63}) RETURN *;
CREATE (n64{id:64}) RETURN *;
CREATE (n65{id:65}) RETURN *;
CREATE (n66 :L0 :L5{k0:'1', k1:-890797744, k32:true, k34:true, k36:true, k37:1973365213, id:66}) RETURN *;
CREATE (n67 :L2 :L3{k15:'De', k19:true, id:67}) RETURN *;
CREATE (n68{id:68}) RETURN *;
CREATE (n69{id:69}) RETURN *;
CREATE (n70{id:70}) RETURN *;
CREATE (n71{id:71}) RETURN *;
CREATE (n72 :L3{id:72}) RETURN *;
CREATE (n73{id:73}) RETURN *;
CREATE (n74 :L0 :L2 :L5{k2:-841014191, k5:170765990, k12:false, k14:'qn', k15:'xag', k32:false, k34:false, id:74}) RETURN *;
CREATE (n75 :L3{id:75}) RETURN *;
CREATE (n76{id:76}) RETURN *;
CREATE (n77 :L0 :L4{k6:false, id:77}) RETURN *;
CREATE (n78 :L2{k13:1926161572, k16:'MI', id:78}) RETURN *;
CREATE (n79{id:79}) RETURN *;
CREATE (n80 :L4{k26:'', id:80}) RETURN *;
CREATE (n81 :L3 :L5{k20:'chy3Hs', k37:-509376335, id:81}) RETURN *;
CREATE (n82 :L0 :L3{k4:-2015165371, id:82}) RETURN *;
CREATE (n83{id:83}) RETURN *;
CREATE (n84 :L4{id:84}) RETURN *;
CREATE (n85{id:85}) RETURN *;
CREATE (n86 :L3{k19:true, id:86}) RETURN *;
CREATE (n87 :L2 :L5{k15:'Y', k35:false, id:87}) RETURN *;
CREATE (n88 :L2{k12:false, k16:'', id:88}) RETURN *;
CREATE (n89{id:89}) RETURN *;
CREATE (n90 :L1 :L2{k10:-1348123663, k12:false, id:90}) RETURN *;
CREATE (n91 :L2 :L3{k13:1973365213, k15:'976', k18:1862293229, k22:true, id:91}) RETURN *;
CREATE (n92{id:92}) RETURN *;
CREATE (n93 :L0 :L2{k3:false, k16:'', id:93}) RETURN *;
CREATE (n94 :L1 :L2 :L5{k11:'', k32:false, k36:false, id:94}) RETURN *;
CREATE (n95 :L0 :L2 :L3 :L4{k14:'vo', k20:'', k22:false, k24:-158843174, k29:9223372036854775806, id:95}) RETURN *;
CREATE (n96 :L1{k8:2097014226, k11:'mibChocH', id:96}) RETURN *;
CREATE (n97 :L0{k1:870222507, id:97}) RETURN *;
CREATE (n98 :L2{id:98}) RETURN *;
CREATE (n99 :L5{k32:true, id:99}) RETURN *;
CREATE (n100 :L4{k29:1163073594, id:100}) RETURN *;
CREATE (n101 :L2{k16:'', k17:true, id:101}) RETURN *;
CREATE (n102 :L2{k15:'1i', k17:false, k18:490708880, id:102}) RETURN *;
CREATE (n103 :L0 :L1 :L2{k4:1163073594, id:103}) RETURN *;
CREATE (n104 :L0{k1:1163073594, k3:true, id:104}) RETURN *;
CREATE (n105{id:105}) RETURN *;
CREATE (n106{id:106}) RETURN *;
CREATE (n107 :L2 :L4{k15:'on', k29:-1919922791, id:107}) RETURN *;
CREATE (n108 :L2 :L4{k13:-891837178, k16:'ryK4iC1r3', k18:908331481, k31:true, id:108}) RETURN *;
CREATE (n109{id:109}) RETURN *;
CREATE (n110 :L0{k6:false, id:110}) RETURN *;
CREATE (n111 :L5{k35:true, id:111}) RETURN *;
CREATE (n112 :L5{k34:false, id:112}) RETURN *;
CREATE (n113 :L2{k12:true, id:113}) RETURN *;
CREATE (n114 :L5{id:114}) RETURN *;
CREATE (n115 :L0{k2:-561386286, k3:false, id:115}) RETURN *;
CREATE (n116 :L0 :L3 :L5{k0:'Eb6lt3IFI', k22:true, k36:true, id:116}) RETURN *;
CREATE (n117 :L2{k13:1851824708, id:117}) RETURN *;
CREATE (n118 :L0{k2:1851824708, k5:614904722, id:118}) RETURN *;
CREATE (n119 :L1 :L3{k10:2027950903, id:119}) RETURN *;
CREATE (n120 :L5{k37:-1392115021, id:120}) RETURN *;
CREATE (n121 :L1{k9:false, k10:-659465927, id:121}) RETURN *;
CREATE (n122 :L0{k0:'', k2:2062415026, id:122}) RETURN *;
CREATE (n123{id:123}) RETURN *;
CREATE (n124 :L5{id:124}) RETURN *;
CREATE (n125 :L2{k15:'', id:125}) RETURN *;
CREATE (n126{id:126}) RETURN *;
CREATE (n127 :L3{k20:'6LkiQ', k24:-1123932862, id:127}) RETURN *;
CREATE (n128{id:128}) RETURN *;
CREATE (n129{id:129}) RETURN *;
CREATE (n130 :L2 :L5{k13:-9223372036854775807, k16:'v', k18:22363639, k37:1777058585, id:130}) RETURN *;
CREATE (n131 :L1 :L4{k7:true, k28:-1819709972, id:131}) RETURN *;
CREATE (n132{id:132}) RETURN *;
CREATE (n133{id:133}) RETURN *;
CREATE (n134 :L2 :L3 :L5{k12:false, k14:'b', id:134}) RETURN *;
CREATE (n135{id:135}) RETURN *;
CREATE (n136{id:136}) RETURN *;
CREATE (n137 :L4{k31:false, id:137}) RETURN *;
CREATE (n138 :L3{id:138}) RETURN *;
CREATE (n139 :L2 :L4 :L5{k16:'tU', k27:2142165462, k32:false, id:139}) RETURN *;
CREATE (n140{id:140}) RETURN *;
CREATE (n141 :L3{id:141}) RETURN *;
CREATE (n142{id:142}) RETURN *;
CREATE (n143 :L5{k35:false, k36:true, id:143}) RETURN *;
CREATE (n144 :L3 :L4{k21:false, k29:-1349640748, id:144}) RETURN *;
CREATE (n145 :L2{k12:true, id:145}) RETURN *;
CREATE (n146 :L2{k18:2028062485, id:146}) RETURN *;
CREATE (n147 :L0{id:147}) RETURN *;
CREATE (n148 :L0 :L3{k4:1977616220, k19:true, k21:false, id:148}) RETURN *;
CREATE (n149 :L3{k23:1777058585, id:149}) RETURN *;
CREATE (n150 :L2{k18:-1158110590, id:150}) RETURN *;
CREATE (n151{id:151}) RETURN *;
CREATE (n152 :L0 :L1 :L5{k7:true, k8:101708574, k36:true, id:152}) RETURN *;
CREATE (n153 :L1 :L2 :L4 :L5{k9:false, k10:-1279341624, k12:false, k16:'1gJWwFRN', k28:-1959377929, id:153}) RETURN *;
CREATE (n154 :L2{id:154}) RETURN *;
CREATE (n155 :L1{k8:-2015165371, id:155}) RETURN *;
CREATE (n156 :L0 :L2{k1:782625678, k4:-1005836324, k6:false, k18:-2015165371, id:156}) RETURN *;
CREATE (n157 :L3{k19:true, id:157}) RETURN *;
CREATE (n158 :L1 :L2{k10:490708880, k12:false, k18:1274042495, id:158}) RETURN *;
CREATE (n159 :L0 :L3{k2:-831782578, k6:false, k20:'', k22:false, id:159}) RETURN *;
CREATE (n160 :L2 :L3{k14:'', k19:false, k20:'or', k24:-286486895, id:160}) RETURN *;
CREATE (n161 :L1{id:161}) RETURN *;
CREATE (n162 :L0 :L1 :L2{k6:false, k7:false, k8:1252181972, k18:-1093898657, id:162}) RETURN *;
CREATE (n163{id:163}) RETURN *;
CREATE (n164 :L1 :L4{k8:1483948838, k11:'G', id:164}) RETURN *;
CREATE (n165 :L0 :L3{k4:-2015165371, k21:false, id:165}) RETURN *;
CREATE (n166 :L0{k4:1494241621, id:166}) RETURN *;
CREATE (n167{id:167}) RETURN *;
CREATE (n168 :L1{k7:false, id:168}) RETURN *;
CREATE (n169 :L1{k11:'iX', id:169}) RETURN *;
CREATE (n170 :L1 :L2{k9:false, k10:-1480921865, k17:false, id:170}) RETURN *;
CREATE (n171 :L5{k34:true, k36:true, id:171}) RETURN *;
CREATE (n172{id:172}) RETURN *;
CREATE (n173{id:173}) RETURN *;
CREATE (n174{id:174}) RETURN *;
CREATE (n175 :L5{k35:false, id:175}) RETURN *;
CREATE (n176 :L0 :L1 :L3{k21:false, id:176}) RETURN *;
CREATE (n177 :L4{k31:true, id:177}) RETURN *;
CREATE (n178{id:178}) RETURN *;
CREATE (n179{id:179}) RETURN *;
CREATE (n180 :L4 :L5{id:180}) RETURN *;
CREATE (n181 :L0{id:181}) RETURN *;
CREATE (n182 :L1 :L2 :L4{k15:'9', k28:-1581267754, id:182}) RETURN *;
CREATE (n183 :L0{k6:true, id:183}) RETURN *;
CREATE (n184{id:184}) RETURN *;
CREATE (n185 :L1 :L5{k11:'', k36:false, id:185}) RETURN *;
CREATE (n186 :L1 :L4{id:186}) RETURN *;
CREATE (n187 :L5{k32:true, k34:true, k37:614904722, id:187}) RETURN *;
CREATE (n188 :L2 :L3{k13:2142165462, k16:'UM', id:188}) RETURN *;
CREATE (n189{id:189}) RETURN *;
CREATE (n190 :L2{k17:true, id:190}) RETURN *;
CREATE (n191 :L5{k32:true, id:191}) RETURN *;
CREATE (n192 :L3{id:192}) RETURN *;
CREATE (n193 :L0 :L4{k26:'h', id:193}) RETURN *;
CREATE (n194 :L2{k14:'PzyjtE', k17:false, id:194}) RETURN *;
CREATE (n195 :L2 :L5{k32:false, id:195}) RETURN *;
CREATE (n196 :L0 :L4{k0:'', k26:'zolw70Q', id:196}) RETURN *;
CREATE (n197 :L3{k24:-1279341624, id:197}) RETURN *;
CREATE (n198 :L0{k6:true, id:198}) RETURN *;
CREATE (n199 :L3{k21:true, k24:-161025755, id:199}) RETURN *;
MATCH (n1 :L4{k25:true, k27:-621357301, k29:-831782578, id:1}), (n104 :L0{k1:1163073594, k3:true, id:104}) MERGE (n1)<-[r0 :T0{k41:-305989168, k42:false, k43:-509376335}]-(n104) RETURN *;
MATCH (n1 :L4{k25:true, k27:-621357301, k29:-831782578, id:1}), (n179{id:179}) MERGE (n1)<-[r1 :T4{k61:'biJ'}]-(n179) RETURN *;
MATCH (n2 :L1 :L4{k26:'CR', id:2}), (n2 :L1 :L4{k26:'CR', id:2}) MERGE (n2)<-[r2 :T6{k74:''}]-(n2) RETURN *;
MATCH (n2 :L1 :L4{k26:'CR', id:2}), (n30{id:30}) MERGE (n2)<-[r3 :T0{k42:false}]-(n30) RETURN *;
MATCH (n4 :L2 :L4{k29:101708574, id:4}), (n49 :L0 :L2{k0:'BKFuG', k2:639734118, k4:823306110, k5:-1091227086, k17:true, id:49}) MERGE (n4)<-[r4 :T3]-(n49) RETURN *;
MATCH (n4 :L2 :L4{k29:101708574, id:4}), (n85{id:85}) MERGE (n4)-[r5 :T2]->(n85) RETURN *;
MATCH (n4 :L2 :L4{k29:101708574, id:4}), (n120 :L5{k37:-1392115021, id:120}) MERGE (n4)<-[r6 :T1{k45:'Y', k46:'MrB', k47:1739241793, k49:false}]-(n120) RETURN *;
MATCH (n6 :L2{id:6}), (n157 :L3{k19:true, id:157}) MERGE (n6)-[r7 :T4{k62:1015215009, k63:false, k64:965653930}]->(n157) RETURN *;
MATCH (n7 :L1{k10:101708574, id:7}), (n193 :L0 :L4{k26:'h', id:193}) MERGE (n7)-[r8 :T0{k39:1274042495, k40:false}]->(n193) RETURN *;
MATCH (n10 :L2{k16:'3', k17:false, id:10}), (n22 :L1 :L2{k7:false, k11:'c6nvG', id:22}) MERGE (n10)-[r9 :T1{k45:''}]->(n22) RETURN *;
MATCH (n10 :L2{k16:'3', k17:false, id:10}), (n123{id:123}) MERGE (n10)<-[r10 :T6{k75:true}]-(n123) RETURN *;
MATCH (n11 :L5{k33:false, k34:false, k35:false, k37:1926161572, id:11}), (n193 :L0 :L4{k26:'h', id:193}) MERGE (n11)<-[r11 :T0{k38:false, k41:-874148959, k43:1534166455}]-(n193) RETURN *;
MATCH (n12{id:12}), (n18 :L1 :L5{k11:'zPZtsVvm9', k36:true, k37:-1158110590, id:18}) MERGE (n12)-[r12 :T4{k64:639678140, k66:true, k67:'H'}]->(n18) RETURN *;
MATCH (n12{id:12}), (n96 :L1{k8:2097014226, k11:'mibChocH', id:96}) MERGE (n12)-[r13 :T0{k38:false}]->(n96) RETURN *;
MATCH (n13 :L2{k17:true, id:13}), (n139 :L2 :L4 :L5{k16:'tU', k27:2142165462, k32:false, id:139}) MERGE (n13)-[r14 :T6{k73:-1919922791, k74:'', k76:'A1q8jSJvy', k78:true}]->(n139) RETURN *;
MATCH (n13 :L2{k17:true, id:13}), (n147 :L0{id:147}) MERGE (n13)-[r15 :T3{k58:'IK'}]->(n147) RETURN *;
MATCH (n14 :L1 :L4{k8:1926161572, k25:false, k28:657494569, k30:'', k31:false, id:14}), (n97 :L0{k1:870222507, id:97}) MERGE (n14)<-[r16 :T1{k45:'AOfJ', k48:''}]-(n97) RETURN *;
MATCH (n14 :L1 :L4{k8:1926161572, k25:false, k28:657494569, k30:'', k31:false, id:14}), (n115 :L0{k2:-561386286, k3:false, id:115}) MERGE (n14)-[r17 :T1{k46:'Wj'}]->(n115) RETURN *;
MATCH (n14 :L1 :L4{k8:1926161572, k25:false, k28:657494569, k30:'', k31:false, id:14}), (n169 :L1{k11:'iX', id:169}) MERGE (n14)<-[r18 :T5{k69:false}]-(n169) RETURN *;
MATCH (n15 :L2 :L4{k27:-166754925, id:15}), (n81 :L3 :L5{k20:'chy3Hs', k37:-509376335, id:81}) MERGE (n15)<-[r19 :T2]-(n81) RETURN *;
MATCH (n16 :L0{k2:-1601446462, k4:-841014191, id:16}), (n4 :L2 :L4{k29:101708574, id:4}) MERGE (n16)-[r20 :T1]->(n4) RETURN *;
MATCH (n17 :L0 :L4{k2:-1123932862, k30:'Y', k31:false, id:17}), (n82 :L0 :L3{k4:-2015165371, id:82}) MERGE (n17)<-[r21 :T5{k68:-1581267754, k70:'aDVI2L9', k72:'E'}]-(n82) RETURN *;
MATCH (n17 :L0 :L4{k2:-1123932862, k30:'Y', k31:false, id:17}), (n181 :L0{id:181}) MERGE (n17)<-[r22 :T0{k38:false, k39:-891837178}]-(n181) RETURN *;
MATCH (n18 :L1 :L5{k11:'zPZtsVvm9', k36:true, k37:-1158110590, id:18}), (n16 :L0{k2:-1601446462, k4:-841014191, id:16}) MERGE (n18)-[r23 :T2{k53:'Mu7laz'}]->(n16) RETURN *;
MATCH (n18 :L1 :L5{k11:'zPZtsVvm9', k36:true, k37:-1158110590, id:18}), (n46 :L0 :L1 :L4 :L5{k1:1973365213, k6:true, k8:965653930, id:46}) MERGE (n18)-[r24 :T0]->(n46) RETURN *;
MATCH (n18 :L1 :L5{k11:'zPZtsVvm9', k36:true, k37:-1158110590, id:18}), (n144 :L3 :L4{k21:false, k29:-1349640748, id:144}) MERGE (n18)-[r25 :T2{k51:-1158110590, k55:true}]->(n144) RETURN *;
MATCH (n19 :L4{k28:-1158110590, id:19}), (n68{id:68}) MERGE (n19)<-[r26 :T1{k47:383789338}]-(n68) RETURN *;
MATCH (n21 :L1{k7:false, k8:-1990999569, id:21}), (n37 :L2{k15:'', k16:'w0', k17:true, id:37}) MERGE (n21)-[r27 :T4{k64:1220668523}]->(n37) RETURN *;
MATCH (n21 :L1{k7:false, k8:-1990999569, id:21}), (n149 :L3{k23:1777058585, id:149}) MERGE (n21)-[r28 :T5{k68:1369766667, k71:'1Y8'}]->(n149) RETURN *;
MATCH (n23 :L1 :L4{k26:'Q', id:23}), (n19 :L4{k28:-1158110590, id:19}) MERGE (n23)-[r29 :T6{k76:'F6n', k77:1308850821}]->(n19) RETURN *;
MATCH (n23 :L1 :L4{k26:'Q', id:23}), (n42 :L3{k23:1350252240, id:42}) MERGE (n23)-[r30 :T0{k40:true}]->(n42) RETURN *;
MATCH (n23 :L1 :L4{k26:'Q', id:23}), (n91 :L2 :L3{k13:1973365213, k15:'976', k18:1862293229, k22:true, id:91}) MERGE (n23)<-[r31 :T0{k38:true, k42:false}]-(n91) RETURN *;
MATCH (n25{id:25}), (n192 :L3{id:192}) MERGE (n25)<-[r32 :T5{k70:'fYmL'}]-(n192) RETURN *;
MATCH (n27 :L0 :L1 :L5{k4:-208701553, k9:true, k33:false, k35:false, id:27}), (n0 :L3{k24:1350252240, id:0}) MERGE (n27)-[r33 :T3]->(n0) RETURN *;
MATCH (n27 :L0 :L1 :L5{k4:-208701553, k9:true, k33:false, k35:false, id:27}), (n90 :L1 :L2{k10:-1348123663, k12:false, id:90}) MERGE (n27)<-[r34 :T2]-(n90) RETURN *;
MATCH (n29 :L3{k20:'h', k24:1851824708, id:29}), (n76{id:76}) MERGE (n29)<-[r35 :T3{k59:false, k60:1621577640}]-(n76) RETURN *;
MATCH (n29 :L3{k20:'h', k24:1851824708, id:29}), (n169 :L1{k11:'iX', id:169}) MERGE (n29)<-[r36 :T1{k49:false}]-(n169) RETURN *;
MATCH (n29 :L3{k20:'h', k24:1851824708, id:29}), (n191 :L5{k32:true, id:191}) MERGE (n29)-[r37 :T5{k72:''}]->(n191) RETURN *;
MATCH (n32 :L5{k33:false, k34:true, k36:true, k37:823306110, id:32}), (n47 :L3{k21:false, k23:2034827562, id:47}) MERGE (n32)<-[r38 :T3{k57:-1471846264}]-(n47) RETURN *;
MATCH (n32 :L5{k33:false, k34:true, k36:true, k37:823306110, id:32}), (n159 :L0 :L3{k2:-831782578, k6:false, k20:'', k22:false, id:159}) MERGE (n32)-[r39 :T4{k61:'XuO08', k63:true, k66:false}]->(n159) RETURN *;
MATCH (n33{id:33}), (n71{id:71}) MERGE (n33)<-[r40 :T2{k52:true, k54:'Bx'}]-(n71) RETURN *;
MATCH (n34{id:34}), (n20 :L2 :L4{k16:'Y', k26:'', id:20}) MERGE (n34)-[r41 :T1{k46:'t', k48:''}]->(n20) RETURN *;
MATCH (n35 :L1 :L4{k26:'8foS', id:35}), (n74 :L0 :L2 :L5{k2:-841014191, k5:170765990, k12:false, k14:'qn', k15:'xag', k32:false, k34:false, id:74}) MERGE (n35)-[r42 :T6{k74:'Hi'}]->(n74) RETURN *;
MATCH (n35 :L1 :L4{k26:'8foS', id:35}), (n149 :L3{k23:1777058585, id:149}) MERGE (n35)<-[r43 :T1{k45:'', k50:'shH1D'}]-(n149) RETURN *;
MATCH (n36{id:36}), (n5 :L0 :L1 :L2 :L3 :L5{k4:-831782578, id:5}) MERGE (n36)-[r44 :T6{k79:true}]->(n5) RETURN *;
MATCH (n36{id:36}), (n159 :L0 :L3{k2:-831782578, k6:false, k20:'', k22:false, id:159}) MERGE (n36)-[r45 :T0{k38:false, k43:279123767}]->(n159) RETURN *;
MATCH (n38 :L2{k12:true, k14:'', id:38}), (n118 :L0{k2:1851824708, k5:614904722, id:118}) MERGE (n38)-[r46 :T1{k46:'pj039ahBZ'}]->(n118) RETURN *;
MATCH (n40 :L0 :L1 :L2 :L3 :L4{k1:-621357301, k2:119792703, k4:1777058585, k7:false, k24:-650752786, k26:'Y8BB', k27:2142165462, k29:2020916117, id:40}), (n20 :L2 :L4{k16:'Y', k26:'', id:20}) MERGE (n40)-[r47 :T0{k39:908331481, k43:1163073594}]->(n20) RETURN *;
MATCH (n40 :L0 :L1 :L2 :L3 :L4{k1:-621357301, k2:119792703, k4:1777058585, k7:false, k24:-650752786, k26:'Y8BB', k27:2142165462, k29:2020916117, id:40}), (n62 :L1{k7:true, k9:true, id:62}) MERGE (n40)-[r48 :T4]->(n62) RETURN *;
MATCH (n40 :L0 :L1 :L2 :L3 :L4{k1:-621357301, k2:119792703, k4:1777058585, k7:false, k24:-650752786, k26:'Y8BB', k27:2142165462, k29:2020916117, id:40}), (n140{id:140}) MERGE (n40)<-[r49 :T1{k45:'gr', k49:false}]-(n140) RETURN *;
MATCH (n40 :L0 :L1 :L2 :L3 :L4{k1:-621357301, k2:119792703, k4:1777058585, k7:false, k24:-650752786, k26:'Y8BB', k27:2142165462, k29:2020916117, id:40}), (n197 :L3{k24:-1279341624, id:197}) MERGE (n40)-[r50 :T1]->(n197) RETURN *;
MATCH (n41 :L1 :L3{k11:'', k23:-621357301, id:41}), (n37 :L2{k15:'', k16:'w0', k17:true, id:37}) MERGE (n41)<-[r51 :T1{k45:'M', k49:false}]-(n37) RETURN *;
MATCH (n41 :L1 :L3{k11:'', k23:-621357301, id:41}), (n142{id:142}) MERGE (n41)<-[r52 :T5]-(n142) RETURN *;
MATCH (n42 :L3{k23:1350252240, id:42}), (n184{id:184}) MERGE (n42)-[r53 :T3{k56:false, k59:true}]->(n184) RETURN *;
MATCH (n42 :L3{k23:1350252240, id:42}), (n195 :L2 :L5{k32:false, id:195}) MERGE (n42)-[r54 :T6{k73:-286486895, k77:1851824708}]->(n195) RETURN *;
MATCH (n43 :L1{k8:818414002, id:43}), (n32 :L5{k33:false, k34:true, k36:true, k37:823306110, id:32}) MERGE (n43)-[r55 :T2]->(n32) RETURN *;
MATCH (n43 :L1{k8:818414002, id:43}), (n169 :L1{k11:'iX', id:169}) MERGE (n43)<-[r56 :T0{k42:false}]-(n169) RETURN *;
MATCH (n44 :L3 :L5{k23:-208701553, k34:false, k36:false, k37:-1005836324, id:44}), (n59{id:59}) MERGE (n44)-[r57 :T6{k74:'wj', k75:false}]->(n59) RETURN *;
MATCH (n44 :L3 :L5{k23:-208701553, k34:false, k36:false, k37:-1005836324, id:44}), (n142{id:142}) MERGE (n44)-[r58 :T1{k49:false}]->(n142) RETURN *;
MATCH (n44 :L3 :L5{k23:-208701553, k34:false, k36:false, k37:-1005836324, id:44}), (n162 :L0 :L1 :L2{k6:false, k7:false, k8:1252181972, k18:-1093898657, id:162}) MERGE (n44)-[r59 :T4{k61:'Y', k63:true}]->(n162) RETURN *;
MATCH (n45 :L5{k32:true, k35:false, id:45}), (n32 :L5{k33:false, k34:true, k36:true, k37:823306110, id:32}) MERGE (n45)<-[r60 :T1]-(n32) RETURN *;
MATCH (n45 :L5{k32:true, k35:false, id:45}), (n125 :L2{k15:'', id:125}) MERGE (n45)<-[r61 :T4{k61:'pQ6bRIwK2', k65:'', k66:false}]-(n125) RETURN *;
MATCH (n46 :L0 :L1 :L4 :L5{k1:1973365213, k6:true, k8:965653930, id:46}), (n45 :L5{k32:true, k35:false, id:45}) MERGE (n46)<-[r62 :T4{k64:749529431}]-(n45) RETURN *;
MATCH (n47 :L3{k21:false, k23:2034827562, id:47}), (n160 :L2 :L3{k14:'', k19:false, k20:'or', k24:-286486895, id:160}) MERGE (n47)<-[r63 :T2{k51:-446047892, k53:'0'}]-(n160) RETURN *;
MATCH (n48{id:48}), (n108 :L2 :L4{k13:-891837178, k16:'ryK4iC1r3', k18:908331481, k31:true, id:108}) MERGE (n48)<-[r64 :T6{k76:'t'}]-(n108) RETURN *;
MATCH (n49 :L0 :L2{k0:'BKFuG', k2:639734118, k4:823306110, k5:-1091227086, k17:true, id:49}), (n13 :L2{k17:true, id:13}) MERGE (n49)-[r65 :T1{k47:-210738045, k48:'v', k49:false}]->(n13) RETURN *;
MATCH (n49 :L0 :L2{k0:'BKFuG', k2:639734118, k4:823306110, k5:-1091227086, k17:true, id:49}), (n46 :L0 :L1 :L4 :L5{k1:1973365213, k6:true, k8:965653930, id:46}) MERGE (n49)<-[r66 :T4{k62:2097014226, k67:'XUCq0CGLl'}]-(n46) RETURN *;
MATCH (n50 :L2 :L3 :L4 :L5{k16:'FM', k22:true, k23:1389484217, k27:555584462, k35:false, id:50}), (n12{id:12}) MERGE (n50)-[r67 :T3]->(n12) RETURN *;
MATCH (n50 :L2 :L3 :L4 :L5{k16:'FM', k22:true, k23:1389484217, k27:555584462, k35:false, id:50}), (n98 :L2{id:98}) MERGE (n50)<-[r68 :T3{k58:'gDGhF9y'}]-(n98) RETURN *;
MATCH (n50 :L2 :L3 :L4 :L5{k16:'FM', k22:true, k23:1389484217, k27:555584462, k35:false, id:50}), (n178{id:178}) MERGE (n50)<-[r69 :T2{k51:969407998, k53:'1io1roV'}]-(n178) RETURN *;
MATCH (n51 :L2{id:51}), (n29 :L3{k20:'h', k24:1851824708, id:29}) MERGE (n51)-[r70 :T4]->(n29) RETURN *;
MATCH (n52{id:52}), (n56 :L0{k0:'4E', k1:2113023589, id:56}) MERGE (n52)-[r71 :T1{k47:-1365691345, k49:true}]->(n56) RETURN *;
MATCH (n52{id:52}), (n104 :L0{k1:1163073594, k3:true, id:104}) MERGE (n52)-[r72 :T1{k45:'jm0', k46:'8B6PRLPX', k48:'rtqocz'}]->(n104) RETURN *;
MATCH (n54 :L1 :L3 :L5{k33:false, k34:false, k36:true, k37:1426473092, id:54}), (n84 :L4{id:84}) MERGE (n54)<-[r73 :T2]-(n84) RETURN *;
MATCH (n54 :L1 :L3 :L5{k33:false, k34:false, k36:true, k37:1426473092, id:54}), (n109{id:109}) MERGE (n54)-[r74 :T1{k49:true, k50:''}]->(n109) RETURN *;
MATCH (n56 :L0{k0:'4E', k1:2113023589, id:56}), (n22 :L1 :L2{k7:false, k11:'c6nvG', id:22}) MERGE (n56)-[r75 :T6{k74:'G', k78:false}]->(n22) RETURN *;
MATCH (n56 :L0{k0:'4E', k1:2113023589, id:56}), (n40 :L0 :L1 :L2 :L3 :L4{k1:-621357301, k2:119792703, k4:1777058585, k7:false, k24:-650752786, k26:'Y8BB', k27:2142165462, k29:2020916117, id:40}) MERGE (n56)<-[r76 :T1{k45:'LQO'}]-(n40) RETURN *;
MATCH (n56 :L0{k0:'4E', k1:2113023589, id:56}), (n80 :L4{k26:'', id:80}) MERGE (n56)<-[r77 :T2{k54:'UW3az'}]-(n80) RETURN *;
MATCH (n57 :L0{id:57}), (n42 :L3{k23:1350252240, id:42}) MERGE (n57)-[r78 :T3{k56:false, k58:'paTRlh'}]->(n42) RETURN *;
MATCH (n59{id:59}), (n21 :L1{k7:false, k8:-1990999569, id:21}) MERGE (n59)-[r79 :T2{k55:true}]->(n21) RETURN *;
MATCH (n59{id:59}), (n188 :L2 :L3{k13:2142165462, k16:'UM', id:188}) MERGE (n59)<-[r80 :T2{k54:'8'}]-(n188) RETURN *;
MATCH (n61 :L4{k25:true, k31:false, id:61}), (n166 :L0{k4:1494241621, id:166}) MERGE (n61)<-[r81 :T3]-(n166) RETURN *;
MATCH (n64{id:64}), (n169 :L1{k11:'iX', id:169}) MERGE (n64)<-[r82 :T0{k41:280559915}]-(n169) RETURN *;
MATCH (n65{id:65}), (n63 :L1{k11:'', id:63}) MERGE (n65)-[r83 :T5]->(n63) RETURN *;
MATCH (n65{id:65}), (n169 :L1{k11:'iX', id:169}) MERGE (n65)-[r84 :T5]->(n169) RETURN *;
MATCH (n66 :L0 :L5{k0:'1', k1:-890797744, k32:true, k34:true, k36:true, k37:1973365213, id:66}), (n79{id:79}) MERGE (n66)-[r85 :T4]->(n79) RETURN *;
MATCH (n66 :L0 :L5{k0:'1', k1:-890797744, k32:true, k34:true, k36:true, k37:1973365213, id:66}), (n118 :L0{k2:1851824708, k5:614904722, id:118}) MERGE (n66)-[r86 :T4]->(n118) RETURN *;
MATCH (n67 :L2 :L3{k15:'De', k19:true, id:67}), (n93 :L0 :L2{k3:false, k16:'', id:93}) MERGE (n67)<-[r87 :T5{k72:'it'}]-(n93) RETURN *;
MATCH (n67 :L2 :L3{k15:'De', k19:true, id:67}), (n127 :L3{k20:'6LkiQ', k24:-1123932862, id:127}) MERGE (n67)<-[r88 :T6]-(n127) RETURN *;
MATCH (n68{id:68}), (n92{id:92}) MERGE (n68)-[r89 :T3{k58:'', k60:-1832913980}]->(n92) RETURN *;
MATCH (n68{id:68}), (n96 :L1{k8:2097014226, k11:'mibChocH', id:96}) MERGE (n68)-[r90 :T1{k48:'1Y'}]->(n96) RETURN *;
MATCH (n70{id:70}), (n63 :L1{k11:'', id:63}) MERGE (n70)-[r91 :T3]->(n63) RETURN *;
MATCH (n72 :L3{id:72}), (n67 :L2 :L3{k15:'De', k19:true, id:67}) MERGE (n72)<-[r92 :T0{k39:1350252240, k42:true}]-(n67) RETURN *;
MATCH (n72 :L3{id:72}), (n69{id:69}) MERGE (n72)-[r93 :T4{k61:'', k64:1663097562, k66:false}]->(n69) RETURN *;
MATCH (n73{id:73}), (n52{id:52}) MERGE (n73)<-[r94 :T4{k61:''}]-(n52) RETURN *;
MATCH (n73{id:73}), (n157 :L3{k19:true, id:157}) MERGE (n73)<-[r95 :T4{k62:-1990999569, k66:true}]-(n157) RETURN *;
MATCH (n75 :L3{id:75}), (n125 :L2{k15:'', id:125}) MERGE (n75)-[r96 :T4{k65:'uh', k67:'Q'}]->(n125) RETURN *;
MATCH (n76{id:76}), (n9{id:9}) MERGE (n76)-[r97 :T6{k76:'NlZEV'}]->(n9) RETURN *;
MATCH (n76{id:76}), (n39 :L3 :L4{k24:614904722, k27:2142165462, k30:'B4', id:39}) MERGE (n76)-[r98 :T6{k76:'UF', k79:false}]->(n39) RETURN *;
MATCH (n76{id:76}), (n68{id:68}) MERGE (n76)-[r99 :T2{k54:'SuY'}]->(n68) RETURN *;
MATCH (n77 :L0 :L4{k6:false, id:77}), (n142{id:142}) MERGE (n77)-[r100 :T1{k47:-647508233, k50:'pOUBoW'}]->(n142) RETURN *;
MATCH (n78 :L2{k13:1926161572, k16:'MI', id:78}), (n23 :L1 :L4{k26:'Q', id:23}) MERGE (n78)<-[r101 :T5{k71:''}]-(n23) RETURN *;
MATCH (n79{id:79}), (n36{id:36}) MERGE (n79)-[r102 :T3{k57:1333027696}]->(n36) RETURN *;
MATCH (n79{id:79}), (n165 :L0 :L3{k4:-2015165371, k21:false, id:165}) MERGE (n79)-[r103 :T4{k61:'5x', k62:237997743, k65:''}]->(n165) RETURN *;
MATCH (n80 :L4{k26:'', id:80}), (n156 :L0 :L2{k1:782625678, k4:-1005836324, k6:false, k18:-2015165371, id:156}) MERGE (n80)-[r104 :T6{k77:823306110, k79:false}]->(n156) RETURN *;
MATCH (n81 :L3 :L5{k20:'chy3Hs', k37:-509376335, id:81}), (n39 :L3 :L4{k24:614904722, k27:2142165462, k30:'B4', id:39}) MERGE (n81)<-[r105 :T0{k39:1525478243, k43:-1293690395}]-(n39) RETURN *;
MATCH (n81 :L3 :L5{k20:'chy3Hs', k37:-509376335, id:81}), (n93 :L0 :L2{k3:false, k16:'', id:93}) MERGE (n81)-[r106 :T3{k56:true, k57:-1919922791}]->(n93) RETURN *;
MATCH (n82 :L0 :L3{k4:-2015165371, id:82}), (n60 :L0 :L2{k2:-621357301, k3:false, id:60}) MERGE (n82)<-[r107 :T0{k41:1015215009, k43:-1760883224}]-(n60) RETURN *;
MATCH (n82 :L0 :L3{k4:-2015165371, id:82}), (n172{id:172}) MERGE (n82)<-[r108 :T0{k38:true, k41:126969970}]-(n172) RETURN *;
MATCH (n83{id:83}), (n26 :L1 :L5{k7:false, k32:false, id:26}) MERGE (n83)<-[r109 :T3{k56:true}]-(n26) RETURN *;
MATCH (n83{id:83}), (n117 :L2{k13:1851824708, id:117}) MERGE (n83)<-[r110 :T3{k58:'', k60:-2001017597}]-(n117) RETURN *;
MATCH (n84 :L4{id:84}), (n122 :L0{k0:'', k2:2062415026, id:122}) MERGE (n84)<-[r111 :T3{k59:true}]-(n122) RETURN *;
MATCH (n84 :L4{id:84}), (n145 :L2{k12:true, id:145}) MERGE (n84)<-[r112 :T2{k52:true}]-(n145) RETURN *;
MATCH (n84 :L4{id:84}), (n146 :L2{k18:2028062485, id:146}) MERGE (n84)<-[r113 :T5{k69:true, k70:'hgVe', k71:'k'}]-(n146) RETURN *;
MATCH (n85{id:85}), (n96 :L1{k8:2097014226, k11:'mibChocH', id:96}) MERGE (n85)<-[r114 :T3{k59:false}]-(n96) RETURN *;
MATCH (n85{id:85}), (n195 :L2 :L5{k32:false, id:195}) MERGE (n85)<-[r115 :T5{k69:true, k71:'T', k72:'P8o'}]-(n195) RETURN *;
MATCH (n86 :L3{k19:true, id:86}), (n189{id:189}) MERGE (n86)-[r116 :T0{k38:true, k44:false}]->(n189) RETURN *;
MATCH (n87 :L2 :L5{k15:'Y', k35:false, id:87}), (n4 :L2 :L4{k29:101708574, id:4}) MERGE (n87)-[r117 :T4{k63:true, k65:'BNwXVYrC', k66:false}]->(n4) RETURN *;
MATCH (n87 :L2 :L5{k15:'Y', k35:false, id:87}), (n16 :L0{k2:-1601446462, k4:-841014191, id:16}) MERGE (n87)<-[r118 :T4]-(n16) RETURN *;
MATCH (n88 :L2{k12:false, k16:'', id:88}), (n121 :L1{k9:false, k10:-659465927, id:121}) MERGE (n88)-[r119 :T3{k56:true, k57:-1959377929}]->(n121) RETURN *;
MATCH (n89{id:89}), (n38 :L2{k12:true, k14:'', id:38}) MERGE (n89)-[r120 :T4{k63:false}]->(n38) RETURN *;
MATCH (n90 :L1 :L2{k10:-1348123663, k12:false, id:90}), (n21 :L1{k7:false, k8:-1990999569, id:21}) MERGE (n90)-[r121 :T2{k51:-1227701918, k52:false}]->(n21) RETURN *;
MATCH (n90 :L1 :L2{k10:-1348123663, k12:false, id:90}), (n46 :L0 :L1 :L4 :L5{k1:1973365213, k6:true, k8:965653930, id:46}) MERGE (n90)-[r122 :T6{k73:-1590020877, k75:true, k76:'eE', k79:true}]->(n46) RETURN *;
MATCH (n90 :L1 :L2{k10:-1348123663, k12:false, id:90}), (n172{id:172}) MERGE (n90)-[r123 :T3{k59:false}]->(n172) RETURN *;
MATCH (n90 :L1 :L2{k10:-1348123663, k12:false, id:90}), (n176 :L0 :L1 :L3{k21:false, id:176}) MERGE (n90)-[r124 :T3{k57:838132101}]->(n176) RETURN *;
MATCH (n92{id:92}), (n41 :L1 :L3{k11:'', k23:-621357301, id:41}) MERGE (n92)-[r125 :T0{k39:179393964, k40:true, k41:-659832253, k42:false, k43:-1581267754}]->(n41) RETURN *;
MATCH (n93 :L0 :L2{k3:false, k16:'', id:93}), (n172{id:172}) MERGE (n93)-[r126 :T0{k40:false, k41:485916277, k44:true}]->(n172) RETURN *;
MATCH (n94 :L1 :L2 :L5{k11:'', k32:false, k36:false, id:94}), (n130 :L2 :L5{k13:-9223372036854775807, k16:'v', k18:22363639, k37:1777058585, id:130}) MERGE (n94)<-[r127 :T5{k69:false, k71:'umJacA'}]-(n130) RETURN *;
MATCH (n94 :L1 :L2 :L5{k11:'', k32:false, k36:false, id:94}), (n140{id:140}) MERGE (n94)-[r128 :T0{k38:true}]->(n140) RETURN *;
MATCH (n95 :L0 :L2 :L3 :L4{k14:'vo', k20:'', k22:false, k24:-158843174, k29:9223372036854775806, id:95}), (n69{id:69}) MERGE (n95)-[r129 :T5]->(n69) RETURN *;
MATCH (n96 :L1{k8:2097014226, k11:'mibChocH', id:96}), (n53 :L3{id:53}) MERGE (n96)-[r130 :T3{k56:false}]->(n53) RETURN *;
MATCH (n96 :L1{k8:2097014226, k11:'mibChocH', id:96}), (n159 :L0 :L3{k2:-831782578, k6:false, k20:'', k22:false, id:159}) MERGE (n96)-[r131 :T6{k73:-1143729418}]->(n159) RETURN *;
MATCH (n97 :L0{k1:870222507, id:97}), (n114 :L5{id:114}) MERGE (n97)<-[r132 :T4{k62:101708574}]-(n114) RETURN *;
MATCH (n98 :L2{id:98}), (n178{id:178}) MERGE (n98)-[r133 :T3{k57:-659465927}]->(n178) RETURN *;
MATCH (n99 :L5{k32:true, id:99}), (n12{id:12}) MERGE (n99)-[r134 :T5{k69:false}]->(n12) RETURN *;
MATCH (n99 :L5{k32:true, id:99}), (n199 :L3{k21:true, k24:-161025755, id:199}) MERGE (n99)-[r135 :T5]->(n199) RETURN *;
MATCH (n100 :L4{k29:1163073594, id:100}), (n109{id:109}) MERGE (n100)-[r136 :T3{k57:-1843433796}]->(n109) RETURN *;
MATCH (n103 :L0 :L1 :L2{k4:1163073594, id:103}), (n87 :L2 :L5{k15:'Y', k35:false, id:87}) MERGE (n103)<-[r137 :T0{k40:true, k42:false}]-(n87) RETURN *;
MATCH (n104 :L0{k1:1163073594, k3:true, id:104}), (n136{id:136}) MERGE (n104)<-[r138 :T1{k50:'0o5'}]-(n136) RETURN *;
MATCH (n104 :L0{k1:1163073594, k3:true, id:104}), (n151{id:151}) MERGE (n104)-[r139 :T5{k70:'tn3FTu', k72:'pd'}]->(n151) RETURN *;
MATCH (n105{id:105}), (n48{id:48}) MERGE (n105)<-[r140 :T1{k46:'0cKMA'}]-(n48) RETURN *;
MATCH (n105{id:105}), (n73{id:73}) MERGE (n105)<-[r141 :T6{k73:749529431, k77:-1348123663, k79:true}]-(n73) RETURN *;
MATCH (n106{id:106}), (n30{id:30}) MERGE (n106)<-[r142 :T3]-(n30) RETURN *;
MATCH (n107 :L2 :L4{k15:'on', k29:-1919922791, id:107}), (n131 :L1 :L4{k7:true, k28:-1819709972, id:131}) MERGE (n107)-[r143 :T0{k39:19389265}]->(n131) RETURN *;
MATCH (n107 :L2 :L4{k15:'on', k29:-1919922791, id:107}), (n141 :L3{id:141}) MERGE (n107)<-[r144 :T2]-(n141) RETURN *;
MATCH (n107 :L2 :L4{k15:'on', k29:-1919922791, id:107}), (n181 :L0{id:181}) MERGE (n107)<-[r145 :T6{k75:true, k78:true, k79:false}]-(n181) RETURN *;
MATCH (n109{id:109}), (n110 :L0{k6:false, id:110}) MERGE (n109)-[r146 :T6{k75:true, k79:true}]->(n110) RETURN *;
MATCH (n109{id:109}), (n163{id:163}) MERGE (n109)-[r147 :T6{k74:'O', k76:'6e', k78:false}]->(n163) RETURN *;
MATCH (n111 :L5{k35:true, id:111}), (n114 :L5{id:114}) MERGE (n111)-[r148 :T1]->(n114) RETURN *;
MATCH (n111 :L5{k35:true, id:111}), (n121 :L1{k9:false, k10:-659465927, id:121}) MERGE (n111)<-[r149 :T5{k71:'Y6NT6JL88'}]-(n121) RETURN *;
MATCH (n111 :L5{k35:true, id:111}), (n128{id:128}) MERGE (n111)<-[r150 :T4{k64:1989357612, k66:true}]-(n128) RETURN *;
MATCH (n111 :L5{k35:true, id:111}), (n197 :L3{k24:-1279341624, id:197}) MERGE (n111)-[r151 :T2]->(n197) RETURN *;
MATCH (n113 :L2{k12:true, id:113}), (n15 :L2 :L4{k27:-166754925, id:15}) MERGE (n113)<-[r152 :T5{k70:'', k72:'L40774'}]-(n15) RETURN *;
MATCH (n113 :L2{k12:true, id:113}), (n53 :L3{id:53}) MERGE (n113)<-[r153 :T3{k57:-561386286}]-(n53) RETURN *;
MATCH (n113 :L2{k12:true, id:113}), (n69{id:69}) MERGE (n113)-[r154 :T3]->(n69) RETURN *;
MATCH (n113 :L2{k12:true, id:113}), (n103 :L0 :L1 :L2{k4:1163073594, id:103}) MERGE (n113)-[r155 :T4{k62:810721602, k63:false}]->(n103) RETURN *;
MATCH (n114 :L5{id:114}), (n101 :L2{k16:'', k17:true, id:101}) MERGE (n114)-[r156 :T2{k51:-210738045}]->(n101) RETURN *;
MATCH (n114 :L5{id:114}), (n137 :L4{k31:false, id:137}) MERGE (n114)<-[r157 :T1{k49:false}]-(n137) RETURN *;
MATCH (n115 :L0{k2:-561386286, k3:false, id:115}), (n13 :L2{k17:true, id:13}) MERGE (n115)-[r158 :T6{k73:1621577640, k76:'QAoR', k78:true}]->(n13) RETURN *;
MATCH (n115 :L0{k2:-561386286, k3:false, id:115}), (n159 :L0 :L3{k2:-831782578, k6:false, k20:'', k22:false, id:159}) MERGE (n115)<-[r159 :T3{k58:''}]-(n159) RETURN *;
MATCH (n115 :L0{k2:-561386286, k3:false, id:115}), (n196 :L0 :L4{k0:'', k26:'zolw70Q', id:196}) MERGE (n115)<-[r160 :T1{k47:1350252240, k50:''}]-(n196) RETURN *;
MATCH (n116 :L0 :L3 :L5{k0:'Eb6lt3IFI', k22:true, k36:true, id:116}), (n177 :L4{k31:true, id:177}) MERGE (n116)<-[r161 :T6{k78:false}]-(n177) RETURN *;
MATCH (n117 :L2{k13:1851824708, id:117}), (n89{id:89}) MERGE (n117)-[r162 :T3]->(n89) RETURN *;
MATCH (n117 :L2{k13:1851824708, id:117}), (n178{id:178}) MERGE (n117)<-[r163 :T1]-(n178) RETURN *;
MATCH (n118 :L0{k2:1851824708, k5:614904722, id:118}), (n110 :L0{k6:false, id:110}) MERGE (n118)-[r164 :T4{k64:-750463341, k65:'eXAHDR'}]->(n110) RETURN *;
MATCH (n118 :L0{k2:1851824708, k5:614904722, id:118}), (n161 :L1{id:161}) MERGE (n118)-[r165 :T2{k54:'FJKit'}]->(n161) RETURN *;
MATCH (n119 :L1 :L3{k10:2027950903, id:119}), (n119 :L1 :L3{k10:2027950903, id:119}) MERGE (n119)-[r166 :T3{k59:false}]->(n119) RETURN *;
MATCH (n120 :L5{k37:-1392115021, id:120}), (n65{id:65}) MERGE (n120)<-[r167 :T6{k76:'fPTovmgo'}]-(n65) RETURN *;
MATCH (n120 :L5{k37:-1392115021, id:120}), (n89{id:89}) MERGE (n120)-[r168 :T2]->(n89) RETURN *;
MATCH (n121 :L1{k9:false, k10:-659465927, id:121}), (n115 :L0{k2:-561386286, k3:false, id:115}) MERGE (n121)-[r169 :T2{k51:-174931725, k52:false}]->(n115) RETURN *;
MATCH (n122 :L0{k0:'', k2:2062415026, id:122}), (n164 :L1 :L4{k8:1483948838, k11:'G', id:164}) MERGE (n122)-[r170 :T3{k57:-841014191, k59:true}]->(n164) RETURN *;
MATCH (n123{id:123}), (n184{id:184}) MERGE (n123)-[r171 :T0{k39:1386254124, k41:1525478243}]->(n184) RETURN *;
MATCH (n124 :L5{id:124}), (n97 :L0{k1:870222507, id:97}) MERGE (n124)-[r172 :T3]->(n97) RETURN *;
MATCH (n124 :L5{id:124}), (n138 :L3{id:138}) MERGE (n124)-[r173 :T3{k56:true, k60:1501872993}]->(n138) RETURN *;
MATCH (n125 :L2{k15:'', id:125}), (n138 :L3{id:138}) MERGE (n125)<-[r174 :T3{k57:-1094172288}]-(n138) RETURN *;
MATCH (n126{id:126}), (n52{id:52}) MERGE (n126)-[r175 :T2{k52:true, k54:'A', k55:true}]->(n52) RETURN *;
MATCH (n126{id:126}), (n68{id:68}) MERGE (n126)-[r176 :T0{k42:true}]->(n68) RETURN *;
MATCH (n126{id:126}), (n198 :L0{k6:true, id:198}) MERGE (n126)-[r177 :T5]->(n198) RETURN *;
MATCH (n127 :L3{k20:'6LkiQ', k24:-1123932862, id:127}), (n4 :L2 :L4{k29:101708574, id:4}) MERGE (n127)-[r178 :T0{k43:837729266}]->(n4) RETURN *;
MATCH (n127 :L3{k20:'6LkiQ', k24:-1123932862, id:127}), (n40 :L0 :L1 :L2 :L3 :L4{k1:-621357301, k2:119792703, k4:1777058585, k7:false, k24:-650752786, k26:'Y8BB', k27:2142165462, k29:2020916117, id:40}) MERGE (n127)-[r179 :T0{k42:false}]->(n40) RETURN *;
MATCH (n127 :L3{k20:'6LkiQ', k24:-1123932862, id:127}), (n95 :L0 :L2 :L3 :L4{k14:'vo', k20:'', k22:false, k24:-158843174, k29:9223372036854775806, id:95}) MERGE (n127)-[r180 :T0{k39:-878737302, k42:true}]->(n95) RETURN *;
MATCH (n127 :L3{k20:'6LkiQ', k24:-1123932862, id:127}), (n107 :L2 :L4{k15:'on', k29:-1919922791, id:107}) MERGE (n127)-[r181 :T5{k71:'g6wX'}]->(n107) RETURN *;
MATCH (n128{id:128}), (n52{id:52}) MERGE (n128)-[r182 :T3{k56:true, k57:-1870073915}]->(n52) RETURN *;
MATCH (n129{id:129}), (n107 :L2 :L4{k15:'on', k29:-1919922791, id:107}) MERGE (n129)<-[r183 :T3{k60:859461549}]-(n107) RETURN *;
MATCH (n129{id:129}), (n121 :L1{k9:false, k10:-659465927, id:121}) MERGE (n129)-[r184 :T6{k74:'', k75:true}]->(n121) RETURN *;
MATCH (n131 :L1 :L4{k7:true, k28:-1819709972, id:131}), (n107 :L2 :L4{k15:'on', k29:-1919922791, id:107}) MERGE (n131)<-[r185 :T1{k47:697266551, k48:'QlA1aCs', k50:'U'}]-(n107) RETURN *;
MATCH (n132{id:132}), (n187 :L5{k32:true, k34:true, k37:614904722, id:187}) MERGE (n132)<-[r186 :T3{k58:'', k60:749529431}]-(n187) RETURN *;
MATCH (n135{id:135}), (n16 :L0{k2:-1601446462, k4:-841014191, id:16}) MERGE (n135)-[r187 :T5{k69:false, k71:''}]->(n16) RETURN *;
MATCH (n135{id:135}), (n28 :L2 :L3{k15:'tklH', k20:'9q9bO3', id:28}) MERGE (n135)<-[r188 :T5{k68:-1832913980}]-(n28) RETURN *;
MATCH (n135{id:135}), (n135{id:135}) MERGE (n135)<-[r189 :T0{k42:true}]-(n135) RETURN *;
MATCH (n136{id:136}), (n31{id:31}) MERGE (n136)-[r190 :T2{k51:1534166455}]->(n31) RETURN *;
MATCH (n136{id:136}), (n45 :L5{k32:true, k35:false, id:45}) MERGE (n136)<-[r191 :T1{k48:'DG', k50:'y'}]-(n45) RETURN *;
MATCH (n138 :L3{id:138}), (n20 :L2 :L4{k16:'Y', k26:'', id:20}) MERGE (n138)<-[r192 :T3{k59:true, k60:537626900}]-(n20) RETURN *;
MATCH (n138 :L3{id:138}), (n68{id:68}) MERGE (n138)<-[r193 :T5{k70:''}]-(n68) RETURN *;
MATCH (n139 :L2 :L4 :L5{k16:'tU', k27:2142165462, k32:false, id:139}), (n130 :L2 :L5{k13:-9223372036854775807, k16:'v', k18:22363639, k37:1777058585, id:130}) MERGE (n139)-[r194 :T3{k60:902954552}]->(n130) RETURN *;
MATCH (n141 :L3{id:141}), (n142{id:142}) MERGE (n141)-[r195 :T6{k78:false, k79:true}]->(n142) RETURN *;
MATCH (n142{id:142}), (n143 :L5{k35:false, k36:true, id:143}) MERGE (n142)-[r196 :T0{k44:false}]->(n143) RETURN *;
MATCH (n143 :L5{k35:false, k36:true, id:143}), (n158 :L1 :L2{k10:490708880, k12:false, k18:1274042495, id:158}) MERGE (n143)<-[r197 :T6]-(n158) RETURN *;
MATCH (n144 :L3 :L4{k21:false, k29:-1349640748, id:144}), (n83{id:83}) MERGE (n144)<-[r198 :T2{k53:'dvT', k55:true}]-(n83) RETURN *;
MATCH (n144 :L3 :L4{k21:false, k29:-1349640748, id:144}), (n148 :L0 :L3{k4:1977616220, k19:true, k21:false, id:148}) MERGE (n144)<-[r199 :T4{k67:'ptz0ESA'}]-(n148) RETURN *;
MATCH (n145 :L2{k12:true, id:145}), (n46 :L0 :L1 :L4 :L5{k1:1973365213, k6:true, k8:965653930, id:46}) MERGE (n145)<-[r200 :T3{k56:false, k60:2017294127}]-(n46) RETURN *;
MATCH (n145 :L2{k12:true, id:145}), (n109{id:109}) MERGE (n145)-[r201 :T6{k78:false}]->(n109) RETURN *;
MATCH (n146 :L2{k18:2028062485, id:146}), (n7 :L1{k10:101708574, id:7}) MERGE (n146)-[r202 :T0]->(n7) RETURN *;
MATCH (n147 :L0{id:147}), (n87 :L2 :L5{k15:'Y', k35:false, id:87}) MERGE (n147)-[r203 :T0{k43:1927041507}]->(n87) RETURN *;
MATCH (n147 :L0{id:147}), (n163{id:163}) MERGE (n147)-[r204 :T2]->(n163) RETURN *;
MATCH (n149 :L3{k23:1777058585, id:149}), (n28 :L2 :L3{k15:'tklH', k20:'9q9bO3', id:28}) MERGE (n149)-[r205 :T3]->(n28) RETURN *;
MATCH (n149 :L3{k23:1777058585, id:149}), (n44 :L3 :L5{k23:-208701553, k34:false, k36:false, k37:-1005836324, id:44}) MERGE (n149)<-[r206 :T6{k74:'5D'}]-(n44) RETURN *;
MATCH (n151{id:151}), (n188 :L2 :L3{k13:2142165462, k16:'UM', id:188}) MERGE (n151)-[r207 :T4{k61:'Y', k63:true}]->(n188) RETURN *;
MATCH (n152 :L0 :L1 :L5{k7:true, k8:101708574, k36:true, id:152}), (n20 :L2 :L4{k16:'Y', k26:'', id:20}) MERGE (n152)<-[r208 :T3]-(n20) RETURN *;
MATCH (n152 :L0 :L1 :L5{k7:true, k8:101708574, k36:true, id:152}), (n38 :L2{k12:true, k14:'', id:38}) MERGE (n152)-[r209 :T6]->(n38) RETURN *;
MATCH (n152 :L0 :L1 :L5{k7:true, k8:101708574, k36:true, id:152}), (n51 :L2{id:51}) MERGE (n152)-[r210 :T2]->(n51) RETURN *;
MATCH (n152 :L0 :L1 :L5{k7:true, k8:101708574, k36:true, id:152}), (n155 :L1{k8:-2015165371, id:155}) MERGE (n152)-[r211 :T1{k49:false}]->(n155) RETURN *;
MATCH (n153 :L1 :L2 :L4 :L5{k9:false, k10:-1279341624, k12:false, k16:'1gJWwFRN', k28:-1959377929, id:153}), (n179{id:179}) MERGE (n153)<-[r212 :T6{k74:'', k77:-1581267754, k79:true}]-(n179) RETURN *;
MATCH (n154 :L2{id:154}), (n107 :L2 :L4{k15:'on', k29:-1919922791, id:107}) MERGE (n154)<-[r213 :T5{k68:-2131549485}]-(n107) RETURN *;
MATCH (n155 :L1{k8:-2015165371, id:155}), (n19 :L4{k28:-1158110590, id:19}) MERGE (n155)<-[r214 :T3{k57:-1990999569}]-(n19) RETURN *;
MATCH (n155 :L1{k8:-2015165371, id:155}), (n62 :L1{k7:true, k9:true, id:62}) MERGE (n155)-[r215 :T4{k66:true}]->(n62) RETURN *;
MATCH (n156 :L0 :L2{k1:782625678, k4:-1005836324, k6:false, k18:-2015165371, id:156}), (n3 :L3 :L4{id:3}) MERGE (n156)<-[r216 :T2{k55:true}]-(n3) RETURN *;
MATCH (n156 :L0 :L2{k1:782625678, k4:-1005836324, k6:false, k18:-2015165371, id:156}), (n123{id:123}) MERGE (n156)-[r217 :T1{k46:'iBsMpx', k48:'', k50:'DhygxGpG'}]->(n123) RETURN *;
MATCH (n156 :L0 :L2{k1:782625678, k4:-1005836324, k6:false, k18:-2015165371, id:156}), (n130 :L2 :L5{k13:-9223372036854775807, k16:'v', k18:22363639, k37:1777058585, id:130}) MERGE (n156)-[r218 :T5{k68:-18412705, k69:true, k70:'k'}]->(n130) RETURN *;
MATCH (n157 :L3{k19:true, id:157}), (n18 :L1 :L5{k11:'zPZtsVvm9', k36:true, k37:-1158110590, id:18}) MERGE (n157)-[r219 :T6{k75:false, k78:true}]->(n18) RETURN *;
MATCH (n157 :L3{k19:true, id:157}), (n72 :L3{id:72}) MERGE (n157)<-[r220 :T1{k47:0, k48:'W', k50:''}]-(n72) RETURN *;
MATCH (n159 :L0 :L3{k2:-831782578, k6:false, k20:'', k22:false, id:159}), (n39 :L3 :L4{k24:614904722, k27:2142165462, k30:'B4', id:39}) MERGE (n159)<-[r221 :T0{k39:-2083346039, k40:false, k41:-1706184236, k42:true}]-(n39) RETURN *;
MATCH (n159 :L0 :L3{k2:-831782578, k6:false, k20:'', k22:false, id:159}), (n45 :L5{k32:true, k35:false, id:45}) MERGE (n159)<-[r222 :T3{k59:false, k60:-1465538495}]-(n45) RETURN *;
MATCH (n159 :L0 :L3{k2:-831782578, k6:false, k20:'', k22:false, id:159}), (n186 :L1 :L4{id:186}) MERGE (n159)-[r223 :T4{k64:1527371465, k66:false}]->(n186) RETURN *;
MATCH (n159 :L0 :L3{k2:-831782578, k6:false, k20:'', k22:false, id:159}), (n197 :L3{k24:-1279341624, id:197}) MERGE (n159)-[r224 :T4{k61:'wlbIY8', k64:823306110}]->(n197) RETURN *;
MATCH (n160 :L2 :L3{k14:'', k19:false, k20:'or', k24:-286486895, id:160}), (n37 :L2{k15:'', k16:'w0', k17:true, id:37}) MERGE (n160)-[r225 :T1{k47:407812062, k50:'dPmYa'}]->(n37) RETURN *;
MATCH (n160 :L2 :L3{k14:'', k19:false, k20:'or', k24:-286486895, id:160}), (n91 :L2 :L3{k13:1973365213, k15:'976', k18:1862293229, k22:true, id:91}) MERGE (n160)-[r226 :T3]->(n91) RETURN *;
MATCH (n161 :L1{id:161}), (n20 :L2 :L4{k16:'Y', k26:'', id:20}) MERGE (n161)<-[r227 :T4{k66:true}]-(n20) RETURN *;
MATCH (n162 :L0 :L1 :L2{k6:false, k7:false, k8:1252181972, k18:-1093898657, id:162}), (n128{id:128}) MERGE (n162)-[r228 :T2]->(n128) RETURN *;
MATCH (n165 :L0 :L3{k4:-2015165371, k21:false, id:165}), (n178{id:178}) MERGE (n165)-[r229 :T6{k73:-1493688033, k74:'bwGf', k78:false, k79:true}]->(n178) RETURN *;
MATCH (n166 :L0{k4:1494241621, id:166}), (n191 :L5{k32:true, id:191}) MERGE (n166)-[r230 :T4{k65:''}]->(n191) RETURN *;
MATCH (n167{id:167}), (n11 :L5{k33:false, k34:false, k35:false, k37:1926161572, id:11}) MERGE (n167)-[r231 :T5]->(n11) RETURN *;
MATCH (n169 :L1{k11:'iX', id:169}), (n146 :L2{k18:2028062485, id:146}) MERGE (n169)<-[r232 :T5{k71:'', k72:''}]-(n146) RETURN *;
MATCH (n170 :L1 :L2{k9:false, k10:-1480921865, k17:false, id:170}), (n6 :L2{id:6}) MERGE (n170)<-[r233 :T3{k56:true, k58:'0', k60:870222507}]-(n6) RETURN *;
MATCH (n171 :L5{k34:true, k36:true, id:171}), (n161 :L1{id:161}) MERGE (n171)<-[r234 :T0]-(n161) RETURN *;
MATCH (n171 :L5{k34:true, k36:true, id:171}), (n197 :L3{k24:-1279341624, id:197}) MERGE (n171)<-[r235 :T0]-(n197) RETURN *;
MATCH (n172{id:172}), (n34{id:34}) MERGE (n172)<-[r236 :T0{k38:false, k40:false}]-(n34) RETURN *;
MATCH (n172{id:172}), (n186 :L1 :L4{id:186}) MERGE (n172)-[r237 :T5]->(n186) RETURN *;
MATCH (n173{id:173}), (n136{id:136}) MERGE (n173)-[r238 :T5]->(n136) RETURN *;
MATCH (n174{id:174}), (n55 :L0 :L4{id:55}) MERGE (n174)<-[r239 :T2{k53:'yv'}]-(n55) RETURN *;
MATCH (n174{id:174}), (n169 :L1{k11:'iX', id:169}) MERGE (n174)<-[r240 :T1{k47:1849218639, k49:false}]-(n169) RETURN *;
MATCH (n175 :L5{k35:false, id:175}), (n62 :L1{k7:true, k9:true, id:62}) MERGE (n175)<-[r241 :T4{k63:false}]-(n62) RETURN *;
MATCH (n175 :L5{k35:false, id:175}), (n124 :L5{id:124}) MERGE (n175)-[r242 :T0]->(n124) RETURN *;
MATCH (n175 :L5{k35:false, id:175}), (n195 :L2 :L5{k32:false, id:195}) MERGE (n175)<-[r243 :T4{k65:'', k66:false, k67:'wm'}]-(n195) RETURN *;
MATCH (n176 :L0 :L1 :L3{k21:false, id:176}), (n189{id:189}) MERGE (n176)<-[r244 :T6]-(n189) RETURN *;
MATCH (n180 :L4 :L5{id:180}), (n117 :L2{k13:1851824708, id:117}) MERGE (n180)<-[r245 :T6{k75:true}]-(n117) RETURN *;
MATCH (n181 :L0{id:181}), (n2 :L1 :L4{k26:'CR', id:2}) MERGE (n181)-[r246 :T0{k41:-469498005}]->(n2) RETURN *;
MATCH (n181 :L0{id:181}), (n11 :L5{k33:false, k34:false, k35:false, k37:1926161572, id:11}) MERGE (n181)-[r247 :T0]->(n11) RETURN *;
MATCH (n181 :L0{id:181}), (n167{id:167}) MERGE (n181)-[r248 :T1{k47:-856480652}]->(n167) RETURN *;
MATCH (n183 :L0{k6:true, id:183}), (n36{id:36}) MERGE (n183)<-[r249 :T1]-(n36) RETURN *;
MATCH (n184{id:184}), (n57 :L0{id:57}) MERGE (n184)-[r250 :T5{k68:299560246, k70:'c'}]->(n57) RETURN *;
MATCH (n184{id:184}), (n115 :L0{k2:-561386286, k3:false, id:115}) MERGE (n184)<-[r251 :T1{k49:true}]-(n115) RETURN *;
MATCH (n185 :L1 :L5{k11:'', k36:false, id:185}), (n54 :L1 :L3 :L5{k33:false, k34:false, k36:true, k37:1426473092, id:54}) MERGE (n185)-[r252 :T5{k69:true}]->(n54) RETURN *;
MATCH (n185 :L1 :L5{k11:'', k36:false, id:185}), (n134 :L2 :L3 :L5{k12:false, k14:'b', id:134}) MERGE (n185)-[r253 :T4{k62:2051306234, k63:true}]->(n134) RETURN *;
MATCH (n187 :L5{k32:true, k34:true, k37:614904722, id:187}), (n95 :L0 :L2 :L3 :L4{k14:'vo', k20:'', k22:false, k24:-158843174, k29:9223372036854775806, id:95}) MERGE (n187)-[r254 :T0]->(n95) RETURN *;
MATCH (n189{id:189}), (n152 :L0 :L1 :L5{k7:true, k8:101708574, k36:true, id:152}) MERGE (n189)-[r255 :T2{k53:'M5pvWR'}]->(n152) RETURN *;
MATCH (n190 :L2{k17:true, id:190}), (n85{id:85}) MERGE (n190)-[r256 :T3]->(n85) RETURN *;
MATCH (n190 :L2{k17:true, id:190}), (n105{id:105}) MERGE (n190)-[r257 :T6{k74:'QAEHP'}]->(n105) RETURN *;
MATCH (n190 :L2{k17:true, id:190}), (n158 :L1 :L2{k10:490708880, k12:false, k18:1274042495, id:158}) MERGE (n190)-[r258 :T4{k63:false, k64:-1727569627, k67:''}]->(n158) RETURN *;
MATCH (n191 :L5{k32:true, id:191}), (n50 :L2 :L3 :L4 :L5{k16:'FM', k22:true, k23:1389484217, k27:555584462, k35:false, id:50}) MERGE (n191)-[r259 :T3{k59:false}]->(n50) RETURN *;
MATCH (n192 :L3{id:192}), (n122 :L0{k0:'', k2:2062415026, id:122}) MERGE (n192)<-[r260 :T1{k47:167131181}]-(n122) RETURN *;
MATCH (n192 :L3{id:192}), (n167{id:167}) MERGE (n192)-[r261 :T6{k73:22363639, k75:false}]->(n167) RETURN *;
MATCH (n194 :L2{k14:'PzyjtE', k17:false, id:194}), (n84 :L4{id:84}) MERGE (n194)<-[r262 :T4{k62:89729351, k64:-1102953132, k66:true}]-(n84) RETURN *;
MATCH (n196 :L0 :L4{k0:'', k26:'zolw70Q', id:196}), (n46 :L0 :L1 :L4 :L5{k1:1973365213, k6:true, k8:965653930, id:46}) MERGE (n196)-[r263 :T4{k61:'', k63:false}]->(n46) RETURN *;
MATCH (n197 :L3{k24:-1279341624, id:197}), (n107 :L2 :L4{k15:'on', k29:-1919922791, id:107}) MERGE (n197)<-[r264 :T3{k57:-2129596354}]-(n107) RETURN *;
MATCH (n198 :L0{k6:true, id:198}), (n47 :L3{k21:false, k23:2034827562, id:47}) MERGE (n198)<-[r265 :T0]-(n47) RETURN *;
MATCH (n199 :L3{k21:true, k24:-161025755, id:199}), (n86 :L3{k19:true, id:86}) MERGE (n199)<-[r266 :T1{k49:true}]-(n86) RETURN *;
