CREATE (n0 :L1{k11:418116689, id:0}) RETURN *;
CREATE (n1 :L0 :L1{k0:418116689, k7:false, k9:1404182727, k10:false, id:1}) RETURN *;
CREATE (n2{id:2}) RETURN *;
CREATE (n3{id:3}) RETURN *;
CREATE (n4 :L2 :L4{id:4}) RETURN *;
CREATE (n5 :L1{k9:1404182727, id:5}) RETURN *;
CREATE (n6{id:6}) RETURN *;
CREATE (n7 :L1 :L2{k5:-1624125874, id:7}) RETURN *;
CREATE (n8 :L3{k18:1723531107, k20:'', k21:-711067491, id:8}) RETURN *;
CREATE (n9{id:9}) RETURN *;
CREATE (n10 :L1{k6:450785215, id:10}) RETURN *;
CREATE (n11{id:11}) RETURN *;
CREATE (n12 :L1{k6:-1624125874, k9:-1184633260, k10:false, id:12}) RETURN *;
CREATE (n13 :L0 :L1{id:13}) RETURN *;
CREATE (n14 :L0{k1:true, id:14}) RETURN *;
CREATE (n15 :L1 :L2{k5:-785459472, k6:1596883570, k10:true, k11:-287154080, id:15}) RETURN *;
CREATE (n16 :L2 :L4{k16:'1', k24:true, id:16}) RETURN *;
CREATE (n17{id:17}) RETURN *;
CREATE (n18 :L0{k0:1404182727, k3:-1184633260, id:18}) RETURN *;
CREATE (n19{id:19}) RETURN *;
CREATE (n20{id:20}) RETURN *;
CREATE (n21 :L4{id:21}) RETURN *;
CREATE (n22 :L2 :L4{k12:true, k16:'', k24:true, id:22}) RETURN *;
CREATE (n23 :L0 :L3{id:23}) RETURN *;
CREATE (n24 :L0{k4:true, id:24}) RETURN *;
CREATE (n25 :L2{id:25}) RETURN *;
CREATE (n26 :L4{k25:false, id:26}) RETURN *;
CREATE (n27{id:27}) RETURN *;
CREATE (n28{id:28}) RETURN *;
CREATE (n29 :L4{k26:false, id:29}) RETURN *;
CREATE (n30 :L4{k24:false, k29:-287154080, id:30}) RETURN *;
CREATE (n31 :L2{id:31}) RETURN *;
CREATE (n32{id:32}) RETURN *;
CREATE (n33 :L2{k14:273353470, id:33}) RETURN *;
CREATE (n34 :L1 :L4{k6:-800378070, k8:true, k9:1082207376, k24:true, k29:-345520080, id:34}) RETURN *;
CREATE (n35 :L1 :L3{k5:-800378070, id:35}) RETURN *;
CREATE (n36 :L1 :L2{k6:-2100363079, k12:false, k16:'8tgApn', id:36}) RETURN *;
CREATE (n37 :L1{k7:false, k9:1670597966, id:37}) RETURN *;
CREATE (n38 :L2{k13:false, id:38}) RETURN *;
CREATE (n39{id:39}) RETURN *;
CREATE (n40 :L3{k18:-505672760, id:40}) RETURN *;
CREATE (n41{id:41}) RETURN *;
CREATE (n42 :L2 :L3{k12:true, k14:926379312, k17:true, k20:'En', k23:'Mv3sePhKp', id:42}) RETURN *;
CREATE (n43 :L2 :L3{k15:'fbdYZq', k17:true, k18:-899193735, k21:-1259189316, id:43}) RETURN *;
CREATE (n44 :L0 :L2{k13:true, k15:'', k16:'7WXL', id:44}) RETURN *;
CREATE (n45 :L1 :L2{k8:false, k12:true, k16:'', id:45}) RETURN *;
CREATE (n46{id:46}) RETURN *;
CREATE (n47 :L3{k18:-2037866290, id:47}) RETURN *;
CREATE (n48 :L2{k15:'6k', k16:'T', id:48}) RETURN *;
CREATE (n49{id:49}) RETURN *;
CREATE (n50{id:50}) RETURN *;
CREATE (n51 :L2{k12:false, k15:'C', id:51}) RETURN *;
CREATE (n52 :L1{id:52}) RETURN *;
CREATE (n53{id:53}) RETURN *;
CREATE (n54{id:54}) RETURN *;
CREATE (n55{id:55}) RETURN *;
CREATE (n56 :L2{k12:false, k13:true, k14:1956866445, k16:'Nqo', id:56}) RETURN *;
CREATE (n57{id:57}) RETURN *;
CREATE (n58 :L3 :L4{k18:2114281789, k22:true, k23:'', id:58}) RETURN *;
CREATE (n59 :L1{id:59}) RETURN *;
CREATE (n60{id:60}) RETURN *;
CREATE (n61{id:61}) RETURN *;
CREATE (n62 :L3{k23:'', id:62}) RETURN *;
CREATE (n63 :L0 :L1 :L3{k8:false, k9:1153714835, id:63}) RETURN *;
CREATE (n64{id:64}) RETURN *;
CREATE (n65 :L3{k19:1733909095, k22:true, id:65}) RETURN *;
CREATE (n66 :L1 :L4{k9:1956866445, k24:false, k29:-1055359689, id:66}) RETURN *;
CREATE (n67 :L2{k13:false, id:67}) RETURN *;
CREATE (n68{id:68}) RETURN *;
CREATE (n69 :L1{k5:2104299810, k6:926379312, k7:true, k9:273353470, id:69}) RETURN *;
CREATE (n70{id:70}) RETURN *;
CREATE (n71{id:71}) RETURN *;
CREATE (n72{id:72}) RETURN *;
CREATE (n73 :L1 :L3{id:73}) RETURN *;
CREATE (n74 :L1 :L3{k21:-1684249532, id:74}) RETURN *;
CREATE (n75{id:75}) RETURN *;
CREATE (n76 :L2{k13:true, id:76}) RETURN *;
CREATE (n77{id:77}) RETURN *;
CREATE (n78{id:78}) RETURN *;
CREATE (n79{id:79}) RETURN *;
CREATE (n80 :L2{k12:true, id:80}) RETURN *;
CREATE (n81 :L1 :L3{k8:false, k10:false, k11:-345520080, id:81}) RETURN *;
CREATE (n82 :L3 :L4{k20:'', k22:false, k25:true, k26:true, id:82}) RETURN *;
CREATE (n83{id:83}) RETURN *;
CREATE (n84{id:84}) RETURN *;
CREATE (n85{id:85}) RETURN *;
CREATE (n86{id:86}) RETURN *;
CREATE (n87 :L0{k0:-795612842, k1:false, k4:false, id:87}) RETURN *;
CREATE (n88{id:88}) RETURN *;
CREATE (n89 :L4{k24:false, id:89}) RETURN *;
CREATE (n90 :L2 :L3 :L4{k14:-307225865, k16:'', k20:'YV9tQK', k29:-1627371868, id:90}) RETURN *;
CREATE (n91 :L1{k5:2114281789, k6:-505672760, id:91}) RETURN *;
CREATE (n92 :L4{k26:true, id:92}) RETURN *;
CREATE (n93 :L1 :L2{k11:-1472853043, id:93}) RETURN *;
CREATE (n94 :L1{k10:true, k11:1734678359, id:94}) RETURN *;
CREATE (n95{id:95}) RETURN *;
CREATE (n96 :L3 :L4{k21:-2037943090, k22:false, k23:'XqK', k24:false, k26:true, k28:'', id:96}) RETURN *;
CREATE (n97 :L0 :L3{k4:false, k23:'X', id:97}) RETURN *;
CREATE (n98{id:98}) RETURN *;
CREATE (n99 :L4{id:99}) RETURN *;
CREATE (n100{id:100}) RETURN *;
CREATE (n101 :L0 :L2{k0:1645130918, k3:2104299810, k12:true, k14:-1624125874, k17:false, id:101}) RETURN *;
CREATE (n102 :L1{id:102}) RETURN *;
CREATE (n103 :L0{id:103}) RETURN *;
CREATE (n104 :L4{k26:true, k28:'rwM', id:104}) RETURN *;
CREATE (n105 :L0 :L4{k0:926379312, id:105}) RETURN *;
CREATE (n106 :L1 :L4{k8:false, k11:-1624125874, k25:false, k28:'L', id:106}) RETURN *;
CREATE (n107{id:107}) RETURN *;
CREATE (n108 :L4{k27:'l', id:108}) RETURN *;
CREATE (n109 :L1 :L2{k5:1082207376, k6:273353470, k13:false, k15:'', id:109}) RETURN *;
CREATE (n110{id:110}) RETURN *;
CREATE (n111 :L0 :L2{k16:'nxHt', k17:false, id:111}) RETURN *;
CREATE (n112{id:112}) RETURN *;
CREATE (n113 :L3 :L4{k18:2104299810, k19:-2069885127, k20:'', k25:false, id:113}) RETURN *;
CREATE (n114 :L2 :L4{k15:'', k17:true, k24:false, k26:false, id:114}) RETURN *;
CREATE (n115{id:115}) RETURN *;
CREATE (n116 :L1{k5:971458098, id:116}) RETURN *;
CREATE (n117{id:117}) RETURN *;
CREATE (n118 :L0{k1:false, k4:true, id:118}) RETURN *;
CREATE (n119{id:119}) RETURN *;
CREATE (n120{id:120}) RETURN *;
CREATE (n121{id:121}) RETURN *;
CREATE (n122{id:122}) RETURN *;
CREATE (n123 :L4{k24:false, k27:'c', id:123}) RETURN *;
CREATE (n124 :L1 :L2 :L4{k7:true, k9:418116689, k11:394389606, k17:false, id:124}) RETURN *;
CREATE (n125 :L2 :L3{k19:-899193735, id:125}) RETURN *;
CREATE (n126 :L1 :L2{id:126}) RETURN *;
CREATE (n127{id:127}) RETURN *;
CREATE (n128{id:128}) RETURN *;
CREATE (n129 :L1 :L4{k9:-1627371868, k25:true, k29:1723531107, id:129}) RETURN *;
CREATE (n130 :L2{k14:-800378070, id:130}) RETURN *;
CREATE (n131{id:131}) RETURN *;
CREATE (n132 :L2{id:132}) RETURN *;
CREATE (n133 :L0{id:133}) RETURN *;
CREATE (n134 :L0 :L1 :L3{k0:1545631618, k3:-1055359689, k7:true, k10:true, k23:'', id:134}) RETURN *;
CREATE (n135 :L2 :L4{k12:true, k14:1597631693, k25:true, id:135}) RETURN *;
CREATE (n136 :L3{k21:-692170102, k23:'dNI', id:136}) RETURN *;
CREATE (n137 :L0 :L1{k4:true, k11:1733909095, id:137}) RETURN *;
CREATE (n138 :L0 :L2 :L3{k3:1782520056, k4:true, k12:true, k14:-1472853043, k16:'SRAQX6k', k23:'n9', id:138}) RETURN *;
CREATE (n139 :L0{k4:false, id:139}) RETURN *;
CREATE (n140 :L1{id:140}) RETURN *;
CREATE (n141{id:141}) RETURN *;
CREATE (n142 :L1{id:142}) RETURN *;
CREATE (n143{id:143}) RETURN *;
CREATE (n144 :L0{k3:-1008373896, id:144}) RETURN *;
CREATE (n145 :L0{k4:false, id:145}) RETURN *;
CREATE (n146 :L1 :L4{k5:1496545776, k7:false, k26:true, k29:-800378070, id:146}) RETURN *;
CREATE (n147 :L2{k13:true, id:147}) RETURN *;
CREATE (n148 :L1 :L3{k8:false, id:148}) RETURN *;
CREATE (n149 :L3 :L4{k18:418116689, k21:376141464, k23:'U', id:149}) RETURN *;
CREATE (n150{id:150}) RETURN *;
CREATE (n151 :L1 :L2{k14:-1105356287, k15:'0NP', id:151}) RETURN *;
CREATE (n152 :L2{k14:-1184633260, id:152}) RETURN *;
CREATE (n153 :L0 :L1{k0:-1649532938, k4:false, k7:false, id:153}) RETURN *;
CREATE (n154{id:154}) RETURN *;
CREATE (n155{id:155}) RETURN *;
CREATE (n156 :L3{k21:1956866445, id:156}) RETURN *;
CREATE (n157 :L4{k24:false, k26:false, id:157}) RETURN *;
CREATE (n158 :L2 :L3 :L4{k16:'', k19:1471754595, k23:'Jg', id:158}) RETURN *;
CREATE (n159{id:159}) RETURN *;
CREATE (n160 :L0 :L1{k9:-1576771151, id:160}) RETURN *;
CREATE (n161 :L0 :L1{id:161}) RETURN *;
CREATE (n162 :L2 :L3{id:162}) RETURN *;
CREATE (n163 :L1 :L3{k6:-413489884, k22:false, id:163}) RETURN *;
CREATE (n164 :L3{k22:true, id:164}) RETURN *;
CREATE (n165{id:165}) RETURN *;
CREATE (n166{id:166}) RETURN *;
CREATE (n167{id:167}) RETURN *;
CREATE (n168 :L3{id:168}) RETURN *;
CREATE (n169 :L2{id:169}) RETURN *;
CREATE (n170 :L2 :L4{id:170}) RETURN *;
CREATE (n171 :L1 :L4{k26:false, k28:'ATKbozFDV', id:171}) RETURN *;
CREATE (n172{id:172}) RETURN *;
CREATE (n173{id:173}) RETURN *;
CREATE (n174 :L3{id:174}) RETURN *;
CREATE (n175{id:175}) RETURN *;
CREATE (n176{id:176}) RETURN *;
CREATE (n177 :L2 :L3{k15:'', id:177}) RETURN *;
CREATE (n178 :L1 :L3{k18:-18815062, id:178}) RETURN *;
CREATE (n179{id:179}) RETURN *;
CREATE (n180{id:180}) RETURN *;
CREATE (n181{id:181}) RETURN *;
CREATE (n182{id:182}) RETURN *;
CREATE (n183 :L0 :L2{k3:-2069885127, k13:true, k15:'Yh', k17:false, id:183}) RETURN *;
CREATE (n184 :L0 :L2 :L4{k0:-1942251984, k4:true, k15:'', k26:true, id:184}) RETURN *;
CREATE (n185{id:185}) RETURN *;
CREATE (n186 :L1 :L2{k11:458823920, k13:false, k14:-830273998, id:186}) RETURN *;
CREATE (n187{id:187}) RETURN *;
CREATE (n188 :L0{id:188}) RETURN *;
CREATE (n189 :L2 :L3{k12:true, k17:false, k18:234011359, k19:-1710557660, k22:false, id:189}) RETURN *;
CREATE (n190{id:190}) RETURN *;
CREATE (n191 :L4{k27:'wG', k29:1956866445, id:191}) RETURN *;
CREATE (n192 :L4{k25:true, k29:1956866445, id:192}) RETURN *;
CREATE (n193 :L3{id:193}) RETURN *;
CREATE (n194{id:194}) RETURN *;
CREATE (n195 :L3 :L4{k19:1984806270, id:195}) RETURN *;
CREATE (n196 :L2 :L4{k12:true, k25:false, k27:'', id:196}) RETURN *;
CREATE (n197 :L3{k21:-1671192080, id:197}) RETURN *;
CREATE (n198 :L4{k29:1999748088, id:198}) RETURN *;
CREATE (n199 :L4{k27:'JR4w', id:199}) RETURN *;
MATCH (n0 :L1{k11:418116689, id:0}), (n79{id:79}) MERGE (n0)<-[r0 :T2{k43:2104299810}]-(n79) RETURN *;
MATCH (n0 :L1{k11:418116689, id:0}), (n123 :L4{k24:false, k27:'c', id:123}) MERGE (n0)<-[r1 :T3{k49:true, k51:true}]-(n123) RETURN *;
MATCH (n1 :L0 :L1{k0:418116689, k7:false, k9:1404182727, k10:false, id:1}), (n14 :L0{k1:true, id:14}) MERGE (n1)<-[r2 :T0{k31:'5U'}]-(n14) RETURN *;
MATCH (n1 :L0 :L1{k0:418116689, k7:false, k9:1404182727, k10:false, id:1}), (n41{id:41}) MERGE (n1)<-[r3 :T0]-(n41) RETURN *;
MATCH (n1 :L0 :L1{k0:418116689, k7:false, k9:1404182727, k10:false, id:1}), (n124 :L1 :L2 :L4{k7:true, k9:418116689, k11:394389606, k17:false, id:124}) MERGE (n1)-[r4 :T0{k31:'Ggz'}]->(n124) RETURN *;
MATCH (n2{id:2}), (n185{id:185}) MERGE (n2)<-[r5 :T2{k43:458823920, k47:'vm'}]-(n185) RETURN *;
MATCH (n3{id:3}), (n192 :L4{k25:true, k29:1956866445, id:192}) MERGE (n3)-[r6 :T4{k55:-1272375535, k56:1397428261, k58:394389606}]->(n192) RETURN *;
MATCH (n4 :L2 :L4{id:4}), (n13 :L0 :L1{id:13}) MERGE (n4)-[r7 :T2{k42:349568152}]->(n13) RETURN *;
MATCH (n4 :L2 :L4{id:4}), (n74 :L1 :L3{k21:-1684249532, id:74}) MERGE (n4)<-[r8 :T4{k58:2001767365, k59:'G'}]-(n74) RETURN *;
MATCH (n4 :L2 :L4{id:4}), (n157 :L4{k24:false, k26:false, id:157}) MERGE (n4)-[r9 :T4{k56:-223363171, k57:''}]->(n157) RETURN *;
MATCH (n5 :L1{k9:1404182727, id:5}), (n187{id:187}) MERGE (n5)<-[r10 :T4{k53:false, k55:-1749738785}]-(n187) RETURN *;
MATCH (n6{id:6}), (n72{id:72}) MERGE (n6)-[r11 :T0{k30:526460883, k33:false}]->(n72) RETURN *;
MATCH (n6{id:6}), (n148 :L1 :L3{k8:false, id:148}) MERGE (n6)-[r12 :T1{k39:true}]->(n148) RETURN *;
MATCH (n7 :L1 :L2{k5:-1624125874, id:7}), (n162 :L2 :L3{id:162}) MERGE (n7)-[r13 :T2{k41:''}]->(n162) RETURN *;
MATCH (n8 :L3{k18:1723531107, k20:'', k21:-711067491, id:8}), (n184 :L0 :L2 :L4{k0:-1942251984, k4:true, k15:'', k26:true, id:184}) MERGE (n8)<-[r14 :T0]-(n184) RETURN *;
MATCH (n9{id:9}), (n66 :L1 :L4{k9:1956866445, k24:false, k29:-1055359689, id:66}) MERGE (n9)-[r15 :T2{k41:'HEJ4yW'}]->(n66) RETURN *;
MATCH (n9{id:9}), (n138 :L0 :L2 :L3{k3:1782520056, k4:true, k12:true, k14:-1472853043, k16:'SRAQX6k', k23:'n9', id:138}) MERGE (n9)<-[r16 :T1{k36:'L'}]-(n138) RETURN *;
MATCH (n11{id:11}), (n59 :L1{id:59}) MERGE (n11)-[r17 :T1]->(n59) RETURN *;
MATCH (n11{id:11}), (n90 :L2 :L3 :L4{k14:-307225865, k16:'', k20:'YV9tQK', k29:-1627371868, id:90}) MERGE (n11)-[r18 :T0{k32:false}]->(n90) RETURN *;
MATCH (n12 :L1{k6:-1624125874, k9:-1184633260, k10:false, id:12}), (n21 :L4{id:21}) MERGE (n12)<-[r19 :T1{k38:'t6jH', k40:-1416917021}]-(n21) RETURN *;
MATCH (n12 :L1{k6:-1624125874, k9:-1184633260, k10:false, id:12}), (n157 :L4{k24:false, k26:false, id:157}) MERGE (n12)-[r20 :T3{k48:1681238149}]->(n157) RETURN *;
MATCH (n17{id:17}), (n128{id:128}) MERGE (n17)<-[r21 :T0{k32:false, k33:true, k34:false}]-(n128) RETURN *;
MATCH (n18 :L0{k0:1404182727, k3:-1184633260, id:18}), (n65 :L3{k19:1733909095, k22:true, id:65}) MERGE (n18)<-[r22 :T0{k32:true}]-(n65) RETURN *;
MATCH (n18 :L0{k0:1404182727, k3:-1184633260, id:18}), (n93 :L1 :L2{k11:-1472853043, id:93}) MERGE (n18)-[r23 :T4{k53:false, k54:false, k56:-683753327, k59:''}]->(n93) RETURN *;
MATCH (n19{id:19}), (n7 :L1 :L2{k5:-1624125874, id:7}) MERGE (n19)<-[r24 :T2]-(n7) RETURN *;
MATCH (n19{id:19}), (n7 :L1 :L2{k5:-1624125874, id:7}) MERGE (n19)<-[r25 :T3]-(n7) RETURN *;
MATCH (n19{id:19}), (n108 :L4{k27:'l', id:108}) MERGE (n19)-[r26 :T2{k42:1153714835, k43:1450968733}]->(n108) RETURN *;
MATCH (n19{id:19}), (n198 :L4{k29:1999748088, id:198}) MERGE (n19)-[r27 :T3{k52:false}]->(n198) RETURN *;
MATCH (n22 :L2 :L4{k12:true, k16:'', k24:true, id:22}), (n194{id:194}) MERGE (n22)-[r28 :T3{k48:-1627371868}]->(n194) RETURN *;
MATCH (n23 :L0 :L3{id:23}), (n184 :L0 :L2 :L4{k0:-1942251984, k4:true, k15:'', k26:true, id:184}) MERGE (n23)-[r29 :T4{k54:true, k56:-2100363079, k57:'f'}]->(n184) RETURN *;
MATCH (n25 :L2{id:25}), (n35 :L1 :L3{k5:-800378070, id:35}) MERGE (n25)<-[r30 :T4{k57:'LkR6'}]-(n35) RETURN *;
MATCH (n25 :L2{id:25}), (n60{id:60}) MERGE (n25)<-[r31 :T4]-(n60) RETURN *;
MATCH (n26 :L4{k25:false, id:26}), (n139 :L0{k4:false, id:139}) MERGE (n26)<-[r32 :T3{k51:true}]-(n139) RETURN *;
MATCH (n27{id:27}), (n130 :L2{k14:-800378070, id:130}) MERGE (n27)<-[r33 :T3{k48:1404182727, k49:false, k51:false}]-(n130) RETURN *;
MATCH (n29 :L4{k26:false, id:29}), (n7 :L1 :L2{k5:-1624125874, id:7}) MERGE (n29)-[r34 :T2{k42:-67076072, k45:true}]->(n7) RETURN *;
MATCH (n29 :L4{k26:false, id:29}), (n14 :L0{k1:true, id:14}) MERGE (n29)<-[r35 :T0]-(n14) RETURN *;
MATCH (n29 :L4{k26:false, id:29}), (n34 :L1 :L4{k6:-800378070, k8:true, k9:1082207376, k24:true, k29:-345520080, id:34}) MERGE (n29)-[r36 :T0]->(n34) RETURN *;
MATCH (n29 :L4{k26:false, id:29}), (n125 :L2 :L3{k19:-899193735, id:125}) MERGE (n29)<-[r37 :T4]-(n125) RETURN *;
MATCH (n30 :L4{k24:false, k29:-287154080, id:30}), (n129 :L1 :L4{k9:-1627371868, k25:true, k29:1723531107, id:129}) MERGE (n30)-[r38 :T1{k38:'2'}]->(n129) RETURN *;
MATCH (n31 :L2{id:31}), (n108 :L4{k27:'l', id:108}) MERGE (n31)<-[r39 :T2{k43:-198566054}]-(n108) RETURN *;
MATCH (n32{id:32}), (n67 :L2{k13:false, id:67}) MERGE (n32)-[r40 :T3{k50:''}]->(n67) RETURN *;
MATCH (n33 :L2{k14:273353470, id:33}), (n14 :L0{k1:true, id:14}) MERGE (n33)<-[r41 :T1{k36:'8S', k37:-1055359689, k38:'R'}]-(n14) RETURN *;
MATCH (n33 :L2{k14:273353470, id:33}), (n17{id:17}) MERGE (n33)<-[r42 :T2{k47:''}]-(n17) RETURN *;
MATCH (n34 :L1 :L4{k6:-800378070, k8:true, k9:1082207376, k24:true, k29:-345520080, id:34}), (n29 :L4{k26:false, id:29}) MERGE (n34)-[r43 :T3]->(n29) RETURN *;
MATCH (n34 :L1 :L4{k6:-800378070, k8:true, k9:1082207376, k24:true, k29:-345520080, id:34}), (n66 :L1 :L4{k9:1956866445, k24:false, k29:-1055359689, id:66}) MERGE (n34)<-[r44 :T0]-(n66) RETURN *;
MATCH (n35 :L1 :L3{k5:-800378070, id:35}), (n44 :L0 :L2{k13:true, k15:'', k16:'7WXL', id:44}) MERGE (n35)<-[r45 :T1{k35:'PFQ5XuKik'}]-(n44) RETURN *;
MATCH (n35 :L1 :L3{k5:-800378070, id:35}), (n110{id:110}) MERGE (n35)<-[r46 :T3{k50:'RVJD', k52:false}]-(n110) RETURN *;
MATCH (n36 :L1 :L2{k6:-2100363079, k12:false, k16:'8tgApn', id:36}), (n109 :L1 :L2{k5:1082207376, k6:273353470, k13:false, k15:'', id:109}) MERGE (n36)-[r47 :T2{k44:false}]->(n109) RETURN *;
MATCH (n36 :L1 :L2{k6:-2100363079, k12:false, k16:'8tgApn', id:36}), (n173{id:173}) MERGE (n36)<-[r48 :T0{k33:true}]-(n173) RETURN *;
MATCH (n37 :L1{k7:false, k9:1670597966, id:37}), (n135 :L2 :L4{k12:true, k14:1597631693, k25:true, id:135}) MERGE (n37)-[r49 :T1{k37:-1929460927, k38:'Oit'}]->(n135) RETURN *;
MATCH (n38 :L2{k13:false, id:38}), (n16 :L2 :L4{k16:'1', k24:true, id:16}) MERGE (n38)<-[r50 :T2]-(n16) RETURN *;
MATCH (n40 :L3{k18:-505672760, id:40}), (n38 :L2{k13:false, id:38}) MERGE (n40)-[r51 :T1{k35:'8', k39:false}]->(n38) RETURN *;
MATCH (n41{id:41}), (n20{id:20}) MERGE (n41)-[r52 :T0{k30:-1624125874, k33:true, k34:false}]->(n20) RETURN *;
MATCH (n41{id:41}), (n40 :L3{k18:-505672760, id:40}) MERGE (n41)-[r53 :T3]->(n40) RETURN *;
MATCH (n41{id:41}), (n47 :L3{k18:-2037866290, id:47}) MERGE (n41)<-[r54 :T0]-(n47) RETURN *;
MATCH (n41{id:41}), (n173{id:173}) MERGE (n41)-[r55 :T3{k49:true, k51:true}]->(n173) RETURN *;
MATCH (n42 :L2 :L3{k12:true, k14:926379312, k17:true, k20:'En', k23:'Mv3sePhKp', id:42}), (n60{id:60}) MERGE (n42)<-[r56 :T4]-(n60) RETURN *;
MATCH (n42 :L2 :L3{k12:true, k14:926379312, k17:true, k20:'En', k23:'Mv3sePhKp', id:42}), (n84{id:84}) MERGE (n42)-[r57 :T0{k30:-124955254, k33:true}]->(n84) RETURN *;
MATCH (n44 :L0 :L2{k13:true, k15:'', k16:'7WXL', id:44}), (n6{id:6}) MERGE (n44)<-[r58 :T3]-(n6) RETURN *;
MATCH (n45 :L1 :L2{k8:false, k12:true, k16:'', id:45}), (n124 :L1 :L2 :L4{k7:true, k9:418116689, k11:394389606, k17:false, id:124}) MERGE (n45)-[r59 :T3]->(n124) RETURN *;
MATCH (n45 :L1 :L2{k8:false, k12:true, k16:'', id:45}), (n144 :L0{k3:-1008373896, id:144}) MERGE (n45)<-[r60 :T4{k53:false}]-(n144) RETURN *;
MATCH (n46{id:46}), (n151 :L1 :L2{k14:-1105356287, k15:'0NP', id:151}) MERGE (n46)-[r61 :T2]->(n151) RETURN *;
MATCH (n50{id:50}), (n180{id:180}) MERGE (n50)<-[r62 :T1{k35:''}]-(n180) RETURN *;
MATCH (n51 :L2{k12:false, k15:'C', id:51}), (n167{id:167}) MERGE (n51)<-[r63 :T3{k49:true}]-(n167) RETURN *;
MATCH (n55{id:55}), (n100{id:100}) MERGE (n55)<-[r64 :T3{k49:false, k52:false}]-(n100) RETURN *;
MATCH (n55{id:55}), (n176{id:176}) MERGE (n55)<-[r65 :T1]-(n176) RETURN *;
MATCH (n56 :L2{k12:false, k13:true, k14:1956866445, k16:'Nqo', id:56}), (n96 :L3 :L4{k21:-2037943090, k22:false, k23:'XqK', k24:false, k26:true, k28:'', id:96}) MERGE (n56)-[r66 :T0]->(n96) RETURN *;
MATCH (n56 :L2{k12:false, k13:true, k14:1956866445, k16:'Nqo', id:56}), (n122{id:122}) MERGE (n56)-[r67 :T0]->(n122) RETURN *;
MATCH (n56 :L2{k12:false, k13:true, k14:1956866445, k16:'Nqo', id:56}), (n184 :L0 :L2 :L4{k0:-1942251984, k4:true, k15:'', k26:true, id:184}) MERGE (n56)-[r68 :T4{k53:true, k56:58823497}]->(n184) RETURN *;
MATCH (n59 :L1{id:59}), (n78{id:78}) MERGE (n59)<-[r69 :T2{k46:true}]-(n78) RETURN *;
MATCH (n60{id:60}), (n88{id:88}) MERGE (n60)-[r70 :T2]->(n88) RETURN *;
MATCH (n60{id:60}), (n142 :L1{id:142}) MERGE (n60)<-[r71 :T3{k50:'qz7M'}]-(n142) RETURN *;
MATCH (n61{id:61}), (n31 :L2{id:31}) MERGE (n61)<-[r72 :T0{k33:false}]-(n31) RETURN *;
MATCH (n61{id:61}), (n103 :L0{id:103}) MERGE (n61)<-[r73 :T2{k41:'', k42:-1416917021, k43:475453322, k45:false, k47:''}]-(n103) RETURN *;
MATCH (n62 :L3{k23:'', id:62}), (n16 :L2 :L4{k16:'1', k24:true, id:16}) MERGE (n62)-[r74 :T0{k31:'AGTI'}]->(n16) RETURN *;
MATCH (n62 :L3{k23:'', id:62}), (n128{id:128}) MERGE (n62)-[r75 :T0{k30:1985546754}]->(n128) RETURN *;
MATCH (n63 :L0 :L1 :L3{k8:false, k9:1153714835, id:63}), (n144 :L0{k3:-1008373896, id:144}) MERGE (n63)-[r76 :T3{k50:'dcujBvY', k51:false}]->(n144) RETURN *;
MATCH (n63 :L0 :L1 :L3{k8:false, k9:1153714835, id:63}), (n150{id:150}) MERGE (n63)<-[r77 :T0{k32:true}]-(n150) RETURN *;
MATCH (n65 :L3{k19:1733909095, k22:true, id:65}), (n59 :L1{id:59}) MERGE (n65)<-[r78 :T0{k33:false, k34:false}]-(n59) RETURN *;
MATCH (n65 :L3{k19:1733909095, k22:true, id:65}), (n86{id:86}) MERGE (n65)<-[r79 :T1{k39:true, k40:-1499660724}]-(n86) RETURN *;
MATCH (n66 :L1 :L4{k9:1956866445, k24:false, k29:-1055359689, id:66}), (n141{id:141}) MERGE (n66)<-[r80 :T2{k41:'gX', k43:1903654086, k44:true}]-(n141) RETURN *;
MATCH (n67 :L2{k13:false, id:67}), (n163 :L1 :L3{k6:-413489884, k22:false, id:163}) MERGE (n67)<-[r81 :T2]-(n163) RETURN *;
MATCH (n68{id:68}), (n28{id:28}) MERGE (n68)<-[r82 :T1]-(n28) RETURN *;
MATCH (n69 :L1{k5:2104299810, k6:926379312, k7:true, k9:273353470, id:69}), (n84{id:84}) MERGE (n69)<-[r83 :T4{k53:false, k55:-348780808, k56:705392916, k58:587038871, k59:'g'}]-(n84) RETURN *;
MATCH (n69 :L1{k5:2104299810, k6:926379312, k7:true, k9:273353470, id:69}), (n111 :L0 :L2{k16:'nxHt', k17:false, id:111}) MERGE (n69)-[r84 :T1]->(n111) RETURN *;
MATCH (n69 :L1{k5:2104299810, k6:926379312, k7:true, k9:273353470, id:69}), (n123 :L4{k24:false, k27:'c', id:123}) MERGE (n69)-[r85 :T0{k31:'sBUtu9Tb', k32:true, k34:false}]->(n123) RETURN *;
MATCH (n71{id:71}), (n115{id:115}) MERGE (n71)<-[r86 :T0{k31:'x', k34:true}]-(n115) RETURN *;
MATCH (n71{id:71}), (n196 :L2 :L4{k12:true, k25:false, k27:'', id:196}) MERGE (n71)-[r87 :T0{k30:526460883, k34:false}]->(n196) RETURN *;
MATCH (n72{id:72}), (n42 :L2 :L3{k12:true, k14:926379312, k17:true, k20:'En', k23:'Mv3sePhKp', id:42}) MERGE (n72)-[r88 :T0{k31:'a', k32:true, k33:true}]->(n42) RETURN *;
MATCH (n72{id:72}), (n111 :L0 :L2{k16:'nxHt', k17:false, id:111}) MERGE (n72)<-[r89 :T2{k41:'EU', k44:true, k46:false}]-(n111) RETURN *;
MATCH (n73 :L1 :L3{id:73}), (n1 :L0 :L1{k0:418116689, k7:false, k9:1404182727, k10:false, id:1}) MERGE (n73)<-[r90 :T3{k48:-1913505713}]-(n1) RETURN *;
MATCH (n73 :L1 :L3{id:73}), (n112{id:112}) MERGE (n73)-[r91 :T4]->(n112) RETURN *;
MATCH (n73 :L1 :L3{id:73}), (n154{id:154}) MERGE (n73)<-[r92 :T2{k43:-996152859}]-(n154) RETURN *;
MATCH (n73 :L1 :L3{id:73}), (n172{id:172}) MERGE (n73)-[r93 :T3{k48:-227327559, k52:true}]->(n172) RETURN *;
MATCH (n74 :L1 :L3{k21:-1684249532, id:74}), (n31 :L2{id:31}) MERGE (n74)<-[r94 :T4{k57:'W'}]-(n31) RETURN *;
MATCH (n74 :L1 :L3{k21:-1684249532, id:74}), (n35 :L1 :L3{k5:-800378070, id:35}) MERGE (n74)-[r95 :T0{k34:true}]->(n35) RETURN *;
MATCH (n74 :L1 :L3{k21:-1684249532, id:74}), (n114 :L2 :L4{k15:'', k17:true, k24:false, k26:false, id:114}) MERGE (n74)<-[r96 :T2{k45:true}]-(n114) RETURN *;
MATCH (n75{id:75}), (n56 :L2{k12:false, k13:true, k14:1956866445, k16:'Nqo', id:56}) MERGE (n75)-[r97 :T3{k48:-1499660724, k51:true}]->(n56) RETURN *;
MATCH (n75{id:75}), (n126 :L1 :L2{id:126}) MERGE (n75)<-[r98 :T4{k58:-1269920660}]-(n126) RETURN *;
MATCH (n76 :L2{k13:true, id:76}), (n132 :L2{id:132}) MERGE (n76)<-[r99 :T4]-(n132) RETURN *;
MATCH (n77{id:77}), (n30 :L4{k24:false, k29:-287154080, id:30}) MERGE (n77)<-[r100 :T0{k32:false, k34:false}]-(n30) RETURN *;
MATCH (n77{id:77}), (n54{id:54}) MERGE (n77)<-[r101 :T4{k56:526460883}]-(n54) RETURN *;
MATCH (n78{id:78}), (n37 :L1{k7:false, k9:1670597966, id:37}) MERGE (n78)<-[r102 :T1{k35:'cOIbv0Gv', k37:112544982, k40:1098529671}]-(n37) RETURN *;
MATCH (n78{id:78}), (n171 :L1 :L4{k26:false, k28:'ATKbozFDV', id:171}) MERGE (n78)<-[r103 :T0{k33:true}]-(n171) RETURN *;
MATCH (n79{id:79}), (n106 :L1 :L4{k8:false, k11:-1624125874, k25:false, k28:'L', id:106}) MERGE (n79)-[r104 :T0{k34:true}]->(n106) RETURN *;
MATCH (n79{id:79}), (n109 :L1 :L2{k5:1082207376, k6:273353470, k13:false, k15:'', id:109}) MERGE (n79)-[r105 :T1]->(n109) RETURN *;
MATCH (n80 :L2{k12:true, id:80}), (n103 :L0{id:103}) MERGE (n80)<-[r106 :T3]-(n103) RETURN *;
MATCH (n81 :L1 :L3{k8:false, k10:false, k11:-345520080, id:81}), (n99 :L4{id:99}) MERGE (n81)-[r107 :T3]->(n99) RETURN *;
MATCH (n81 :L1 :L3{k8:false, k10:false, k11:-345520080, id:81}), (n110{id:110}) MERGE (n81)<-[r108 :T4{k55:273353470, k57:'h', k58:1062811576, k59:'v'}]-(n110) RETURN *;
MATCH (n84{id:84}), (n60{id:60}) MERGE (n84)<-[r109 :T2{k43:94522050}]-(n60) RETURN *;
MATCH (n84{id:84}), (n112{id:112}) MERGE (n84)-[r110 :T0{k31:'hsEc'}]->(n112) RETURN *;
MATCH (n84{id:84}), (n185{id:185}) MERGE (n84)-[r111 :T1{k37:-411067870}]->(n185) RETURN *;
MATCH (n85{id:85}), (n147 :L2{k13:true, id:147}) MERGE (n85)<-[r112 :T1{k36:'cG'}]-(n147) RETURN *;
MATCH (n86{id:86}), (n162 :L2 :L3{id:162}) MERGE (n86)-[r113 :T1{k35:'', k39:true}]->(n162) RETURN *;
MATCH (n88{id:88}), (n86{id:86}) MERGE (n88)-[r114 :T3{k49:true}]->(n86) RETURN *;
MATCH (n88{id:88}), (n187{id:187}) MERGE (n88)<-[r115 :T0{k32:true}]-(n187) RETURN *;
MATCH (n90 :L2 :L3 :L4{k14:-307225865, k16:'', k20:'YV9tQK', k29:-1627371868, id:90}), (n51 :L2{k12:false, k15:'C', id:51}) MERGE (n90)-[r116 :T0]->(n51) RETURN *;
MATCH (n90 :L2 :L3 :L4{k14:-307225865, k16:'', k20:'YV9tQK', k29:-1627371868, id:90}), (n156 :L3{k21:1956866445, id:156}) MERGE (n90)<-[r117 :T1]-(n156) RETURN *;
MATCH (n91 :L1{k5:2114281789, k6:-505672760, id:91}), (n147 :L2{k13:true, id:147}) MERGE (n91)-[r118 :T2{k43:-336612556, k45:true}]->(n147) RETURN *;
MATCH (n91 :L1{k5:2114281789, k6:-505672760, id:91}), (n177 :L2 :L3{k15:'', id:177}) MERGE (n91)-[r119 :T4{k54:false, k58:-1953434881}]->(n177) RETURN *;
MATCH (n92 :L4{k26:true, id:92}), (n33 :L2{k14:273353470, id:33}) MERGE (n92)-[r120 :T0{k32:true, k33:false}]->(n33) RETURN *;
MATCH (n94 :L1{k10:true, k11:1734678359, id:94}), (n45 :L1 :L2{k8:false, k12:true, k16:'', id:45}) MERGE (n94)<-[r121 :T2{k46:false}]-(n45) RETURN *;
MATCH (n95{id:95}), (n36 :L1 :L2{k6:-2100363079, k12:false, k16:'8tgApn', id:36}) MERGE (n95)<-[r122 :T2{k44:true}]-(n36) RETURN *;
MATCH (n95{id:95}), (n142 :L1{id:142}) MERGE (n95)-[r123 :T2{k45:false, k46:false}]->(n142) RETURN *;
MATCH (n95{id:95}), (n146 :L1 :L4{k5:1496545776, k7:false, k26:true, k29:-800378070, id:146}) MERGE (n95)<-[r124 :T1]-(n146) RETURN *;
MATCH (n96 :L3 :L4{k21:-2037943090, k22:false, k23:'XqK', k24:false, k26:true, k28:'', id:96}), (n161 :L0 :L1{id:161}) MERGE (n96)-[r125 :T2{k43:568646978, k44:true}]->(n161) RETURN *;
MATCH (n97 :L0 :L3{k4:false, k23:'X', id:97}), (n34 :L1 :L4{k6:-800378070, k8:true, k9:1082207376, k24:true, k29:-345520080, id:34}) MERGE (n97)-[r126 :T4{k54:true, k59:'iiXj3vuf'}]->(n34) RETURN *;
MATCH (n97 :L0 :L3{k4:false, k23:'X', id:97}), (n41{id:41}) MERGE (n97)<-[r127 :T2{k46:false}]-(n41) RETURN *;
MATCH (n97 :L0 :L3{k4:false, k23:'X', id:97}), (n185{id:185}) MERGE (n97)-[r128 :T2]->(n185) RETURN *;
MATCH (n98{id:98}), (n193 :L3{id:193}) MERGE (n98)-[r129 :T3]->(n193) RETURN *;
MATCH (n99 :L4{id:99}), (n17{id:17}) MERGE (n99)-[r130 :T4{k55:1681238149, k57:'8OGEY', k59:''}]->(n17) RETURN *;
MATCH (n100{id:100}), (n80 :L2{k12:true, id:80}) MERGE (n100)<-[r131 :T4{k58:475453322}]-(n80) RETURN *;
MATCH (n100{id:100}), (n145 :L0{k4:false, id:145}) MERGE (n100)<-[r132 :T2{k42:-1064071268, k47:'X5'}]-(n145) RETURN *;
MATCH (n102 :L1{id:102}), (n82 :L3 :L4{k20:'', k22:false, k25:true, k26:true, id:82}) MERGE (n102)<-[r133 :T0{k30:-52064345}]-(n82) RETURN *;
MATCH (n103 :L0{id:103}), (n161 :L0 :L1{id:161}) MERGE (n103)-[r134 :T2{k42:1611473299}]->(n161) RETURN *;
MATCH (n103 :L0{id:103}), (n187{id:187}) MERGE (n103)-[r135 :T3{k51:false}]->(n187) RETURN *;
MATCH (n105 :L0 :L4{k0:926379312, id:105}), (n193 :L3{id:193}) MERGE (n105)-[r136 :T0]->(n193) RETURN *;
MATCH (n106 :L1 :L4{k8:false, k11:-1624125874, k25:false, k28:'L', id:106}), (n148 :L1 :L3{k8:false, id:148}) MERGE (n106)-[r137 :T4{k56:-1173267733, k58:-719107040}]->(n148) RETURN *;
MATCH (n107{id:107}), (n30 :L4{k24:false, k29:-287154080, id:30}) MERGE (n107)-[r138 :T2{k42:-1799383327}]->(n30) RETURN *;
MATCH (n107{id:107}), (n67 :L2{k13:false, id:67}) MERGE (n107)-[r139 :T0{k31:'V', k32:false, k33:false}]->(n67) RETURN *;
MATCH (n107{id:107}), (n80 :L2{k12:true, id:80}) MERGE (n107)-[r140 :T2{k42:1496545776}]->(n80) RETURN *;
MATCH (n107{id:107}), (n91 :L1{k5:2114281789, k6:-505672760, id:91}) MERGE (n107)<-[r141 :T0{k33:true}]-(n91) RETURN *;
MATCH (n107{id:107}), (n129 :L1 :L4{k9:-1627371868, k25:true, k29:1723531107, id:129}) MERGE (n107)<-[r142 :T2{k42:965641696, k45:false, k46:false, k47:''}]-(n129) RETURN *;
MATCH (n108 :L4{k27:'l', id:108}), (n142 :L1{id:142}) MERGE (n108)<-[r143 :T4{k53:false}]-(n142) RETURN *;
MATCH (n108 :L4{k27:'l', id:108}), (n158 :L2 :L3 :L4{k16:'', k19:1471754595, k23:'Jg', id:158}) MERGE (n108)-[r144 :T0{k32:false}]->(n158) RETURN *;
MATCH (n109 :L1 :L2{k5:1082207376, k6:273353470, k13:false, k15:'', id:109}), (n113 :L3 :L4{k18:2104299810, k19:-2069885127, k20:'', k25:false, id:113}) MERGE (n109)-[r145 :T1{k38:'aCUf', k40:1734678359}]->(n113) RETURN *;
MATCH (n110{id:110}), (n137 :L0 :L1{k4:true, k11:1733909095, id:137}) MERGE (n110)-[r146 :T0{k30:926379312}]->(n137) RETURN *;
MATCH (n110{id:110}), (n185{id:185}) MERGE (n110)-[r147 :T1{k39:true}]->(n185) RETURN *;
MATCH (n111 :L0 :L2{k16:'nxHt', k17:false, id:111}), (n16 :L2 :L4{k16:'1', k24:true, id:16}) MERGE (n111)-[r148 :T2{k46:true, k47:'VPe'}]->(n16) RETURN *;
MATCH (n111 :L0 :L2{k16:'nxHt', k17:false, id:111}), (n97 :L0 :L3{k4:false, k23:'X', id:97}) MERGE (n111)-[r149 :T3{k49:false, k52:true}]->(n97) RETURN *;
MATCH (n113 :L3 :L4{k18:2104299810, k19:-2069885127, k20:'', k25:false, id:113}), (n178 :L1 :L3{k18:-18815062, id:178}) MERGE (n113)<-[r150 :T3{k52:true}]-(n178) RETURN *;
MATCH (n114 :L2 :L4{k15:'', k17:true, k24:false, k26:false, id:114}), (n143{id:143}) MERGE (n114)-[r151 :T1{k40:-307225865}]->(n143) RETURN *;
MATCH (n115{id:115}), (n69 :L1{k5:2104299810, k6:926379312, k7:true, k9:273353470, id:69}) MERGE (n115)<-[r152 :T0{k31:'T'}]-(n69) RETURN *;
MATCH (n119{id:119}), (n50{id:50}) MERGE (n119)-[r153 :T2{k43:-1586777653, k46:true}]->(n50) RETURN *;
MATCH (n119{id:119}), (n86{id:86}) MERGE (n119)-[r154 :T1]->(n86) RETURN *;
MATCH (n121{id:121}), (n22 :L2 :L4{k12:true, k16:'', k24:true, id:22}) MERGE (n121)<-[r155 :T0{k33:false, k34:true}]-(n22) RETURN *;
MATCH (n122{id:122}), (n35 :L1 :L3{k5:-800378070, id:35}) MERGE (n122)<-[r156 :T4]-(n35) RETURN *;
MATCH (n124 :L1 :L2 :L4{k7:true, k9:418116689, k11:394389606, k17:false, id:124}), (n89 :L4{k24:false, id:89}) MERGE (n124)<-[r157 :T2{k42:1058790067, k44:false}]-(n89) RETURN *;
MATCH (n124 :L1 :L2 :L4{k7:true, k9:418116689, k11:394389606, k17:false, id:124}), (n145 :L0{k4:false, id:145}) MERGE (n124)<-[r158 :T0]-(n145) RETURN *;
MATCH (n124 :L1 :L2 :L4{k7:true, k9:418116689, k11:394389606, k17:false, id:124}), (n192 :L4{k25:true, k29:1956866445, id:192}) MERGE (n124)<-[r159 :T4{k54:false, k56:1771198288, k57:'TBY7Ycf'}]-(n192) RETURN *;
MATCH (n125 :L2 :L3{k19:-899193735, id:125}), (n9{id:9}) MERGE (n125)<-[r160 :T0{k33:true}]-(n9) RETURN *;
MATCH (n129 :L1 :L4{k9:-1627371868, k25:true, k29:1723531107, id:129}), (n77{id:77}) MERGE (n129)<-[r161 :T0{k30:-385907056}]-(n77) RETURN *;
MATCH (n130 :L2{k14:-800378070, id:130}), (n39{id:39}) MERGE (n130)<-[r162 :T4{k53:false, k58:1463243164}]-(n39) RETURN *;
MATCH (n130 :L2{k14:-800378070, id:130}), (n63 :L0 :L1 :L3{k8:false, k9:1153714835, id:63}) MERGE (n130)-[r163 :T2{k47:'D9jTD'}]->(n63) RETURN *;
MATCH (n130 :L2{k14:-800378070, id:130}), (n147 :L2{k13:true, id:147}) MERGE (n130)-[r164 :T1{k40:-2037866290}]->(n147) RETURN *;
MATCH (n131{id:131}), (n73 :L1 :L3{id:73}) MERGE (n131)-[r165 :T4{k55:458823920}]->(n73) RETURN *;
MATCH (n131{id:131}), (n116 :L1{k5:971458098, id:116}) MERGE (n131)<-[r166 :T1{k40:-348364236}]-(n116) RETURN *;
MATCH (n131{id:131}), (n161 :L0 :L1{id:161}) MERGE (n131)-[r167 :T3]->(n161) RETURN *;
MATCH (n135 :L2 :L4{k12:true, k14:1597631693, k25:true, id:135}), (n3{id:3}) MERGE (n135)<-[r168 :T0]-(n3) RETURN *;
MATCH (n135 :L2 :L4{k12:true, k14:1597631693, k25:true, id:135}), (n38 :L2{k13:false, id:38}) MERGE (n135)-[r169 :T1]->(n38) RETURN *;
MATCH (n135 :L2 :L4{k12:true, k14:1597631693, k25:true, id:135}), (n139 :L0{k4:false, id:139}) MERGE (n135)-[r170 :T2{k41:'N'}]->(n139) RETURN *;
MATCH (n136 :L3{k21:-692170102, k23:'dNI', id:136}), (n1 :L0 :L1{k0:418116689, k7:false, k9:1404182727, k10:false, id:1}) MERGE (n136)<-[r171 :T3{k48:-331293975}]-(n1) RETURN *;
MATCH (n136 :L3{k21:-692170102, k23:'dNI', id:136}), (n128{id:128}) MERGE (n136)-[r172 :T3{k49:true, k52:true}]->(n128) RETURN *;
MATCH (n136 :L3{k21:-692170102, k23:'dNI', id:136}), (n187{id:187}) MERGE (n136)<-[r173 :T2]-(n187) RETURN *;
MATCH (n136 :L3{k21:-692170102, k23:'dNI', id:136}), (n191 :L4{k27:'wG', k29:1956866445, id:191}) MERGE (n136)-[r174 :T1{k36:'q7c', k39:true}]->(n191) RETURN *;
MATCH (n137 :L0 :L1{k4:true, k11:1733909095, id:137}), (n64{id:64}) MERGE (n137)-[r175 :T1{k35:'3', k37:-124955254}]->(n64) RETURN *;
MATCH (n138 :L0 :L2 :L3{k3:1782520056, k4:true, k12:true, k14:-1472853043, k16:'SRAQX6k', k23:'n9', id:138}), (n106 :L1 :L4{k8:false, k11:-1624125874, k25:false, k28:'L', id:106}) MERGE (n138)-[r176 :T2{k42:-1216097914, k47:'Qk'}]->(n106) RETURN *;
MATCH (n138 :L0 :L2 :L3{k3:1782520056, k4:true, k12:true, k14:-1472853043, k16:'SRAQX6k', k23:'n9', id:138}), (n120{id:120}) MERGE (n138)-[r177 :T4]->(n120) RETURN *;
MATCH (n139 :L0{k4:false, id:139}), (n102 :L1{id:102}) MERGE (n139)<-[r178 :T2{k41:'', k47:'Rdfn5HV2'}]-(n102) RETURN *;
MATCH (n139 :L0{k4:false, id:139}), (n131{id:131}) MERGE (n139)-[r179 :T4]->(n131) RETURN *;
MATCH (n139 :L0{k4:false, id:139}), (n188 :L0{id:188}) MERGE (n139)<-[r180 :T2{k41:'Za', k43:-197447240}]-(n188) RETURN *;
MATCH (n140 :L1{id:140}), (n89 :L4{k24:false, id:89}) MERGE (n140)-[r181 :T0{k30:-411067870, k34:false}]->(n89) RETURN *;
MATCH (n140 :L1{id:140}), (n103 :L0{id:103}) MERGE (n140)-[r182 :T2{k43:718899305}]->(n103) RETURN *;
MATCH (n142 :L1{id:142}), (n26 :L4{k25:false, id:26}) MERGE (n142)-[r183 :T1]->(n26) RETURN *;
MATCH (n142 :L1{id:142}), (n53{id:53}) MERGE (n142)-[r184 :T2]->(n53) RETURN *;
MATCH (n145 :L0{k4:false, id:145}), (n97 :L0 :L3{k4:false, k23:'X', id:97}) MERGE (n145)-[r185 :T2{k45:false}]->(n97) RETURN *;
MATCH (n146 :L1 :L4{k5:1496545776, k7:false, k26:true, k29:-800378070, id:146}), (n1 :L0 :L1{k0:418116689, k7:false, k9:1404182727, k10:false, id:1}) MERGE (n146)-[r186 :T2{k41:'D', k45:false}]->(n1) RETURN *;
MATCH (n148 :L1 :L3{k8:false, id:148}), (n113 :L3 :L4{k18:2104299810, k19:-2069885127, k20:'', k25:false, id:113}) MERGE (n148)-[r187 :T1{k38:'wh', k39:true, k40:-9223372036854775807}]->(n113) RETURN *;
MATCH (n148 :L1 :L3{k8:false, id:148}), (n148 :L1 :L3{k8:false, id:148}) MERGE (n148)-[r188 :T2]->(n148) RETURN *;
MATCH (n151 :L1 :L2{k14:-1105356287, k15:'0NP', id:151}), (n11{id:11}) MERGE (n151)-[r189 :T2{k41:'Ih', k46:false}]->(n11) RETURN *;
MATCH (n152 :L2{k14:-1184633260, id:152}), (n92 :L4{k26:true, id:92}) MERGE (n152)-[r190 :T0{k30:-2094648156}]->(n92) RETURN *;
MATCH (n153 :L0 :L1{k0:-1649532938, k4:false, k7:false, id:153}), (n94 :L1{k10:true, k11:1734678359, id:94}) MERGE (n153)<-[r191 :T1{k36:''}]-(n94) RETURN *;
MATCH (n153 :L0 :L1{k0:-1649532938, k4:false, k7:false, id:153}), (n120{id:120}) MERGE (n153)-[r192 :T4]->(n120) RETURN *;
MATCH (n154{id:154}), (n54{id:54}) MERGE (n154)-[r193 :T4{k55:-795612842}]->(n54) RETURN *;
MATCH (n155{id:155}), (n198 :L4{k29:1999748088, id:198}) MERGE (n155)-[r194 :T0]->(n198) RETURN *;
MATCH (n157 :L4{k24:false, k26:false, id:157}), (n169 :L2{id:169}) MERGE (n157)-[r195 :T1{k36:'Ke', k37:653427682, k39:false, k40:1028713645}]->(n169) RETURN *;
MATCH (n160 :L0 :L1{k9:-1576771151, id:160}), (n163 :L1 :L3{k6:-413489884, k22:false, id:163}) MERGE (n160)<-[r196 :T3{k49:false, k52:true}]-(n163) RETURN *;
MATCH (n162 :L2 :L3{id:162}), (n171 :L1 :L4{k26:false, k28:'ATKbozFDV', id:171}) MERGE (n162)<-[r197 :T0]-(n171) RETURN *;
MATCH (n163 :L1 :L3{k6:-413489884, k22:false, id:163}), (n86{id:86}) MERGE (n163)<-[r198 :T1{k40:-1191612731}]-(n86) RETURN *;
MATCH (n163 :L1 :L3{k6:-413489884, k22:false, id:163}), (n185{id:185}) MERGE (n163)-[r199 :T2{k44:true}]->(n185) RETURN *;
MATCH (n164 :L3{k22:true, id:164}), (n126 :L1 :L2{id:126}) MERGE (n164)-[r200 :T4{k56:699009508, k57:'8L'}]->(n126) RETURN *;
MATCH (n164 :L3{k22:true, id:164}), (n164 :L3{k22:true, id:164}) MERGE (n164)<-[r201 :T0{k31:'4'}]-(n164) RETURN *;
MATCH (n165{id:165}), (n37 :L1{k7:false, k9:1670597966, id:37}) MERGE (n165)<-[r202 :T2]-(n37) RETURN *;
MATCH (n165{id:165}), (n109 :L1 :L2{k5:1082207376, k6:273353470, k13:false, k15:'', id:109}) MERGE (n165)<-[r203 :T4{k56:506861853}]-(n109) RETURN *;
MATCH (n165{id:165}), (n118 :L0{k1:false, k4:true, id:118}) MERGE (n165)-[r204 :T0{k33:true}]->(n118) RETURN *;
MATCH (n165{id:165}), (n161 :L0 :L1{id:161}) MERGE (n165)<-[r205 :T1]-(n161) RETURN *;
MATCH (n166{id:166}), (n26 :L4{k25:false, id:26}) MERGE (n166)-[r206 :T0]->(n26) RETURN *;
MATCH (n167{id:167}), (n100{id:100}) MERGE (n167)-[r207 :T4{k53:false}]->(n100) RETURN *;
MATCH (n168 :L3{id:168}), (n97 :L0 :L3{k4:false, k23:'X', id:97}) MERGE (n168)<-[r208 :T4]-(n97) RETURN *;
MATCH (n170 :L2 :L4{id:170}), (n45 :L1 :L2{k8:false, k12:true, k16:'', id:45}) MERGE (n170)<-[r209 :T4{k54:true, k57:'8', k59:'a'}]-(n45) RETURN *;
MATCH (n172{id:172}), (n70{id:70}) MERGE (n172)-[r210 :T1]->(n70) RETURN *;
MATCH (n173{id:173}), (n106 :L1 :L4{k8:false, k11:-1624125874, k25:false, k28:'L', id:106}) MERGE (n173)<-[r211 :T2{k42:-683753327, k44:false, k46:true}]-(n106) RETURN *;
MATCH (n173{id:173}), (n189 :L2 :L3{k12:true, k17:false, k18:234011359, k19:-1710557660, k22:false, id:189}) MERGE (n173)-[r212 :T0{k30:-349396649, k31:'u7Zq7OZ0', k34:false}]->(n189) RETURN *;
MATCH (n175{id:175}), (n109 :L1 :L2{k5:1082207376, k6:273353470, k13:false, k15:'', id:109}) MERGE (n175)-[r213 :T1]->(n109) RETURN *;
MATCH (n176{id:176}), (n12 :L1{k6:-1624125874, k9:-1184633260, k10:false, id:12}) MERGE (n176)-[r214 :T4{k56:-2080235308, k58:-411067870}]->(n12) RETURN *;
MATCH (n177 :L2 :L3{k15:'', id:177}), (n44 :L0 :L2{k13:true, k15:'', k16:'7WXL', id:44}) MERGE (n177)-[r215 :T1{k39:true}]->(n44) RETURN *;
MATCH (n177 :L2 :L3{k15:'', id:177}), (n100{id:100}) MERGE (n177)<-[r216 :T3{k48:-1064071268}]-(n100) RETURN *;
MATCH (n178 :L1 :L3{k18:-18815062, id:178}), (n44 :L0 :L2{k13:true, k15:'', k16:'7WXL', id:44}) MERGE (n178)-[r217 :T1{k37:1023039037, k39:true}]->(n44) RETURN *;
MATCH (n178 :L1 :L3{k18:-18815062, id:178}), (n70{id:70}) MERGE (n178)<-[r218 :T1{k37:-1259189316}]-(n70) RETURN *;
MATCH (n179{id:179}), (n113 :L3 :L4{k18:2104299810, k19:-2069885127, k20:'', k25:false, id:113}) MERGE (n179)-[r219 :T4]->(n113) RETURN *;
MATCH (n180{id:180}), (n70{id:70}) MERGE (n180)<-[r220 :T3{k51:true}]-(n70) RETURN *;
MATCH (n180{id:180}), (n186 :L1 :L2{k11:458823920, k13:false, k14:-830273998, id:186}) MERGE (n180)-[r221 :T3]->(n186) RETURN *;
MATCH (n180{id:180}), (n187{id:187}) MERGE (n180)<-[r222 :T2{k46:false}]-(n187) RETURN *;
MATCH (n181{id:181}), (n3{id:3}) MERGE (n181)<-[r223 :T0]-(n3) RETURN *;
MATCH (n182{id:182}), (n191 :L4{k27:'wG', k29:1956866445, id:191}) MERGE (n182)-[r224 :T2]->(n191) RETURN *;
MATCH (n183 :L0 :L2{k3:-2069885127, k13:true, k15:'Yh', k17:false, id:183}), (n8 :L3{k18:1723531107, k20:'', k21:-711067491, id:8}) MERGE (n183)-[r225 :T2{k45:true}]->(n8) RETURN *;
MATCH (n183 :L0 :L2{k3:-2069885127, k13:true, k15:'Yh', k17:false, id:183}), (n44 :L0 :L2{k13:true, k15:'', k16:'7WXL', id:44}) MERGE (n183)<-[r226 :T1]-(n44) RETURN *;
MATCH (n185{id:185}), (n132 :L2{id:132}) MERGE (n185)<-[r227 :T2{k45:true, k46:false, k47:'p'}]-(n132) RETURN *;
MATCH (n187{id:187}), (n82 :L3 :L4{k20:'', k22:false, k25:true, k26:true, id:82}) MERGE (n187)-[r228 :T0{k31:'m'}]->(n82) RETURN *;
MATCH (n188 :L0{id:188}), (n91 :L1{k5:2114281789, k6:-505672760, id:91}) MERGE (n188)-[r229 :T3{k49:true, k50:''}]->(n91) RETURN *;
MATCH (n188 :L0{id:188}), (n110{id:110}) MERGE (n188)-[r230 :T0]->(n110) RETURN *;
MATCH (n190{id:190}), (n179{id:179}) MERGE (n190)<-[r231 :T1{k38:'I'}]-(n179) RETURN *;
MATCH (n191 :L4{k27:'wG', k29:1956866445, id:191}), (n95{id:95}) MERGE (n191)-[r232 :T2{k44:false}]->(n95) RETURN *;
MATCH (n194{id:194}), (n91 :L1{k5:2114281789, k6:-505672760, id:91}) MERGE (n194)<-[r233 :T4]-(n91) RETURN *;
MATCH (n194{id:194}), (n112{id:112}) MERGE (n194)<-[r234 :T0{k32:true}]-(n112) RETURN *;
MATCH (n195 :L3 :L4{k19:1984806270, id:195}), (n10 :L1{k6:450785215, id:10}) MERGE (n195)-[r235 :T1{k38:'u4'}]->(n10) RETURN *;
MATCH (n197 :L3{k21:-1671192080, id:197}), (n79{id:79}) MERGE (n197)<-[r236 :T3]-(n79) RETURN *;
MATCH (n198 :L4{k29:1999748088, id:198}), (n168 :L3{id:168}) MERGE (n198)<-[r237 :T2{k44:true}]-(n168) RETURN *;
MATCH (n199 :L4{k27:'JR4w', id:199}), (n130 :L2{k14:-800378070, id:130}) MERGE (n199)-[r238 :T3{k51:false}]->(n130) RETURN *;
MATCH (n199 :L4{k27:'JR4w', id:199}), (n160 :L0 :L1{k9:-1576771151, id:160}) MERGE (n199)<-[r239 :T2]-(n160) RETURN *;
