CREATE (n0 :L0 :L2 :L3{k3:'3', k13:155396502, k20:'VK', id:0}) RETURN *;
CREATE (n1{id:1}) RETURN *;
CREATE (n2 :L4{k27:155396502, id:2}) RETURN *;
CREATE (n3 :L1 :L4 :L5{k21:'CUxa8', id:3}) RETURN *;
CREATE (n4 :L1 :L2{k5:true, k7:155396502, k14:false, id:4}) RETURN *;
CREATE (n5 :L2{id:5}) RETURN *;
CREATE (n6{id:6}) RETURN *;
CREATE (n7{id:7}) RETURN *;
CREATE (n8{id:8}) RETURN *;
CREATE (n9 :L3{k17:true, k19:155396502, id:9}) RETURN *;
CREATE (n10 :L0 :L5{k1:false, k31:false, id:10}) RETURN *;
CREATE (n11 :L3{k18:'wE620', k19:1211311495, k20:'q', id:11}) RETURN *;
CREATE (n12 :L0{k0:0, k2:946042810, id:12}) RETURN *;
CREATE (n13 :L3 :L4{id:13}) RETURN *;
CREATE (n14 :L1{k8:'3R', id:14}) RETURN *;
CREATE (n15 :L4{k22:false, id:15}) RETURN *;
CREATE (n16 :L1 :L3{k18:'l', id:16}) RETURN *;
CREATE (n17 :L4{k24:155396502, id:17}) RETURN *;
CREATE (n18{id:18}) RETURN *;
CREATE (n19{id:19}) RETURN *;
CREATE (n20{id:20}) RETURN *;
CREATE (n21 :L0 :L2{k0:-95058773, k14:true, k15:true, id:21}) RETURN *;
CREATE (n22 :L0 :L2{k2:-591815179, k12:'', id:22}) RETURN *;
CREATE (n23{id:23}) RETURN *;
CREATE (n24 :L4{k24:1507583580, id:24}) RETURN *;
CREATE (n25 :L1{k6:-591815179, k10:true, id:25}) RETURN *;
CREATE (n26 :L1{k5:true, k7:-1775896429, id:26}) RETURN *;
CREATE (n27{id:27}) RETURN *;
CREATE (n28{id:28}) RETURN *;
CREATE (n29 :L5{id:29}) RETURN *;
CREATE (n30 :L1 :L3 :L4{k8:'O8YPXee2q', k9:-1657748453, k25:723656455, k26:155396502, k27:17825391, id:30}) RETURN *;
CREATE (n31 :L3{id:31}) RETURN *;
CREATE (n32 :L4 :L5{k21:'ecbXvaQ', k25:573980959, k29:'KHbB', k32:true, id:32}) RETURN *;
CREATE (n33 :L4{id:33}) RETURN *;
CREATE (n34 :L5{k32:true, id:34}) RETURN *;
CREATE (n35 :L4{k25:-591815179, id:35}) RETURN *;
CREATE (n36{id:36}) RETURN *;
CREATE (n37{id:37}) RETURN *;
CREATE (n38 :L3{id:38}) RETURN *;
CREATE (n39 :L5{k31:true, k32:true, id:39}) RETURN *;
CREATE (n40 :L1 :L2 :L3{k8:'', id:40}) RETURN *;
CREATE (n41 :L5{k32:true, id:41}) RETURN *;
CREATE (n42 :L1{k6:1449370708, k8:'X8lp', k10:false, id:42}) RETURN *;
CREATE (n43 :L0 :L1 :L3{k2:-95058773, k9:-95058773, k18:'6o8', id:43}) RETURN *;
CREATE (n44 :L5{id:44}) RETURN *;
CREATE (n45{id:45}) RETURN *;
CREATE (n46 :L0 :L1 :L3 :L5{k7:155396502, k18:'o', k20:'STvnkX', k31:true, id:46}) RETURN *;
CREATE (n47 :L0 :L2{k1:false, k2:-1154420841, k12:'3flYFBK', k14:false, k15:false, id:47}) RETURN *;
CREATE (n48{id:48}) RETURN *;
CREATE (n49 :L5{k28:1004116201, id:49}) RETURN *;
CREATE (n50 :L0 :L3 :L4{k21:'', k23:949274213, id:50}) RETURN *;
CREATE (n51{id:51}) RETURN *;
CREATE (n52 :L0{id:52}) RETURN *;
CREATE (n53 :L5{k28:-1858021828, k30:false, id:53}) RETURN *;
CREATE (n54 :L0 :L3{k0:-1621540967, k2:-747972112, k16:573980959, k18:'', id:54}) RETURN *;
CREATE (n55 :L1{k9:-368059895, id:55}) RETURN *;
CREATE (n56 :L1{k8:'Y9', k9:-701398990, id:56}) RETURN *;
CREATE (n57 :L2{id:57}) RETURN *;
CREATE (n58 :L3{k17:false, id:58}) RETURN *;
CREATE (n59 :L1{k6:-1775896429, id:59}) RETURN *;
CREATE (n60 :L1 :L3{k6:-1329258722, k7:723656455, k9:-5765714, id:60}) RETURN *;
CREATE (n61 :L4{k25:-1369890829, k27:847175077, id:61}) RETURN *;
CREATE (n62 :L2 :L3{k19:-1424933616, k20:'Ew', id:62}) RETURN *;
CREATE (n63{id:63}) RETURN *;
CREATE (n64 :L4{k25:-1169826714, k27:-617367059, id:64}) RETURN *;
CREATE (n65 :L4 :L5{k25:-1657748453, k27:17825391, id:65}) RETURN *;
CREATE (n66 :L4{k24:-1169826714, k25:17825391, id:66}) RETURN *;
CREATE (n67 :L5{id:67}) RETURN *;
CREATE (n68 :L3 :L5{k16:1769431312, k20:'MV', k28:-1106897890, k29:'', id:68}) RETURN *;
CREATE (n69{id:69}) RETURN *;
CREATE (n70{id:70}) RETURN *;
CREATE (n71 :L1{id:71}) RETURN *;
CREATE (n72 :L4{id:72}) RETURN *;
CREATE (n73 :L2 :L5{k14:true, id:73}) RETURN *;
CREATE (n74 :L0 :L3{k0:-1154420841, k18:'0Y4akNM', k20:'', id:74}) RETURN *;
CREATE (n75{id:75}) RETURN *;
CREATE (n76 :L1{k8:'mMcKYj', id:76}) RETURN *;
CREATE (n77{id:77}) RETURN *;
CREATE (n78 :L0 :L4{k22:true, k24:1560435140, k26:-95058773, k27:-1329258722, id:78}) RETURN *;
CREATE (n79 :L3{k17:false, id:79}) RETURN *;
CREATE (n80{id:80}) RETURN *;
CREATE (n81 :L0{k0:577244218, id:81}) RETURN *;
CREATE (n82 :L0{k0:706182256, k3:'V8h', id:82}) RETURN *;
CREATE (n83{id:83}) RETURN *;
CREATE (n84 :L1 :L4 :L5{k6:1507583580, k8:'m6ZBJwUfu', id:84}) RETURN *;
CREATE (n85 :L1{k5:true, k10:false, id:85}) RETURN *;
CREATE (n86 :L0 :L3{k2:1070494426, k17:true, id:86}) RETURN *;
CREATE (n87 :L1 :L3{k7:847175077, id:87}) RETURN *;
CREATE (n88 :L1 :L3{k7:17825391, k9:1560435140, k10:false, k20:'', id:88}) RETURN *;
CREATE (n89 :L3 :L5{k17:false, k32:false, id:89}) RETURN *;
CREATE (n90 :L2 :L3{k14:false, id:90}) RETURN *;
CREATE (n91 :L1 :L5{k7:1548199649, k9:1548199649, k32:true, id:91}) RETURN *;
CREATE (n92 :L0 :L3{k2:-709871027, id:92}) RETURN *;
CREATE (n93 :L1 :L2 :L4{k14:true, k22:false, k24:-2107311410, id:93}) RETURN *;
CREATE (n94{id:94}) RETURN *;
CREATE (n95 :L1 :L3{id:95}) RETURN *;
CREATE (n96 :L3 :L5{k17:false, k30:true, k31:false, k32:false, id:96}) RETURN *;
CREATE (n97 :L3{id:97}) RETURN *;
CREATE (n98{id:98}) RETURN *;
CREATE (n99 :L3{k18:'RIhB', id:99}) RETURN *;
CREATE (n100 :L2 :L3{k11:'', k15:false, k18:'p5', id:100}) RETURN *;
CREATE (n101 :L0 :L1{k10:true, id:101}) RETURN *;
CREATE (n102 :L1 :L3 :L4 :L5{k6:1400821960, k16:573980959, k18:'ApaTw', k19:603961960, k28:134968473, k29:'0wnTVweL', id:102}) RETURN *;
CREATE (n103 :L2{id:103}) RETURN *;
CREATE (n104 :L1{k5:true, id:104}) RETURN *;
CREATE (n105 :L2 :L3 :L4 :L5{k15:false, k19:-130760984, k20:'FST7SyYSR', k26:-1154420841, k29:'FwEiz', id:105}) RETURN *;
CREATE (n106 :L0 :L2{k1:false, id:106}) RETURN *;
CREATE (n107 :L5{k30:true, k31:false, id:107}) RETURN *;
CREATE (n108{id:108}) RETURN *;
CREATE (n109 :L2 :L3{k13:-700766040, k14:true, k18:'Z', id:109}) RETURN *;
CREATE (n110{id:110}) RETURN *;
CREATE (n111 :L0 :L4{k4:136111877, k24:-130760984, id:111}) RETURN *;
CREATE (n112 :L0 :L4{k23:-234341272, id:112}) RETURN *;
CREATE (n113 :L0 :L1{k2:-1499833307, k3:'', k4:765061181, k8:'bgBp', k10:false, id:113}) RETURN *;
CREATE (n114{id:114}) RETURN *;
CREATE (n115 :L2 :L3{k12:'', k16:-2107996888, id:115}) RETURN *;
CREATE (n116 :L4 :L5{k25:-5765714, k26:164819699, id:116}) RETURN *;
CREATE (n117{id:117}) RETURN *;
CREATE (n118 :L0 :L1 :L4{k3:'', k8:'H', k10:true, k25:134968473, k27:-2049762990, id:118}) RETURN *;
CREATE (n119 :L1 :L3 :L4{k6:995523553, k20:'lI', k24:-657716350, id:119}) RETURN *;
CREATE (n120 :L4{k22:true, k24:1560435140, id:120}) RETURN *;
CREATE (n121 :L1{k7:842848620, id:121}) RETURN *;
CREATE (n122{id:122}) RETURN *;
CREATE (n123 :L2{id:123}) RETURN *;
CREATE (n124 :L0 :L1 :L3 :L4{k19:-1559668374, k20:'GY8', k22:true, k25:2110760811, k26:2110760811, id:124}) RETURN *;
CREATE (n125 :L0{k3:'6Qkc74n', id:125}) RETURN *;
CREATE (n126 :L2{k12:'', k13:-747972112, id:126}) RETURN *;
CREATE (n127{id:127}) RETURN *;
CREATE (n128 :L0 :L3{k16:1420555663, id:128}) RETURN *;
CREATE (n129 :L4{k24:17825391, k25:-701398990, id:129}) RETURN *;
CREATE (n130{id:130}) RETURN *;
CREATE (n131{id:131}) RETURN *;
CREATE (n132 :L0 :L3 :L5{k4:-1858021828, k16:-1071758696, k29:'', k31:true, id:132}) RETURN *;
CREATE (n133 :L5{k29:'fCXlG', k30:true, k32:true, id:133}) RETURN *;
CREATE (n134 :L2{id:134}) RETURN *;
CREATE (n135{id:135}) RETURN *;
CREATE (n136{id:136}) RETURN *;
CREATE (n137 :L0 :L1 :L2 :L5{k5:false, k8:'F', k15:true, k29:'LqKIALLbM', k30:false, id:137}) RETURN *;
CREATE (n138 :L1{id:138}) RETURN *;
CREATE (n139 :L2 :L4{k14:false, k27:-130760984, id:139}) RETURN *;
CREATE (n140 :L5{k29:'', k30:false, k32:false, id:140}) RETURN *;
CREATE (n141 :L1 :L3{k7:1268077825, k10:false, k17:false, id:141}) RETURN *;
CREATE (n142 :L1 :L4{id:142}) RETURN *;
CREATE (n143 :L0 :L3 :L5{id:143}) RETURN *;
CREATE (n144 :L5{k29:'', id:144}) RETURN *;
CREATE (n145 :L3 :L4{k17:false, k19:-949707671, id:145}) RETURN *;
CREATE (n146 :L3{k20:'EtbNgAHPZ', id:146}) RETURN *;
CREATE (n147{id:147}) RETURN *;
CREATE (n148 :L5{k28:1004116201, k30:true, id:148}) RETURN *;
CREATE (n149 :L0 :L4{k2:107843632, id:149}) RETURN *;
CREATE (n150 :L0 :L5{k28:-1621540967, id:150}) RETURN *;
CREATE (n151{id:151}) RETURN *;
CREATE (n152 :L4{k21:'WBcI', k22:false, k27:1420555663, id:152}) RETURN *;
CREATE (n153 :L0{id:153}) RETURN *;
CREATE (n154 :L4 :L5{k27:-1106897890, k32:false, id:154}) RETURN *;
CREATE (n155{id:155}) RETURN *;
CREATE (n156 :L1 :L2{k6:1, k10:true, k13:1707597334, id:156}) RETURN *;
CREATE (n157 :L2{k11:'', k13:1014235540, id:157}) RETURN *;
CREATE (n158{id:158}) RETURN *;
CREATE (n159 :L5{k28:329308922, k30:true, id:159}) RETURN *;
CREATE (n160 :L4{id:160}) RETURN *;
CREATE (n161{id:161}) RETURN *;
CREATE (n162 :L1{k8:'o', id:162}) RETURN *;
CREATE (n163 :L4 :L5{k21:'', k24:1687492715, k29:'G', id:163}) RETURN *;
CREATE (n164{id:164}) RETURN *;
CREATE (n165{id:165}) RETURN *;
CREATE (n166 :L1 :L2 :L5{k12:'', k14:true, k15:false, id:166}) RETURN *;
CREATE (n167 :L3{k18:'7i', id:167}) RETURN *;
CREATE (n168{id:168}) RETURN *;
CREATE (n169 :L5{k29:'', k31:false, id:169}) RETURN *;
CREATE (n170{id:170}) RETURN *;
CREATE (n171{id:171}) RETURN *;
CREATE (n172 :L1 :L3 :L5{k32:true, id:172}) RETURN *;
CREATE (n173 :L0 :L5{k0:1383732057, k1:false, k28:-1896420000, k32:false, id:173}) RETURN *;
CREATE (n174 :L0 :L1 :L3 :L5{k5:true, k20:'', id:174}) RETURN *;
CREATE (n175 :L0 :L4{k0:-1096395061, k26:-1676768313, id:175}) RETURN *;
CREATE (n176{id:176}) RETURN *;
CREATE (n177{id:177}) RETURN *;
CREATE (n178 :L3{k19:842848620, k20:'iiG7Jjq', id:178}) RETURN *;
CREATE (n179 :L3{id:179}) RETURN *;
CREATE (n180 :L5{k29:'H7', id:180}) RETURN *;
CREATE (n181 :L1{k6:541801370, k7:151093866, k8:'QOGxnz8', k9:1598107078, id:181}) RETURN *;
CREATE (n182 :L3 :L5{k16:715447317, k18:'2k0eh', k19:-1249725784, k20:'uQx', id:182}) RETURN *;
CREATE (n183{id:183}) RETURN *;
CREATE (n184{id:184}) RETURN *;
CREATE (n185 :L2{id:185}) RETURN *;
CREATE (n186{id:186}) RETURN *;
CREATE (n187 :L4 :L5{k32:true, id:187}) RETURN *;
CREATE (n188 :L0 :L2 :L5{k0:9223372036854775806, k3:'', k11:'', k13:-617367059, k15:false, k32:true, id:188}) RETURN *;
CREATE (n189 :L0 :L2{k0:1014235540, k2:0, k14:true, id:189}) RETURN *;
CREATE (n190 :L0 :L1{k6:-1554224473, k7:995523553, k10:false, id:190}) RETURN *;
CREATE (n191 :L4{id:191}) RETURN *;
CREATE (n192{id:192}) RETURN *;
CREATE (n193 :L3{k19:949274213, id:193}) RETURN *;
CREATE (n194{id:194}) RETURN *;
CREATE (n195{id:195}) RETURN *;
CREATE (n196 :L0 :L2 :L4{k2:-1519996690, k15:false, k24:1941108857, k26:881318694, k27:-1289305883, id:196}) RETURN *;
CREATE (n197 :L3{k16:603961960, k19:1315859957, id:197}) RETURN *;
CREATE (n198 :L2 :L4{k14:true, id:198}) RETURN *;
CREATE (n199 :L0 :L3 :L4 :L5{k4:-1650696713, k21:'9V9', k23:1727302389, k24:1139151969, k28:-1154420841, id:199}) RETURN *;
MATCH (n2 :L4{k27:155396502, id:2}), (n92 :L0 :L3{k2:-709871027, id:92}) MERGE (n2)-[r0 :T3{k51:false}]->(n92) RETURN *;
MATCH (n5 :L2{id:5}), (n180 :L5{k29:'H7', id:180}) MERGE (n5)-[r1 :T1{k40:'', k43:''}]->(n180) RETURN *;
MATCH (n6{id:6}), (n150 :L0 :L5{k28:-1621540967, id:150}) MERGE (n6)<-[r2 :T2{k45:true, k49:365827312}]-(n150) RETURN *;
MATCH (n7{id:7}), (n133 :L5{k29:'fCXlG', k30:true, k32:true, id:133}) MERGE (n7)<-[r3 :T1]-(n133) RETURN *;
MATCH (n8{id:8}), (n26 :L1{k5:true, k7:-1775896429, id:26}) MERGE (n8)<-[r4 :T3]-(n26) RETURN *;
MATCH (n13 :L3 :L4{id:13}), (n6{id:6}) MERGE (n13)-[r5 :T3{k52:false}]->(n6) RETURN *;
MATCH (n13 :L3 :L4{id:13}), (n165{id:165}) MERGE (n13)<-[r6 :T4{k62:-1650696713}]-(n165) RETURN *;
MATCH (n15 :L4{k22:false, id:15}), (n198 :L2 :L4{k14:true, id:198}) MERGE (n15)<-[r7 :T1]-(n198) RETURN *;
MATCH (n16 :L1 :L3{k18:'l', id:16}), (n20{id:20}) MERGE (n16)<-[r8 :T0{k37:false, k39:1567218070}]-(n20) RETURN *;
MATCH (n16 :L1 :L3{k18:'l', id:16}), (n110{id:110}) MERGE (n16)<-[r9 :T2{k48:1776455348}]-(n110) RETURN *;
MATCH (n18{id:18}), (n104 :L1{k5:true, id:104}) MERGE (n18)<-[r10 :T2{k45:true, k49:47355047}]-(n104) RETURN *;
MATCH (n18{id:18}), (n155{id:155}) MERGE (n18)-[r11 :T3{k54:true}]->(n155) RETURN *;
MATCH (n19{id:19}), (n24 :L4{k24:1507583580, id:24}) MERGE (n19)-[r12 :T1{k40:'', k41:'B9TI6nW'}]->(n24) RETURN *;
MATCH (n20{id:20}), (n125 :L0{k3:'6Qkc74n', id:125}) MERGE (n20)<-[r13 :T0{k33:'4'}]-(n125) RETURN *;
MATCH (n22 :L0 :L2{k2:-591815179, k12:'', id:22}), (n133 :L5{k29:'fCXlG', k30:true, k32:true, id:133}) MERGE (n22)<-[r14 :T0{k34:'iNiEku', k35:-657716350, k37:false}]-(n133) RETURN *;
MATCH (n24 :L4{k24:1507583580, id:24}), (n0 :L0 :L2 :L3{k3:'3', k13:155396502, k20:'VK', id:0}) MERGE (n24)-[r15 :T4{k62:1400821960}]->(n0) RETURN *;
MATCH (n25 :L1{k6:-591815179, k10:true, id:25}), (n175 :L0 :L4{k0:-1096395061, k26:-1676768313, id:175}) MERGE (n25)-[r16 :T4{k61:573980959}]->(n175) RETURN *;
MATCH (n26 :L1{k5:true, k7:-1775896429, id:26}), (n188 :L0 :L2 :L5{k0:9223372036854775806, k3:'', k11:'', k13:-617367059, k15:false, k32:true, id:188}) MERGE (n26)<-[r17 :T4{k57:-303841312, k58:true}]-(n188) RETURN *;
MATCH (n28{id:28}), (n97 :L3{id:97}) MERGE (n28)<-[r18 :T4{k63:false}]-(n97) RETURN *;
MATCH (n29 :L5{id:29}), (n52 :L0{id:52}) MERGE (n29)<-[r19 :T0]-(n52) RETURN *;
MATCH (n29 :L5{id:29}), (n138 :L1{id:138}) MERGE (n29)<-[r20 :T0{k36:''}]-(n138) RETURN *;
MATCH (n32 :L4 :L5{k21:'ecbXvaQ', k25:573980959, k29:'KHbB', k32:true, id:32}), (n144 :L5{k29:'', id:144}) MERGE (n32)-[r21 :T1{k40:'1h'}]->(n144) RETURN *;
MATCH (n32 :L4 :L5{k21:'ecbXvaQ', k25:573980959, k29:'KHbB', k32:true, id:32}), (n156 :L1 :L2{k6:1, k10:true, k13:1707597334, id:156}) MERGE (n32)-[r22 :T3{k56:true}]->(n156) RETURN *;
MATCH (n32 :L4 :L5{k21:'ecbXvaQ', k25:573980959, k29:'KHbB', k32:true, id:32}), (n159 :L5{k28:329308922, k30:true, id:159}) MERGE (n32)-[r23 :T3{k55:'zWoJ5qr'}]->(n159) RETURN *;
MATCH (n35 :L4{k25:-591815179, id:35}), (n68 :L3 :L5{k16:1769431312, k20:'MV', k28:-1106897890, k29:'', id:68}) MERGE (n35)<-[r24 :T2{k49:134968473}]-(n68) RETURN *;
MATCH (n35 :L4{k25:-591815179, id:35}), (n173 :L0 :L5{k0:1383732057, k1:false, k28:-1896420000, k32:false, id:173}) MERGE (n35)<-[r25 :T0{k39:-816180680}]-(n173) RETURN *;
MATCH (n36{id:36}), (n84 :L1 :L4 :L5{k6:1507583580, k8:'m6ZBJwUfu', id:84}) MERGE (n36)<-[r26 :T2{k49:-1611101040, k50:-629211129}]-(n84) RETURN *;
MATCH (n36{id:36}), (n134 :L2{id:134}) MERGE (n36)<-[r27 :T3]-(n134) RETURN *;
MATCH (n37{id:37}), (n5 :L2{id:5}) MERGE (n37)-[r28 :T4{k61:1070494426}]->(n5) RETURN *;
MATCH (n39 :L5{k31:true, k32:true, id:39}), (n54 :L0 :L3{k0:-1621540967, k2:-747972112, k16:573980959, k18:'', id:54}) MERGE (n39)-[r29 :T2]->(n54) RETURN *;
MATCH (n39 :L5{k31:true, k32:true, id:39}), (n110{id:110}) MERGE (n39)-[r30 :T1]->(n110) RETURN *;
MATCH (n41 :L5{k32:true, id:41}), (n157 :L2{k11:'', k13:1014235540, id:157}) MERGE (n41)-[r31 :T3]->(n157) RETURN *;
MATCH (n44 :L5{id:44}), (n178 :L3{k19:842848620, k20:'iiG7Jjq', id:178}) MERGE (n44)<-[r32 :T3]-(n178) RETURN *;
MATCH (n45{id:45}), (n68 :L3 :L5{k16:1769431312, k20:'MV', k28:-1106897890, k29:'', id:68}) MERGE (n45)-[r33 :T2{k49:-1071758696}]->(n68) RETURN *;
MATCH (n45{id:45}), (n78 :L0 :L4{k22:true, k24:1560435140, k26:-95058773, k27:-1329258722, id:78}) MERGE (n45)-[r34 :T1{k43:'K'}]->(n78) RETURN *;
MATCH (n45{id:45}), (n142 :L1 :L4{id:142}) MERGE (n45)-[r35 :T3{k52:false, k53:'e'}]->(n142) RETURN *;
MATCH (n46 :L0 :L1 :L3 :L5{k7:155396502, k18:'o', k20:'STvnkX', k31:true, id:46}), (n36{id:36}) MERGE (n46)-[r36 :T4{k57:-1099563043}]->(n36) RETURN *;
MATCH (n46 :L0 :L1 :L3 :L5{k7:155396502, k18:'o', k20:'STvnkX', k31:true, id:46}), (n164{id:164}) MERGE (n46)-[r37 :T1{k44:-89785853}]->(n164) RETURN *;
MATCH (n47 :L0 :L2{k1:false, k2:-1154420841, k12:'3flYFBK', k14:false, k15:false, id:47}), (n150 :L0 :L5{k28:-1621540967, id:150}) MERGE (n47)-[r38 :T1{k43:'Gv'}]->(n150) RETURN *;
MATCH (n49 :L5{k28:1004116201, id:49}), (n11 :L3{k18:'wE620', k19:1211311495, k20:'q', id:11}) MERGE (n49)-[r39 :T1]->(n11) RETURN *;
MATCH (n49 :L5{k28:1004116201, id:49}), (n33 :L4{id:33}) MERGE (n49)<-[r40 :T4]-(n33) RETURN *;
MATCH (n50 :L0 :L3 :L4{k21:'', k23:949274213, id:50}), (n168{id:168}) MERGE (n50)<-[r41 :T4{k57:629587590, k60:1299344452}]-(n168) RETURN *;
MATCH (n51{id:51}), (n49 :L5{k28:1004116201, id:49}) MERGE (n51)<-[r42 :T0{k33:'9', k39:-1309307093}]-(n49) RETURN *;
MATCH (n52 :L0{id:52}), (n54 :L0 :L3{k0:-1621540967, k2:-747972112, k16:573980959, k18:'', id:54}) MERGE (n52)<-[r43 :T1{k40:'hM', k41:'FH', k44:-1169826714}]-(n54) RETURN *;
MATCH (n52 :L0{id:52}), (n155{id:155}) MERGE (n52)<-[r44 :T2{k46:-1499833307, k47:-1031171415}]-(n155) RETURN *;
MATCH (n53 :L5{k28:-1858021828, k30:false, id:53}), (n59 :L1{k6:-1775896429, id:59}) MERGE (n53)-[r45 :T1]->(n59) RETURN *;
MATCH (n53 :L5{k28:-1858021828, k30:false, id:53}), (n94{id:94}) MERGE (n53)<-[r46 :T3{k52:false}]-(n94) RETURN *;
MATCH (n54 :L0 :L3{k0:-1621540967, k2:-747972112, k16:573980959, k18:'', id:54}), (n87 :L1 :L3{k7:847175077, id:87}) MERGE (n54)<-[r47 :T3{k55:'RuHSSa'}]-(n87) RETURN *;
MATCH (n55 :L1{k9:-368059895, id:55}), (n2 :L4{k27:155396502, id:2}) MERGE (n55)-[r48 :T2]->(n2) RETURN *;
MATCH (n56 :L1{k8:'Y9', k9:-701398990, id:56}), (n41 :L5{k32:true, id:41}) MERGE (n56)<-[r49 :T2{k48:1256052070}]-(n41) RETURN *;
MATCH (n56 :L1{k8:'Y9', k9:-701398990, id:56}), (n167 :L3{k18:'7i', id:167}) MERGE (n56)<-[r50 :T0{k37:false}]-(n167) RETURN *;
MATCH (n58 :L3{k17:false, id:58}), (n12 :L0{k0:0, k2:946042810, id:12}) MERGE (n58)-[r51 :T1]->(n12) RETURN *;
MATCH (n58 :L3{k17:false, id:58}), (n92 :L0 :L3{k2:-709871027, id:92}) MERGE (n58)<-[r52 :T1{k41:'', k43:'GKmLRDU9w'}]-(n92) RETURN *;
MATCH (n58 :L3{k17:false, id:58}), (n141 :L1 :L3{k7:1268077825, k10:false, k17:false, id:141}) MERGE (n58)-[r53 :T2]->(n141) RETURN *;
MATCH (n58 :L3{k17:false, id:58}), (n152 :L4{k21:'WBcI', k22:false, k27:1420555663, id:152}) MERGE (n58)-[r54 :T0{k37:true}]->(n152) RETURN *;
MATCH (n59 :L1{k6:-1775896429, id:59}), (n89 :L3 :L5{k17:false, k32:false, id:89}) MERGE (n59)-[r55 :T1{k40:'Y', k44:-2107311410}]->(n89) RETURN *;
MATCH (n65 :L4 :L5{k25:-1657748453, k27:17825391, id:65}), (n53 :L5{k28:-1858021828, k30:false, id:53}) MERGE (n65)<-[r56 :T4{k58:false}]-(n53) RETURN *;
MATCH (n65 :L4 :L5{k25:-1657748453, k27:17825391, id:65}), (n86 :L0 :L3{k2:1070494426, k17:true, id:86}) MERGE (n65)-[r57 :T4{k62:1055960936}]->(n86) RETURN *;
MATCH (n66 :L4{k24:-1169826714, k25:17825391, id:66}), (n121 :L1{k7:842848620, id:121}) MERGE (n66)-[r58 :T1{k40:'ix', k42:true, k44:-389729780}]->(n121) RETURN *;
MATCH (n67 :L5{id:67}), (n181 :L1{k6:541801370, k7:151093866, k8:'QOGxnz8', k9:1598107078, id:181}) MERGE (n67)-[r59 :T2]->(n181) RETURN *;
MATCH (n68 :L3 :L5{k16:1769431312, k20:'MV', k28:-1106897890, k29:'', id:68}), (n161{id:161}) MERGE (n68)<-[r60 :T2{k48:-2110218515}]-(n161) RETURN *;
MATCH (n69{id:69}), (n12 :L0{k0:0, k2:946042810, id:12}) MERGE (n69)<-[r61 :T1]-(n12) RETURN *;
MATCH (n69{id:69}), (n112 :L0 :L4{k23:-234341272, id:112}) MERGE (n69)-[r62 :T3{k53:'', k54:true}]->(n112) RETURN *;
MATCH (n72 :L4{id:72}), (n58 :L3{k17:false, id:58}) MERGE (n72)-[r63 :T0{k37:false}]->(n58) RETURN *;
MATCH (n72 :L4{id:72}), (n99 :L3{k18:'RIhB', id:99}) MERGE (n72)-[r64 :T3{k52:false, k54:false}]->(n99) RETURN *;
MATCH (n73 :L2 :L5{k14:true, id:73}), (n42 :L1{k6:1449370708, k8:'X8lp', k10:false, id:42}) MERGE (n73)-[r65 :T2{k46:-130760984}]->(n42) RETURN *;
MATCH (n73 :L2 :L5{k14:true, id:73}), (n73 :L2 :L5{k14:true, id:73}) MERGE (n73)<-[r66 :T1{k40:'m1pj', k42:false}]-(n73) RETURN *;
MATCH (n74 :L0 :L3{k0:-1154420841, k18:'0Y4akNM', k20:'', id:74}), (n149 :L0 :L4{k2:107843632, id:149}) MERGE (n74)-[r67 :T3{k51:true, k54:true, k55:''}]->(n149) RETURN *;
MATCH (n75{id:75}), (n133 :L5{k29:'fCXlG', k30:true, k32:true, id:133}) MERGE (n75)-[r68 :T1]->(n133) RETURN *;
MATCH (n76 :L1{k8:'mMcKYj', id:76}), (n115 :L2 :L3{k12:'', k16:-2107996888, id:115}) MERGE (n76)-[r69 :T4{k57:-1866685608}]->(n115) RETURN *;
MATCH (n78 :L0 :L4{k22:true, k24:1560435140, k26:-95058773, k27:-1329258722, id:78}), (n117{id:117}) MERGE (n78)<-[r70 :T4{k57:-697161312, k60:-797693904}]-(n117) RETURN *;
MATCH (n79 :L3{k17:false, id:79}), (n52 :L0{id:52}) MERGE (n79)-[r71 :T0{k36:'8h8vbi', k39:47355047}]->(n52) RETURN *;
MATCH (n79 :L3{k17:false, id:79}), (n76 :L1{k8:'mMcKYj', id:76}) MERGE (n79)-[r72 :T1{k44:1420555663}]->(n76) RETURN *;
MATCH (n79 :L3{k17:false, id:79}), (n103 :L2{id:103}) MERGE (n79)-[r73 :T4{k61:-270867530}]->(n103) RETURN *;
MATCH (n79 :L3{k17:false, id:79}), (n109 :L2 :L3{k13:-700766040, k14:true, k18:'Z', id:109}) MERGE (n79)<-[r74 :T0{k39:-1775896429}]-(n109) RETURN *;
MATCH (n79 :L3{k17:false, id:79}), (n132 :L0 :L3 :L5{k4:-1858021828, k16:-1071758696, k29:'', k31:true, id:132}) MERGE (n79)<-[r75 :T3{k55:'D'}]-(n132) RETURN *;
MATCH (n80{id:80}), (n47 :L0 :L2{k1:false, k2:-1154420841, k12:'3flYFBK', k14:false, k15:false, id:47}) MERGE (n80)-[r76 :T3{k51:true, k53:'', k54:false}]->(n47) RETURN *;
MATCH (n80{id:80}), (n178 :L3{k19:842848620, k20:'iiG7Jjq', id:178}) MERGE (n80)<-[r77 :T4{k57:-9223372036854775807, k61:1093155949, k62:-2078132094}]-(n178) RETURN *;
MATCH (n83{id:83}), (n58 :L3{k17:false, id:58}) MERGE (n83)<-[r78 :T0{k33:''}]-(n58) RETURN *;
MATCH (n83{id:83}), (n164{id:164}) MERGE (n83)<-[r79 :T1]-(n164) RETURN *;
MATCH (n84 :L1 :L4 :L5{k6:1507583580, k8:'m6ZBJwUfu', id:84}), (n3 :L1 :L4 :L5{k21:'CUxa8', id:3}) MERGE (n84)<-[r80 :T4{k59:-830842591, k60:-5765714}]-(n3) RETURN *;
MATCH (n84 :L1 :L4 :L5{k6:1507583580, k8:'m6ZBJwUfu', id:84}), (n188 :L0 :L2 :L5{k0:9223372036854775806, k3:'', k11:'', k13:-617367059, k15:false, k32:true, id:188}) MERGE (n84)-[r81 :T2{k46:1941108857}]->(n188) RETURN *;
MATCH (n85 :L1{k5:true, k10:false, id:85}), (n60 :L1 :L3{k6:-1329258722, k7:723656455, k9:-5765714, id:60}) MERGE (n85)<-[r82 :T0{k35:-958213895}]-(n60) RETURN *;
MATCH (n87 :L1 :L3{k7:847175077, id:87}), (n0 :L0 :L2 :L3{k3:'3', k13:155396502, k20:'VK', id:0}) MERGE (n87)-[r83 :T4{k61:-8487784, k63:true}]->(n0) RETURN *;
MATCH (n88 :L1 :L3{k7:17825391, k9:1560435140, k10:false, k20:'', id:88}), (n156 :L1 :L2{k6:1, k10:true, k13:1707597334, id:156}) MERGE (n88)-[r84 :T2{k45:true, k47:1941108857, k49:-1254779323}]->(n156) RETURN *;
MATCH (n88 :L1 :L3{k7:17825391, k9:1560435140, k10:false, k20:'', id:88}), (n187 :L4 :L5{k32:true, id:187}) MERGE (n88)-[r85 :T1{k40:'C3QgwPZpq'}]->(n187) RETURN *;
MATCH (n90 :L2 :L3{k14:false, id:90}), (n106 :L0 :L2{k1:false, id:106}) MERGE (n90)-[r86 :T2]->(n106) RETURN *;
MATCH (n90 :L2 :L3{k14:false, id:90}), (n152 :L4{k21:'WBcI', k22:false, k27:1420555663, id:152}) MERGE (n90)<-[r87 :T2{k47:17825391, k49:1042244368, k50:2110760811}]-(n152) RETURN *;
MATCH (n91 :L1 :L5{k7:1548199649, k9:1548199649, k32:true, id:91}), (n150 :L0 :L5{k28:-1621540967, id:150}) MERGE (n91)-[r88 :T1{k44:9223372036854775806}]->(n150) RETURN *;
MATCH (n91 :L1 :L5{k7:1548199649, k9:1548199649, k32:true, id:91}), (n174 :L0 :L1 :L3 :L5{k5:true, k20:'', id:174}) MERGE (n91)-[r89 :T4{k60:-935418162, k61:1716715390, k63:true}]->(n174) RETURN *;
MATCH (n93 :L1 :L2 :L4{k14:true, k22:false, k24:-2107311410, id:93}), (n22 :L0 :L2{k2:-591815179, k12:'', id:22}) MERGE (n93)<-[r90 :T1{k44:-59442884}]-(n22) RETURN *;
MATCH (n94{id:94}), (n89 :L3 :L5{k17:false, k32:false, id:89}) MERGE (n94)<-[r91 :T4{k61:-697161312}]-(n89) RETURN *;
MATCH (n97 :L3{id:97}), (n26 :L1{k5:true, k7:-1775896429, id:26}) MERGE (n97)-[r92 :T0{k36:'Vu', k39:-1249725784}]->(n26) RETURN *;
MATCH (n99 :L3{k18:'RIhB', id:99}), (n136{id:136}) MERGE (n99)<-[r93 :T4]-(n136) RETURN *;
MATCH (n101 :L0 :L1{k10:true, id:101}), (n171{id:171}) MERGE (n101)-[r94 :T3{k52:true, k56:true}]->(n171) RETURN *;
MATCH (n102 :L1 :L3 :L4 :L5{k6:1400821960, k16:573980959, k18:'ApaTw', k19:603961960, k28:134968473, k29:'0wnTVweL', id:102}), (n39 :L5{k31:true, k32:true, id:39}) MERGE (n102)-[r95 :T1{k42:false}]->(n39) RETURN *;
MATCH (n104 :L1{k5:true, id:104}), (n62 :L2 :L3{k19:-1424933616, k20:'Ew', id:62}) MERGE (n104)<-[r96 :T0{k34:'gKRmnkjxV', k37:true, k39:-1177747590}]-(n62) RETURN *;
MATCH (n104 :L1{k5:true, id:104}), (n109 :L2 :L3{k13:-700766040, k14:true, k18:'Z', id:109}) MERGE (n104)-[r97 :T0{k39:138097188}]->(n109) RETURN *;
MATCH (n104 :L1{k5:true, id:104}), (n155{id:155}) MERGE (n104)-[r98 :T3{k51:true}]->(n155) RETURN *;
MATCH (n105 :L2 :L3 :L4 :L5{k15:false, k19:-130760984, k20:'FST7SyYSR', k26:-1154420841, k29:'FwEiz', id:105}), (n189 :L0 :L2{k0:1014235540, k2:0, k14:true, id:189}) MERGE (n105)-[r99 :T0]->(n189) RETURN *;
MATCH (n106 :L0 :L2{k1:false, id:106}), (n168{id:168}) MERGE (n106)<-[r100 :T2{k50:1025193916}]-(n168) RETURN *;
MATCH (n107 :L5{k30:true, k31:false, id:107}), (n93 :L1 :L2 :L4{k14:true, k22:false, k24:-2107311410, id:93}) MERGE (n107)-[r101 :T4{k59:1400821960}]->(n93) RETURN *;
MATCH (n108{id:108}), (n58 :L3{k17:false, id:58}) MERGE (n108)<-[r102 :T3{k51:false, k53:'l'}]-(n58) RETURN *;
MATCH (n109 :L2 :L3{k13:-700766040, k14:true, k18:'Z', id:109}), (n140 :L5{k29:'', k30:false, k32:false, id:140}) MERGE (n109)-[r103 :T4]->(n140) RETURN *;
MATCH (n109 :L2 :L3{k13:-700766040, k14:true, k18:'Z', id:109}), (n186{id:186}) MERGE (n109)-[r104 :T4{k59:593256067}]->(n186) RETURN *;
MATCH (n110{id:110}), (n135{id:135}) MERGE (n110)<-[r105 :T1{k44:-1263771023}]-(n135) RETURN *;
MATCH (n111 :L0 :L4{k4:136111877, k24:-130760984, id:111}), (n21 :L0 :L2{k0:-95058773, k14:true, k15:true, id:21}) MERGE (n111)<-[r106 :T4{k62:1507583580}]-(n21) RETURN *;
MATCH (n111 :L0 :L4{k4:136111877, k24:-130760984, id:111}), (n71 :L1{id:71}) MERGE (n111)<-[r107 :T1]-(n71) RETURN *;
MATCH (n111 :L0 :L4{k4:136111877, k24:-130760984, id:111}), (n159 :L5{k28:329308922, k30:true, id:159}) MERGE (n111)-[r108 :T3{k52:true}]->(n159) RETURN *;
MATCH (n113 :L0 :L1{k2:-1499833307, k3:'', k4:765061181, k8:'bgBp', k10:false, id:113}), (n175 :L0 :L4{k0:-1096395061, k26:-1676768313, id:175}) MERGE (n113)<-[r109 :T4{k57:-59786650}]-(n175) RETURN *;
MATCH (n114{id:114}), (n186{id:186}) MERGE (n114)<-[r110 :T3]-(n186) RETURN *;
MATCH (n118 :L0 :L1 :L4{k3:'', k8:'H', k10:true, k25:134968473, k27:-2049762990, id:118}), (n174 :L0 :L1 :L3 :L5{k5:true, k20:'', id:174}) MERGE (n118)<-[r111 :T1{k40:'', k44:-946011895}]-(n174) RETURN *;
MATCH (n119 :L1 :L3 :L4{k6:995523553, k20:'lI', k24:-657716350, id:119}), (n139 :L2 :L4{k14:false, k27:-130760984, id:139}) MERGE (n119)-[r112 :T3{k54:true}]->(n139) RETURN *;
MATCH (n120 :L4{k22:true, k24:1560435140, id:120}), (n102 :L1 :L3 :L4 :L5{k6:1400821960, k16:573980959, k18:'ApaTw', k19:603961960, k28:134968473, k29:'0wnTVweL', id:102}) MERGE (n120)-[r113 :T3]->(n102) RETURN *;
MATCH (n122{id:122}), (n79 :L3{k17:false, id:79}) MERGE (n122)<-[r114 :T3]-(n79) RETURN *;
MATCH (n123 :L2{id:123}), (n127{id:127}) MERGE (n123)-[r115 :T0{k38:-1858021828}]->(n127) RETURN *;
MATCH (n124 :L0 :L1 :L3 :L4{k19:-1559668374, k20:'GY8', k22:true, k25:2110760811, k26:2110760811, id:124}), (n182 :L3 :L5{k16:715447317, k18:'2k0eh', k19:-1249725784, k20:'uQx', id:182}) MERGE (n124)-[r116 :T3{k52:false}]->(n182) RETURN *;
MATCH (n124 :L0 :L1 :L3 :L4{k19:-1559668374, k20:'GY8', k22:true, k25:2110760811, k26:2110760811, id:124}), (n199 :L0 :L3 :L4 :L5{k4:-1650696713, k21:'9V9', k23:1727302389, k24:1139151969, k28:-1154420841, id:199}) MERGE (n124)-[r117 :T2{k45:false, k46:-1169826714, k49:-406250848, k50:-1535562856}]->(n199) RETURN *;
MATCH (n125 :L0{k3:'6Qkc74n', id:125}), (n97 :L3{id:97}) MERGE (n125)-[r118 :T4]->(n97) RETURN *;
MATCH (n126 :L2{k12:'', k13:-747972112, id:126}), (n50 :L0 :L3 :L4{k21:'', k23:949274213, id:50}) MERGE (n126)<-[r119 :T3]-(n50) RETURN *;
MATCH (n126 :L2{k12:'', k13:-747972112, id:126}), (n69{id:69}) MERGE (n126)-[r120 :T3]->(n69) RETURN *;
MATCH (n126 :L2{k12:'', k13:-747972112, id:126}), (n108{id:108}) MERGE (n126)-[r121 :T3{k53:'bbriSk'}]->(n108) RETURN *;
MATCH (n126 :L2{k12:'', k13:-747972112, id:126}), (n190 :L0 :L1{k6:-1554224473, k7:995523553, k10:false, id:190}) MERGE (n126)<-[r122 :T3]-(n190) RETURN *;
MATCH (n128 :L0 :L3{k16:1420555663, id:128}), (n120 :L4{k22:true, k24:1560435140, id:120}) MERGE (n128)<-[r123 :T3{k54:false, k55:''}]-(n120) RETURN *;
MATCH (n129 :L4{k24:17825391, k25:-701398990, id:129}), (n53 :L5{k28:-1858021828, k30:false, id:53}) MERGE (n129)-[r124 :T2{k49:1705966338}]->(n53) RETURN *;
MATCH (n129 :L4{k24:17825391, k25:-701398990, id:129}), (n155{id:155}) MERGE (n129)-[r125 :T4{k57:-1285052423, k59:1838957793, k60:1598107078}]->(n155) RETURN *;
MATCH (n130{id:130}), (n26 :L1{k5:true, k7:-1775896429, id:26}) MERGE (n130)-[r126 :T1{k43:'go7f3S2Uf'}]->(n26) RETURN *;
MATCH (n130{id:130}), (n98{id:98}) MERGE (n130)-[r127 :T2]->(n98) RETURN *;
MATCH (n130{id:130}), (n107 :L5{k30:true, k31:false, id:107}) MERGE (n130)<-[r128 :T2{k49:-33959560}]-(n107) RETURN *;
MATCH (n131{id:131}), (n27{id:27}) MERGE (n131)-[r129 :T3{k54:true}]->(n27) RETURN *;
MATCH (n131{id:131}), (n63{id:63}) MERGE (n131)-[r130 :T4]->(n63) RETURN *;
MATCH (n134 :L2{id:134}), (n169 :L5{k29:'', k31:false, id:169}) MERGE (n134)-[r131 :T3{k52:true}]->(n169) RETURN *;
MATCH (n134 :L2{id:134}), (n176{id:176}) MERGE (n134)<-[r132 :T3{k53:'ERFy'}]-(n176) RETURN *;
MATCH (n135{id:135}), (n110{id:110}) MERGE (n135)-[r133 :T1{k40:'', k43:'aSSOR', k44:816490129}]->(n110) RETURN *;
MATCH (n136{id:136}), (n94{id:94}) MERGE (n136)-[r134 :T3{k54:true}]->(n94) RETURN *;
MATCH (n137 :L0 :L1 :L2 :L5{k5:false, k8:'F', k15:true, k29:'LqKIALLbM', k30:false, id:137}), (n6{id:6}) MERGE (n137)<-[r135 :T3{k52:false, k53:'o'}]-(n6) RETURN *;
MATCH (n139 :L2 :L4{k14:false, k27:-130760984, id:139}), (n180 :L5{k29:'H7', id:180}) MERGE (n139)-[r136 :T1{k42:true, k44:321734843}]->(n180) RETURN *;
MATCH (n142 :L1 :L4{id:142}), (n5 :L2{id:5}) MERGE (n142)<-[r137 :T1{k44:2144581264}]-(n5) RETURN *;
MATCH (n145 :L3 :L4{k17:false, k19:-949707671, id:145}), (n30 :L1 :L3 :L4{k8:'O8YPXee2q', k9:-1657748453, k25:723656455, k26:155396502, k27:17825391, id:30}) MERGE (n145)<-[r138 :T3{k55:'I7rMI'}]-(n30) RETURN *;
MATCH (n148 :L5{k28:1004116201, k30:true, id:148}), (n18{id:18}) MERGE (n148)-[r139 :T1{k40:'b'}]->(n18) RETURN *;
MATCH (n148 :L5{k28:1004116201, k30:true, id:148}), (n42 :L1{k6:1449370708, k8:'X8lp', k10:false, id:42}) MERGE (n148)<-[r140 :T4{k57:-1329258722}]-(n42) RETURN *;
MATCH (n149 :L0 :L4{k2:107843632, id:149}), (n2 :L4{k27:155396502, id:2}) MERGE (n149)<-[r141 :T1]-(n2) RETURN *;
MATCH (n149 :L0 :L4{k2:107843632, id:149}), (n173 :L0 :L5{k0:1383732057, k1:false, k28:-1896420000, k32:false, id:173}) MERGE (n149)-[r142 :T4{k58:true, k61:826580964, k63:false}]->(n173) RETURN *;
MATCH (n150 :L0 :L5{k28:-1621540967, id:150}), (n53 :L5{k28:-1858021828, k30:false, id:53}) MERGE (n150)-[r143 :T3]->(n53) RETURN *;
MATCH (n150 :L0 :L5{k28:-1621540967, id:150}), (n184{id:184}) MERGE (n150)<-[r144 :T0{k39:-1424933616}]-(n184) RETURN *;
MATCH (n152 :L4{k21:'WBcI', k22:false, k27:1420555663, id:152}), (n60 :L1 :L3{k6:-1329258722, k7:723656455, k9:-5765714, id:60}) MERGE (n152)-[r145 :T3{k51:false, k55:'Lr4NX'}]->(n60) RETURN *;
MATCH (n152 :L4{k21:'WBcI', k22:false, k27:1420555663, id:152}), (n68 :L3 :L5{k16:1769431312, k20:'MV', k28:-1106897890, k29:'', id:68}) MERGE (n152)-[r146 :T0{k39:-2101684106}]->(n68) RETURN *;
MATCH (n152 :L4{k21:'WBcI', k22:false, k27:1420555663, id:152}), (n197 :L3{k16:603961960, k19:1315859957, id:197}) MERGE (n152)-[r147 :T4{k60:2110760811, k62:298294476, k63:true}]->(n197) RETURN *;
MATCH (n156 :L1 :L2{k6:1, k10:true, k13:1707597334, id:156}), (n124 :L0 :L1 :L3 :L4{k19:-1559668374, k20:'GY8', k22:true, k25:2110760811, k26:2110760811, id:124}) MERGE (n156)-[r148 :T3{k52:true, k55:'oJ'}]->(n124) RETURN *;
MATCH (n160 :L4{id:160}), (n88 :L1 :L3{k7:17825391, k9:1560435140, k10:false, k20:'', id:88}) MERGE (n160)-[r149 :T2{k46:-1421817070, k49:366924595}]->(n88) RETURN *;
MATCH (n162 :L1{k8:'o', id:162}), (n47 :L0 :L2{k1:false, k2:-1154420841, k12:'3flYFBK', k14:false, k15:false, id:47}) MERGE (n162)-[r150 :T1{k41:'GySd'}]->(n47) RETURN *;
MATCH (n165{id:165}), (n111 :L0 :L4{k4:136111877, k24:-130760984, id:111}) MERGE (n165)<-[r151 :T4{k62:-1099890288}]-(n111) RETURN *;
MATCH (n166 :L1 :L2 :L5{k12:'', k14:true, k15:false, id:166}), (n64 :L4{k25:-1169826714, k27:-617367059, id:64}) MERGE (n166)<-[r152 :T4{k61:-1369396939, k62:715447317}]-(n64) RETURN *;
MATCH (n167 :L3{k18:'7i', id:167}), (n2 :L4{k27:155396502, id:2}) MERGE (n167)-[r153 :T1]->(n2) RETURN *;
MATCH (n167 :L3{k18:'7i', id:167}), (n45{id:45}) MERGE (n167)-[r154 :T4{k58:false, k59:-444696682, k61:1238834468}]->(n45) RETURN *;
MATCH (n169 :L5{k29:'', k31:false, id:169}), (n76 :L1{k8:'mMcKYj', id:76}) MERGE (n169)-[r155 :T0{k33:'tIylNO91l', k36:'', k39:-1728869382}]->(n76) RETURN *;
MATCH (n171{id:171}), (n8{id:8}) MERGE (n171)<-[r156 :T3]-(n8) RETURN *;
MATCH (n171{id:171}), (n161{id:161}) MERGE (n171)<-[r157 :T2{k49:571602366, k50:-1072818453}]-(n161) RETURN *;
MATCH (n172 :L1 :L3 :L5{k32:true, id:172}), (n34 :L5{k32:true, id:34}) MERGE (n172)-[r158 :T0]->(n34) RETURN *;
MATCH (n173 :L0 :L5{k0:1383732057, k1:false, k28:-1896420000, k32:false, id:173}), (n69{id:69}) MERGE (n173)-[r159 :T2{k47:-42659325}]->(n69) RETURN *;
MATCH (n173 :L0 :L5{k0:1383732057, k1:false, k28:-1896420000, k32:false, id:173}), (n90 :L2 :L3{k14:false, id:90}) MERGE (n173)<-[r160 :T3{k52:true, k56:true}]-(n90) RETURN *;
MATCH (n175 :L0 :L4{k0:-1096395061, k26:-1676768313, id:175}), (n172 :L1 :L3 :L5{k32:true, id:172}) MERGE (n175)-[r161 :T3{k53:'w5'}]->(n172) RETURN *;
MATCH (n176{id:176}), (n72 :L4{id:72}) MERGE (n176)<-[r162 :T4{k59:-894854041, k60:-1866685608, k61:1241220223, k63:false}]-(n72) RETURN *;
MATCH (n177{id:177}), (n105 :L2 :L3 :L4 :L5{k15:false, k19:-130760984, k20:'FST7SyYSR', k26:-1154420841, k29:'FwEiz', id:105}) MERGE (n177)<-[r163 :T1]-(n105) RETURN *;
MATCH (n177{id:177}), (n107 :L5{k30:true, k31:false, id:107}) MERGE (n177)<-[r164 :T0{k36:'WrRpMO'}]-(n107) RETURN *;
MATCH (n177{id:177}), (n137 :L0 :L1 :L2 :L5{k5:false, k8:'F', k15:true, k29:'LqKIALLbM', k30:false, id:137}) MERGE (n177)-[r165 :T4{k59:107843632}]->(n137) RETURN *;
MATCH (n178 :L3{k19:842848620, k20:'iiG7Jjq', id:178}), (n118 :L0 :L1 :L4{k3:'', k8:'H', k10:true, k25:134968473, k27:-2049762990, id:118}) MERGE (n178)<-[r166 :T3{k52:true, k55:'L8i'}]-(n118) RETURN *;
MATCH (n178 :L3{k19:842848620, k20:'iiG7Jjq', id:178}), (n195{id:195}) MERGE (n178)<-[r167 :T1{k40:'9iUrCEuK', k41:'kH4lLb'}]-(n195) RETURN *;
MATCH (n179 :L3{id:179}), (n39 :L5{k31:true, k32:true, id:39}) MERGE (n179)<-[r168 :T0{k39:-1125557641}]-(n39) RETURN *;
MATCH (n179 :L3{id:179}), (n152 :L4{k21:'WBcI', k22:false, k27:1420555663, id:152}) MERGE (n179)<-[r169 :T3{k52:true}]-(n152) RETURN *;
MATCH (n179 :L3{id:179}), (n187 :L4 :L5{k32:true, id:187}) MERGE (n179)-[r170 :T2]->(n187) RETURN *;
MATCH (n180 :L5{k29:'H7', id:180}), (n20{id:20}) MERGE (n180)<-[r171 :T0{k39:241328970}]-(n20) RETURN *;
MATCH (n182 :L3 :L5{k16:715447317, k18:'2k0eh', k19:-1249725784, k20:'uQx', id:182}), (n30 :L1 :L3 :L4{k8:'O8YPXee2q', k9:-1657748453, k25:723656455, k26:155396502, k27:17825391, id:30}) MERGE (n182)-[r172 :T0{k36:'xvasIAqo'}]->(n30) RETURN *;
MATCH (n182 :L3 :L5{k16:715447317, k18:'2k0eh', k19:-1249725784, k20:'uQx', id:182}), (n87 :L1 :L3{k7:847175077, id:87}) MERGE (n182)-[r173 :T1{k41:''}]->(n87) RETURN *;
MATCH (n183{id:183}), (n158{id:158}) MERGE (n183)<-[r174 :T1{k41:'', k42:true}]-(n158) RETURN *;
MATCH (n185 :L2{id:185}), (n119 :L1 :L3 :L4{k6:995523553, k20:'lI', k24:-657716350, id:119}) MERGE (n185)-[r175 :T1]->(n119) RETURN *;
MATCH (n186{id:186}), (n111 :L0 :L4{k4:136111877, k24:-130760984, id:111}) MERGE (n186)<-[r176 :T2{k45:false, k46:1239679043, k49:-1554224473}]-(n111) RETURN *;
MATCH (n190 :L0 :L1{k6:-1554224473, k7:995523553, k10:false, id:190}), (n178 :L3{k19:842848620, k20:'iiG7Jjq', id:178}) MERGE (n190)-[r177 :T2{k49:971540782}]->(n178) RETURN *;
MATCH (n190 :L0 :L1{k6:-1554224473, k7:995523553, k10:false, id:190}), (n195{id:195}) MERGE (n190)-[r178 :T0]->(n195) RETURN *;
MATCH (n191 :L4{id:191}), (n163 :L4 :L5{k21:'', k24:1687492715, k29:'G', id:163}) MERGE (n191)-[r179 :T2{k45:true, k46:946042810, k50:949274213}]->(n163) RETURN *;
MATCH (n192{id:192}), (n45{id:45}) MERGE (n192)<-[r180 :T1]-(n45) RETURN *;
MATCH (n192{id:192}), (n67 :L5{id:67}) MERGE (n192)-[r181 :T1]->(n67) RETURN *;
MATCH (n192{id:192}), (n109 :L2 :L3{k13:-700766040, k14:true, k18:'Z', id:109}) MERGE (n192)<-[r182 :T1{k42:true}]-(n109) RETURN *;
MATCH (n192{id:192}), (n170{id:170}) MERGE (n192)<-[r183 :T1]-(n170) RETURN *;
MATCH (n196 :L0 :L2 :L4{k2:-1519996690, k15:false, k24:1941108857, k26:881318694, k27:-1289305883, id:196}), (n83{id:83}) MERGE (n196)<-[r184 :T1]-(n83) RETURN *;
MATCH (n199 :L0 :L3 :L4 :L5{k4:-1650696713, k21:'9V9', k23:1727302389, k24:1139151969, k28:-1154420841, id:199}), (n17 :L4{k24:155396502, id:17}) MERGE (n199)<-[r185 :T2{k46:1567218070, k48:1972255674}]-(n17) RETURN *;
MATCH (n199 :L0 :L3 :L4 :L5{k4:-1650696713, k21:'9V9', k23:1727302389, k24:1139151969, k28:-1154420841, id:199}), (n156 :L1 :L2{k6:1, k10:true, k13:1707597334, id:156}) MERGE (n199)<-[r186 :T2{k45:false, k50:566127223}]-(n156) RETURN *;