CREATE (n0 :L1{k8:false, k10:1161054260, id:0}) RETURN *;
CREATE (n1 :L2 :L4{k18:'', k27:1161054260, id:1}) RETURN *;
CREATE (n2{id:2}) RETURN *;
CREATE (n3 :L1 :L4{k8:true, k9:'U', k11:'NRvdcdK', id:3}) RETURN *;
CREATE (n4 :L1{k7:'j', id:4}) RETURN *;
CREATE (n5 :L1 :L2{k11:'oRs', k18:'b', id:5}) RETURN *;
CREATE (n6{id:6}) RETURN *;
CREATE (n7{id:7}) RETURN *;
CREATE (n8{id:8}) RETURN *;
CREATE (n9 :L1 :L5{k35:-1536164813, k36:493902091, id:9}) RETURN *;
CREATE (n10 :L4 :L5{k37:493902091, id:10}) RETURN *;
CREATE (n11 :L2 :L5{k16:493902091, k17:false, k34:'', id:11}) RETURN *;
CREATE (n12{id:12}) RETURN *;
CREATE (n13 :L1 :L6{k8:true, k9:'o', k11:'jsohm3', k41:-1536164813, id:13}) RETURN *;
CREATE (n14 :L2{k19:'XMJ', id:14}) RETURN *;
CREATE (n15 :L1 :L2 :L3 :L4 :L5{k9:'', k16:-904705057, k18:'Pwshs2KED', k19:'T', k20:1221197382, k22:false, k37:-904705057, id:15}) RETURN *;
CREATE (n16{id:16}) RETURN *;
CREATE (n17 :L0 :L3{id:17}) RETURN *;
CREATE (n18 :L3 :L5{k23:-74314366, k34:'cU', id:18}) RETURN *;
CREATE (n19{id:19}) RETURN *;
CREATE (n20{id:20}) RETURN *;
CREATE (n21 :L4{id:21}) RETURN *;
CREATE (n22 :L4{k33:true, id:22}) RETURN *;
CREATE (n23 :L6{k41:352861121, k45:'X', id:23}) RETURN *;
CREATE (n24 :L0{k2:'', k3:'z', id:24}) RETURN *;
CREATE (n25 :L0 :L1{k0:false, k3:'7SwQu', k7:'o', k11:'D6', k12:-1949974105, id:25}) RETURN *;
CREATE (n26 :L5 :L6{k36:1143061869, k40:-9223372036854775807, k44:72713533, id:26}) RETURN *;
CREATE (n27 :L4{k33:true, id:27}) RETURN *;
CREATE (n28 :L3{k24:'', k25:'J', id:28}) RETURN *;
CREATE (n29 :L1{k8:false, k10:1014219595, id:29}) RETURN *;
CREATE (n30 :L0 :L3 :L6{k2:'t', k4:72713533, k23:1143061869, k24:'H', id:30}) RETURN *;
CREATE (n31 :L5{id:31}) RETURN *;
CREATE (n32 :L3{k22:false, k24:'TVyQq', id:32}) RETURN *;
CREATE (n33 :L2 :L4 :L6{k28:281697288, k29:'kvzi', k32:false, k45:'7NPfTb', id:33}) RETURN *;
CREATE (n34 :L6{k42:'0KGLov6C0', id:34}) RETURN *;
CREATE (n35 :L4 :L5{k29:'8OzSY', k31:1221197382, k32:true, k39:true, id:35}) RETURN *;
CREATE (n36 :L1 :L4{k11:'XYfKhfP4', k27:352861121, k31:1504779363, k33:false, id:36}) RETURN *;
CREATE (n37 :L6{id:37}) RETURN *;
CREATE (n38 :L0 :L3 :L6{k2:'CRMRA', k22:false, k24:'CR7P', k41:-1167986381, k45:'DE9sD3Gs', id:38}) RETURN *;
CREATE (n39 :L2{id:39}) RETURN *;
CREATE (n40 :L3 :L6{id:40}) RETURN *;
CREATE (n41 :L0{k4:564057512, id:41}) RETURN *;
CREATE (n42 :L5{id:42}) RETURN *;
CREATE (n43 :L0 :L2 :L3{k1:true, k2:'qUN', k14:false, k16:352861121, k19:'V', k21:'fxAx', k23:794407410, id:43}) RETURN *;
CREATE (n44{id:44}) RETURN *;
CREATE (n45 :L2{k16:1282111895, id:45}) RETURN *;
CREATE (n46 :L1{k7:'3o', k12:1076158495, id:46}) RETURN *;
CREATE (n47{id:47}) RETURN *;
CREATE (n48 :L2{k17:false, id:48}) RETURN *;
CREATE (n49{id:49}) RETURN *;
CREATE (n50 :L6{k42:'hbM5pvr', k44:697385766, k45:'PGPXNekK', id:50}) RETURN *;
CREATE (n51 :L2 :L6{k17:false, k19:'ZUaWemviH', k41:-904705057, k42:'A9', k43:'lxZy2mVeE', id:51}) RETURN *;
CREATE (n52 :L4 :L5{k27:9223372036854775806, k37:1330075183, k40:-1039127420, id:52}) RETURN *;
CREATE (n53 :L3{k21:'bjut', k22:false, id:53}) RETURN *;
CREATE (n54 :L1 :L3{k11:'nr', k12:-1712393879, k24:'8C', id:54}) RETURN *;
CREATE (n55{id:55}) RETURN *;
CREATE (n56{id:56}) RETURN *;
CREATE (n57 :L3 :L5{k24:'Q1', k37:-1746079356, k39:false, id:57}) RETURN *;
CREATE (n58{id:58}) RETURN *;
CREATE (n59 :L2{id:59}) RETURN *;
CREATE (n60 :L2 :L4{k28:100472195, k31:1504779363, id:60}) RETURN *;
CREATE (n61 :L0{k3:'ezWL', k5:false, id:61}) RETURN *;
CREATE (n62 :L1{k13:false, id:62}) RETURN *;
CREATE (n63 :L1{k7:'Dlm7IiOg', k13:false, id:63}) RETURN *;
CREATE (n64{id:64}) RETURN *;
CREATE (n65 :L2 :L5{k15:199558343, k17:true, k35:-1144681581, k36:-1196977404, k38:48293002, id:65}) RETURN *;
CREATE (n66 :L3 :L4 :L5 :L6{k20:72713533, k21:'', k43:'jWUYJ', id:66}) RETURN *;
CREATE (n67 :L1 :L2 :L6{k42:'xb0u', k45:'G3', id:67}) RETURN *;
CREATE (n68 :L6{k41:697385766, k45:'u', id:68}) RETURN *;
CREATE (n69{id:69}) RETURN *;
CREATE (n70{id:70}) RETURN *;
CREATE (n71 :L3 :L4 :L6{k25:'3', k31:-1196977404, k43:'uzIrNl', k44:2028626792, k45:'v', id:71}) RETURN *;
CREATE (n72 :L3 :L4{k20:589657426, k21:'We5jv', k23:-211511498, k28:493902091, k30:794407410, id:72}) RETURN *;
CREATE (n73{id:73}) RETURN *;
CREATE (n74 :L1 :L3{k7:'A9QkR61S', k8:true, k11:'', k20:1960025057, k24:'0H', id:74}) RETURN *;
CREATE (n75 :L5{k40:-1536164813, id:75}) RETURN *;
CREATE (n76 :L3 :L6{k24:'mT', k43:'', k44:292850481, id:76}) RETURN *;
CREATE (n77 :L3 :L5{k36:1143061869, id:77}) RETURN *;
CREATE (n78 :L0{k1:false, k4:1465445399, id:78}) RETURN *;
CREATE (n79 :L0 :L3 :L4 :L5{k2:'H', k5:false, k6:-1968146332, k22:true, k31:-1039127420, k40:381791322, id:79}) RETURN *;
CREATE (n80 :L2{id:80}) RETURN *;
CREATE (n81 :L1 :L2{k8:false, k11:'97', id:81}) RETURN *;
CREATE (n82 :L1{k10:589657426, k13:true, id:82}) RETURN *;
CREATE (n83 :L3 :L4{k20:-564234167, k25:'', k27:-1536164813, k29:'Sh', k30:317277514, id:83}) RETURN *;
CREATE (n84 :L2{id:84}) RETURN *;
CREATE (n85 :L0 :L3{k0:false, k1:true, k4:2075733347, id:85}) RETURN *;
CREATE (n86 :L4{k28:150496369, id:86}) RETURN *;
CREATE (n87 :L1 :L2{k11:'kX', id:87}) RETURN *;
CREATE (n88 :L3 :L5 :L6{k21:'WAvV37K', k24:'', k26:false, k35:348693579, k42:'DDmTCWa', id:88}) RETURN *;
CREATE (n89 :L6{id:89}) RETURN *;
CREATE (n90{id:90}) RETURN *;
CREATE (n91{id:91}) RETURN *;
CREATE (n92 :L5{k37:2061869551, id:92}) RETURN *;
CREATE (n93 :L2 :L3 :L6{k20:-578284293, k26:true, k41:2075733347, k43:'aDPi', id:93}) RETURN *;
CREATE (n94 :L0 :L2{k4:437602109, k5:false, k14:true, id:94}) RETURN *;
CREATE (n95 :L2 :L5{k19:'mmH', k40:294362545, id:95}) RETURN *;
CREATE (n96 :L5{id:96}) RETURN *;
CREATE (n97{id:97}) RETURN *;
CREATE (n98 :L0 :L4{k1:false, k6:794480984, k28:9223372036854775806, id:98}) RETURN *;
CREATE (n99 :L0 :L4 :L6{k3:'zW3vo9V', k28:-564234167, k29:'0c9xlrc', k41:-1536164813, id:99}) RETURN *;
CREATE (n100{id:100}) RETURN *;
CREATE (n101 :L0 :L1{k0:true, k4:133607356, k9:'cp', k10:-1744204338, k11:'78vGl', id:101}) RETURN *;
CREATE (n102{id:102}) RETURN *;
CREATE (n103 :L1{k9:'', k12:1466947053, k13:true, id:103}) RETURN *;
CREATE (n104 :L1 :L5 :L6{k9:'HDx', k36:1076158495, k37:-502390117, k40:-1568504058, k44:199558343, k45:'hIO', id:104}) RETURN *;
CREATE (n105 :L2 :L4 :L5{k17:true, k19:'s', k32:false, k33:false, id:105}) RETURN *;
CREATE (n106 :L0{k3:'ku', k6:-188459415, id:106}) RETURN *;
CREATE (n107{id:107}) RETURN *;
CREATE (n108 :L2{k17:false, id:108}) RETURN *;
CREATE (n109{id:109}) RETURN *;
CREATE (n110 :L1 :L2 :L6{k9:'Ye', k18:'68RsQ', k19:'2ZwYgX0q', k45:'7SE3PJQ', id:110}) RETURN *;
CREATE (n111 :L3 :L5 :L6{k26:false, k38:1933093673, k40:1626305135, id:111}) RETURN *;
CREATE (n112 :L0 :L2{k3:'XkXk', k16:1558289285, id:112}) RETURN *;
CREATE (n113 :L3 :L5{k21:'LC0k', k24:'', k26:false, k35:-408194596, k38:1633455618, id:113}) RETURN *;
CREATE (n114 :L1{k8:true, k13:false, id:114}) RETURN *;
CREATE (n115 :L5{k34:'', k39:true, id:115}) RETURN *;
CREATE (n116{id:116}) RETURN *;
CREATE (n117 :L0 :L4{k29:'VXs82', k30:1479937276, k31:-160057926, id:117}) RETURN *;
CREATE (n118 :L4 :L6{k29:'e', k41:2010952846, k42:'0HHZZH7', k44:39388402, id:118}) RETURN *;
CREATE (n119{id:119}) RETURN *;
CREATE (n120 :L1 :L3{k8:true, k13:true, id:120}) RETURN *;
CREATE (n121 :L0 :L4{k1:true, k6:-1536164813, k28:39388402, k30:-48321523, k32:false, id:121}) RETURN *;
CREATE (n122 :L2{k19:'7cmCozcE', id:122}) RETURN *;
CREATE (n123 :L4{k28:294362545, k30:-1409754763, k33:false, id:123}) RETURN *;
CREATE (n124 :L5 :L6{k34:'CsL', k35:1670381516, k40:1076158495, k41:-1409754763, k45:'G', id:124}) RETURN *;
CREATE (n125 :L4{k27:-1563525312, k31:1933093673, id:125}) RETURN *;
CREATE (n126 :L2 :L6{k17:false, id:126}) RETURN *;
CREATE (n127 :L1 :L3{k8:true, k9:'', k13:false, k20:-1167986381, k22:true, id:127}) RETURN *;
CREATE (n128 :L6{k41:-434971823, id:128}) RETURN *;
CREATE (n129 :L5{k35:1106070066, id:129}) RETURN *;
CREATE (n130{id:130}) RETURN *;
CREATE (n131 :L4{k30:-341580264, k32:false, k33:false, id:131}) RETURN *;
CREATE (n132 :L2{k14:false, k15:878008941, id:132}) RETURN *;
CREATE (n133 :L0 :L6{k3:'Kv', k5:false, k41:334076758, k42:'', k44:-1326958337, id:133}) RETURN *;
CREATE (n134{id:134}) RETURN *;
CREATE (n135{id:135}) RETURN *;
CREATE (n136{id:136}) RETURN *;
CREATE (n137 :L0 :L1 :L2{k10:-1739478743, k13:false, k17:true, id:137}) RETURN *;
CREATE (n138 :L3{k20:348693579, id:138}) RETURN *;
CREATE (n139 :L4{k29:'t5', id:139}) RETURN *;
CREATE (n140 :L2 :L4{k29:'r', id:140}) RETURN *;
CREATE (n141 :L1{k9:'t', k10:-1968146332, k12:-993887645, id:141}) RETURN *;
CREATE (n142 :L2 :L3{k15:-111874741, k17:true, id:142}) RETURN *;
CREATE (n143{id:143}) RETURN *;
CREATE (n144 :L0{k0:true, k2:'j', id:144}) RETURN *;
CREATE (n145 :L0 :L2 :L4{k1:true, k2:'Nd', k6:812209463, k17:true, id:145}) RETURN *;
CREATE (n146{id:146}) RETURN *;
CREATE (n147{id:147}) RETURN *;
CREATE (n148 :L1 :L3 :L6{k8:false, k10:-84553447, k13:false, k24:'xmO', k43:'0', id:148}) RETURN *;
CREATE (n149 :L1 :L4{k10:-1326958337, k13:false, k33:true, id:149}) RETURN *;
CREATE (n150 :L1 :L4{k9:'n9l', k29:'', id:150}) RETURN *;
CREATE (n151 :L0 :L1 :L3{k10:-432714603, k11:'HDOMS', k13:true, k20:9223372036854775806, id:151}) RETURN *;
CREATE (n152 :L1 :L3{k9:'', k12:292850481, k20:921963248, k21:'', id:152}) RETURN *;
CREATE (n153 :L0 :L4 :L5{k33:false, id:153}) RETURN *;
CREATE (n154{id:154}) RETURN *;
CREATE (n155 :L4{k27:-1746079356, k29:'J', k30:-1702325208, id:155}) RETURN *;
CREATE (n156 :L3 :L5{k20:-2081713543, id:156}) RETURN *;
CREATE (n157 :L2 :L4{k19:'', k29:'eTwgW1tX', k31:1161054260, id:157}) RETURN *;
CREATE (n158{id:158}) RETURN *;
CREATE (n159 :L1 :L3{k25:'a', id:159}) RETURN *;
CREATE (n160 :L4{k29:'h', id:160}) RETURN *;
CREATE (n161{id:161}) RETURN *;
CREATE (n162{id:162}) RETURN *;
CREATE (n163 :L1{k7:'', id:163}) RETURN *;
CREATE (n164 :L5 :L6{k34:'', k38:2040339166, k41:-1196977404, k45:'s', id:164}) RETURN *;
CREATE (n165 :L0 :L2{k5:false, k6:-1530474518, id:165}) RETURN *;
CREATE (n166 :L0{k2:'rEq', k6:-678829059, id:166}) RETURN *;
CREATE (n167{id:167}) RETURN *;
CREATE (n168 :L1 :L3{k8:false, k12:-1249211811, k13:true, k22:true, id:168}) RETURN *;
CREATE (n169 :L5{id:169}) RETURN *;
CREATE (n170 :L1 :L4{k13:false, k28:-696224990, k33:true, id:170}) RETURN *;
CREATE (n171 :L6{k41:-160057926, k42:'', k45:'bTpu2EJ5', id:171}) RETURN *;
CREATE (n172 :L3 :L4{k21:'qTVs9Pk7F', k24:'J', id:172}) RETURN *;
CREATE (n173 :L0 :L6{k1:true, k2:'', id:173}) RETURN *;
CREATE (n174{id:174}) RETURN *;
CREATE (n175 :L1 :L3{k7:'mT5m', k11:'DRiJvHKP', k13:true, k23:1093497065, k24:'T', id:175}) RETURN *;
CREATE (n176 :L3{id:176}) RETURN *;
CREATE (n177 :L4{k27:991662258, k29:'RV', k30:-1815276148, id:177}) RETURN *;
CREATE (n178 :L1{id:178}) RETURN *;
CREATE (n179 :L4{id:179}) RETURN *;
CREATE (n180 :L0{k2:'fg4pDkg5', id:180}) RETURN *;
CREATE (n181 :L6{id:181}) RETURN *;
CREATE (n182 :L0 :L4 :L5{k2:'s1', k3:'gTo', k5:true, k30:-2081713543, k34:'zVu4pU', k35:-204322776, id:182}) RETURN *;
CREATE (n183 :L3{k22:false, id:183}) RETURN *;
CREATE (n184 :L2{k15:-1746527397, k16:1076158495, k18:'', id:184}) RETURN *;
CREATE (n185 :L3 :L6{k20:292850481, k44:-1039127420, id:185}) RETURN *;
CREATE (n186 :L6{id:186}) RETURN *;
CREATE (n187 :L0 :L1 :L3 :L4{k7:'mavLB3b', k9:'', k13:false, k21:'', k23:-520706733, k26:false, k29:'aP', k31:-483995947, id:187}) RETURN *;
CREATE (n188 :L3 :L5{id:188}) RETURN *;
CREATE (n189 :L0{k1:false, k4:961432556, id:189}) RETURN *;
CREATE (n190 :L1 :L2{k9:'JxK5U8X', id:190}) RETURN *;
CREATE (n191{id:191}) RETURN *;
CREATE (n192 :L5{id:192}) RETURN *;
CREATE (n193 :L1{id:193}) RETURN *;
CREATE (n194 :L3 :L4{k21:'qDGs8yAfo', k30:1005577102, id:194}) RETURN *;
CREATE (n195 :L0 :L2 :L3 :L6{k14:false, k16:-1, k20:317277514, k23:-1735981793, id:195}) RETURN *;
CREATE (n196 :L3{k22:true, id:196}) RETURN *;
CREATE (n197 :L6{k42:'D', k44:-1563525312, id:197}) RETURN *;
CREATE (n198{id:198}) RETURN *;
CREATE (n199 :L3 :L6{k24:'', k43:'TZtaSVL', k45:'D', id:199}) RETURN *;
MATCH (n4 :L1{k7:'j', id:4}), (n57 :L3 :L5{k24:'Q1', k37:-1746079356, k39:false, id:57}) MERGE (n4)-[r0 :T1{k52:-1597892282}]->(n57) RETURN *;
MATCH (n4 :L1{k7:'j', id:4}), (n108 :L2{k17:false, id:108}) MERGE (n4)<-[r1 :T1{k53:true, k56:'', k57:false}]-(n108) RETURN *;
MATCH (n5 :L1 :L2{k11:'oRs', k18:'b', id:5}), (n150 :L1 :L4{k9:'n9l', k29:'', id:150}) MERGE (n5)<-[r2 :T4]-(n150) RETURN *;
MATCH (n5 :L1 :L2{k11:'oRs', k18:'b', id:5}), (n179 :L4{id:179}) MERGE (n5)<-[r3 :T5{k80:true}]-(n179) RETURN *;
MATCH (n6{id:6}), (n89 :L6{id:89}) MERGE (n6)<-[r4 :T4{k76:true}]-(n89) RETURN *;
MATCH (n7{id:7}), (n95 :L2 :L5{k19:'mmH', k40:294362545, id:95}) MERGE (n7)<-[r5 :T2{k59:2131810109, k61:348666432}]-(n95) RETURN *;
MATCH (n7{id:7}), (n182 :L0 :L4 :L5{k2:'s1', k3:'gTo', k5:true, k30:-2081713543, k34:'zVu4pU', k35:-204322776, id:182}) MERGE (n7)-[r6 :T0{k50:true}]->(n182) RETURN *;
MATCH (n8{id:8}), (n134{id:134}) MERGE (n8)-[r7 :T4{k73:true}]->(n134) RETURN *;
MATCH (n13 :L1 :L6{k8:true, k9:'o', k11:'jsohm3', k41:-1536164813, id:13}), (n196 :L3{k22:true, id:196}) MERGE (n13)-[r8 :T5{k81:true}]->(n196) RETURN *;
MATCH (n14 :L2{k19:'XMJ', id:14}), (n165 :L0 :L2{k5:false, k6:-1530474518, id:165}) MERGE (n14)-[r9 :T2]->(n165) RETURN *;
MATCH (n15 :L1 :L2 :L3 :L4 :L5{k9:'', k16:-904705057, k18:'Pwshs2KED', k19:'T', k20:1221197382, k22:false, k37:-904705057, id:15}), (n17 :L0 :L3{id:17}) MERGE (n15)-[r10 :T2{k58:-24359815}]->(n17) RETURN *;
MATCH (n18 :L3 :L5{k23:-74314366, k34:'cU', id:18}), (n194 :L3 :L4{k21:'qDGs8yAfo', k30:1005577102, id:194}) MERGE (n18)<-[r11 :T2{k62:1332269042, k64:true}]-(n194) RETURN *;
MATCH (n19{id:19}), (n31 :L5{id:31}) MERGE (n19)<-[r12 :T5]-(n31) RETURN *;
MATCH (n19{id:19}), (n102{id:102}) MERGE (n19)<-[r13 :T5{k78:'d', k82:true}]-(n102) RETURN *;
MATCH (n19{id:19}), (n146{id:146}) MERGE (n19)<-[r14 :T0{k48:true, k49:false}]-(n146) RETURN *;
MATCH (n20{id:20}), (n14 :L2{k19:'XMJ', id:14}) MERGE (n20)<-[r15 :T4{k71:961488091}]-(n14) RETURN *;
MATCH (n21 :L4{id:21}), (n21 :L4{id:21}) MERGE (n21)-[r16 :T2{k63:1330075183}]->(n21) RETURN *;
MATCH (n21 :L4{id:21}), (n39 :L2{id:39}) MERGE (n21)-[r17 :T4]->(n39) RETURN *;
MATCH (n22 :L4{k33:true, id:22}), (n10 :L4 :L5{k37:493902091, id:10}) MERGE (n22)<-[r18 :T4]-(n10) RETURN *;
MATCH (n23 :L6{k41:352861121, k45:'X', id:23}), (n7{id:7}) MERGE (n23)<-[r19 :T3]-(n7) RETURN *;
MATCH (n23 :L6{k41:352861121, k45:'X', id:23}), (n126 :L2 :L6{k17:false, id:126}) MERGE (n23)<-[r20 :T3{k65:48293002}]-(n126) RETURN *;
MATCH (n24 :L0{k2:'', k3:'z', id:24}), (n109{id:109}) MERGE (n24)-[r21 :T1{k56:'d', k57:false}]->(n109) RETURN *;
MATCH (n26 :L5 :L6{k36:1143061869, k40:-9223372036854775807, k44:72713533, id:26}), (n45 :L2{k16:1282111895, id:45}) MERGE (n26)-[r22 :T5{k81:true}]->(n45) RETURN *;
MATCH (n27 :L4{k33:true, id:27}), (n85 :L0 :L3{k0:false, k1:true, k4:2075733347, id:85}) MERGE (n27)<-[r23 :T1{k52:493902091, k54:''}]-(n85) RETURN *;
MATCH (n27 :L4{k33:true, id:27}), (n191{id:191}) MERGE (n27)<-[r24 :T5]-(n191) RETURN *;
MATCH (n29 :L1{k8:false, k10:1014219595, id:29}), (n42 :L5{id:42}) MERGE (n29)-[r25 :T0{k47:'k', k48:false}]->(n42) RETURN *;
MATCH (n29 :L1{k8:false, k10:1014219595, id:29}), (n121 :L0 :L4{k1:true, k6:-1536164813, k28:39388402, k30:-48321523, k32:false, id:121}) MERGE (n29)<-[r26 :T1{k52:-992880875, k56:'jDmF'}]-(n121) RETURN *;
MATCH (n31 :L5{id:31}), (n34 :L6{k42:'0KGLov6C0', id:34}) MERGE (n31)<-[r27 :T4]-(n34) RETURN *;
MATCH (n31 :L5{id:31}), (n52 :L4 :L5{k27:9223372036854775806, k37:1330075183, k40:-1039127420, id:52}) MERGE (n31)<-[r28 :T2{k63:1076158495}]-(n52) RETURN *;
MATCH (n32 :L3{k22:false, k24:'TVyQq', id:32}), (n102{id:102}) MERGE (n32)<-[r29 :T0]-(n102) RETURN *;
MATCH (n32 :L3{k22:false, k24:'TVyQq', id:32}), (n177 :L4{k27:991662258, k29:'RV', k30:-1815276148, id:177}) MERGE (n32)-[r30 :T3{k67:'G2'}]->(n177) RETURN *;
MATCH (n33 :L2 :L4 :L6{k28:281697288, k29:'kvzi', k32:false, k45:'7NPfTb', id:33}), (n69{id:69}) MERGE (n33)-[r31 :T4{k73:true, k74:373724374}]->(n69) RETURN *;
MATCH (n34 :L6{k42:'0KGLov6C0', id:34}), (n35 :L4 :L5{k29:'8OzSY', k31:1221197382, k32:true, k39:true, id:35}) MERGE (n34)<-[r32 :T5{k79:-1815276148, k84:'QeuT6ty'}]-(n35) RETURN *;
MATCH (n34 :L6{k42:'0KGLov6C0', id:34}), (n92 :L5{k37:2061869551, id:92}) MERGE (n34)-[r33 :T0{k51:'t'}]->(n92) RETURN *;
MATCH (n36 :L1 :L4{k11:'XYfKhfP4', k27:352861121, k31:1504779363, k33:false, id:36}), (n78 :L0{k1:false, k4:1465445399, id:78}) MERGE (n36)-[r34 :T4{k74:-1010123773, k75:'2'}]->(n78) RETURN *;
MATCH (n36 :L1 :L4{k11:'XYfKhfP4', k27:352861121, k31:1504779363, k33:false, id:36}), (n146{id:146}) MERGE (n36)<-[r35 :T1{k57:false}]-(n146) RETURN *;
MATCH (n36 :L1 :L4{k11:'XYfKhfP4', k27:352861121, k31:1504779363, k33:false, id:36}), (n148 :L1 :L3 :L6{k8:false, k10:-84553447, k13:false, k24:'xmO', k43:'0', id:148}) MERGE (n36)<-[r36 :T0{k46:false, k48:true}]-(n148) RETURN *;
MATCH (n37 :L6{id:37}), (n86 :L4{k28:150496369, id:86}) MERGE (n37)<-[r37 :T4]-(n86) RETURN *;
MATCH (n38 :L0 :L3 :L6{k2:'CRMRA', k22:false, k24:'CR7P', k41:-1167986381, k45:'DE9sD3Gs', id:38}), (n160 :L4{k29:'h', id:160}) MERGE (n38)<-[r38 :T5{k84:'nej60P3Pq'}]-(n160) RETURN *;
MATCH (n41 :L0{k4:564057512, id:41}), (n88 :L3 :L5 :L6{k21:'WAvV37K', k24:'', k26:false, k35:348693579, k42:'DDmTCWa', id:88}) MERGE (n41)-[r39 :T5{k80:true}]->(n88) RETURN *;
MATCH (n41 :L0{k4:564057512, id:41}), (n150 :L1 :L4{k9:'n9l', k29:'', id:150}) MERGE (n41)<-[r40 :T5{k79:-469284328}]-(n150) RETURN *;
MATCH (n41 :L0{k4:564057512, id:41}), (n172 :L3 :L4{k21:'qTVs9Pk7F', k24:'J', id:172}) MERGE (n41)-[r41 :T0{k47:'1', k48:false}]->(n172) RETURN *;
MATCH (n42 :L5{id:42}), (n136{id:136}) MERGE (n42)-[r42 :T5{k79:327054264, k82:true, k83:0}]->(n136) RETURN *;
MATCH (n43 :L0 :L2 :L3{k1:true, k2:'qUN', k14:false, k16:352861121, k19:'V', k21:'fxAx', k23:794407410, id:43}), (n86 :L4{k28:150496369, id:86}) MERGE (n43)<-[r43 :T0]-(n86) RETURN *;
MATCH (n44{id:44}), (n34 :L6{k42:'0KGLov6C0', id:34}) MERGE (n44)<-[r44 :T0{k46:false}]-(n34) RETURN *;
MATCH (n44{id:44}), (n130{id:130}) MERGE (n44)-[r45 :T0{k48:true, k51:'QszY'}]->(n130) RETURN *;
MATCH (n46 :L1{k7:'3o', k12:1076158495, id:46}), (n54 :L1 :L3{k11:'nr', k12:-1712393879, k24:'8C', id:54}) MERGE (n46)-[r46 :T2{k60:true, k61:681060029, k62:1427709556, k63:1168085446}]->(n54) RETURN *;
MATCH (n48 :L2{k17:false, id:48}), (n141 :L1{k9:'t', k10:-1968146332, k12:-993887645, id:141}) MERGE (n48)-[r47 :T5{k84:'M'}]->(n141) RETURN *;
MATCH (n50 :L6{k42:'hbM5pvr', k44:697385766, k45:'PGPXNekK', id:50}), (n0 :L1{k8:false, k10:1161054260, id:0}) MERGE (n50)<-[r48 :T4{k73:false}]-(n0) RETURN *;
MATCH (n51 :L2 :L6{k17:false, k19:'ZUaWemviH', k41:-904705057, k42:'A9', k43:'lxZy2mVeE', id:51}), (n71 :L3 :L4 :L6{k25:'3', k31:-1196977404, k43:'uzIrNl', k44:2028626792, k45:'v', id:71}) MERGE (n51)-[r49 :T2]->(n71) RETURN *;
MATCH (n52 :L4 :L5{k27:9223372036854775806, k37:1330075183, k40:-1039127420, id:52}), (n79 :L0 :L3 :L4 :L5{k2:'H', k5:false, k6:-1968146332, k22:true, k31:-1039127420, k40:381791322, id:79}) MERGE (n52)<-[r50 :T4{k76:true}]-(n79) RETURN *;
MATCH (n52 :L4 :L5{k27:9223372036854775806, k37:1330075183, k40:-1039127420, id:52}), (n156 :L3 :L5{k20:-2081713543, id:156}) MERGE (n52)-[r51 :T0{k48:true}]->(n156) RETURN *;
MATCH (n52 :L4 :L5{k27:9223372036854775806, k37:1330075183, k40:-1039127420, id:52}), (n171 :L6{k41:-160057926, k42:'', k45:'bTpu2EJ5', id:171}) MERGE (n52)-[r52 :T1{k56:'Sb'}]->(n171) RETURN *;
MATCH (n52 :L4 :L5{k27:9223372036854775806, k37:1330075183, k40:-1039127420, id:52}), (n176 :L3{id:176}) MERGE (n52)-[r53 :T5{k78:'8wSL', k79:1342926562, k83:-2096134993}]->(n176) RETURN *;
MATCH (n54 :L1 :L3{k11:'nr', k12:-1712393879, k24:'8C', id:54}), (n20{id:20}) MERGE (n54)-[r54 :T4]->(n20) RETURN *;
MATCH (n54 :L1 :L3{k11:'nr', k12:-1712393879, k24:'8C', id:54}), (n133 :L0 :L6{k3:'Kv', k5:false, k41:334076758, k42:'', k44:-1326958337, id:133}) MERGE (n54)-[r55 :T2{k62:1504779363}]->(n133) RETURN *;
MATCH (n56{id:56}), (n143{id:143}) MERGE (n56)<-[r56 :T0{k47:'z', k49:true, k51:''}]-(n143) RETURN *;
MATCH (n57 :L3 :L5{k24:'Q1', k37:-1746079356, k39:false, id:57}), (n5 :L1 :L2{k11:'oRs', k18:'b', id:5}) MERGE (n57)-[r57 :T3{k66:-1607580086, k69:'t'}]->(n5) RETURN *;
MATCH (n57 :L3 :L5{k24:'Q1', k37:-1746079356, k39:false, id:57}), (n157 :L2 :L4{k19:'', k29:'eTwgW1tX', k31:1161054260, id:157}) MERGE (n57)<-[r58 :T1{k56:'H'}]-(n157) RETURN *;
MATCH (n58{id:58}), (n19{id:19}) MERGE (n58)-[r59 :T1{k52:-1452670924}]->(n19) RETURN *;
MATCH (n60 :L2 :L4{k28:100472195, k31:1504779363, id:60}), (n19{id:19}) MERGE (n60)-[r60 :T4]->(n19) RETURN *;
MATCH (n60 :L2 :L4{k28:100472195, k31:1504779363, id:60}), (n144 :L0{k0:true, k2:'j', id:144}) MERGE (n60)-[r61 :T3]->(n144) RETURN *;
MATCH (n61 :L0{k3:'ezWL', k5:false, id:61}), (n146{id:146}) MERGE (n61)<-[r62 :T4{k73:true, k74:1430749409, k77:false}]-(n146) RETURN *;
MATCH (n61 :L0{k3:'ezWL', k5:false, id:61}), (n165 :L0 :L2{k5:false, k6:-1530474518, id:165}) MERGE (n61)<-[r63 :T4]-(n165) RETURN *;
MATCH (n61 :L0{k3:'ezWL', k5:false, id:61}), (n173 :L0 :L6{k1:true, k2:'', id:173}) MERGE (n61)-[r64 :T3{k66:874224743, k70:'P2deAV'}]->(n173) RETURN *;
MATCH (n62 :L1{k13:false, id:62}), (n35 :L4 :L5{k29:'8OzSY', k31:1221197382, k32:true, k39:true, id:35}) MERGE (n62)<-[r65 :T0]-(n35) RETURN *;
MATCH (n62 :L1{k13:false, id:62}), (n122 :L2{k19:'7cmCozcE', id:122}) MERGE (n62)-[r66 :T2{k60:true}]->(n122) RETURN *;
MATCH (n63 :L1{k7:'Dlm7IiOg', k13:false, id:63}), (n174{id:174}) MERGE (n63)<-[r67 :T1{k53:true}]-(n174) RETURN *;
MATCH (n66 :L3 :L4 :L5 :L6{k20:72713533, k21:'', k43:'jWUYJ', id:66}), (n159 :L1 :L3{k25:'a', id:159}) MERGE (n66)-[r68 :T0{k48:false}]->(n159) RETURN *;
MATCH (n67 :L1 :L2 :L6{k42:'xb0u', k45:'G3', id:67}), (n36 :L1 :L4{k11:'XYfKhfP4', k27:352861121, k31:1504779363, k33:false, id:36}) MERGE (n67)<-[r69 :T2{k62:0, k64:true}]-(n36) RETURN *;
MATCH (n68 :L6{k41:697385766, k45:'u', id:68}), (n69{id:69}) MERGE (n68)<-[r70 :T2{k58:-213806842, k62:-119345999, k64:false}]-(n69) RETURN *;
MATCH (n68 :L6{k41:697385766, k45:'u', id:68}), (n84 :L2{id:84}) MERGE (n68)<-[r71 :T0{k46:false, k51:''}]-(n84) RETURN *;
MATCH (n69{id:69}), (n50 :L6{k42:'hbM5pvr', k44:697385766, k45:'PGPXNekK', id:50}) MERGE (n69)<-[r72 :T1]-(n50) RETURN *;
MATCH (n69{id:69}), (n109{id:109}) MERGE (n69)-[r73 :T1{k55:-467139147}]->(n109) RETURN *;
MATCH (n70{id:70}), (n42 :L5{id:42}) MERGE (n70)<-[r74 :T1]-(n42) RETURN *;
MATCH (n70{id:70}), (n93 :L2 :L3 :L6{k20:-578284293, k26:true, k41:2075733347, k43:'aDPi', id:93}) MERGE (n70)<-[r75 :T5{k79:1327770685}]-(n93) RETURN *;
MATCH (n70{id:70}), (n187 :L0 :L1 :L3 :L4{k7:'mavLB3b', k9:'', k13:false, k21:'', k23:-520706733, k26:false, k29:'aP', k31:-483995947, id:187}) MERGE (n70)<-[r76 :T5{k78:'5U', k83:292850481}]-(n187) RETURN *;
MATCH (n71 :L3 :L4 :L6{k25:'3', k31:-1196977404, k43:'uzIrNl', k44:2028626792, k45:'v', id:71}), (n1 :L2 :L4{k18:'', k27:1161054260, id:1}) MERGE (n71)<-[r77 :T3{k67:'J4'}]-(n1) RETURN *;
MATCH (n71 :L3 :L4 :L6{k25:'3', k31:-1196977404, k43:'uzIrNl', k44:2028626792, k45:'v', id:71}), (n120 :L1 :L3{k8:true, k13:true, id:120}) MERGE (n71)<-[r78 :T1{k57:true}]-(n120) RETURN *;
MATCH (n71 :L3 :L4 :L6{k25:'3', k31:-1196977404, k43:'uzIrNl', k44:2028626792, k45:'v', id:71}), (n198{id:198}) MERGE (n71)<-[r79 :T2{k58:1016768506, k59:1093497065, k64:true}]-(n198) RETURN *;
MATCH (n73{id:73}), (n88 :L3 :L5 :L6{k21:'WAvV37K', k24:'', k26:false, k35:348693579, k42:'DDmTCWa', id:88}) MERGE (n73)-[r80 :T3{k66:-2102366688, k69:'rw', k70:'ZAP'}]->(n88) RETURN *;
MATCH (n73{id:73}), (n99 :L0 :L4 :L6{k3:'zW3vo9V', k28:-564234167, k29:'0c9xlrc', k41:-1536164813, id:99}) MERGE (n73)<-[r81 :T3{k66:348693579, k70:'PYE'}]-(n99) RETURN *;
MATCH (n73{id:73}), (n125 :L4{k27:-1563525312, k31:1933093673, id:125}) MERGE (n73)<-[r82 :T5]-(n125) RETURN *;
MATCH (n73{id:73}), (n162{id:162}) MERGE (n73)-[r83 :T0{k48:false}]->(n162) RETURN *;
MATCH (n73{id:73}), (n192 :L5{id:192}) MERGE (n73)<-[r84 :T0]-(n192) RETURN *;
MATCH (n74 :L1 :L3{k7:'A9QkR61S', k8:true, k11:'', k20:1960025057, k24:'0H', id:74}), (n178 :L1{id:178}) MERGE (n74)<-[r85 :T3{k67:'', k70:'l'}]-(n178) RETURN *;
MATCH (n79 :L0 :L3 :L4 :L5{k2:'H', k5:false, k6:-1968146332, k22:true, k31:-1039127420, k40:381791322, id:79}), (n9 :L1 :L5{k35:-1536164813, k36:493902091, id:9}) MERGE (n79)<-[r86 :T4{k71:-24359815, k73:false, k74:1238765481, k75:'o3v'}]-(n9) RETURN *;
MATCH (n79 :L0 :L3 :L4 :L5{k2:'H', k5:false, k6:-1968146332, k22:true, k31:-1039127420, k40:381791322, id:79}), (n128 :L6{k41:-434971823, id:128}) MERGE (n79)<-[r87 :T5{k81:false}]-(n128) RETURN *;
MATCH (n80 :L2{id:80}), (n46 :L1{k7:'3o', k12:1076158495, id:46}) MERGE (n80)-[r88 :T4{k75:''}]->(n46) RETURN *;
MATCH (n83 :L3 :L4{k20:-564234167, k25:'', k27:-1536164813, k29:'Sh', k30:317277514, id:83}), (n111 :L3 :L5 :L6{k26:false, k38:1933093673, k40:1626305135, id:111}) MERGE (n83)-[r89 :T1{k52:2075733347}]->(n111) RETURN *;
MATCH (n83 :L3 :L4{k20:-564234167, k25:'', k27:-1536164813, k29:'Sh', k30:317277514, id:83}), (n139 :L4{k29:'t5', id:139}) MERGE (n83)-[r90 :T4]->(n139) RETURN *;
MATCH (n83 :L3 :L4{k20:-564234167, k25:'', k27:-1536164813, k29:'Sh', k30:317277514, id:83}), (n148 :L1 :L3 :L6{k8:false, k10:-84553447, k13:false, k24:'xmO', k43:'0', id:148}) MERGE (n83)<-[r91 :T4{k71:-818297706, k74:-1789656015}]-(n148) RETURN *;
MATCH (n85 :L0 :L3{k0:false, k1:true, k4:2075733347, id:85}), (n59 :L2{id:59}) MERGE (n85)-[r92 :T0{k46:false}]->(n59) RETURN *;
MATCH (n88 :L3 :L5 :L6{k21:'WAvV37K', k24:'', k26:false, k35:348693579, k42:'DDmTCWa', id:88}), (n45 :L2{k16:1282111895, id:45}) MERGE (n88)-[r93 :T5]->(n45) RETURN *;
MATCH (n89 :L6{id:89}), (n40 :L3 :L6{id:40}) MERGE (n89)-[r94 :T5{k78:'s9UD', k79:-352789686}]->(n40) RETURN *;
MATCH (n91{id:91}), (n74 :L1 :L3{k7:'A9QkR61S', k8:true, k11:'', k20:1960025057, k24:'0H', id:74}) MERGE (n91)-[r95 :T0{k47:'dPBO'}]->(n74) RETURN *;
MATCH (n91{id:91}), (n131 :L4{k30:-341580264, k32:false, k33:false, id:131}) MERGE (n91)-[r96 :T4{k72:-1556737439}]->(n131) RETURN *;
MATCH (n95 :L2 :L5{k19:'mmH', k40:294362545, id:95}), (n172 :L3 :L4{k21:'qTVs9Pk7F', k24:'J', id:172}) MERGE (n95)<-[r97 :T1{k56:'baCxAVOy'}]-(n172) RETURN *;
MATCH (n96 :L5{id:96}), (n142 :L2 :L3{k15:-111874741, k17:true, id:142}) MERGE (n96)-[r98 :T4]->(n142) RETURN *;
MATCH (n100{id:100}), (n166 :L0{k2:'rEq', k6:-678829059, id:166}) MERGE (n100)-[r99 :T2{k59:714368447, k63:2028626792, k64:true}]->(n166) RETURN *;
MATCH (n102{id:102}), (n7{id:7}) MERGE (n102)<-[r100 :T0]-(n7) RETURN *;
MATCH (n103 :L1{k9:'', k12:1466947053, k13:true, id:103}), (n84 :L2{id:84}) MERGE (n103)-[r101 :T0{k49:false}]->(n84) RETURN *;
MATCH (n106 :L0{k3:'ku', k6:-188459415, id:106}), (n8{id:8}) MERGE (n106)<-[r102 :T1]-(n8) RETURN *;
MATCH (n106 :L0{k3:'ku', k6:-188459415, id:106}), (n194 :L3 :L4{k21:'qDGs8yAfo', k30:1005577102, id:194}) MERGE (n106)-[r103 :T1]->(n194) RETURN *;
MATCH (n107{id:107}), (n115 :L5{k34:'', k39:true, id:115}) MERGE (n107)<-[r104 :T4{k74:317277514, k75:'KrE', k77:true}]-(n115) RETURN *;
MATCH (n109{id:109}), (n41 :L0{k4:564057512, id:41}) MERGE (n109)<-[r105 :T3{k66:560370037, k67:'3Hsg3', k70:''}]-(n41) RETURN *;
MATCH (n109{id:109}), (n164 :L5 :L6{k34:'', k38:2040339166, k41:-1196977404, k45:'s', id:164}) MERGE (n109)-[r106 :T5{k79:292850481, k84:'6Q2iYtLr'}]->(n164) RETURN *;
MATCH (n109{id:109}), (n177 :L4{k27:991662258, k29:'RV', k30:-1815276148, id:177}) MERGE (n109)<-[r107 :T1]-(n177) RETURN *;
MATCH (n110 :L1 :L2 :L6{k9:'Ye', k18:'68RsQ', k19:'2ZwYgX0q', k45:'7SE3PJQ', id:110}), (n2{id:2}) MERGE (n110)<-[r108 :T4{k71:-1760920341, k73:true}]-(n2) RETURN *;
MATCH (n110 :L1 :L2 :L6{k9:'Ye', k18:'68RsQ', k19:'2ZwYgX0q', k45:'7SE3PJQ', id:110}), (n93 :L2 :L3 :L6{k20:-578284293, k26:true, k41:2075733347, k43:'aDPi', id:93}) MERGE (n110)-[r109 :T2{k63:697385766}]->(n93) RETURN *;
MATCH (n111 :L3 :L5 :L6{k26:false, k38:1933093673, k40:1626305135, id:111}), (n50 :L6{k42:'hbM5pvr', k44:697385766, k45:'PGPXNekK', id:50}) MERGE (n111)-[r110 :T0]->(n50) RETURN *;
MATCH (n111 :L3 :L5 :L6{k26:false, k38:1933093673, k40:1626305135, id:111}), (n115 :L5{k34:'', k39:true, id:115}) MERGE (n111)<-[r111 :T5]-(n115) RETURN *;
MATCH (n112 :L0 :L2{k3:'XkXk', k16:1558289285, id:112}), (n86 :L4{k28:150496369, id:86}) MERGE (n112)<-[r112 :T3{k65:-1073496498}]-(n86) RETURN *;
MATCH (n113 :L3 :L5{k21:'LC0k', k24:'', k26:false, k35:-408194596, k38:1633455618, id:113}), (n62 :L1{k13:false, id:62}) MERGE (n113)-[r113 :T3{k66:564057512}]->(n62) RETURN *;
MATCH (n115 :L5{k34:'', k39:true, id:115}), (n175 :L1 :L3{k7:'mT5m', k11:'DRiJvHKP', k13:true, k23:1093497065, k24:'T', id:175}) MERGE (n115)<-[r114 :T3]-(n175) RETURN *;
MATCH (n116{id:116}), (n40 :L3 :L6{id:40}) MERGE (n116)<-[r115 :T3]-(n40) RETURN *;
MATCH (n118 :L4 :L6{k29:'e', k41:2010952846, k42:'0HHZZH7', k44:39388402, id:118}), (n104 :L1 :L5 :L6{k9:'HDx', k36:1076158495, k37:-502390117, k40:-1568504058, k44:199558343, k45:'hIO', id:104}) MERGE (n118)-[r116 :T2]->(n104) RETURN *;
MATCH (n118 :L4 :L6{k29:'e', k41:2010952846, k42:'0HHZZH7', k44:39388402, id:118}), (n109{id:109}) MERGE (n118)<-[r117 :T5{k82:false}]-(n109) RETURN *;
MATCH (n119{id:119}), (n52 :L4 :L5{k27:9223372036854775806, k37:1330075183, k40:-1039127420, id:52}) MERGE (n119)-[r118 :T4{k73:true}]->(n52) RETURN *;
MATCH (n119{id:119}), (n70{id:70}) MERGE (n119)-[r119 :T5]->(n70) RETURN *;
MATCH (n119{id:119}), (n191{id:191}) MERGE (n119)<-[r120 :T5{k79:-1863168603, k84:''}]-(n191) RETURN *;
MATCH (n121 :L0 :L4{k1:true, k6:-1536164813, k28:39388402, k30:-48321523, k32:false, id:121}), (n148 :L1 :L3 :L6{k8:false, k10:-84553447, k13:false, k24:'xmO', k43:'0', id:148}) MERGE (n121)<-[r121 :T0{k47:'O', k50:true}]-(n148) RETURN *;
MATCH (n121 :L0 :L4{k1:true, k6:-1536164813, k28:39388402, k30:-48321523, k32:false, id:121}), (n159 :L1 :L3{k25:'a', id:159}) MERGE (n121)<-[r122 :T1{k54:'0ZyYZZ'}]-(n159) RETURN *;
MATCH (n123 :L4{k28:294362545, k30:-1409754763, k33:false, id:123}), (n112 :L0 :L2{k3:'XkXk', k16:1558289285, id:112}) MERGE (n123)-[r123 :T2{k60:false, k63:900230875}]->(n112) RETURN *;
MATCH (n124 :L5 :L6{k34:'CsL', k35:1670381516, k40:1076158495, k41:-1409754763, k45:'G', id:124}), (n86 :L4{k28:150496369, id:86}) MERGE (n124)-[r124 :T5{k82:false, k84:''}]->(n86) RETURN *;
MATCH (n125 :L4{k27:-1563525312, k31:1933093673, id:125}), (n1 :L2 :L4{k18:'', k27:1161054260, id:1}) MERGE (n125)<-[r125 :T1{k52:-698597669}]-(n1) RETURN *;
MATCH (n125 :L4{k27:-1563525312, k31:1933093673, id:125}), (n34 :L6{k42:'0KGLov6C0', id:34}) MERGE (n125)-[r126 :T3]->(n34) RETURN *;
MATCH (n129 :L5{k35:1106070066, id:129}), (n65 :L2 :L5{k15:199558343, k17:true, k35:-1144681581, k36:-1196977404, k38:48293002, id:65}) MERGE (n129)<-[r127 :T1{k52:1842825263, k54:'5Zl', k55:618824997, k57:true}]-(n65) RETURN *;
MATCH (n131 :L4{k30:-341580264, k32:false, k33:false, id:131}), (n20{id:20}) MERGE (n131)-[r128 :T2{k62:-1826015993, k63:1127047675}]->(n20) RETURN *;
MATCH (n132 :L2{k14:false, k15:878008941, id:132}), (n86 :L4{k28:150496369, id:86}) MERGE (n132)<-[r129 :T1{k53:true, k55:1930055058}]-(n86) RETURN *;
MATCH (n132 :L2{k14:false, k15:878008941, id:132}), (n113 :L3 :L5{k21:'LC0k', k24:'', k26:false, k35:-408194596, k38:1633455618, id:113}) MERGE (n132)-[r130 :T3{k65:-1267596936}]->(n113) RETURN *;
MATCH (n132 :L2{k14:false, k15:878008941, id:132}), (n177 :L4{k27:991662258, k29:'RV', k30:-1815276148, id:177}) MERGE (n132)-[r131 :T0{k47:'SOaA5', k51:'h'}]->(n177) RETURN *;
MATCH (n133 :L0 :L6{k3:'Kv', k5:false, k41:334076758, k42:'', k44:-1326958337, id:133}), (n185 :L3 :L6{k20:292850481, k44:-1039127420, id:185}) MERGE (n133)<-[r132 :T0{k49:false}]-(n185) RETURN *;
MATCH (n133 :L0 :L6{k3:'Kv', k5:false, k41:334076758, k42:'', k44:-1326958337, id:133}), (n187 :L0 :L1 :L3 :L4{k7:'mavLB3b', k9:'', k13:false, k21:'', k23:-520706733, k26:false, k29:'aP', k31:-483995947, id:187}) MERGE (n133)-[r133 :T4]->(n187) RETURN *;
MATCH (n134{id:134}), (n130{id:130}) MERGE (n134)-[r134 :T1{k55:1023537642, k56:'65'}]->(n130) RETURN *;
MATCH (n134{id:134}), (n181 :L6{id:181}) MERGE (n134)<-[r135 :T3{k65:-300479685, k66:1553320362, k68:-1861149198, k69:'bZ9yxJc', k70:'x'}]-(n181) RETURN *;
MATCH (n135{id:135}), (n22 :L4{k33:true, id:22}) MERGE (n135)<-[r136 :T4{k71:697385766, k73:false, k75:'aZ'}]-(n22) RETURN *;
MATCH (n138 :L3{k20:348693579, id:138}), (n58{id:58}) MERGE (n138)<-[r137 :T2{k59:143351978, k62:-1040828747}]-(n58) RETURN *;
MATCH (n139 :L4{k29:'t5', id:139}), (n129 :L5{k35:1106070066, id:129}) MERGE (n139)-[r138 :T0{k51:'mvpgka'}]->(n129) RETURN *;
MATCH (n140 :L2 :L4{k29:'r', id:140}), (n26 :L5 :L6{k36:1143061869, k40:-9223372036854775807, k44:72713533, id:26}) MERGE (n140)<-[r139 :T0{k50:false}]-(n26) RETURN *;
MATCH (n140 :L2 :L4{k29:'r', id:140}), (n176 :L3{id:176}) MERGE (n140)-[r140 :T1{k57:true}]->(n176) RETURN *;
MATCH (n141 :L1{k9:'t', k10:-1968146332, k12:-993887645, id:141}), (n81 :L1 :L2{k8:false, k11:'97', id:81}) MERGE (n141)-[r141 :T5{k79:2075733347, k80:false, k81:true, k82:true}]->(n81) RETURN *;
MATCH (n143{id:143}), (n11 :L2 :L5{k16:493902091, k17:false, k34:'', id:11}) MERGE (n143)<-[r142 :T2{k60:false, k64:true}]-(n11) RETURN *;
MATCH (n143{id:143}), (n170 :L1 :L4{k13:false, k28:-696224990, k33:true, id:170}) MERGE (n143)<-[r143 :T4{k74:-2041708389}]-(n170) RETURN *;
MATCH (n144 :L0{k0:true, k2:'j', id:144}), (n16{id:16}) MERGE (n144)-[r144 :T1{k53:false, k55:1681549517}]->(n16) RETURN *;
MATCH (n144 :L0{k0:true, k2:'j', id:144}), (n84 :L2{id:84}) MERGE (n144)-[r145 :T1{k52:-1736500244}]->(n84) RETURN *;
MATCH (n144 :L0{k0:true, k2:'j', id:144}), (n92 :L5{k37:2061869551, id:92}) MERGE (n144)-[r146 :T2{k62:2131810109}]->(n92) RETURN *;
MATCH (n144 :L0{k0:true, k2:'j', id:144}), (n112 :L0 :L2{k3:'XkXk', k16:1558289285, id:112}) MERGE (n144)<-[r147 :T1{k55:-1299814139, k56:'avR'}]-(n112) RETURN *;
MATCH (n147{id:147}), (n198{id:198}) MERGE (n147)-[r148 :T2{k58:-1906899828, k64:false}]->(n198) RETURN *;
MATCH (n148 :L1 :L3 :L6{k8:false, k10:-84553447, k13:false, k24:'xmO', k43:'0', id:148}), (n79 :L0 :L3 :L4 :L5{k2:'H', k5:false, k6:-1968146332, k22:true, k31:-1039127420, k40:381791322, id:79}) MERGE (n148)-[r149 :T1]->(n79) RETURN *;
MATCH (n149 :L1 :L4{k10:-1326958337, k13:false, k33:true, id:149}), (n33 :L2 :L4 :L6{k28:281697288, k29:'kvzi', k32:false, k45:'7NPfTb', id:33}) MERGE (n149)-[r150 :T5{k79:-696224990, k83:72713533}]->(n33) RETURN *;
MATCH (n149 :L1 :L4{k10:-1326958337, k13:false, k33:true, id:149}), (n185 :L3 :L6{k20:292850481, k44:-1039127420, id:185}) MERGE (n149)<-[r151 :T0{k48:false, k49:false, k51:'Ee3V73rRd'}]-(n185) RETURN *;
MATCH (n149 :L1 :L4{k10:-1326958337, k13:false, k33:true, id:149}), (n199 :L3 :L6{k24:'', k43:'TZtaSVL', k45:'D', id:199}) MERGE (n149)<-[r152 :T5]-(n199) RETURN *;
MATCH (n150 :L1 :L4{k9:'n9l', k29:'', id:150}), (n4 :L1{k7:'j', id:4}) MERGE (n150)-[r153 :T5{k84:'Eo0zxoRH'}]->(n4) RETURN *;
MATCH (n150 :L1 :L4{k9:'n9l', k29:'', id:150}), (n114 :L1{k8:true, k13:false, id:114}) MERGE (n150)<-[r154 :T2{k63:1933093673}]-(n114) RETURN *;
MATCH (n150 :L1 :L4{k9:'n9l', k29:'', id:150}), (n181 :L6{id:181}) MERGE (n150)-[r155 :T2{k58:961432556, k64:true}]->(n181) RETURN *;
MATCH (n151 :L0 :L1 :L3{k10:-432714603, k11:'HDOMS', k13:true, k20:9223372036854775806, id:151}), (n193 :L1{id:193}) MERGE (n151)<-[r156 :T1]-(n193) RETURN *;
MATCH (n151 :L0 :L1 :L3{k10:-432714603, k11:'HDOMS', k13:true, k20:9223372036854775806, id:151}), (n198{id:198}) MERGE (n151)<-[r157 :T3{k65:860890263, k66:-613323979, k68:-634901658, k69:'brJ'}]-(n198) RETURN *;
MATCH (n152 :L1 :L3{k9:'', k12:292850481, k20:921963248, k21:'', id:152}), (n38 :L0 :L3 :L6{k2:'CRMRA', k22:false, k24:'CR7P', k41:-1167986381, k45:'DE9sD3Gs', id:38}) MERGE (n152)<-[r158 :T2{k58:-857998270, k59:1327641133, k61:-1918979928}]-(n38) RETURN *;
MATCH (n152 :L1 :L3{k9:'', k12:292850481, k20:921963248, k21:'', id:152}), (n140 :L2 :L4{k29:'r', id:140}) MERGE (n152)<-[r159 :T4]-(n140) RETURN *;
MATCH (n154{id:154}), (n137 :L0 :L1 :L2{k10:-1739478743, k13:false, k17:true, id:137}) MERGE (n154)-[r160 :T5{k81:true}]->(n137) RETURN *;
MATCH (n155 :L4{k27:-1746079356, k29:'J', k30:-1702325208, id:155}), (n191{id:191}) MERGE (n155)-[r161 :T5{k80:false, k84:'YFG8qosPn'}]->(n191) RETURN *;
MATCH (n156 :L3 :L5{k20:-2081713543, id:156}), (n153 :L0 :L4 :L5{k33:false, id:153}) MERGE (n156)<-[r162 :T4]-(n153) RETURN *;
MATCH (n157 :L2 :L4{k19:'', k29:'eTwgW1tX', k31:1161054260, id:157}), (n9 :L1 :L5{k35:-1536164813, k36:493902091, id:9}) MERGE (n157)-[r163 :T0]->(n9) RETURN *;
MATCH (n157 :L2 :L4{k19:'', k29:'eTwgW1tX', k31:1161054260, id:157}), (n120 :L1 :L3{k8:true, k13:true, id:120}) MERGE (n157)-[r164 :T0]->(n120) RETURN *;
MATCH (n158{id:158}), (n196 :L3{k22:true, id:196}) MERGE (n158)<-[r165 :T5{k83:1396067949}]-(n196) RETURN *;
MATCH (n159 :L1 :L3{k25:'a', id:159}), (n29 :L1{k8:false, k10:1014219595, id:29}) MERGE (n159)<-[r166 :T5]-(n29) RETURN *;
MATCH (n159 :L1 :L3{k25:'a', id:159}), (n147{id:147}) MERGE (n159)-[r167 :T2]->(n147) RETURN *;
MATCH (n160 :L4{k29:'h', id:160}), (n0 :L1{k8:false, k10:1161054260, id:0}) MERGE (n160)<-[r168 :T0]-(n0) RETURN *;
MATCH (n161{id:161}), (n92 :L5{k37:2061869551, id:92}) MERGE (n161)<-[r169 :T0]-(n92) RETURN *;
MATCH (n163 :L1{k7:'', id:163}), (n23 :L6{k41:352861121, k45:'X', id:23}) MERGE (n163)-[r170 :T3{k68:1014219595}]->(n23) RETURN *;
MATCH (n165 :L0 :L2{k5:false, k6:-1530474518, id:165}), (n31 :L5{id:31}) MERGE (n165)-[r171 :T3{k66:1430833937, k70:'xmo'}]->(n31) RETURN *;
MATCH (n167{id:167}), (n19{id:19}) MERGE (n167)<-[r172 :T4{k71:1670381516, k73:false}]-(n19) RETURN *;
MATCH (n168 :L1 :L3{k8:false, k12:-1249211811, k13:true, k22:true, id:168}), (n23 :L6{k41:352861121, k45:'X', id:23}) MERGE (n168)-[r173 :T1]->(n23) RETURN *;
MATCH (n169 :L5{id:169}), (n40 :L3 :L6{id:40}) MERGE (n169)<-[r174 :T4{k73:false, k74:-1331150085}]-(n40) RETURN *;
MATCH (n170 :L1 :L4{k13:false, k28:-696224990, k33:true, id:170}), (n96 :L5{id:96}) MERGE (n170)-[r175 :T0{k46:true, k48:true, k50:true}]->(n96) RETURN *;
MATCH (n171 :L6{k41:-160057926, k42:'', k45:'bTpu2EJ5', id:171}), (n197 :L6{k42:'D', k44:-1563525312, id:197}) MERGE (n171)<-[r176 :T2{k58:352861121, k59:1446880023, k62:348666432, k64:false}]-(n197) RETURN *;
MATCH (n172 :L3 :L4{k21:'qTVs9Pk7F', k24:'J', id:172}), (n76 :L3 :L6{k24:'mT', k43:'', k44:292850481, id:76}) MERGE (n172)<-[r177 :T4{k71:1330075183, k75:'p'}]-(n76) RETURN *;
MATCH (n173 :L0 :L6{k1:true, k2:'', id:173}), (n138 :L3{k20:348693579, id:138}) MERGE (n173)-[r178 :T1{k52:-204322776}]->(n138) RETURN *;
MATCH (n174{id:174}), (n24 :L0{k2:'', k3:'z', id:24}) MERGE (n174)-[r179 :T4{k77:true}]->(n24) RETURN *;
MATCH (n174{id:174}), (n134{id:134}) MERGE (n174)-[r180 :T5]->(n134) RETURN *;
MATCH (n175 :L1 :L3{k7:'mT5m', k11:'DRiJvHKP', k13:true, k23:1093497065, k24:'T', id:175}), (n199 :L3 :L6{k24:'', k43:'TZtaSVL', k45:'D', id:199}) MERGE (n175)<-[r181 :T3{k69:'n'}]-(n199) RETURN *;
MATCH (n177 :L4{k27:991662258, k29:'RV', k30:-1815276148, id:177}), (n14 :L2{k19:'XMJ', id:14}) MERGE (n177)<-[r182 :T0]-(n14) RETURN *;
MATCH (n177 :L4{k27:991662258, k29:'RV', k30:-1815276148, id:177}), (n40 :L3 :L6{id:40}) MERGE (n177)<-[r183 :T4{k72:-102787291, k74:-1084345409, k75:''}]-(n40) RETURN *;
MATCH (n178 :L1{id:178}), (n24 :L0{k2:'', k3:'z', id:24}) MERGE (n178)<-[r184 :T5{k82:true}]-(n24) RETURN *;
MATCH (n179 :L4{id:179}), (n17 :L0 :L3{id:17}) MERGE (n179)-[r185 :T1{k53:false}]->(n17) RETURN *;
MATCH (n181 :L6{id:181}), (n10 :L4 :L5{k37:493902091, id:10}) MERGE (n181)<-[r186 :T3]-(n10) RETURN *;
MATCH (n181 :L6{id:181}), (n38 :L0 :L3 :L6{k2:'CRMRA', k22:false, k24:'CR7P', k41:-1167986381, k45:'DE9sD3Gs', id:38}) MERGE (n181)-[r187 :T5{k78:'Y', k79:195662770, k80:true, k81:false}]->(n38) RETURN *;
MATCH (n182 :L0 :L4 :L5{k2:'s1', k3:'gTo', k5:true, k30:-2081713543, k34:'zVu4pU', k35:-204322776, id:182}), (n18 :L3 :L5{k23:-74314366, k34:'cU', id:18}) MERGE (n182)<-[r188 :T4{k72:1879399308, k75:'83Tr', k77:false}]-(n18) RETURN *;
MATCH (n182 :L0 :L4 :L5{k2:'s1', k3:'gTo', k5:true, k30:-2081713543, k34:'zVu4pU', k35:-204322776, id:182}), (n53 :L3{k21:'bjut', k22:false, id:53}) MERGE (n182)<-[r189 :T0]-(n53) RETURN *;
MATCH (n182 :L0 :L4 :L5{k2:'s1', k3:'gTo', k5:true, k30:-2081713543, k34:'zVu4pU', k35:-204322776, id:182}), (n157 :L2 :L4{k19:'', k29:'eTwgW1tX', k31:1161054260, id:157}) MERGE (n182)-[r190 :T5{k78:'', k81:true}]->(n157) RETURN *;
MATCH (n185 :L3 :L6{k20:292850481, k44:-1039127420, id:185}), (n152 :L1 :L3{k9:'', k12:292850481, k20:921963248, k21:'', id:152}) MERGE (n185)-[r191 :T3{k66:680632319, k67:'o', k68:1565015716}]->(n152) RETURN *;
MATCH (n188 :L3 :L5{id:188}), (n67 :L1 :L2 :L6{k42:'xb0u', k45:'G3', id:67}) MERGE (n188)<-[r192 :T5{k79:1400033900}]-(n67) RETURN *;
MATCH (n189 :L0{k1:false, k4:961432556, id:189}), (n45 :L2{k16:1282111895, id:45}) MERGE (n189)-[r193 :T0{k47:'', k49:true, k51:'2POEu'}]->(n45) RETURN *;
MATCH (n189 :L0{k1:false, k4:961432556, id:189}), (n48 :L2{k17:false, id:48}) MERGE (n189)<-[r194 :T4{k71:1946384850, k77:true}]-(n48) RETURN *;
MATCH (n191{id:191}), (n17 :L0 :L3{id:17}) MERGE (n191)<-[r195 :T2{k58:-28591717}]-(n17) RETURN *;
MATCH (n191{id:191}), (n177 :L4{k27:991662258, k29:'RV', k30:-1815276148, id:177}) MERGE (n191)<-[r196 :T3{k65:252043140, k67:'yDY'}]-(n177) RETURN *;
MATCH (n193 :L1{id:193}), (n53 :L3{k21:'bjut', k22:false, id:53}) MERGE (n193)<-[r197 :T2{k61:-1, k64:true}]-(n53) RETURN *;
MATCH (n193 :L1{id:193}), (n129 :L5{k35:1106070066, id:129}) MERGE (n193)<-[r198 :T5{k82:true}]-(n129) RETURN *;
MATCH (n194 :L3 :L4{k21:'qDGs8yAfo', k30:1005577102, id:194}), (n112 :L0 :L2{k3:'XkXk', k16:1558289285, id:112}) MERGE (n194)-[r199 :T1{k55:-818378471}]->(n112) RETURN *;
MATCH (n195 :L0 :L2 :L3 :L6{k14:false, k16:-1, k20:317277514, k23:-1735981793, id:195}), (n19{id:19}) MERGE (n195)<-[r200 :T5{k80:false, k84:''}]-(n19) RETURN *;
MATCH (n196 :L3{k22:true, id:196}), (n70{id:70}) MERGE (n196)<-[r201 :T2{k61:1046260632}]-(n70) RETURN *;
MATCH (n198{id:198}), (n27 :L4{k33:true, id:27}) MERGE (n198)<-[r202 :T4]-(n27) RETURN *;
MATCH (n198{id:198}), (n179 :L4{id:179}) MERGE (n198)<-[r203 :T1{k53:false, k54:''}]-(n179) RETURN *;
MATCH (n199 :L3 :L6{k24:'', k43:'TZtaSVL', k45:'D', id:199}), (n96 :L5{id:96}) MERGE (n199)-[r204 :T0{k46:true, k51:'lKqQmW'}]->(n96) RETURN *;
