CREATE (n0 :L0 :L1 :L5{k4:-681356506, k6:-681356506, k31:-681356506, k33:false, id:0}) RETURN *;
CREATE (n1{id:1}) RETURN *;
CREATE (n2{id:2}) RETURN *;
CREATE (n3 :L3{k21:false, id:3}) RETURN *;
CREATE (n4{id:4}) RETURN *;
CREATE (n5 :L0{k2:848585306, k3:637370942, id:5}) RETURN *;
CREATE (n6 :L0 :L2 :L3 :L5{k1:'', k23:false, k33:false, id:6}) RETURN *;
CREATE (n7 :L1 :L2{k6:1761720696, k7:1549196910, k9:'UdG4', k10:true, k17:'rpGXGiJ', id:7}) RETURN *;
CREATE (n8 :L2{k14:637370942, id:8}) RETURN *;
CREATE (n9{id:9}) RETURN *;
CREATE (n10 :L1{k6:2073479443, k9:'D3ZMr', id:10}) RETURN *;
CREATE (n11 :L3 :L4{k21:false, k25:1549196910, k26:true, id:11}) RETURN *;
CREATE (n12 :L0{id:12}) RETURN *;
CREATE (n13 :L3{k19:1761720696, k21:true, k22:false, id:13}) RETURN *;
CREATE (n14{id:14}) RETURN *;
CREATE (n15 :L2{k17:'pmXPvHR', id:15}) RETURN *;
CREATE (n16{id:16}) RETURN *;
CREATE (n17 :L2{k12:false, k17:'S3oUEFRE', id:17}) RETURN *;
CREATE (n18 :L3 :L5{k31:637370942, id:18}) RETURN *;
CREATE (n19 :L5{k31:585071432, id:19}) RETURN *;
CREATE (n20{id:20}) RETURN *;
CREATE (n21{id:21}) RETURN *;
CREATE (n22 :L3{k18:585071432, k19:-639915489, k21:false, id:22}) RETURN *;
CREATE (n23 :L2{k13:true, k15:'3L', k17:'z6hlswGF', id:23}) RETURN *;
CREATE (n24{id:24}) RETURN *;
CREATE (n25{id:25}) RETURN *;
CREATE (n26 :L1{k10:false, id:26}) RETURN *;
CREATE (n27 :L1{id:27}) RETURN *;
CREATE (n28 :L2{k14:-681356506, k16:'fiF', k17:'xhCA', id:28}) RETURN *;
CREATE (n29 :L3 :L4{k19:1029625705, k24:-911129466, id:29}) RETURN *;
CREATE (n30 :L0 :L1 :L2{k2:585071432, k4:-1847474144, k17:'X', id:30}) RETURN *;
CREATE (n31 :L0{id:31}) RETURN *;
CREATE (n32 :L0{id:32}) RETURN *;
CREATE (n33 :L0{k0:'', id:33}) RETURN *;
CREATE (n34 :L0{k2:233248020, k3:1951696391, id:34}) RETURN *;
CREATE (n35 :L2 :L3{k17:'', k19:2107683735, id:35}) RETURN *;
CREATE (n36 :L2{k14:233248020, id:36}) RETURN *;
CREATE (n37 :L3 :L5{k18:-1656259952, k29:false, k31:-1656259952, id:37}) RETURN *;
CREATE (n38 :L0{id:38}) RETURN *;
CREATE (n39 :L2{k12:false, k13:true, k14:559015190, k17:'OobNLrXp', id:39}) RETURN *;
CREATE (n40 :L4{id:40}) RETURN *;
CREATE (n41 :L0{k0:'D', id:41}) RETURN *;
CREATE (n42 :L0 :L5{k2:1549196910, id:42}) RETURN *;
CREATE (n43 :L0 :L1{k1:'1tqf', k6:-1664120455, k10:true, id:43}) RETURN *;
CREATE (n44{id:44}) RETURN *;
CREATE (n45 :L2 :L3{k16:'is', k23:false, id:45}) RETURN *;
CREATE (n46{id:46}) RETURN *;
CREATE (n47 :L1{k5:17780891, id:47}) RETURN *;
CREATE (n48{id:48}) RETURN *;
CREATE (n49 :L0 :L4{k4:-1586083664, k25:1029625705, id:49}) RETURN *;
CREATE (n50 :L2 :L3 :L4{k16:'g5lua79x', k18:379828240, k24:-830879810, id:50}) RETURN *;
CREATE (n51 :L2{k15:'zJLV', id:51}) RETURN *;
CREATE (n52{id:52}) RETURN *;
CREATE (n53{id:53}) RETURN *;
CREATE (n54{id:54}) RETURN *;
CREATE (n55{id:55}) RETURN *;
CREATE (n56 :L0 :L3 :L4{k3:-814402215, k22:false, k27:true, id:56}) RETURN *;
CREATE (n57 :L1{k5:-681356506, k10:true, id:57}) RETURN *;
CREATE (n58 :L2 :L4 :L5{k17:'7bR', k29:true, k31:-1586083664, id:58}) RETURN *;
CREATE (n59 :L4 :L5{k24:410954427, k28:2008293286, id:59}) RETURN *;
CREATE (n60 :L4 :L5{k28:-1464046469, k29:false, k30:'Vteb1cz', id:60}) RETURN *;
CREATE (n61 :L0 :L4{k24:-28382422, id:61}) RETURN *;
CREATE (n62 :L1{k5:1292204074, id:62}) RETURN *;
CREATE (n63 :L1{k5:-719044008, k6:871783201, k8:1905730213, id:63}) RETURN *;
CREATE (n64 :L0 :L5{id:64}) RETURN *;
CREATE (n65{id:65}) RETURN *;
CREATE (n66 :L5{id:66}) RETURN *;
CREATE (n67 :L2{k15:'0hlohr7F', id:67}) RETURN *;
CREATE (n68 :L1{k5:1932698609, k7:-1656259952, k8:1757147051, k9:'wLJ', id:68}) RETURN *;
CREATE (n69{id:69}) RETURN *;
CREATE (n70 :L0{k1:'LH', k3:-919284713, id:70}) RETURN *;
CREATE (n71{id:71}) RETURN *;
CREATE (n72{id:72}) RETURN *;
CREATE (n73 :L0{id:73}) RETURN *;
CREATE (n74 :L0 :L3{k18:-806970486, id:74}) RETURN *;
CREATE (n75{id:75}) RETURN *;
CREATE (n76{id:76}) RETURN *;
CREATE (n77 :L2{id:77}) RETURN *;
CREATE (n78 :L2 :L4{k11:false, k14:-1396793921, k15:'64fj', k26:true, id:78}) RETURN *;
CREATE (n79 :L0 :L1 :L3{k6:-1449188992, id:79}) RETURN *;
CREATE (n80 :L1 :L5{k32:1932698609, k33:true, id:80}) RETURN *;
CREATE (n81 :L3{k21:false, id:81}) RETURN *;
CREATE (n82 :L4{k28:-383670705, id:82}) RETURN *;
CREATE (n83 :L1 :L3{k7:-1464046469, k21:true, k22:true, id:83}) RETURN *;
CREATE (n84 :L4{k24:1905730213, k27:false, id:84}) RETURN *;
CREATE (n85 :L0 :L1 :L5{k2:1525033312, k5:1292204074, k31:1979129261, k32:-1511048785, id:85}) RETURN *;
CREATE (n86 :L3 :L5{k22:false, k30:'yla', k32:559253114, id:86}) RETURN *;
CREATE (n87 :L1 :L2 :L3{k7:-912018269, k9:'', k14:690239350, k15:'FGz40Z6V', k18:-263458820, k23:false, id:87}) RETURN *;
CREATE (n88{id:88}) RETURN *;
CREATE (n89{id:89}) RETURN *;
CREATE (n90{id:90}) RETURN *;
CREATE (n91 :L2 :L3 :L5{k12:false, k17:'i0FwRFm41', k18:1099645805, k31:559015190, id:91}) RETURN *;
CREATE (n92{id:92}) RETURN *;
CREATE (n93 :L4{k24:1536879382, k27:false, id:93}) RETURN *;
CREATE (n94 :L1{k6:-1723288154, k8:307038634, id:94}) RETURN *;
CREATE (n95 :L3{k21:true, id:95}) RETURN *;
CREATE (n96 :L2 :L5{id:96}) RETURN *;
CREATE (n97 :L2{k12:false, id:97}) RETURN *;
CREATE (n98{id:98}) RETURN *;
CREATE (n99 :L0 :L3{k0:'qatXa', k4:-1813691453, id:99}) RETURN *;
CREATE (n100 :L5{id:100}) RETURN *;
CREATE (n101 :L3{k18:-383670705, k22:false, id:101}) RETURN *;
CREATE (n102 :L0 :L3{k2:227821258, id:102}) RETURN *;
CREATE (n103 :L2 :L3 :L4{k17:'', k18:-1813685455, k21:false, id:103}) RETURN *;
CREATE (n104 :L0 :L3{k3:-281737227, k20:-1511048785, id:104}) RETURN *;
CREATE (n105{id:105}) RETURN *;
CREATE (n106 :L4{id:106}) RETURN *;
CREATE (n107{id:107}) RETURN *;
CREATE (n108 :L4{k27:true, id:108}) RETURN *;
CREATE (n109 :L2 :L4{id:109}) RETURN *;
CREATE (n110 :L2 :L4{k12:false, k14:1623733843, k28:-1893174133, id:110}) RETURN *;
CREATE (n111 :L2{k12:false, id:111}) RETURN *;
CREATE (n112 :L1{id:112}) RETURN *;
CREATE (n113 :L3{id:113}) RETURN *;
CREATE (n114{id:114}) RETURN *;
CREATE (n115 :L2{k14:1477857255, id:115}) RETURN *;
CREATE (n116 :L0{id:116}) RETURN *;
CREATE (n117 :L0 :L4 :L5{k1:'wYy', k29:false, id:117}) RETURN *;
CREATE (n118 :L3{k19:-1875531776, id:118}) RETURN *;
CREATE (n119 :L3{k18:-804158962, k19:2054273407, k21:true, id:119}) RETURN *;
CREATE (n120{id:120}) RETURN *;
CREATE (n121{id:121}) RETURN *;
CREATE (n122 :L0 :L1 :L3 :L5{k3:1761720696, k10:true, id:122}) RETURN *;
CREATE (n123 :L0 :L1 :L3{k5:1657959834, k6:1074916255, k19:-1961569344, id:123}) RETURN *;
CREATE (n124{id:124}) RETURN *;
CREATE (n125 :L1 :L3 :L4{k9:'', k22:false, k23:false, k25:848585306, k26:true, id:125}) RETURN *;
CREATE (n126{id:126}) RETURN *;
CREATE (n127 :L4{k27:false, id:127}) RETURN *;
CREATE (n128 :L1 :L2{k5:-719044008, id:128}) RETURN *;
CREATE (n129{id:129}) RETURN *;
CREATE (n130 :L1 :L3{k6:-639915489, k9:'jucrjFk', id:130}) RETURN *;
CREATE (n131 :L2 :L5{id:131}) RETURN *;
CREATE (n132 :L3 :L4 :L5{k20:0, k23:true, k26:true, k28:637370942, id:132}) RETURN *;
CREATE (n133 :L0{k4:-897943689, id:133}) RETURN *;
CREATE (n134 :L1 :L5{k29:false, k32:379828240, id:134}) RETURN *;
CREATE (n135 :L3 :L4 :L5{k21:false, k27:false, k30:'ZK', k32:410954427, id:135}) RETURN *;
CREATE (n136 :L1 :L2 :L3{k6:-804158962, k11:true, k12:false, k14:1757147051, k22:false, id:136}) RETURN *;
CREATE (n137{id:137}) RETURN *;
CREATE (n138 :L5{k31:580062688, id:138}) RETURN *;
CREATE (n139 :L0 :L1{id:139}) RETURN *;
CREATE (n140 :L1 :L2{id:140}) RETURN *;
CREATE (n141 :L3{k20:1234680807, id:141}) RETURN *;
CREATE (n142 :L1{k6:351309647, id:142}) RETURN *;
CREATE (n143 :L3{k22:false, id:143}) RETURN *;
CREATE (n144{id:144}) RETURN *;
CREATE (n145 :L0 :L5{k32:-1813691453, id:145}) RETURN *;
CREATE (n146 :L0 :L3{k0:'IJ', id:146}) RETURN *;
CREATE (n147{id:147}) RETURN *;
CREATE (n148 :L1 :L2{k10:true, k11:false, k13:true, id:148}) RETURN *;
CREATE (n149{id:149}) RETURN *;
CREATE (n150 :L3 :L5{k22:false, k30:'4C9Mb', k33:false, id:150}) RETURN *;
CREATE (n151 :L0 :L4{k24:186353124, id:151}) RETURN *;
CREATE (n152{id:152}) RETURN *;
CREATE (n153 :L0 :L2 :L3{k14:1525033312, k15:'Wt0mSV', k17:'hvr', k20:900732615, k21:true, id:153}) RETURN *;
CREATE (n154{id:154}) RETURN *;
CREATE (n155{id:155}) RETURN *;
CREATE (n156 :L0 :L5{k29:false, id:156}) RETURN *;
CREATE (n157 :L2 :L3{k12:false, k16:'q', id:157}) RETURN *;
CREATE (n158 :L3{k20:1560559125, id:158}) RETURN *;
CREATE (n159 :L5{id:159}) RETURN *;
CREATE (n160 :L4{id:160}) RETURN *;
CREATE (n161{id:161}) RETURN *;
CREATE (n162 :L2{k15:'OWLt', id:162}) RETURN *;
CREATE (n163{id:163}) RETURN *;
CREATE (n164{id:164}) RETURN *;
CREATE (n165{id:165}) RETURN *;
CREATE (n166 :L0 :L2{k1:'Bq', k15:'', k16:'A', id:166}) RETURN *;
CREATE (n167{id:167}) RETURN *;
CREATE (n168{id:168}) RETURN *;
CREATE (n169{id:169}) RETURN *;
CREATE (n170 :L1{k8:-152292416, id:170}) RETURN *;
CREATE (n171 :L1 :L3{k5:709702532, k6:-2084343045, k8:-806970486, k19:-639915489, id:171}) RETURN *;
CREATE (n172 :L1 :L5{k7:-911129466, k10:false, k30:'LUBhcf', id:172}) RETURN *;
CREATE (n173 :L1 :L2{k5:17780891, k6:-565110713, k10:true, id:173}) RETURN *;
CREATE (n174 :L0 :L1 :L2 :L3{k0:'x', k3:-1572108573, k5:-1853295035, k19:2132738199, id:174}) RETURN *;
CREATE (n175 :L1 :L4{k24:240036759, id:175}) RETURN *;
CREATE (n176 :L2 :L3{k15:'41IZlQMm', id:176}) RETURN *;
CREATE (n177 :L2{k14:7044625, k15:'', k16:'', id:177}) RETURN *;
CREATE (n178{id:178}) RETURN *;
CREATE (n179 :L0{id:179}) RETURN *;
CREATE (n180{id:180}) RETURN *;
CREATE (n181 :L0{k4:1804695198, id:181}) RETURN *;
CREATE (n182 :L0 :L5{k1:'oE7YJ', k4:942666200, id:182}) RETURN *;
CREATE (n183 :L0 :L1{k2:1745914517, k4:1396120062, k6:234287600, id:183}) RETURN *;
CREATE (n184 :L3 :L5{k32:186353124, k33:true, id:184}) RETURN *;
CREATE (n185 :L1{id:185}) RETURN *;
CREATE (n186 :L0 :L4{id:186}) RETURN *;
CREATE (n187 :L1 :L5{k7:-1055401331, k31:785154206, k33:false, id:187}) RETURN *;
CREATE (n188{id:188}) RETURN *;
CREATE (n189 :L0 :L2{k12:false, k16:'Z', id:189}) RETURN *;
CREATE (n190 :L2 :L4 :L5{k12:false, k13:false, k14:580062688, k16:'lcfclUU', k27:false, id:190}) RETURN *;
CREATE (n191 :L2 :L3 :L5{k15:'6qp0v', k18:-1597742480, k21:false, id:191}) RETURN *;
CREATE (n192 :L1 :L4{k7:-1813691453, k24:-704193601, k25:685245528, id:192}) RETURN *;
CREATE (n193 :L0{id:193}) RETURN *;
CREATE (n194 :L0 :L1 :L2{k2:-806970486, id:194}) RETURN *;
CREATE (n195 :L2{id:195}) RETURN *;
CREATE (n196 :L1 :L3{k9:'iIKZhqn2', k18:-120729042, k19:-1574213020, k23:true, id:196}) RETURN *;
CREATE (n197 :L1 :L2{k9:'wMW2K8HVC', id:197}) RETURN *;
CREATE (n198{id:198}) RETURN *;
CREATE (n199 :L2 :L4{k12:false, k16:'NDfc', id:199}) RETURN *;
MATCH (n0 :L0 :L1 :L5{k4:-681356506, k6:-681356506, k31:-681356506, k33:false, id:0}), (n120{id:120}) MERGE (n0)-[r0 :T4{k59:false, k60:'o'}]->(n120) RETURN *;
MATCH (n0 :L0 :L1 :L5{k4:-681356506, k6:-681356506, k31:-681356506, k33:false, id:0}), (n182 :L0 :L5{k1:'oE7YJ', k4:942666200, id:182}) MERGE (n0)<-[r1 :T5{k70:false}]-(n182) RETURN *;
MATCH (n2{id:2}), (n132 :L3 :L4 :L5{k20:0, k23:true, k26:true, k28:637370942, id:132}) MERGE (n2)-[r2 :T6{k71:-2023009869}]->(n132) RETURN *;
MATCH (n3 :L3{k21:false, id:3}), (n181 :L0{k4:1804695198, id:181}) MERGE (n3)<-[r3 :T3{k56:'4o1XC'}]-(n181) RETURN *;
MATCH (n4{id:4}), (n176 :L2 :L3{k15:'41IZlQMm', id:176}) MERGE (n4)-[r4 :T1{k44:true}]->(n176) RETURN *;
MATCH (n5 :L0{k2:848585306, k3:637370942, id:5}), (n102 :L0 :L3{k2:227821258, id:102}) MERGE (n5)<-[r5 :T3{k52:'4sxy', k56:''}]-(n102) RETURN *;
MATCH (n5 :L0{k2:848585306, k3:637370942, id:5}), (n159 :L5{id:159}) MERGE (n5)-[r6 :T2{k47:1160830733, k48:'', k49:''}]->(n159) RETURN *;
MATCH (n6 :L0 :L2 :L3 :L5{k1:'', k23:false, k33:false, id:6}), (n66 :L5{id:66}) MERGE (n6)-[r7 :T5]->(n66) RETURN *;
MATCH (n7 :L1 :L2{k6:1761720696, k7:1549196910, k9:'UdG4', k10:true, k17:'rpGXGiJ', id:7}), (n51 :L2{k15:'zJLV', id:51}) MERGE (n7)<-[r8 :T4{k58:false, k60:'', k64:false}]-(n51) RETURN *;
MATCH (n7 :L1 :L2{k6:1761720696, k7:1549196910, k9:'UdG4', k10:true, k17:'rpGXGiJ', id:7}), (n178{id:178}) MERGE (n7)-[r9 :T2]->(n178) RETURN *;
MATCH (n8 :L2{k14:637370942, id:8}), (n62 :L1{k5:1292204074, id:62}) MERGE (n8)<-[r10 :T2{k51:942666200}]-(n62) RETURN *;
MATCH (n8 :L2{k14:637370942, id:8}), (n75{id:75}) MERGE (n8)<-[r11 :T2{k46:false}]-(n75) RETURN *;
MATCH (n8 :L2{k14:637370942, id:8}), (n78 :L2 :L4{k11:false, k14:-1396793921, k15:'64fj', k26:true, id:78}) MERGE (n8)<-[r12 :T3{k55:''}]-(n78) RETURN *;
MATCH (n9{id:9}), (n183 :L0 :L1{k2:1745914517, k4:1396120062, k6:234287600, id:183}) MERGE (n9)-[r13 :T0{k37:417641065}]->(n183) RETURN *;
MATCH (n10 :L1{k6:2073479443, k9:'D3ZMr', id:10}), (n190 :L2 :L4 :L5{k12:false, k13:false, k14:580062688, k16:'lcfclUU', k27:false, id:190}) MERGE (n10)<-[r14 :T3{k53:'PsF'}]-(n190) RETURN *;
MATCH (n11 :L3 :L4{k21:false, k25:1549196910, k26:true, id:11}), (n6 :L0 :L2 :L3 :L5{k1:'', k23:false, k33:false, id:6}) MERGE (n11)<-[r15 :T4{k64:false}]-(n6) RETURN *;
MATCH (n11 :L3 :L4{k21:false, k25:1549196910, k26:true, id:11}), (n110 :L2 :L4{k12:false, k14:1623733843, k28:-1893174133, id:110}) MERGE (n11)<-[r16 :T6]-(n110) RETURN *;
MATCH (n11 :L3 :L4{k21:false, k25:1549196910, k26:true, id:11}), (n177 :L2{k14:7044625, k15:'', k16:'', id:177}) MERGE (n11)<-[r17 :T1]-(n177) RETURN *;
MATCH (n11 :L3 :L4{k21:false, k25:1549196910, k26:true, id:11}), (n181 :L0{k4:1804695198, id:181}) MERGE (n11)-[r18 :T5{k68:'HhQS1mou', k70:false}]->(n181) RETURN *;
MATCH (n12 :L0{id:12}), (n111 :L2{k12:false, id:111}) MERGE (n12)<-[r19 :T6]-(n111) RETURN *;
MATCH (n15 :L2{k17:'pmXPvHR', id:15}), (n31 :L0{id:31}) MERGE (n15)-[r20 :T2{k47:1963519942}]->(n31) RETURN *;
MATCH (n15 :L2{k17:'pmXPvHR', id:15}), (n76{id:76}) MERGE (n15)<-[r21 :T0{k37:1280347328}]-(n76) RETURN *;
MATCH (n15 :L2{k17:'pmXPvHR', id:15}), (n100 :L5{id:100}) MERGE (n15)<-[r22 :T2]-(n100) RETURN *;
MATCH (n16{id:16}), (n29 :L3 :L4{k19:1029625705, k24:-911129466, id:29}) MERGE (n16)-[r23 :T2{k47:1, k51:1477857255}]->(n29) RETURN *;
MATCH (n16{id:16}), (n70 :L0{k1:'LH', k3:-919284713, id:70}) MERGE (n16)-[r24 :T0{k35:1560559125}]->(n70) RETURN *;
MATCH (n17 :L2{k12:false, k17:'S3oUEFRE', id:17}), (n4{id:4}) MERGE (n17)-[r25 :T1{k44:false}]->(n4) RETURN *;
MATCH (n17 :L2{k12:false, k17:'S3oUEFRE', id:17}), (n54{id:54}) MERGE (n17)-[r26 :T0{k35:1693565039}]->(n54) RETURN *;
MATCH (n17 :L2{k12:false, k17:'S3oUEFRE', id:17}), (n140 :L1 :L2{id:140}) MERGE (n17)-[r27 :T2]->(n140) RETURN *;
MATCH (n17 :L2{k12:false, k17:'S3oUEFRE', id:17}), (n174 :L0 :L1 :L2 :L3{k0:'x', k3:-1572108573, k5:-1853295035, k19:2132738199, id:174}) MERGE (n17)-[r28 :T6{k73:false}]->(n174) RETURN *;
MATCH (n18 :L3 :L5{k31:637370942, id:18}), (n46{id:46}) MERGE (n18)-[r29 :T3]->(n46) RETURN *;
MATCH (n18 :L3 :L5{k31:637370942, id:18}), (n54{id:54}) MERGE (n18)<-[r30 :T5{k65:true}]-(n54) RETURN *;
MATCH (n18 :L3 :L5{k31:637370942, id:18}), (n83 :L1 :L3{k7:-1464046469, k21:true, k22:true, id:83}) MERGE (n18)<-[r31 :T5]-(n83) RETURN *;
MATCH (n18 :L3 :L5{k31:637370942, id:18}), (n108 :L4{k27:true, id:108}) MERGE (n18)-[r32 :T4{k63:''}]->(n108) RETURN *;
MATCH (n19 :L5{k31:585071432, id:19}), (n59 :L4 :L5{k24:410954427, k28:2008293286, id:59}) MERGE (n19)<-[r33 :T5{k65:true, k70:false}]-(n59) RETURN *;
MATCH (n19 :L5{k31:585071432, id:19}), (n92{id:92}) MERGE (n19)-[r34 :T4{k64:false}]->(n92) RETURN *;
MATCH (n20{id:20}), (n61 :L0 :L4{k24:-28382422, id:61}) MERGE (n20)-[r35 :T5{k66:'Op', k67:1804364520, k69:'iJ'}]->(n61) RETURN *;
MATCH (n20{id:20}), (n107{id:107}) MERGE (n20)<-[r36 :T1{k43:443132337}]-(n107) RETURN *;
MATCH (n21{id:21}), (n50 :L2 :L3 :L4{k16:'g5lua79x', k18:379828240, k24:-830879810, id:50}) MERGE (n21)-[r37 :T5{k67:1460260539}]->(n50) RETURN *;
MATCH (n23 :L2{k13:true, k15:'3L', k17:'z6hlswGF', id:23}), (n154{id:154}) MERGE (n23)<-[r38 :T5{k70:false}]-(n154) RETURN *;
MATCH (n23 :L2{k13:true, k15:'3L', k17:'z6hlswGF', id:23}), (n185 :L1{id:185}) MERGE (n23)-[r39 :T2{k47:1876808200, k50:false}]->(n185) RETURN *;
MATCH (n25{id:25}), (n98{id:98}) MERGE (n25)<-[r40 :T0{k39:true}]-(n98) RETURN *;
MATCH (n26 :L1{k10:false, id:26}), (n153 :L0 :L2 :L3{k14:1525033312, k15:'Wt0mSV', k17:'hvr', k20:900732615, k21:true, id:153}) MERGE (n26)-[r41 :T4{k59:false, k64:false}]->(n153) RETURN *;
MATCH (n28 :L2{k14:-681356506, k16:'fiF', k17:'xhCA', id:28}), (n50 :L2 :L3 :L4{k16:'g5lua79x', k18:379828240, k24:-830879810, id:50}) MERGE (n28)<-[r42 :T6{k75:'Sa'}]-(n50) RETURN *;
MATCH (n28 :L2{k14:-681356506, k16:'fiF', k17:'xhCA', id:28}), (n182 :L0 :L5{k1:'oE7YJ', k4:942666200, id:182}) MERGE (n28)<-[r43 :T2]-(n182) RETURN *;
MATCH (n29 :L3 :L4{k19:1029625705, k24:-911129466, id:29}), (n42 :L0 :L5{k2:1549196910, id:42}) MERGE (n29)-[r44 :T2{k46:false}]->(n42) RETURN *;
MATCH (n30 :L0 :L1 :L2{k2:585071432, k4:-1847474144, k17:'X', id:30}), (n37 :L3 :L5{k18:-1656259952, k29:false, k31:-1656259952, id:37}) MERGE (n30)-[r45 :T6{k75:'3e6kc'}]->(n37) RETURN *;
MATCH (n31 :L0{id:31}), (n73 :L0{id:73}) MERGE (n31)<-[r46 :T4]-(n73) RETURN *;
MATCH (n32 :L0{id:32}), (n9{id:9}) MERGE (n32)-[r47 :T1{k44:true}]->(n9) RETURN *;
MATCH (n34 :L0{k2:233248020, k3:1951696391, id:34}), (n41 :L0{k0:'D', id:41}) MERGE (n34)<-[r48 :T3{k53:'OVz0Y1', k55:'', k56:'ED', k57:-978974059}]-(n41) RETURN *;
MATCH (n34 :L0{k2:233248020, k3:1951696391, id:34}), (n74 :L0 :L3{k18:-806970486, id:74}) MERGE (n34)<-[r49 :T6{k73:false}]-(n74) RETURN *;
MATCH (n34 :L0{k2:233248020, k3:1951696391, id:34}), (n76{id:76}) MERGE (n34)<-[r50 :T3{k56:'n'}]-(n76) RETURN *;
MATCH (n36 :L2{k14:233248020, id:36}), (n97 :L2{k12:false, id:97}) MERGE (n36)<-[r51 :T2]-(n97) RETURN *;
MATCH (n36 :L2{k14:233248020, id:36}), (n149{id:149}) MERGE (n36)-[r52 :T4{k64:false}]->(n149) RETURN *;
MATCH (n37 :L3 :L5{k18:-1656259952, k29:false, k31:-1656259952, id:37}), (n121{id:121}) MERGE (n37)-[r53 :T1{k43:872392849}]->(n121) RETURN *;
MATCH (n38 :L0{id:38}), (n1{id:1}) MERGE (n38)<-[r54 :T2{k50:true}]-(n1) RETURN *;
MATCH (n38 :L0{id:38}), (n153 :L0 :L2 :L3{k14:1525033312, k15:'Wt0mSV', k17:'hvr', k20:900732615, k21:true, id:153}) MERGE (n38)<-[r55 :T0{k37:-325317942}]-(n153) RETURN *;
MATCH (n39 :L2{k12:false, k13:true, k14:559015190, k17:'OobNLrXp', id:39}), (n190 :L2 :L4 :L5{k12:false, k13:false, k14:580062688, k16:'lcfclUU', k27:false, id:190}) MERGE (n39)<-[r56 :T4{k58:true, k63:'2K1'}]-(n190) RETURN *;
MATCH (n40 :L4{id:40}), (n140 :L1 :L2{id:140}) MERGE (n40)<-[r57 :T2{k46:false, k50:true}]-(n140) RETURN *;
MATCH (n41 :L0{k0:'D', id:41}), (n41 :L0{k0:'D', id:41}) MERGE (n41)-[r58 :T6]->(n41) RETURN *;
MATCH (n41 :L0{k0:'D', id:41}), (n198{id:198}) MERGE (n41)<-[r59 :T2]-(n198) RETURN *;
MATCH (n42 :L0 :L5{k2:1549196910, id:42}), (n185 :L1{id:185}) MERGE (n42)-[r60 :T3{k56:'1uj2HMiZ'}]->(n185) RETURN *;
MATCH (n43 :L0 :L1{k1:'1tqf', k6:-1664120455, k10:true, id:43}), (n13 :L3{k19:1761720696, k21:true, k22:false, id:13}) MERGE (n43)<-[r61 :T5]-(n13) RETURN *;
MATCH (n43 :L0 :L1{k1:'1tqf', k6:-1664120455, k10:true, id:43}), (n196 :L1 :L3{k9:'iIKZhqn2', k18:-120729042, k19:-1574213020, k23:true, id:196}) MERGE (n43)-[r62 :T2]->(n196) RETURN *;
MATCH (n44{id:44}), (n82 :L4{k28:-383670705, id:82}) MERGE (n44)-[r63 :T1{k43:-1751389354}]->(n82) RETURN *;
MATCH (n45 :L2 :L3{k16:'is', k23:false, id:45}), (n101 :L3{k18:-383670705, k22:false, id:101}) MERGE (n45)-[r64 :T3{k52:'NG6iA'}]->(n101) RETURN *;
MATCH (n46{id:46}), (n70 :L0{k1:'LH', k3:-919284713, id:70}) MERGE (n46)<-[r65 :T4]-(n70) RETURN *;
MATCH (n46{id:46}), (n189 :L0 :L2{k12:false, k16:'Z', id:189}) MERGE (n46)-[r66 :T1{k42:-1106673604}]->(n189) RETURN *;
MATCH (n47 :L1{k5:17780891, id:47}), (n89{id:89}) MERGE (n47)-[r67 :T0{k36:true, k37:184059597}]->(n89) RETURN *;
MATCH (n47 :L1{k5:17780891, id:47}), (n95 :L3{k21:true, id:95}) MERGE (n47)-[r68 :T0]->(n95) RETURN *;
MATCH (n47 :L1{k5:17780891, id:47}), (n129{id:129}) MERGE (n47)-[r69 :T6{k74:-1893174133, k75:'j'}]->(n129) RETURN *;
MATCH (n48{id:48}), (n33 :L0{k0:'', id:33}) MERGE (n48)<-[r70 :T3{k57:-565110713}]-(n33) RETURN *;
MATCH (n48{id:48}), (n110 :L2 :L4{k12:false, k14:1623733843, k28:-1893174133, id:110}) MERGE (n48)<-[r71 :T2{k51:771177411}]-(n110) RETURN *;
MATCH (n49 :L0 :L4{k4:-1586083664, k25:1029625705, id:49}), (n26 :L1{k10:false, id:26}) MERGE (n49)<-[r72 :T6]-(n26) RETURN *;
MATCH (n50 :L2 :L3 :L4{k16:'g5lua79x', k18:379828240, k24:-830879810, id:50}), (n149{id:149}) MERGE (n50)<-[r73 :T5{k68:''}]-(n149) RETURN *;
MATCH (n51 :L2{k15:'zJLV', id:51}), (n23 :L2{k13:true, k15:'3L', k17:'z6hlswGF', id:23}) MERGE (n51)-[r74 :T5{k66:'V', k70:true}]->(n23) RETURN *;
MATCH (n51 :L2{k15:'zJLV', id:51}), (n80 :L1 :L5{k32:1932698609, k33:true, id:80}) MERGE (n51)<-[r75 :T3{k52:'Vu', k56:''}]-(n80) RETURN *;
MATCH (n51 :L2{k15:'zJLV', id:51}), (n113 :L3{id:113}) MERGE (n51)-[r76 :T0]->(n113) RETURN *;
MATCH (n52{id:52}), (n170 :L1{k8:-152292416, id:170}) MERGE (n52)-[r77 :T3{k52:'EwRDD7g', k55:'pHJWNGF4', k57:1538746004}]->(n170) RETURN *;
MATCH (n53{id:53}), (n84 :L4{k24:1905730213, k27:false, id:84}) MERGE (n53)-[r78 :T3]->(n84) RETURN *;
MATCH (n53{id:53}), (n101 :L3{k18:-383670705, k22:false, id:101}) MERGE (n53)<-[r79 :T3{k54:'Zs8', k57:-1245852711}]-(n101) RETURN *;
MATCH (n53{id:53}), (n155{id:155}) MERGE (n53)-[r80 :T5{k70:false}]->(n155) RETURN *;
MATCH (n53{id:53}), (n189 :L0 :L2{k12:false, k16:'Z', id:189}) MERGE (n53)-[r81 :T1{k42:1804695198}]->(n189) RETURN *;
MATCH (n55{id:55}), (n111 :L2{k12:false, id:111}) MERGE (n55)-[r82 :T6{k73:true}]->(n111) RETURN *;
MATCH (n56 :L0 :L3 :L4{k3:-814402215, k22:false, k27:true, id:56}), (n37 :L3 :L5{k18:-1656259952, k29:false, k31:-1656259952, id:37}) MERGE (n56)<-[r83 :T5]-(n37) RETURN *;
MATCH (n56 :L0 :L3 :L4{k3:-814402215, k22:false, k27:true, id:56}), (n61 :L0 :L4{k24:-28382422, id:61}) MERGE (n56)<-[r84 :T6{k72:true, k73:false}]-(n61) RETURN *;
MATCH (n57 :L1{k5:-681356506, k10:true, id:57}), (n45 :L2 :L3{k16:'is', k23:false, id:45}) MERGE (n57)-[r85 :T1]->(n45) RETURN *;
MATCH (n58 :L2 :L4 :L5{k17:'7bR', k29:true, k31:-1586083664, id:58}), (n123 :L0 :L1 :L3{k5:1657959834, k6:1074916255, k19:-1961569344, id:123}) MERGE (n58)<-[r86 :T1{k42:785154206}]-(n123) RETURN *;
MATCH (n61 :L0 :L4{k24:-28382422, id:61}), (n61 :L0 :L4{k24:-28382422, id:61}) MERGE (n61)-[r87 :T4{k59:true, k62:'e'}]->(n61) RETURN *;
MATCH (n63 :L1{k5:-719044008, k6:871783201, k8:1905730213, id:63}), (n10 :L1{k6:2073479443, k9:'D3ZMr', id:10}) MERGE (n63)<-[r88 :T5{k68:'h'}]-(n10) RETURN *;
MATCH (n63 :L1{k5:-719044008, k6:871783201, k8:1905730213, id:63}), (n33 :L0{k0:'', id:33}) MERGE (n63)<-[r89 :T5{k67:1349655}]-(n33) RETURN *;
MATCH (n63 :L1{k5:-719044008, k6:871783201, k8:1905730213, id:63}), (n174 :L0 :L1 :L2 :L3{k0:'x', k3:-1572108573, k5:-1853295035, k19:2132738199, id:174}) MERGE (n63)-[r90 :T0{k37:1536879382}]->(n174) RETURN *;
MATCH (n65{id:65}), (n111 :L2{k12:false, id:111}) MERGE (n65)-[r91 :T1]->(n111) RETURN *;
MATCH (n68 :L1{k5:1932698609, k7:-1656259952, k8:1757147051, k9:'wLJ', id:68}), (n75{id:75}) MERGE (n68)<-[r92 :T5]-(n75) RETURN *;
MATCH (n68 :L1{k5:1932698609, k7:-1656259952, k8:1757147051, k9:'wLJ', id:68}), (n81 :L3{k21:false, id:81}) MERGE (n68)<-[r93 :T5{k70:false}]-(n81) RETURN *;
MATCH (n68 :L1{k5:1932698609, k7:-1656259952, k8:1757147051, k9:'wLJ', id:68}), (n178{id:178}) MERGE (n68)<-[r94 :T1{k40:-1474729296, k44:true, k45:'NLQDdpH'}]-(n178) RETURN *;
MATCH (n71{id:71}), (n190 :L2 :L4 :L5{k12:false, k13:false, k14:580062688, k16:'lcfclUU', k27:false, id:190}) MERGE (n71)-[r95 :T0{k34:'bEFc7', k36:true, k38:true}]->(n190) RETURN *;
MATCH (n73 :L0{id:73}), (n39 :L2{k12:false, k13:true, k14:559015190, k17:'OobNLrXp', id:39}) MERGE (n73)<-[r96 :T2{k47:1477857255, k48:'vJZPkyu'}]-(n39) RETURN *;
MATCH (n74 :L0 :L3{k18:-806970486, id:74}), (n48{id:48}) MERGE (n74)<-[r97 :T4{k58:false, k59:false, k61:'7ykE4Bieg', k62:'ZX'}]-(n48) RETURN *;
MATCH (n74 :L0 :L3{k18:-806970486, id:74}), (n124{id:124}) MERGE (n74)<-[r98 :T6{k71:885114254, k72:true, k73:false}]-(n124) RETURN *;
MATCH (n74 :L0 :L3{k18:-806970486, id:74}), (n180{id:180}) MERGE (n74)<-[r99 :T3]-(n180) RETURN *;
MATCH (n75{id:75}), (n69{id:69}) MERGE (n75)<-[r100 :T2{k46:false, k50:false}]-(n69) RETURN *;
MATCH (n79 :L0 :L1 :L3{k6:-1449188992, id:79}), (n5 :L0{k2:848585306, k3:637370942, id:5}) MERGE (n79)<-[r101 :T5{k66:'Eb'}]-(n5) RETURN *;
MATCH (n81 :L3{k21:false, id:81}), (n69{id:69}) MERGE (n81)<-[r102 :T5{k70:false}]-(n69) RETURN *;
MATCH (n81 :L3{k21:false, id:81}), (n169{id:169}) MERGE (n81)-[r103 :T3{k55:'OV', k56:'G', k57:-1751838643}]->(n169) RETURN *;
MATCH (n81 :L3{k21:false, id:81}), (n172 :L1 :L5{k7:-911129466, k10:false, k30:'LUBhcf', id:172}) MERGE (n81)-[r104 :T5{k69:'8', k70:false}]->(n172) RETURN *;
MATCH (n82 :L4{k28:-383670705, id:82}), (n198{id:198}) MERGE (n82)<-[r105 :T2]-(n198) RETURN *;
MATCH (n83 :L1 :L3{k7:-1464046469, k21:true, k22:true, id:83}), (n10 :L1{k6:2073479443, k9:'D3ZMr', id:10}) MERGE (n83)-[r106 :T0{k36:false}]->(n10) RETURN *;
MATCH (n84 :L4{k24:1905730213, k27:false, id:84}), (n74 :L0 :L3{k18:-806970486, id:74}) MERGE (n84)<-[r107 :T0]-(n74) RETURN *;
MATCH (n85 :L0 :L1 :L5{k2:1525033312, k5:1292204074, k31:1979129261, k32:-1511048785, id:85}), (n56 :L0 :L3 :L4{k3:-814402215, k22:false, k27:true, id:56}) MERGE (n85)<-[r108 :T3{k52:'lRpXaGd', k53:'', k57:-1396793921}]-(n56) RETURN *;
MATCH (n86 :L3 :L5{k22:false, k30:'yla', k32:559253114, id:86}), (n40 :L4{id:40}) MERGE (n86)-[r109 :T5{k65:true, k69:'7obyv5X'}]->(n40) RETURN *;
MATCH (n86 :L3 :L5{k22:false, k30:'yla', k32:559253114, id:86}), (n68 :L1{k5:1932698609, k7:-1656259952, k8:1757147051, k9:'wLJ', id:68}) MERGE (n86)-[r110 :T5]->(n68) RETURN *;
MATCH (n86 :L3 :L5{k22:false, k30:'yla', k32:559253114, id:86}), (n176 :L2 :L3{k15:'41IZlQMm', id:176}) MERGE (n86)-[r111 :T5{k66:'pkxqvBx1', k69:'RU6'}]->(n176) RETURN *;
MATCH (n87 :L1 :L2 :L3{k7:-912018269, k9:'', k14:690239350, k15:'FGz40Z6V', k18:-263458820, k23:false, id:87}), (n65{id:65}) MERGE (n87)-[r112 :T3{k56:'', k57:-719044008}]->(n65) RETURN *;
MATCH (n88{id:88}), (n199 :L2 :L4{k12:false, k16:'NDfc', id:199}) MERGE (n88)-[r113 :T2{k46:true, k51:-1}]->(n199) RETURN *;
MATCH (n90{id:90}), (n124{id:124}) MERGE (n90)<-[r114 :T1]-(n124) RETURN *;
MATCH (n91 :L2 :L3 :L5{k12:false, k17:'i0FwRFm41', k18:1099645805, k31:559015190, id:91}), (n7 :L1 :L2{k6:1761720696, k7:1549196910, k9:'UdG4', k10:true, k17:'rpGXGiJ', id:7}) MERGE (n91)<-[r115 :T0{k34:'Kpg'}]-(n7) RETURN *;
MATCH (n92{id:92}), (n89{id:89}) MERGE (n92)-[r116 :T2]->(n89) RETURN *;
MATCH (n93 :L4{k24:1536879382, k27:false, id:93}), (n152{id:152}) MERGE (n93)<-[r117 :T6]-(n152) RETURN *;
MATCH (n95 :L3{k21:true, id:95}), (n138 :L5{k31:580062688, id:138}) MERGE (n95)<-[r118 :T1{k40:-415547768, k45:'L9Je'}]-(n138) RETURN *;
MATCH (n95 :L3{k21:true, id:95}), (n163{id:163}) MERGE (n95)<-[r119 :T4{k59:false}]-(n163) RETURN *;
MATCH (n95 :L3{k21:true, id:95}), (n165{id:165}) MERGE (n95)<-[r120 :T0]-(n165) RETURN *;
MATCH (n96 :L2 :L5{id:96}), (n75{id:75}) MERGE (n96)<-[r121 :T5{k66:'Zl'}]-(n75) RETURN *;
MATCH (n97 :L2{k12:false, id:97}), (n177 :L2{k14:7044625, k15:'', k16:'', id:177}) MERGE (n97)-[r122 :T1]->(n177) RETURN *;
MATCH (n98{id:98}), (n58 :L2 :L4 :L5{k17:'7bR', k29:true, k31:-1586083664, id:58}) MERGE (n98)-[r123 :T5]->(n58) RETURN *;
MATCH (n98{id:98}), (n70 :L0{k1:'LH', k3:-919284713, id:70}) MERGE (n98)-[r124 :T1]->(n70) RETURN *;
MATCH (n98{id:98}), (n109 :L2 :L4{id:109}) MERGE (n98)<-[r125 :T1{k45:'q'}]-(n109) RETURN *;
MATCH (n99 :L0 :L3{k0:'qatXa', k4:-1813691453, id:99}), (n72{id:72}) MERGE (n99)-[r126 :T4{k63:'z21'}]->(n72) RETURN *;
MATCH (n99 :L0 :L3{k0:'qatXa', k4:-1813691453, id:99}), (n108 :L4{k27:true, id:108}) MERGE (n99)<-[r127 :T6{k72:true}]-(n108) RETURN *;
MATCH (n99 :L0 :L3{k0:'qatXa', k4:-1813691453, id:99}), (n157 :L2 :L3{k12:false, k16:'q', id:157}) MERGE (n99)-[r128 :T1{k41:false}]->(n157) RETURN *;
MATCH (n100 :L5{id:100}), (n12 :L0{id:12}) MERGE (n100)-[r129 :T0{k37:-1763709193, k38:true}]->(n12) RETURN *;
MATCH (n100 :L5{id:100}), (n50 :L2 :L3 :L4{k16:'g5lua79x', k18:379828240, k24:-830879810, id:50}) MERGE (n100)-[r130 :T5{k67:-1566721659, k68:''}]->(n50) RETURN *;
MATCH (n101 :L3{k18:-383670705, k22:false, id:101}), (n0 :L0 :L1 :L5{k4:-681356506, k6:-681356506, k31:-681356506, k33:false, id:0}) MERGE (n101)-[r131 :T5{k65:false, k67:-814402215, k68:'', k69:''}]->(n0) RETURN *;
MATCH (n102 :L0 :L3{k2:227821258, id:102}), (n95 :L3{k21:true, id:95}) MERGE (n102)<-[r132 :T4{k59:false, k64:true}]-(n95) RETURN *;
MATCH (n102 :L0 :L3{k2:227821258, id:102}), (n198{id:198}) MERGE (n102)<-[r133 :T0{k35:-1084145531, k38:false, k39:true}]-(n198) RETURN *;
MATCH (n103 :L2 :L3 :L4{k17:'', k18:-1813685455, k21:false, id:103}), (n193 :L0{id:193}) MERGE (n103)-[r134 :T1{k41:true, k43:871783201}]->(n193) RETURN *;
MATCH (n104 :L0 :L3{k3:-281737227, k20:-1511048785, id:104}), (n115 :L2{k14:1477857255, id:115}) MERGE (n104)<-[r135 :T6{k74:1536879382}]-(n115) RETURN *;
MATCH (n104 :L0 :L3{k3:-281737227, k20:-1511048785, id:104}), (n118 :L3{k19:-1875531776, id:118}) MERGE (n104)-[r136 :T6{k73:false, k75:'EEQmVHRn4'}]->(n118) RETURN *;
MATCH (n105{id:105}), (n80 :L1 :L5{k32:1932698609, k33:true, id:80}) MERGE (n105)<-[r137 :T4{k63:'MsHws'}]-(n80) RETURN *;
MATCH (n105{id:105}), (n96 :L2 :L5{id:96}) MERGE (n105)-[r138 :T2{k49:''}]->(n96) RETURN *;
MATCH (n105{id:105}), (n112 :L1{id:112}) MERGE (n105)<-[r139 :T4{k61:'mAEWR2', k62:'G9Ax'}]-(n112) RETURN *;
MATCH (n105{id:105}), (n162 :L2{k15:'OWLt', id:162}) MERGE (n105)-[r140 :T3{k52:'WK'}]->(n162) RETURN *;
MATCH (n105{id:105}), (n198{id:198}) MERGE (n105)<-[r141 :T1{k41:false, k43:-1785233535}]-(n198) RETURN *;
MATCH (n107{id:107}), (n108 :L4{k27:true, id:108}) MERGE (n107)<-[r142 :T0{k39:true}]-(n108) RETURN *;
MATCH (n107{id:107}), (n135 :L3 :L4 :L5{k21:false, k27:false, k30:'ZK', k32:410954427, id:135}) MERGE (n107)<-[r143 :T3{k55:''}]-(n135) RETURN *;
MATCH (n107{id:107}), (n187 :L1 :L5{k7:-1055401331, k31:785154206, k33:false, id:187}) MERGE (n107)-[r144 :T4{k58:false, k63:''}]->(n187) RETURN *;
MATCH (n108 :L4{k27:true, id:108}), (n84 :L4{k24:1905730213, k27:false, id:84}) MERGE (n108)<-[r145 :T3{k56:'xoIfbhPNp'}]-(n84) RETURN *;
MATCH (n108 :L4{k27:true, id:108}), (n117 :L0 :L4 :L5{k1:'wYy', k29:false, id:117}) MERGE (n108)<-[r146 :T5{k67:871783201, k68:'dym'}]-(n117) RETURN *;
MATCH (n110 :L2 :L4{k12:false, k14:1623733843, k28:-1893174133, id:110}), (n67 :L2{k15:'0hlohr7F', id:67}) MERGE (n110)-[r147 :T5]->(n67) RETURN *;
MATCH (n110 :L2 :L4{k12:false, k14:1623733843, k28:-1893174133, id:110}), (n84 :L4{k24:1905730213, k27:false, id:84}) MERGE (n110)<-[r148 :T4{k58:false, k63:'iATSNfC'}]-(n84) RETURN *;
MATCH (n110 :L2 :L4{k12:false, k14:1623733843, k28:-1893174133, id:110}), (n86 :L3 :L5{k22:false, k30:'yla', k32:559253114, id:86}) MERGE (n110)<-[r149 :T5]-(n86) RETURN *;
MATCH (n111 :L2{k12:false, id:111}), (n22 :L3{k18:585071432, k19:-639915489, k21:false, id:22}) MERGE (n111)<-[r150 :T1{k41:false, k43:1506382762, k44:false}]-(n22) RETURN *;
MATCH (n111 :L2{k12:false, id:111}), (n143 :L3{k22:false, id:143}) MERGE (n111)<-[r151 :T3{k52:'azbmGxy', k54:'lSBC'}]-(n143) RETURN *;
MATCH (n112 :L1{id:112}), (n25{id:25}) MERGE (n112)<-[r152 :T0{k36:false}]-(n25) RETURN *;
MATCH (n112 :L1{id:112}), (n97 :L2{k12:false, id:97}) MERGE (n112)-[r153 :T4{k64:true}]->(n97) RETURN *;
MATCH (n112 :L1{id:112}), (n142 :L1{k6:351309647, id:142}) MERGE (n112)<-[r154 :T1]-(n142) RETURN *;
MATCH (n113 :L3{id:113}), (n46{id:46}) MERGE (n113)-[r155 :T1{k41:true, k44:false, k45:'Q'}]->(n46) RETURN *;
MATCH (n113 :L3{id:113}), (n57 :L1{k5:-681356506, k10:true, id:57}) MERGE (n113)<-[r156 :T0{k36:true}]-(n57) RETURN *;
MATCH (n115 :L2{k14:1477857255, id:115}), (n88{id:88}) MERGE (n115)-[r157 :T5]->(n88) RETURN *;
MATCH (n116 :L0{id:116}), (n49 :L0 :L4{k4:-1586083664, k25:1029625705, id:49}) MERGE (n116)<-[r158 :T0]-(n49) RETURN *;
MATCH (n116 :L0{id:116}), (n121{id:121}) MERGE (n116)<-[r159 :T3{k52:'64'}]-(n121) RETURN *;
MATCH (n118 :L3{k19:-1875531776, id:118}), (n162 :L2{k15:'OWLt', id:162}) MERGE (n118)-[r160 :T2{k51:-426536705}]->(n162) RETURN *;
MATCH (n118 :L3{k19:-1875531776, id:118}), (n178{id:178}) MERGE (n118)<-[r161 :T1]-(n178) RETURN *;
MATCH (n120{id:120}), (n126{id:126}) MERGE (n120)-[r162 :T3{k56:'lbu'}]->(n126) RETURN *;
MATCH (n122 :L0 :L1 :L3 :L5{k3:1761720696, k10:true, id:122}), (n87 :L1 :L2 :L3{k7:-912018269, k9:'', k14:690239350, k15:'FGz40Z6V', k18:-263458820, k23:false, id:87}) MERGE (n122)-[r163 :T1]->(n87) RETURN *;
MATCH (n124{id:124}), (n93 :L4{k24:1536879382, k27:false, id:93}) MERGE (n124)<-[r164 :T3]-(n93) RETURN *;
MATCH (n124{id:124}), (n133 :L0{k4:-897943689, id:133}) MERGE (n124)-[r165 :T4{k58:true}]->(n133) RETURN *;
MATCH (n125 :L1 :L3 :L4{k9:'', k22:false, k23:false, k25:848585306, k26:true, id:125}), (n1{id:1}) MERGE (n125)-[r166 :T0{k34:'xM', k35:2132738199}]->(n1) RETURN *;
MATCH (n126{id:126}), (n52{id:52}) MERGE (n126)-[r167 :T4{k60:''}]->(n52) RETURN *;
MATCH (n126{id:126}), (n64 :L0 :L5{id:64}) MERGE (n126)-[r168 :T4{k59:false, k61:'jGdOP9'}]->(n64) RETURN *;
MATCH (n127 :L4{k27:false, id:127}), (n5 :L0{k2:848585306, k3:637370942, id:5}) MERGE (n127)<-[r169 :T0{k36:false}]-(n5) RETURN *;
MATCH (n127 :L4{k27:false, id:127}), (n18 :L3 :L5{k31:637370942, id:18}) MERGE (n127)-[r170 :T1{k45:'U7l'}]->(n18) RETURN *;
MATCH (n128 :L1 :L2{k5:-719044008, id:128}), (n144{id:144}) MERGE (n128)<-[r171 :T2{k46:false, k48:'v1'}]-(n144) RETURN *;
MATCH (n130 :L1 :L3{k6:-639915489, k9:'jucrjFk', id:130}), (n18 :L3 :L5{k31:637370942, id:18}) MERGE (n130)<-[r172 :T4{k61:'lmq', k62:'1b'}]-(n18) RETURN *;
MATCH (n131 :L2 :L5{id:131}), (n11 :L3 :L4{k21:false, k25:1549196910, k26:true, id:11}) MERGE (n131)-[r173 :T0{k39:true}]->(n11) RETURN *;
MATCH (n132 :L3 :L4 :L5{k20:0, k23:true, k26:true, k28:637370942, id:132}), (n10 :L1{k6:2073479443, k9:'D3ZMr', id:10}) MERGE (n132)-[r174 :T0{k35:-1961569344}]->(n10) RETURN *;
MATCH (n133 :L0{k4:-897943689, id:133}), (n162 :L2{k15:'OWLt', id:162}) MERGE (n133)-[r175 :T3{k53:'', k55:'O', k57:1647014329}]->(n162) RETURN *;
MATCH (n134 :L1 :L5{k29:false, k32:379828240, id:134}), (n50 :L2 :L3 :L4{k16:'g5lua79x', k18:379828240, k24:-830879810, id:50}) MERGE (n134)<-[r176 :T3]-(n50) RETURN *;
MATCH (n134 :L1 :L5{k29:false, k32:379828240, id:134}), (n158 :L3{k20:1560559125, id:158}) MERGE (n134)-[r177 :T0{k34:'7S'}]->(n158) RETURN *;
MATCH (n136 :L1 :L2 :L3{k6:-804158962, k11:true, k12:false, k14:1757147051, k22:false, id:136}), (n43 :L0 :L1{k1:'1tqf', k6:-1664120455, k10:true, id:43}) MERGE (n136)-[r178 :T6{k72:false}]->(n43) RETURN *;
MATCH (n136 :L1 :L2 :L3{k6:-804158962, k11:true, k12:false, k14:1757147051, k22:false, id:136}), (n193 :L0{id:193}) MERGE (n136)-[r179 :T2{k47:-814402215, k49:'CF'}]->(n193) RETURN *;
MATCH (n138 :L5{k31:580062688, id:138}), (n41 :L0{k0:'D', id:41}) MERGE (n138)-[r180 :T3{k54:''}]->(n41) RETURN *;
MATCH (n138 :L5{k31:580062688, id:138}), (n133 :L0{k4:-897943689, id:133}) MERGE (n138)-[r181 :T1{k41:false, k42:227821258}]->(n133) RETURN *;
MATCH (n139 :L0 :L1{id:139}), (n157 :L2 :L3{k12:false, k16:'q', id:157}) MERGE (n139)<-[r182 :T1{k42:-1524006229}]-(n157) RETURN *;
MATCH (n140 :L1 :L2{id:140}), (n6 :L0 :L2 :L3 :L5{k1:'', k23:false, k33:false, id:6}) MERGE (n140)<-[r183 :T6{k74:-897943689}]-(n6) RETURN *;
MATCH (n140 :L1 :L2{id:140}), (n76{id:76}) MERGE (n140)<-[r184 :T3{k57:1423055180}]-(n76) RETURN *;
MATCH (n140 :L1 :L2{id:140}), (n83 :L1 :L3{k7:-1464046469, k21:true, k22:true, id:83}) MERGE (n140)-[r185 :T4{k61:''}]->(n83) RETURN *;
MATCH (n140 :L1 :L2{id:140}), (n174 :L0 :L1 :L2 :L3{k0:'x', k3:-1572108573, k5:-1853295035, k19:2132738199, id:174}) MERGE (n140)<-[r186 :T0{k36:false}]-(n174) RETURN *;
MATCH (n141 :L3{k20:1234680807, id:141}), (n172 :L1 :L5{k7:-911129466, k10:false, k30:'LUBhcf', id:172}) MERGE (n141)-[r187 :T2{k47:-2073102512, k51:7044625}]->(n172) RETURN *;
MATCH (n144{id:144}), (n47 :L1{k5:17780891, id:47}) MERGE (n144)-[r188 :T0{k37:-1898201650}]->(n47) RETURN *;
MATCH (n144{id:144}), (n71{id:71}) MERGE (n144)-[r189 :T0{k37:-908878774, k38:false}]->(n71) RETURN *;
MATCH (n144{id:144}), (n156 :L0 :L5{k29:false, id:156}) MERGE (n144)-[r190 :T0{k35:1025984643, k36:false, k37:1910579524, k38:false}]->(n156) RETURN *;
MATCH (n145 :L0 :L5{k32:-1813691453, id:145}), (n156 :L0 :L5{k29:false, id:156}) MERGE (n145)<-[r191 :T6{k71:-1961569344, k75:'yskyl6pv'}]-(n156) RETURN *;
MATCH (n146 :L0 :L3{k0:'IJ', id:146}), (n174 :L0 :L1 :L2 :L3{k0:'x', k3:-1572108573, k5:-1853295035, k19:2132738199, id:174}) MERGE (n146)-[r192 :T1]->(n174) RETURN *;
MATCH (n147{id:147}), (n167{id:167}) MERGE (n147)<-[r193 :T1{k40:-1486814254}]-(n167) RETURN *;
MATCH (n147{id:147}), (n194 :L0 :L1 :L2{k2:-806970486, id:194}) MERGE (n147)<-[r194 :T6{k75:''}]-(n194) RETURN *;
MATCH (n148 :L1 :L2{k10:true, k11:false, k13:true, id:148}), (n19 :L5{k31:585071432, id:19}) MERGE (n148)<-[r195 :T2{k50:false, k51:-2084343045}]-(n19) RETURN *;
MATCH (n148 :L1 :L2{k10:true, k11:false, k13:true, id:148}), (n142 :L1{k6:351309647, id:142}) MERGE (n148)-[r196 :T1]->(n142) RETURN *;
MATCH (n149{id:149}), (n21{id:21}) MERGE (n149)-[r197 :T3{k52:'91fTHZ7u', k54:'', k55:''}]->(n21) RETURN *;
MATCH (n151 :L0 :L4{k24:186353124, id:151}), (n103 :L2 :L3 :L4{k17:'', k18:-1813685455, k21:false, id:103}) MERGE (n151)-[r198 :T3{k56:'46mBT', k57:-383670705}]->(n103) RETURN *;
MATCH (n151 :L0 :L4{k24:186353124, id:151}), (n109 :L2 :L4{id:109}) MERGE (n151)<-[r199 :T4{k58:false, k59:false}]-(n109) RETURN *;
MATCH (n152{id:152}), (n82 :L4{k28:-383670705, id:82}) MERGE (n152)-[r200 :T1]->(n82) RETURN *;
MATCH (n152{id:152}), (n126{id:126}) MERGE (n152)-[r201 :T2{k47:-928892255, k48:''}]->(n126) RETURN *;
MATCH (n153 :L0 :L2 :L3{k14:1525033312, k15:'Wt0mSV', k17:'hvr', k20:900732615, k21:true, id:153}), (n145 :L0 :L5{k32:-1813691453, id:145}) MERGE (n153)-[r202 :T1{k40:-1867324589}]->(n145) RETURN *;
MATCH (n154{id:154}), (n8 :L2{k14:637370942, id:8}) MERGE (n154)<-[r203 :T6{k73:false}]-(n8) RETURN *;
MATCH (n154{id:154}), (n34 :L0{k2:233248020, k3:1951696391, id:34}) MERGE (n154)<-[r204 :T4{k59:false, k64:false}]-(n34) RETURN *;
MATCH (n154{id:154}), (n94 :L1{k6:-1723288154, k8:307038634, id:94}) MERGE (n154)-[r205 :T0{k36:false, k39:false}]->(n94) RETURN *;
MATCH (n155{id:155}), (n35 :L2 :L3{k17:'', k19:2107683735, id:35}) MERGE (n155)-[r206 :T2{k47:1422764561, k50:true, k51:212420569}]->(n35) RETURN *;
MATCH (n155{id:155}), (n71{id:71}) MERGE (n155)<-[r207 :T1{k41:false}]-(n71) RETURN *;
MATCH (n155{id:155}), (n177 :L2{k14:7044625, k15:'', k16:'', id:177}) MERGE (n155)<-[r208 :T6]-(n177) RETURN *;
MATCH (n156 :L0 :L5{k29:false, id:156}), (n67 :L2{k15:'0hlohr7F', id:67}) MERGE (n156)-[r209 :T5{k68:'U', k69:'Ndf'}]->(n67) RETURN *;
MATCH (n157 :L2 :L3{k12:false, k16:'q', id:157}), (n196 :L1 :L3{k9:'iIKZhqn2', k18:-120729042, k19:-1574213020, k23:true, id:196}) MERGE (n157)-[r210 :T1]->(n196) RETURN *;
MATCH (n158 :L3{k20:1560559125, id:158}), (n8 :L2{k14:637370942, id:8}) MERGE (n158)<-[r211 :T0{k37:1951975889, k39:true}]-(n8) RETURN *;
MATCH (n158 :L3{k20:1560559125, id:158}), (n55{id:55}) MERGE (n158)<-[r212 :T4]-(n55) RETURN *;
MATCH (n160 :L4{id:160}), (n17 :L2{k12:false, k17:'S3oUEFRE', id:17}) MERGE (n160)<-[r213 :T6{k72:true}]-(n17) RETURN *;
MATCH (n160 :L4{id:160}), (n71{id:71}) MERGE (n160)-[r214 :T1{k40:683125250, k41:true, k45:''}]->(n71) RETURN *;
MATCH (n161{id:161}), (n42 :L0 :L5{k2:1549196910, id:42}) MERGE (n161)<-[r215 :T5{k69:'7gaZB', k70:true}]-(n42) RETURN *;
MATCH (n162 :L2{k15:'OWLt', id:162}), (n21{id:21}) MERGE (n162)-[r216 :T1{k43:-1947500364}]->(n21) RETURN *;
MATCH (n162 :L2{k15:'OWLt', id:162}), (n152{id:152}) MERGE (n162)<-[r217 :T3{k57:1160830733}]-(n152) RETURN *;
MATCH (n163{id:163}), (n106 :L4{id:106}) MERGE (n163)-[r218 :T6{k71:-1464046469, k74:-544974985}]->(n106) RETURN *;
MATCH (n163{id:163}), (n198{id:198}) MERGE (n163)<-[r219 :T0{k37:-1724439459}]-(n198) RETURN *;
MATCH (n164{id:164}), (n119 :L3{k18:-804158962, k19:2054273407, k21:true, id:119}) MERGE (n164)<-[r220 :T2{k50:false, k51:1553325431}]-(n119) RETURN *;
MATCH (n165{id:165}), (n77 :L2{id:77}) MERGE (n165)-[r221 :T5]->(n77) RETURN *;
MATCH (n165{id:165}), (n100 :L5{id:100}) MERGE (n165)<-[r222 :T2{k46:false}]-(n100) RETURN *;
MATCH (n166 :L0 :L2{k1:'Bq', k15:'', k16:'A', id:166}), (n103 :L2 :L3 :L4{k17:'', k18:-1813685455, k21:false, id:103}) MERGE (n166)-[r223 :T2]->(n103) RETURN *;
MATCH (n166 :L0 :L2{k1:'Bq', k15:'', k16:'A', id:166}), (n142 :L1{k6:351309647, id:142}) MERGE (n166)-[r224 :T5]->(n142) RETURN *;
MATCH (n166 :L0 :L2{k1:'Bq', k15:'', k16:'A', id:166}), (n174 :L0 :L1 :L2 :L3{k0:'x', k3:-1572108573, k5:-1853295035, k19:2132738199, id:174}) MERGE (n166)<-[r225 :T6{k73:false}]-(n174) RETURN *;
MATCH (n167{id:167}), (n63 :L1{k5:-719044008, k6:871783201, k8:1905730213, id:63}) MERGE (n167)<-[r226 :T5]-(n63) RETURN *;
MATCH (n167{id:167}), (n126{id:126}) MERGE (n167)-[r227 :T1]->(n126) RETURN *;
MATCH (n167{id:167}), (n169{id:169}) MERGE (n167)<-[r228 :T1{k40:1876808200, k42:1284308177}]-(n169) RETURN *;
MATCH (n168{id:168}), (n70 :L0{k1:'LH', k3:-919284713, id:70}) MERGE (n168)-[r229 :T0{k36:false, k38:true}]->(n70) RETURN *;
MATCH (n168{id:168}), (n192 :L1 :L4{k7:-1813691453, k24:-704193601, k25:685245528, id:192}) MERGE (n168)-[r230 :T4{k63:'mpku', k64:true}]->(n192) RETURN *;
MATCH (n169{id:169}), (n109 :L2 :L4{id:109}) MERGE (n169)<-[r231 :T6{k74:-4242130, k75:''}]-(n109) RETURN *;
MATCH (n170 :L1{k8:-152292416, id:170}), (n21{id:21}) MERGE (n170)-[r232 :T1]->(n21) RETURN *;
MATCH (n170 :L1{k8:-152292416, id:170}), (n77 :L2{id:77}) MERGE (n170)<-[r233 :T0]-(n77) RETURN *;
MATCH (n170 :L1{k8:-152292416, id:170}), (n110 :L2 :L4{k12:false, k14:1623733843, k28:-1893174133, id:110}) MERGE (n170)-[r234 :T3{k52:'d'}]->(n110) RETURN *;
MATCH (n171 :L1 :L3{k5:709702532, k6:-2084343045, k8:-806970486, k19:-639915489, id:171}), (n8 :L2{k14:637370942, id:8}) MERGE (n171)<-[r235 :T3{k52:'zLt7pJn'}]-(n8) RETURN *;
MATCH (n171 :L1 :L3{k5:709702532, k6:-2084343045, k8:-806970486, k19:-639915489, id:171}), (n121{id:121}) MERGE (n171)-[r236 :T6{k71:-1893174133, k73:false}]->(n121) RETURN *;
MATCH (n171 :L1 :L3{k5:709702532, k6:-2084343045, k8:-806970486, k19:-639915489, id:171}), (n174 :L0 :L1 :L2 :L3{k0:'x', k3:-1572108573, k5:-1853295035, k19:2132738199, id:174}) MERGE (n171)-[r237 :T4{k58:true}]->(n174) RETURN *;
MATCH (n172 :L1 :L5{k7:-911129466, k10:false, k30:'LUBhcf', id:172}), (n192 :L1 :L4{k7:-1813691453, k24:-704193601, k25:685245528, id:192}) MERGE (n172)<-[r238 :T2{k47:-1833325745, k50:true}]-(n192) RETURN *;
MATCH (n173 :L1 :L2{k5:17780891, k6:-565110713, k10:true, id:173}), (n38 :L0{id:38}) MERGE (n173)<-[r239 :T3{k52:'VdFVq', k57:2132738199}]-(n38) RETURN *;
MATCH (n173 :L1 :L2{k5:17780891, k6:-565110713, k10:true, id:173}), (n61 :L0 :L4{k24:-28382422, id:61}) MERGE (n173)-[r240 :T3{k52:'R'}]->(n61) RETURN *;
MATCH (n173 :L1 :L2{k5:17780891, k6:-565110713, k10:true, id:173}), (n70 :L0{k1:'LH', k3:-919284713, id:70}) MERGE (n173)<-[r241 :T3]-(n70) RETURN *;
MATCH (n174 :L0 :L1 :L2 :L3{k0:'x', k3:-1572108573, k5:-1853295035, k19:2132738199, id:174}), (n60 :L4 :L5{k28:-1464046469, k29:false, k30:'Vteb1cz', id:60}) MERGE (n174)-[r242 :T5]->(n60) RETURN *;
MATCH (n174 :L0 :L1 :L2 :L3{k0:'x', k3:-1572108573, k5:-1853295035, k19:2132738199, id:174}), (n100 :L5{id:100}) MERGE (n174)<-[r243 :T6{k71:313226930, k72:false}]-(n100) RETURN *;
MATCH (n174 :L0 :L1 :L2 :L3{k0:'x', k3:-1572108573, k5:-1853295035, k19:2132738199, id:174}), (n116 :L0{id:116}) MERGE (n174)<-[r244 :T0{k37:651748060}]-(n116) RETURN *;
MATCH (n176 :L2 :L3{k15:'41IZlQMm', id:176}), (n10 :L1{k6:2073479443, k9:'D3ZMr', id:10}) MERGE (n176)-[r245 :T3]->(n10) RETURN *;
MATCH (n176 :L2 :L3{k15:'41IZlQMm', id:176}), (n56 :L0 :L3 :L4{k3:-814402215, k22:false, k27:true, id:56}) MERGE (n176)-[r246 :T0{k38:false, k39:true}]->(n56) RETURN *;
MATCH (n180{id:180}), (n76{id:76}) MERGE (n180)-[r247 :T3]->(n76) RETURN *;
MATCH (n181 :L0{k4:1804695198, id:181}), (n38 :L0{id:38}) MERGE (n181)<-[r248 :T5{k67:-1656259952, k68:'gaPUi'}]-(n38) RETURN *;
MATCH (n182 :L0 :L5{k1:'oE7YJ', k4:942666200, id:182}), (n75{id:75}) MERGE (n182)-[r249 :T4{k58:false, k62:'snk', k63:'y'}]->(n75) RETURN *;
MATCH (n182 :L0 :L5{k1:'oE7YJ', k4:942666200, id:182}), (n110 :L2 :L4{k12:false, k14:1623733843, k28:-1893174133, id:110}) MERGE (n182)-[r250 :T3{k56:''}]->(n110) RETURN *;
MATCH (n183 :L0 :L1{k2:1745914517, k4:1396120062, k6:234287600, id:183}), (n101 :L3{k18:-383670705, k22:false, id:101}) MERGE (n183)-[r251 :T1{k40:-912018269, k42:824904486}]->(n101) RETURN *;
MATCH (n184 :L3 :L5{k32:186353124, k33:true, id:184}), (n103 :L2 :L3 :L4{k17:'', k18:-1813685455, k21:false, id:103}) MERGE (n184)-[r252 :T3]->(n103) RETURN *;
MATCH (n185 :L1{id:185}), (n52{id:52}) MERGE (n185)<-[r253 :T3{k56:''}]-(n52) RETURN *;
MATCH (n185 :L1{id:185}), (n82 :L4{k28:-383670705, id:82}) MERGE (n185)<-[r254 :T3{k52:'sI', k53:'h8', k55:'sTo'}]-(n82) RETURN *;
MATCH (n185 :L1{id:185}), (n135 :L3 :L4 :L5{k21:false, k27:false, k30:'ZK', k32:410954427, id:135}) MERGE (n185)-[r255 :T1{k42:1173061586, k45:'Gl'}]->(n135) RETURN *;
MATCH (n187 :L1 :L5{k7:-1055401331, k31:785154206, k33:false, id:187}), (n125 :L1 :L3 :L4{k9:'', k22:false, k23:false, k25:848585306, k26:true, id:125}) MERGE (n187)-[r256 :T1{k41:false, k43:-1174299524, k44:false, k45:'Lel818'}]->(n125) RETURN *;
MATCH (n188{id:188}), (n184 :L3 :L5{k32:186353124, k33:true, id:184}) MERGE (n188)-[r257 :T4{k62:'L'}]->(n184) RETURN *;
MATCH (n189 :L0 :L2{k12:false, k16:'Z', id:189}), (n82 :L4{k28:-383670705, id:82}) MERGE (n189)-[r258 :T2]->(n82) RETURN *;
MATCH (n190 :L2 :L4 :L5{k12:false, k13:false, k14:580062688, k16:'lcfclUU', k27:false, id:190}), (n15 :L2{k17:'pmXPvHR', id:15}) MERGE (n190)<-[r259 :T1{k41:true, k43:1963519942}]-(n15) RETURN *;
MATCH (n190 :L2 :L4 :L5{k12:false, k13:false, k14:580062688, k16:'lcfclUU', k27:false, id:190}), (n15 :L2{k17:'pmXPvHR', id:15}) MERGE (n190)<-[r260 :T2]-(n15) RETURN *;
MATCH (n190 :L2 :L4 :L5{k12:false, k13:false, k14:580062688, k16:'lcfclUU', k27:false, id:190}), (n38 :L0{id:38}) MERGE (n190)<-[r261 :T1]-(n38) RETURN *;
MATCH (n190 :L2 :L4 :L5{k12:false, k13:false, k14:580062688, k16:'lcfclUU', k27:false, id:190}), (n168{id:168}) MERGE (n190)-[r262 :T0{k34:'A', k35:1058932931}]->(n168) RETURN *;
MATCH (n191 :L2 :L3 :L5{k15:'6qp0v', k18:-1597742480, k21:false, id:191}), (n98{id:98}) MERGE (n191)-[r263 :T3{k54:'BZdv7YDd'}]->(n98) RETURN *;
MATCH (n191 :L2 :L3 :L5{k15:'6qp0v', k18:-1597742480, k21:false, id:191}), (n103 :L2 :L3 :L4{k17:'', k18:-1813685455, k21:false, id:103}) MERGE (n191)<-[r264 :T3]-(n103) RETURN *;
MATCH (n192 :L1 :L4{k7:-1813691453, k24:-704193601, k25:685245528, id:192}), (n23 :L2{k13:true, k15:'3L', k17:'z6hlswGF', id:23}) MERGE (n192)-[r265 :T6{k75:'o'}]->(n23) RETURN *;
MATCH (n192 :L1 :L4{k7:-1813691453, k24:-704193601, k25:685245528, id:192}), (n105{id:105}) MERGE (n192)<-[r266 :T1{k43:360580983}]-(n105) RETURN *;
MATCH (n192 :L1 :L4{k7:-1813691453, k24:-704193601, k25:685245528, id:192}), (n124{id:124}) MERGE (n192)<-[r267 :T2]-(n124) RETURN *;
MATCH (n192 :L1 :L4{k7:-1813691453, k24:-704193601, k25:685245528, id:192}), (n140 :L1 :L2{id:140}) MERGE (n192)-[r268 :T5]->(n140) RETURN *;
MATCH (n193 :L0{id:193}), (n48{id:48}) MERGE (n193)<-[r269 :T4{k60:''}]-(n48) RETURN *;
MATCH (n193 :L0{id:193}), (n89{id:89}) MERGE (n193)-[r270 :T2{k46:true, k49:'6m'}]->(n89) RETURN *;
MATCH (n194 :L0 :L1 :L2{k2:-806970486, id:194}), (n102 :L0 :L3{k2:227821258, id:102}) MERGE (n194)-[r271 :T3{k53:'a'}]->(n102) RETURN *;
MATCH (n194 :L0 :L1 :L2{k2:-806970486, id:194}), (n111 :L2{k12:false, id:111}) MERGE (n194)<-[r272 :T0{k34:'miz', k37:-158658927, k38:true, k39:false}]-(n111) RETURN *;
MATCH (n195 :L2{id:195}), (n21{id:21}) MERGE (n195)-[r273 :T5{k67:1432311599, k68:'Em', k70:true}]->(n21) RETURN *;
MATCH (n195 :L2{id:195}), (n143 :L3{k22:false, id:143}) MERGE (n195)-[r274 :T3{k53:'t'}]->(n143) RETURN *;
MATCH (n196 :L1 :L3{k9:'iIKZhqn2', k18:-120729042, k19:-1574213020, k23:true, id:196}), (n97 :L2{k12:false, id:97}) MERGE (n196)<-[r275 :T2{k49:'AN', k51:1092475241}]-(n97) RETURN *;
MATCH (n196 :L1 :L3{k9:'iIKZhqn2', k18:-120729042, k19:-1574213020, k23:true, id:196}), (n191 :L2 :L3 :L5{k15:'6qp0v', k18:-1597742480, k21:false, id:191}) MERGE (n196)<-[r276 :T2{k48:''}]-(n191) RETURN *;
MATCH (n197 :L1 :L2{k9:'wMW2K8HVC', id:197}), (n0 :L0 :L1 :L5{k4:-681356506, k6:-681356506, k31:-681356506, k33:false, id:0}) MERGE (n197)<-[r277 :T6{k74:-1465621660, k75:''}]-(n0) RETURN *;
MATCH (n197 :L1 :L2{k9:'wMW2K8HVC', id:197}), (n40 :L4{id:40}) MERGE (n197)<-[r278 :T0{k37:-1566167728}]-(n40) RETURN *;
MATCH (n197 :L1 :L2{k9:'wMW2K8HVC', id:197}), (n104 :L0 :L3{k3:-281737227, k20:-1511048785, id:104}) MERGE (n197)-[r279 :T4{k61:'ulxaEc'}]->(n104) RETURN *;
MATCH (n197 :L1 :L2{k9:'wMW2K8HVC', id:197}), (n139 :L0 :L1{id:139}) MERGE (n197)<-[r280 :T3{k52:'iW'}]-(n139) RETURN *;
MATCH (n198{id:198}), (n132 :L3 :L4 :L5{k20:0, k23:true, k26:true, k28:637370942, id:132}) MERGE (n198)<-[r281 :T5{k66:''}]-(n132) RETURN *;
MATCH (n199 :L2 :L4{k12:false, k16:'NDfc', id:199}), (n169{id:169}) MERGE (n199)-[r282 :T0{k34:'Wi', k35:-442933137, k38:false, k39:true}]->(n169) RETURN *;